<?xml version="1.0" encoding="UTF-8"?>
<testsuite name="com.app.server.service.appbasicsetup.usermanagement.PasswordPolicyTestCase" tests="5" skipped="0" failures="0" errors="0" timestamp="2016-08-26T11:57:23" hostname="cb70812798e4" time="24.198">
  <properties/>
  <testcase name="test1Save" classname="com.app.server.service.appbasicsetup.usermanagement.PasswordPolicyTestCase" time="23.621"/>
  <testcase name="test2Update" classname="com.app.server.service.appbasicsetup.usermanagement.PasswordPolicyTestCase" time="0.27"/>
  <testcase name="test3FindById" classname="com.app.server.service.appbasicsetup.usermanagement.PasswordPolicyTestCase" time="0.042"/>
  <testcase name="test5NegativeTesting" classname="com.app.server.service.appbasicsetup.usermanagement.PasswordPolicyTestCase" time="0.125"/>
  <testcase name="test6Delete" classname="com.app.server.service.appbasicsetup.usermanagement.PasswordPolicyTestCase" time="0.14"/>
  <system-out><![CDATA[Fri Aug 26 11:57:23 UTC 2016|Log Manager Factory|Initialization Process started.....
Fri Aug 26 11:57:23 UTC 2016|Log Manager|Initialized with Path = [/home/applifire/workspace/newproject/src/main/webapp/WEB-INF/conf]
Fri Aug 26 11:57:23 UTC 2016|Alarm Manager|Initialized with Path = [/home/applifire/workspace/newproject/src/main/webapp/WEB-INF/conf]
Fri Aug 26 11:57:23 UTC 2016|Alarm Manager|Loading Alarms ......
Fri Aug 26 11:57:23 UTC 2016|Alarm XML Parser|FWA|XML Parsing Complete........ 
Fri Aug 26 11:57:23 UTC 2016|Alarm File Manager|FWA|Alarm File Status.. [ApplicationFrameworkAlarms.xml]|Version=15|Status=Done 
Fri Aug 26 11:57:23 UTC 2016|Alarm File Manager|FWA|Alarm Stats = ( BC/AL=5/786 SYS=5/11 [786/0]  TPL=0/0 [0/0]  APP= A.Map=[875]  E.Map EC/RC=[391/79] )
Fri Aug 26 11:57:23 UTC 2016|Alarm XML Parser|APP|XML Parsing Complete........ 
Fri Aug 26 11:57:23 UTC 2016|Alarm File Manager|APP|Alarm File Status.. [ApplicationAlarms.xml]|Version=1|Status=Done 
Fri Aug 26 11:57:23 UTC 2016|Alarm File Manager|APP|Alarm Stats = ( BC/AL=5/786 SYS=5/11 [786/0]  TPL=0/0 [0/0]  APP=0/0 [0/0]  A.Map=[875]  E.Map EC/RC=[391/79] )
Fri Aug 26 11:57:23 UTC 2016|ApplicationAlarmContext| <><><><><> Create App Alarms ....  <><><><><> 
Fri Aug 26 11:57:23 UTC 2016|ApplicationAlarmContext|Alarms are generated ONLY in Development Mode.. 
Fri Aug 26 11:57:23 UTC 2016|Alarm Manager|APP|Alarm Stats = ( BC/AL=5/786 SYS=5/11 [786/0]  TPL=0/0 [0/0]  APP=0/0 [0/0]  A.Map=[875]  E.Map EC/RC=[391/79] )
Fri Aug 26 11:57:23 UTC 2016|Alarm Manager|Initialized Exception Lookup...
Fri Aug 26 11:57:23 UTC 2016|Log Manager|Initialize Log Config File ......
Fri Aug 26 11:57:23 UTC 2016|Pluggable Connectors|Adding Connectors : StandardOutputConnector isEnabled=true isDefault=false isFallBack=true
Fri Aug 26 11:57:23 UTC 2016|Pluggable Connectors|Adding Connectors : StandardFileConnector isEnabled=true isDefault=false isFallBack=false
Fri Aug 26 11:57:23 UTC 2016|Pluggable Connectors|Adding Connectors : Sprinkler isEnabled=true isDefault=true isFallBack=false
Fri Aug 26 11:57:23 UTC 2016|Pluggable Connectors|Default Connector Name : com.spartan.logger.core.LogMessenger
Fri Aug 26 11:57:23 UTC 2016|Log Config Parser|Connector Least Log Level =[4]  FallBack Log Level =[3]
Fri Aug 26 11:57:23 UTC 2016|Log Manager|Loading Default Connector for Logging ......
Fri Aug 26 11:57:23 UTC 2016|Log Manager|Loading class .. com.spartan.logger.core.LogMessenger
Fri Aug 26 11:57:23 UTC 2016|Plugggable Connector|Connector class com.spartan.logger.core.LogMessenger Initialized... @ Log Level = 3
Fri Aug 26 11:57:23 UTC 2016|Log Manager|Starting the Default Connector [com.spartan.logger.core.LogMessenger@48e35571] ....
Fri Aug 26 11:57:23 UTC 2016|Scheduler|Starting the Scheduler ......
Fri Aug 26 11:57:23 UTC 2016|Scheduler|Adding [LMID=[8bd5b2f7-a14f-4448-a326-aafb3b5b2c5e]] Delay=5 Time Unit=MINUTES
Fri Aug 26 11:57:23 UTC 2016|Scheduler|Adding [App Alarm Manager File=[ApplicationAlarms.xml]] Delay=30 Time Unit=MINUTES
Fri Aug 26 11:57:23 UTC 2016|Scheduler|Adding [FW Alarm Manager File=[ApplicationFrameworkAlarms.xml]] Delay=3 Time Unit=MINUTES
Fri Aug 26 11:57:23 UTC 2016|Scheduler|Startup Completed..
Fri Aug 26 11:57:23 UTC 2016|Log Manager|Initialization Process Complete ......
Fri Aug 26 11:57:23 UTC 2016|Log Manager Factory|Log Manager READY! ID = 8bd5b2f7-a14f-4448-a326-aafb3b5b2c5e
[EL Finest]: jpa: 2016-08-26 11:57:31.741--ServerSession(648080322)--Thread(Thread[Test worker,5,main])--Begin predeploying Persistence Unit com; session file:/home/applifire/workspace/newproject/build/libs/app-shared-appbasicsetup-aaa-1.0.jar_com; state Initial; factoryCount 0
[EL Finest]: properties: 2016-08-26 11:57:31.754--ServerSession(648080322)--Thread(Thread[Test worker,5,main])--property=eclipselink.orm.throw.exceptions; default value=true
[EL Finest]: properties: 2016-08-26 11:57:31.755--ServerSession(648080322)--Thread(Thread[Test worker,5,main])--property=eclipselink.multitenant.tenants-share-emf; default value=true
[EL Finest]: properties: 2016-08-26 11:57:31.755--ServerSession(648080322)--Thread(Thread[Test worker,5,main])--property=eclipselink.multitenant.tenants-share-cache; default value=false
[EL Finer]: metadata: 2016-08-26 11:57:31.771--ServerSession(648080322)--Thread(Thread[Test worker,5,main])--Searching for default mapping file in file:/home/applifire/workspace/newproject/build/libs/app-shared-appbasicsetup-aaa-1.0.jar (There is no English translation for this message.)
[EL Finer]: metadata: 2016-08-26 11:57:31.776--ServerSession(648080322)--Thread(Thread[Test worker,5,main])--Searching for default mapping file in file:/home/applifire/workspace/newproject/build/libs/app-shared-appbasicsetup-aaa-1.0.jar (There is no English translation for this message.)
[EL Config]: metadata: 2016-08-26 11:57:31.96--ServerSession(648080322)--Thread(Thread[Test worker,5,main])--The access type for the persistent class [class com.app.shared.appbasicsetup.usermanagement.ArtPasswordPolicy] is set to [FIELD].
[EL Config]: metadata: 2016-08-26 11:57:31.979--ServerSession(648080322)--Thread(Thread[Test worker,5,main])--The access type for the persistent class [class com.app.shared.appbasicsetup.usermanagement.PasswordAlgo] is set to [FIELD].
[EL Config]: metadata: 2016-08-26 11:57:31.98--ServerSession(648080322)--Thread(Thread[Test worker,5,main])--The access type for the persistent class [class com.app.shared.organization.contactmanagement.ContactType] is set to [FIELD].
[EL Config]: metadata: 2016-08-26 11:57:31.981--ServerSession(648080322)--Thread(Thread[Test worker,5,main])--The access type for the persistent class [class com.app.shared.organization.contactmanagement.CoreContacts] is set to [FIELD].
[EL Config]: metadata: 2016-08-26 11:57:31.987--ServerSession(648080322)--Thread(Thread[Test worker,5,main])--The target entity (reference) class for the one to one mapping element [field timezone] is being defaulted to: class com.app.shared.organization.locationmanagement.Timezone.
[EL Config]: metadata: 2016-08-26 11:57:31.992--ServerSession(648080322)--Thread(Thread[Test worker,5,main])--The target entity (reference) class for the one to many mapping element [field address] is being defaulted to: class com.app.shared.organization.locationmanagement.Address.
[EL Config]: metadata: 2016-08-26 11:57:31.993--ServerSession(648080322)--Thread(Thread[Test worker,5,main])--The target entity (reference) class for the one to many mapping element [field communicationData] is being defaulted to: class com.app.shared.organization.contactmanagement.CommunicationData.
[EL Config]: metadata: 2016-08-26 11:57:31.993--ServerSession(648080322)--Thread(Thread[Test worker,5,main])--The access type for the persistent class [class com.app.shared.organization.locationmanagement.City] is set to [FIELD].
[EL Config]: metadata: 2016-08-26 11:57:31.994--ServerSession(648080322)--Thread(Thread[Test worker,5,main])--The access type for the persistent class [class com.app.shared.appbasicsetup.usermanagement.SessionData] is set to [FIELD].
[EL Config]: metadata: 2016-08-26 11:57:31.995--ServerSession(648080322)--Thread(Thread[Test worker,5,main])--The access type for the persistent class [class com.app.shared.appbasicsetup.usermanagement.ArtPasswordAlgorithm] is set to [FIELD].
[EL Config]: metadata: 2016-08-26 11:57:31.996--ServerSession(648080322)--Thread(Thread[Test worker,5,main])--The access type for the persistent class [class com.athena.shared.pluggable.entity.ArtEntity] is set to [FIELD].
[EL Config]: metadata: 2016-08-26 11:57:31.997--ServerSession(648080322)--Thread(Thread[Test worker,5,main])--The access type for the persistent class [class com.athena.shared.pluggable.entity.AuditPropertiesEntity] is set to [FIELD].
[EL Config]: metadata: 2016-08-26 11:57:31.999--ServerSession(648080322)--Thread(Thread[Test worker,5,main])--The access type for the persistent class [class com.app.shared.appbasicsetup.aaa.ArtUserLastStatus] is set to [FIELD].
[EL Config]: metadata: 2016-08-26 11:57:32.0--ServerSession(648080322)--Thread(Thread[Test worker,5,main])--The access type for the persistent class [class com.spartan.healthmeter.entity.ArtHealthStatusConfiguration] is set to [FIELD].
[EL Config]: metadata: 2016-08-26 11:57:32.0--ServerSession(648080322)--Thread(Thread[Test worker,5,main])--The access type for the persistent class [class com.app.shared.appinsight.alarms.ArtLogSeverity] is set to [FIELD].
[EL Config]: metadata: 2016-08-26 11:57:32.001--ServerSession(648080322)--Thread(Thread[Test worker,5,main])--The access type for the persistent class [class com.app.shared.appinsight.alarms.ArtDomain] is set to [FIELD].
[EL Config]: metadata: 2016-08-26 11:57:32.001--ServerSession(648080322)--Thread(Thread[Test worker,5,main])--The target entity (reference) class for the many to one mapping element [field artBoundedContext] is being defaulted to: class com.app.shared.appinsight.alarms.ArtBoundedContext.
[EL Config]: metadata: 2016-08-26 11:57:32.001--ServerSession(648080322)--Thread(Thread[Test worker,5,main])--The access type for the persistent class [class com.app.shared.appbasicsetup.usermanagement.ArtAppNotificationTemplate] is set to [FIELD].
[EL Config]: metadata: 2016-08-26 11:57:32.002--ServerSession(648080322)--Thread(Thread[Test worker,5,main])--The access type for the persistent class [class com.app.shared.appbasicsetup.userrolemanagement.Roles] is set to [FIELD].
[EL Config]: metadata: 2016-08-26 11:57:32.003--ServerSession(648080322)--Thread(Thread[Test worker,5,main])--The target entity (reference) class for the one to many mapping element [field roleMenuBridge] is being defaulted to: class com.app.shared.appbasicsetup.userrolemanagement.RoleMenuBridge.
[EL Config]: metadata: 2016-08-26 11:57:32.003--ServerSession(648080322)--Thread(Thread[Test worker,5,main])--The access type for the persistent class [class com.app.shared.organization.locationmanagement.Country] is set to [FIELD].
[EL Config]: metadata: 2016-08-26 11:57:32.004--ServerSession(648080322)--Thread(Thread[Test worker,5,main])--The access type for the persistent class [class com.app.shared.appinsight.alarms.ArtLogEvents] is set to [FIELD].
[EL Config]: metadata: 2016-08-26 11:57:32.006--ServerSession(648080322)--Thread(Thread[Test worker,5,main])--The access type for the persistent class [class com.app.shared.appbasicsetup.usermanagement.ArtDocumentTemplate] is set to [FIELD].
[EL Config]: metadata: 2016-08-26 11:57:32.007--ServerSession(648080322)--Thread(Thread[Test worker,5,main])--The access type for the persistent class [class com.app.shared.appinsight.alarms.ArtLogAlarm] is set to [FIELD].
[EL Config]: metadata: 2016-08-26 11:57:32.008--ServerSession(648080322)--Thread(Thread[Test worker,5,main])--The access type for the persistent class [class com.spartan.healthmeter.entity.ZenHealthGauge] is set to [FIELD].
[EL Config]: metadata: 2016-08-26 11:57:32.01--ServerSession(648080322)--Thread(Thread[Test worker,5,main])--The access type for the persistent class [class com.app.shared.appinsight.alarms.ArtBoundedContext] is set to [FIELD].
[EL Config]: metadata: 2016-08-26 11:57:32.01--ServerSession(648080322)--Thread(Thread[Test worker,5,main])--The target entity (reference) class for the one to many mapping element [field artDomain] is being defaulted to: class com.app.shared.appinsight.alarms.ArtDomain.
[EL Config]: metadata: 2016-08-26 11:57:32.011--ServerSession(648080322)--Thread(Thread[Test worker,5,main])--The access type for the persistent class [class com.app.shared.organization.contactmanagement.Gender] is set to [FIELD].
[EL Config]: metadata: 2016-08-26 11:57:32.011--ServerSession(648080322)--Thread(Thread[Test worker,5,main])--The access type for the persistent class [class com.app.shared.organization.contactmanagement.CommunicationType] is set to [FIELD].
[EL Config]: metadata: 2016-08-26 11:57:32.012--ServerSession(648080322)--Thread(Thread[Test worker,5,main])--The access type for the persistent class [class com.app.shared.appbasicsetup.usermanagement.SMSNotification] is set to [FIELD].
[EL Config]: metadata: 2016-08-26 11:57:32.013--ServerSession(648080322)--Thread(Thread[Test worker,5,main])--The access type for the persistent class [class com.app.shared.appbasicsetup.userrolemanagement.RoleMenuBridge] is set to [FIELD].
[EL Config]: metadata: 2016-08-26 11:57:32.014--ServerSession(648080322)--Thread(Thread[Test worker,5,main])--The target entity (reference) class for the one to one mapping element [field roles] is being defaulted to: class com.app.shared.appbasicsetup.userrolemanagement.Roles.
[EL Config]: metadata: 2016-08-26 11:57:32.015--ServerSession(648080322)--Thread(Thread[Test worker,5,main])--The access type for the persistent class [class com.app.shared.organization.locationmanagement.Timezone] is set to [FIELD].
[EL Config]: metadata: 2016-08-26 11:57:32.015--ServerSession(648080322)--Thread(Thread[Test worker,5,main])--The access type for the persistent class [class com.app.shared.appbasicsetup.usermanagement.PasswordPolicy] is set to [FIELD].
[EL Config]: metadata: 2016-08-26 11:57:32.017--ServerSession(648080322)--Thread(Thread[Test worker,5,main])--The access type for the persistent class [class com.spartan.healthmeter.entity.HealthSchedulerConfiguration] is set to [FIELD].
[EL Config]: metadata: 2016-08-26 11:57:32.018--ServerSession(648080322)--Thread(Thread[Test worker,5,main])--The access type for the persistent class [class com.app.shared.appinsight.alarms.ArtLogStatus] is set to [FIELD].
[EL Config]: metadata: 2016-08-26 11:57:32.018--ServerSession(648080322)--Thread(Thread[Test worker,5,main])--The access type for the persistent class [class com.spartan.healthmeter.entity.ZenSchedulerHealth] is set to [FIELD].
[EL Config]: metadata: 2016-08-26 11:57:32.021--ServerSession(648080322)--Thread(Thread[Test worker,5,main])--The access type for the persistent class [class com.app.shared.organization.locationmanagement.Address] is set to [FIELD].
[EL Config]: metadata: 2016-08-26 11:57:32.022--ServerSession(648080322)--Thread(Thread[Test worker,5,main])--The access type for the persistent class [class com.app.shared.organization.locationmanagement.Language] is set to [FIELD].
[EL Config]: metadata: 2016-08-26 11:57:32.023--ServerSession(648080322)--Thread(Thread[Test worker,5,main])--The access type for the persistent class [class com.app.shared.appbasicsetup.usermanagement.PassRecovery] is set to [FIELD].
[EL Config]: metadata: 2016-08-26 11:57:32.024--ServerSession(648080322)--Thread(Thread[Test worker,5,main])--The target entity (reference) class for the one to one mapping element [field user] is being defaulted to: class com.app.shared.appbasicsetup.usermanagement.User.
[EL Config]: metadata: 2016-08-26 11:57:32.024--ServerSession(648080322)--Thread(Thread[Test worker,5,main])--The access type for the persistent class [class com.app.shared.appinsight.alarms.ArtLogConfig] is set to [FIELD].
[EL Config]: metadata: 2016-08-26 11:57:32.025--ServerSession(648080322)--Thread(Thread[Test worker,5,main])--The access type for the persistent class [class com.app.shared.appinsight.alarms.ArtLogEventAction] is set to [FIELD].
[EL Config]: metadata: 2016-08-26 11:57:32.025--ServerSession(648080322)--Thread(Thread[Test worker,5,main])--The access type for the persistent class [class com.app.shared.appbasicsetup.usermanagement.SMSConfig] is set to [FIELD].
[EL Config]: metadata: 2016-08-26 11:57:32.026--ServerSession(648080322)--Thread(Thread[Test worker,5,main])--The access type for the persistent class [class com.app.shared.appbasicsetup.usermanagement.LoginSession] is set to [FIELD].
[EL Config]: metadata: 2016-08-26 11:57:32.027--ServerSession(648080322)--Thread(Thread[Test worker,5,main])--The access type for the persistent class [class com.app.shared.organization.locationmanagement.State] is set to [FIELD].
[EL Config]: metadata: 2016-08-26 11:57:32.028--ServerSession(648080322)--Thread(Thread[Test worker,5,main])--The access type for the persistent class [class com.app.shared.appbasicsetup.usermanagement.UserAccessDomain] is set to [FIELD].
[EL Config]: metadata: 2016-08-26 11:57:32.029--ServerSession(648080322)--Thread(Thread[Test worker,5,main])--The access type for the persistent class [class com.app.shared.organization.contactmanagement.CommunicationGroup] is set to [FIELD].
[EL Config]: metadata: 2016-08-26 11:57:32.03--ServerSession(648080322)--Thread(Thread[Test worker,5,main])--The access type for the persistent class [class com.app.shared.appinsight.alarms.ArtLogConnector] is set to [FIELD].
[EL Config]: metadata: 2016-08-26 11:57:32.03--ServerSession(648080322)--Thread(Thread[Test worker,5,main])--The target entity (reference) class for the one to many mapping element [field logConnectorAttributes] is being defaulted to: class com.app.shared.appinsight.alarms.ArtLogConnectorAttributes.
[EL Config]: metadata: 2016-08-26 11:57:32.031--ServerSession(648080322)--Thread(Thread[Test worker,5,main])--The target entity (reference) class for the many to one mapping element [field artLogConfig] is being defaulted to: class com.app.shared.appinsight.alarms.ArtLogConfig.
[EL Config]: metadata: 2016-08-26 11:57:32.031--ServerSession(648080322)--Thread(Thread[Test worker,5,main])--The access type for the persistent class [class com.app.shared.appinsight.alarms.ArtLoggingProperties] is set to [FIELD].
[EL Config]: metadata: 2016-08-26 11:57:32.032--ServerSession(648080322)--Thread(Thread[Test worker,5,main])--The target entity (reference) class for the many to one mapping element [field artLogConfig] is being defaulted to: class com.app.shared.appinsight.alarms.ArtLogConfig.
[EL Config]: metadata: 2016-08-26 11:57:32.032--ServerSession(648080322)--Thread(Thread[Test worker,5,main])--The access type for the persistent class [class com.app.shared.appbasicsetup.usermanagement.User] is set to [FIELD].
[EL Config]: metadata: 2016-08-26 11:57:32.032--ServerSession(648080322)--Thread(Thread[Test worker,5,main])--The target entity (reference) class for the one to one mapping element [field userData] is being defaulted to: class com.app.shared.appbasicsetup.usermanagement.UserData.
[EL Config]: metadata: 2016-08-26 11:57:32.033--ServerSession(648080322)--Thread(Thread[Test worker,5,main])--The target entity (reference) class for the one to many mapping element [field passRecovery] is being defaulted to: class com.app.shared.appbasicsetup.usermanagement.PassRecovery.
[EL Config]: metadata: 2016-08-26 11:57:32.034--ServerSession(648080322)--Thread(Thread[Test worker,5,main])--The access type for the persistent class [class com.app.shared.appinsight.alarms.ArtLogArchitectureLayer] is set to [FIELD].
[EL Config]: metadata: 2016-08-26 11:57:32.034--ServerSession(648080322)--Thread(Thread[Test worker,5,main])--The access type for the persistent class [class com.app.shared.appbasicsetup.aaa.JwtConfig] is set to [FIELD].
[EL Config]: metadata: 2016-08-26 11:57:32.035--ServerSession(648080322)--Thread(Thread[Test worker,5,main])--The access type for the persistent class [class com.spartan.healthmeter.entity.ZenHealthStatus] is set to [FIELD].
[EL Config]: metadata: 2016-08-26 11:57:32.036--ServerSession(648080322)--Thread(Thread[Test worker,5,main])--The access type for the persistent class [class com.app.shared.organization.contactmanagement.CommunicationData] is set to [FIELD].
[EL Config]: metadata: 2016-08-26 11:57:32.036--ServerSession(648080322)--Thread(Thread[Test worker,5,main])--The access type for the persistent class [class com.app.shared.appbasicsetup.userrolemanagement.UserRoleBridge] is set to [FIELD].
[EL Config]: metadata: 2016-08-26 11:57:32.037--ServerSession(648080322)--Thread(Thread[Test worker,5,main])--The access type for the persistent class [class com.app.shared.appbasicsetup.usermanagement.Question] is set to [FIELD].
[EL Config]: metadata: 2016-08-26 11:57:32.038--ServerSession(648080322)--Thread(Thread[Test worker,5,main])--The access type for the persistent class [class com.app.shared.appbasicsetup.aaa.PublicApi] is set to [FIELD].
[EL Config]: metadata: 2016-08-26 11:57:32.038--ServerSession(648080322)--Thread(Thread[Test worker,5,main])--The access type for the persistent class [class com.app.shared.appinsight.alarms.ArtLogException] is set to [FIELD].
[EL Config]: metadata: 2016-08-26 11:57:32.039--ServerSession(648080322)--Thread(Thread[Test worker,5,main])--The access type for the persistent class [class com.spartan.healthmeter.entity.ZenRequestDetails] is set to [FIELD].
[EL Config]: metadata: 2016-08-26 11:57:32.04--ServerSession(648080322)--Thread(Thread[Test worker,5,main])--The access type for the persistent class [class com.spartan.healthmeter.entity.ArtHealthSchedulerConfiguration] is set to [FIELD].
[EL Config]: metadata: 2016-08-26 11:57:32.041--ServerSession(648080322)--Thread(Thread[Test worker,5,main])--The access type for the persistent class [class com.athena.shared.dataengine.report.ArtReportUI] is set to [FIELD].
[EL Config]: metadata: 2016-08-26 11:57:32.042--ServerSession(648080322)--Thread(Thread[Test worker,5,main])--The access type for the persistent class [class com.spartan.healthmeter.entity.ZenHealthCounter] is set to [FIELD].
[EL Config]: metadata: 2016-08-26 11:57:32.043--ServerSession(648080322)--Thread(Thread[Test worker,5,main])--The access type for the persistent class [class com.app.shared.appbasicsetup.usermanagement.Login] is set to [FIELD].
[EL Config]: metadata: 2016-08-26 11:57:32.043--ServerSession(648080322)--Thread(Thread[Test worker,5,main])--The target entity (reference) class for the one to one mapping element [field coreContacts] is being defaulted to: class com.app.shared.organization.contactmanagement.CoreContacts.
[EL Config]: metadata: 2016-08-26 11:57:32.044--ServerSession(648080322)--Thread(Thread[Test worker,5,main])--The target entity (reference) class for the one to one mapping element [field user] is being defaulted to: class com.app.shared.appbasicsetup.usermanagement.User.
[EL Config]: metadata: 2016-08-26 11:57:32.044--ServerSession(648080322)--Thread(Thread[Test worker,5,main])--The access type for the persistent class [class com.spartan.healthmeter.entity.ZenHealth] is set to [FIELD].
[EL Config]: metadata: 2016-08-26 11:57:32.045--ServerSession(648080322)--Thread(Thread[Test worker,5,main])--The access type for the persistent class [class com.spartan.server.session.entity.AppSessionConfig] is set to [FIELD].
[EL Config]: metadata: 2016-08-26 11:57:32.045--ServerSession(648080322)--Thread(Thread[Test worker,5,main])--The access type for the persistent class [class com.app.shared.appbasicsetup.userrolemanagement.AppMenus] is set to [FIELD].
[EL Config]: metadata: 2016-08-26 11:57:32.046--ServerSession(648080322)--Thread(Thread[Test worker,5,main])--The access type for the persistent class [class com.app.shared.appinsight.alarms.ArtLogConnectorAttributes] is set to [FIELD].
[EL Config]: metadata: 2016-08-26 11:57:32.047--ServerSession(648080322)--Thread(Thread[Test worker,5,main])--The target entity (reference) class for the many to one mapping element [field artLogConnector] is being defaulted to: class com.app.shared.appinsight.alarms.ArtLogConnector.
[EL Config]: metadata: 2016-08-26 11:57:32.047--ServerSession(648080322)--Thread(Thread[Test worker,5,main])--The access type for the persistent class [class com.app.shared.appbasicsetup.usermanagement.UserAccessLevel] is set to [FIELD].
[EL Config]: metadata: 2016-08-26 11:57:32.047--ServerSession(648080322)--Thread(Thread[Test worker,5,main])--The access type for the persistent class [class com.app.shared.appbasicsetup.usermanagement.UserData] is set to [FIELD].
[EL Config]: metadata: 2016-08-26 11:57:32.048--ServerSession(648080322)--Thread(Thread[Test worker,5,main])--The target entity (reference) class for the one to one mapping element [field user] is being defaulted to: class com.app.shared.appbasicsetup.usermanagement.User.
[EL Config]: metadata: 2016-08-26 11:57:32.048--ServerSession(648080322)--Thread(Thread[Test worker,5,main])--The access type for the persistent class [class com.app.shared.organization.locationmanagement.AddressType] is set to [FIELD].
[EL Config]: metadata: 2016-08-26 11:57:32.048--ServerSession(648080322)--Thread(Thread[Test worker,5,main])--The access type for the persistent class [class com.app.shared.organization.contactmanagement.Title] is set to [FIELD].
[EL Config]: metadata: 2016-08-26 11:57:32.049--ServerSession(648080322)--Thread(Thread[Test worker,5,main])--The access type for the persistent class [class com.athena.shared.dataengine.query.ArtQuery] is set to [FIELD].
[EL Config]: metadata: 2016-08-26 11:57:32.049--ServerSession(648080322)--Thread(Thread[Test worker,5,main])--The access type for the persistent class [class com.spartan.healthmeter.shared.EntityAudit] is set to [FIELD].
[EL Config]: metadata: 2016-08-26 11:57:32.05--ServerSession(648080322)--Thread(Thread[Test worker,5,main])--The access type for the persistent class [class com.app.shared.SystemInfo] is set to [FIELD].
[EL Config]: metadata: 2016-08-26 11:57:32.05--ServerSession(648080322)--Thread(Thread[Test worker,5,main])--The access type for the persistent class [class com.spartan.healthmeter.shared.SystemInfo] is set to [FIELD].
[EL Config]: metadata: 2016-08-26 11:57:32.051--ServerSession(648080322)--Thread(Thread[Test worker,5,main])--The access type for the persistent class [class com.app.shared.EntityAudit] is set to [FIELD].
[EL Config]: metadata: 2016-08-26 11:57:32.057--ServerSession(648080322)--Thread(Thread[Test worker,5,main])--The alias name for the entity class [class com.app.shared.appbasicsetup.usermanagement.ArtPasswordPolicy] is being defaulted to: ArtPasswordPolicy.
[EL Config]: metadata: 2016-08-26 11:57:32.069--ServerSession(648080322)--Thread(Thread[Test worker,5,main])--The alias name for the entity class [class com.app.shared.appbasicsetup.usermanagement.PasswordAlgo] is being defaulted to: PasswordAlgo.
[EL Config]: metadata: 2016-08-26 11:57:32.071--ServerSession(648080322)--Thread(Thread[Test worker,5,main])--The alias name for the entity class [class com.app.shared.organization.contactmanagement.ContactType] is being defaulted to: ContactType.
[EL Config]: metadata: 2016-08-26 11:57:32.071--ServerSession(648080322)--Thread(Thread[Test worker,5,main])--The alias name for the entity class [class com.app.shared.organization.contactmanagement.CoreContacts] is being defaulted to: CoreContacts.
[EL Config]: metadata: 2016-08-26 11:57:32.072--ServerSession(648080322)--Thread(Thread[Test worker,5,main])--The alias name for the entity class [class com.app.shared.organization.locationmanagement.City] is being defaulted to: City.
[EL Config]: metadata: 2016-08-26 11:57:32.073--ServerSession(648080322)--Thread(Thread[Test worker,5,main])--The alias name for the entity class [class com.app.shared.appbasicsetup.usermanagement.SessionData] is being defaulted to: SessionData.
[EL Config]: metadata: 2016-08-26 11:57:32.074--ServerSession(648080322)--Thread(Thread[Test worker,5,main])--The alias name for the entity class [class com.app.shared.appbasicsetup.usermanagement.ArtPasswordAlgorithm] is being defaulted to: ArtPasswordAlgorithm.
[EL Config]: metadata: 2016-08-26 11:57:32.074--ServerSession(648080322)--Thread(Thread[Test worker,5,main])--The alias name for the entity class [class com.app.shared.appbasicsetup.aaa.ArtUserLastStatus] is being defaulted to: ArtUserLastStatus.
[EL Config]: metadata: 2016-08-26 11:57:32.075--ServerSession(648080322)--Thread(Thread[Test worker,5,main])--The alias name for the entity class [class com.spartan.healthmeter.entity.ArtHealthStatusConfiguration] is being defaulted to: ArtHealthStatusConfiguration.
[EL Config]: metadata: 2016-08-26 11:57:32.076--ServerSession(648080322)--Thread(Thread[Test worker,5,main])--The alias name for the entity class [class com.app.shared.appinsight.alarms.ArtLogSeverity] is being defaulted to: ArtLogSeverity.
[EL Config]: metadata: 2016-08-26 11:57:32.076--ServerSession(648080322)--Thread(Thread[Test worker,5,main])--The alias name for the entity class [class com.app.shared.appinsight.alarms.ArtDomain] is being defaulted to: ArtDomain.
[EL Warning]: metadata: 2016-08-26 11:57:32.077--ServerSession(648080322)--Thread(Thread[Test worker,5,main])--You have specified multiple ids for the entity class [com.app.shared.appinsight.alarms.ArtDomain] without specifying an @IdClass. By doing this you may lose the ability to find by identity, distributed cache support etc. Note: You may however use entity manager find operations by passing a list of primary key fields. Else, you will have to use JPQL queries to read your entities. For other id options see @PrimaryKey.
[EL Config]: metadata: 2016-08-26 11:57:32.077--ServerSession(648080322)--Thread(Thread[Test worker,5,main])--The alias name for the entity class [class com.app.shared.appbasicsetup.usermanagement.ArtAppNotificationTemplate] is being defaulted to: ArtAppNotificationTemplate.
[EL Config]: metadata: 2016-08-26 11:57:32.077--ServerSession(648080322)--Thread(Thread[Test worker,5,main])--The alias name for the entity class [class com.app.shared.appbasicsetup.userrolemanagement.Roles] is being defaulted to: Roles.
[EL Config]: metadata: 2016-08-26 11:57:32.078--ServerSession(648080322)--Thread(Thread[Test worker,5,main])--The alias name for the entity class [class com.app.shared.organization.locationmanagement.Country] is being defaulted to: Country.
[EL Config]: metadata: 2016-08-26 11:57:32.079--ServerSession(648080322)--Thread(Thread[Test worker,5,main])--The alias name for the entity class [class com.app.shared.appinsight.alarms.ArtLogEvents] is being defaulted to: ArtLogEvents.
[EL Config]: metadata: 2016-08-26 11:57:32.079--ServerSession(648080322)--Thread(Thread[Test worker,5,main])--The alias name for the entity class [class com.app.shared.appbasicsetup.usermanagement.ArtDocumentTemplate] is being defaulted to: ArtDocumentTemplate.
[EL Config]: metadata: 2016-08-26 11:57:32.08--ServerSession(648080322)--Thread(Thread[Test worker,5,main])--The alias name for the entity class [class com.app.shared.appinsight.alarms.ArtLogAlarm] is being defaulted to: ArtLogAlarm.
[EL Config]: metadata: 2016-08-26 11:57:32.081--ServerSession(648080322)--Thread(Thread[Test worker,5,main])--The alias name for the entity class [class com.spartan.healthmeter.entity.ZenHealthGauge] is being defaulted to: ZenHealthGauge.
[EL Config]: metadata: 2016-08-26 11:57:32.081--ServerSession(648080322)--Thread(Thread[Test worker,5,main])--The alias name for the entity class [class com.app.shared.appinsight.alarms.ArtBoundedContext] is being defaulted to: ArtBoundedContext.
[EL Config]: metadata: 2016-08-26 11:57:32.082--ServerSession(648080322)--Thread(Thread[Test worker,5,main])--The alias name for the entity class [class com.app.shared.organization.contactmanagement.Gender] is being defaulted to: Gender.
[EL Config]: metadata: 2016-08-26 11:57:32.082--ServerSession(648080322)--Thread(Thread[Test worker,5,main])--The alias name for the entity class [class com.app.shared.organization.contactmanagement.CommunicationType] is being defaulted to: CommunicationType.
[EL Config]: metadata: 2016-08-26 11:57:32.082--ServerSession(648080322)--Thread(Thread[Test worker,5,main])--The alias name for the entity class [class com.app.shared.appbasicsetup.usermanagement.SMSNotification] is being defaulted to: SMSNotification.
[EL Config]: metadata: 2016-08-26 11:57:32.083--ServerSession(648080322)--Thread(Thread[Test worker,5,main])--The alias name for the entity class [class com.app.shared.appbasicsetup.userrolemanagement.RoleMenuBridge] is being defaulted to: RoleMenuBridge.
[EL Config]: metadata: 2016-08-26 11:57:32.083--ServerSession(648080322)--Thread(Thread[Test worker,5,main])--The alias name for the entity class [class com.app.shared.organization.locationmanagement.Timezone] is being defaulted to: Timezone.
[EL Config]: metadata: 2016-08-26 11:57:32.084--ServerSession(648080322)--Thread(Thread[Test worker,5,main])--The alias name for the entity class [class com.app.shared.appbasicsetup.usermanagement.PasswordPolicy] is being defaulted to: PasswordPolicy.
[EL Config]: metadata: 2016-08-26 11:57:32.085--ServerSession(648080322)--Thread(Thread[Test worker,5,main])--The alias name for the entity class [class com.spartan.healthmeter.entity.HealthSchedulerConfiguration] is being defaulted to: HealthSchedulerConfiguration.
[EL Config]: metadata: 2016-08-26 11:57:32.086--ServerSession(648080322)--Thread(Thread[Test worker,5,main])--The alias name for the entity class [class com.app.shared.appinsight.alarms.ArtLogStatus] is being defaulted to: ArtLogStatus.
[EL Config]: metadata: 2016-08-26 11:57:32.086--ServerSession(648080322)--Thread(Thread[Test worker,5,main])--The alias name for the entity class [class com.spartan.healthmeter.entity.ZenSchedulerHealth] is being defaulted to: ZenSchedulerHealth.
[EL Config]: metadata: 2016-08-26 11:57:32.087--ServerSession(648080322)--Thread(Thread[Test worker,5,main])--The alias name for the entity class [class com.app.shared.organization.locationmanagement.Address] is being defaulted to: Address.
[EL Config]: metadata: 2016-08-26 11:57:32.088--ServerSession(648080322)--Thread(Thread[Test worker,5,main])--The alias name for the entity class [class com.app.shared.organization.locationmanagement.Language] is being defaulted to: Language.
[EL Config]: metadata: 2016-08-26 11:57:32.089--ServerSession(648080322)--Thread(Thread[Test worker,5,main])--The alias name for the entity class [class com.app.shared.appbasicsetup.usermanagement.PassRecovery] is being defaulted to: PassRecovery.
[EL Config]: metadata: 2016-08-26 11:57:32.089--ServerSession(648080322)--Thread(Thread[Test worker,5,main])--The alias name for the entity class [class com.app.shared.appinsight.alarms.ArtLogConfig] is being defaulted to: ArtLogConfig.
[EL Config]: metadata: 2016-08-26 11:57:32.09--ServerSession(648080322)--Thread(Thread[Test worker,5,main])--The alias name for the entity class [class com.app.shared.appinsight.alarms.ArtLogEventAction] is being defaulted to: ArtLogEventAction.
[EL Config]: metadata: 2016-08-26 11:57:32.09--ServerSession(648080322)--Thread(Thread[Test worker,5,main])--The alias name for the entity class [class com.app.shared.appbasicsetup.usermanagement.SMSConfig] is being defaulted to: SMSConfig.
[EL Config]: metadata: 2016-08-26 11:57:32.091--ServerSession(648080322)--Thread(Thread[Test worker,5,main])--The alias name for the entity class [class com.app.shared.appbasicsetup.usermanagement.LoginSession] is being defaulted to: LoginSession.
[EL Config]: metadata: 2016-08-26 11:57:32.091--ServerSession(648080322)--Thread(Thread[Test worker,5,main])--The alias name for the entity class [class com.app.shared.organization.locationmanagement.State] is being defaulted to: State.
[EL Config]: metadata: 2016-08-26 11:57:32.092--ServerSession(648080322)--Thread(Thread[Test worker,5,main])--The alias name for the entity class [class com.app.shared.appbasicsetup.usermanagement.UserAccessDomain] is being defaulted to: UserAccessDomain.
[EL Config]: metadata: 2016-08-26 11:57:32.093--ServerSession(648080322)--Thread(Thread[Test worker,5,main])--The alias name for the entity class [class com.app.shared.organization.contactmanagement.CommunicationGroup] is being defaulted to: CommunicationGroup.
[EL Config]: metadata: 2016-08-26 11:57:32.093--ServerSession(648080322)--Thread(Thread[Test worker,5,main])--The alias name for the entity class [class com.app.shared.appinsight.alarms.ArtLogConnector] is being defaulted to: ArtLogConnector.
[EL Config]: metadata: 2016-08-26 11:57:32.093--ServerSession(648080322)--Thread(Thread[Test worker,5,main])--The alias name for the entity class [class com.app.shared.appinsight.alarms.ArtLoggingProperties] is being defaulted to: ArtLoggingProperties.
[EL Config]: metadata: 2016-08-26 11:57:32.094--ServerSession(648080322)--Thread(Thread[Test worker,5,main])--The alias name for the entity class [class com.app.shared.appbasicsetup.usermanagement.User] is being defaulted to: User.
[EL Config]: metadata: 2016-08-26 11:57:32.095--ServerSession(648080322)--Thread(Thread[Test worker,5,main])--The alias name for the entity class [class com.app.shared.appinsight.alarms.ArtLogArchitectureLayer] is being defaulted to: ArtLogArchitectureLayer.
[EL Config]: metadata: 2016-08-26 11:57:32.095--ServerSession(648080322)--Thread(Thread[Test worker,5,main])--The alias name for the entity class [class com.app.shared.appbasicsetup.aaa.JwtConfig] is being defaulted to: JwtConfig.
[EL Config]: metadata: 2016-08-26 11:57:32.095--ServerSession(648080322)--Thread(Thread[Test worker,5,main])--The alias name for the entity class [class com.spartan.healthmeter.entity.ZenHealthStatus] is being defaulted to: ZenHealthStatus.
[EL Config]: metadata: 2016-08-26 11:57:32.096--ServerSession(648080322)--Thread(Thread[Test worker,5,main])--The alias name for the entity class [class com.app.shared.organization.contactmanagement.CommunicationData] is being defaulted to: CommunicationData.
[EL Config]: metadata: 2016-08-26 11:57:32.097--ServerSession(648080322)--Thread(Thread[Test worker,5,main])--The alias name for the entity class [class com.app.shared.appbasicsetup.userrolemanagement.UserRoleBridge] is being defaulted to: UserRoleBridge.
[EL Config]: metadata: 2016-08-26 11:57:32.098--ServerSession(648080322)--Thread(Thread[Test worker,5,main])--The alias name for the entity class [class com.app.shared.appbasicsetup.usermanagement.Question] is being defaulted to: Question.
[EL Config]: metadata: 2016-08-26 11:57:32.098--ServerSession(648080322)--Thread(Thread[Test worker,5,main])--The alias name for the entity class [class com.app.shared.appbasicsetup.aaa.PublicApi] is being defaulted to: PublicApi.
[EL Config]: metadata: 2016-08-26 11:57:32.099--ServerSession(648080322)--Thread(Thread[Test worker,5,main])--The alias name for the entity class [class com.app.shared.appinsight.alarms.ArtLogException] is being defaulted to: ArtLogException.
[EL Config]: metadata: 2016-08-26 11:57:32.1--ServerSession(648080322)--Thread(Thread[Test worker,5,main])--The alias name for the entity class [class com.spartan.healthmeter.entity.ZenRequestDetails] is being defaulted to: ZenRequestDetails.
[EL Config]: metadata: 2016-08-26 11:57:32.101--ServerSession(648080322)--Thread(Thread[Test worker,5,main])--The alias name for the entity class [class com.spartan.healthmeter.entity.ArtHealthSchedulerConfiguration] is being defaulted to: ArtHealthSchedulerConfiguration.
[EL Config]: metadata: 2016-08-26 11:57:32.102--ServerSession(648080322)--Thread(Thread[Test worker,5,main])--The alias name for the entity class [class com.athena.shared.dataengine.report.ArtReportUI] is being defaulted to: ArtReportUI.
[EL Config]: metadata: 2016-08-26 11:57:32.103--ServerSession(648080322)--Thread(Thread[Test worker,5,main])--The alias name for the entity class [class com.spartan.healthmeter.entity.ZenHealthCounter] is being defaulted to: ZenHealthCounter.
[EL Config]: metadata: 2016-08-26 11:57:32.104--ServerSession(648080322)--Thread(Thread[Test worker,5,main])--The alias name for the entity class [class com.app.shared.appbasicsetup.usermanagement.Login] is being defaulted to: Login.
[EL Config]: metadata: 2016-08-26 11:57:32.105--ServerSession(648080322)--Thread(Thread[Test worker,5,main])--The alias name for the entity class [class com.spartan.healthmeter.entity.ZenHealth] is being defaulted to: ZenHealth.
[EL Config]: metadata: 2016-08-26 11:57:32.107--ServerSession(648080322)--Thread(Thread[Test worker,5,main])--The alias name for the entity class [class com.spartan.server.session.entity.AppSessionConfig] is being defaulted to: AppSessionConfig.
[EL Config]: metadata: 2016-08-26 11:57:32.108--ServerSession(648080322)--Thread(Thread[Test worker,5,main])--The alias name for the entity class [class com.app.shared.appbasicsetup.userrolemanagement.AppMenus] is being defaulted to: AppMenus.
[EL Config]: metadata: 2016-08-26 11:57:32.109--ServerSession(648080322)--Thread(Thread[Test worker,5,main])--The alias name for the entity class [class com.app.shared.appinsight.alarms.ArtLogConnectorAttributes] is being defaulted to: ArtLogConnectorAttributes.
[EL Config]: metadata: 2016-08-26 11:57:32.11--ServerSession(648080322)--Thread(Thread[Test worker,5,main])--The alias name for the entity class [class com.app.shared.appbasicsetup.usermanagement.UserAccessLevel] is being defaulted to: UserAccessLevel.
[EL Config]: metadata: 2016-08-26 11:57:32.111--ServerSession(648080322)--Thread(Thread[Test worker,5,main])--The alias name for the entity class [class com.app.shared.appbasicsetup.usermanagement.UserData] is being defaulted to: UserData.
[EL Config]: metadata: 2016-08-26 11:57:32.112--ServerSession(648080322)--Thread(Thread[Test worker,5,main])--The alias name for the entity class [class com.app.shared.organization.locationmanagement.AddressType] is being defaulted to: AddressType.
[EL Config]: metadata: 2016-08-26 11:57:32.112--ServerSession(648080322)--Thread(Thread[Test worker,5,main])--The alias name for the entity class [class com.app.shared.organization.contactmanagement.Title] is being defaulted to: Title.
[EL Config]: metadata: 2016-08-26 11:57:32.113--ServerSession(648080322)--Thread(Thread[Test worker,5,main])--The alias name for the entity class [class com.athena.shared.dataengine.query.ArtQuery] is being defaulted to: ArtQuery.
[EL Finest]: jpa: 2016-08-26 11:57:32.291--ServerSession(648080322)--Thread(Thread[Test worker,5,main])--End predeploying Persistence Unit com; session file:/home/applifire/workspace/newproject/build/libs/app-shared-appbasicsetup-aaa-1.0.jar_com; state Predeployed; factoryCount 1
[EL Finest]: properties: 2016-08-26 11:57:32.297--ServerSession(648080322)--Thread(Thread[Test worker,5,main])--property=eclipselink.deploy-on-startup; value=true
[EL Finest]: jpa: 2016-08-26 11:57:32.297--ServerSession(648080322)--Thread(Thread[Test worker,5,main])--Begin deploying Persistence Unit com; session file:/home/applifire/workspace/newproject/build/libs/app-shared-appbasicsetup-aaa-1.0.jar_com; state Predeployed; factoryCount 1
[EL Finest]: properties: 2016-08-26 11:57:32.346--ServerSession(648080322)--Thread(Thread[Test worker,5,main])--property=eclipselink.logging.level; value=FINEST; translated value=FINEST
[EL Finest]: properties: 2016-08-26 11:57:32.346--ServerSession(648080322)--Thread(Thread[Test worker,5,main])--property=eclipselink.logging.level; value=FINEST; translated value=FINEST
[EL Finest]: properties: 2016-08-26 11:57:32.348--ServerSession(648080322)--Thread(Thread[Test worker,5,main])--property=eclipselink.connection-pool.default.min; value=6
[EL Finest]: properties: 2016-08-26 11:57:32.348--ServerSession(648080322)--Thread(Thread[Test worker,5,main])--property=eclipselink.connection-pool.default.initial; value=15
[EL Finest]: properties: 2016-08-26 11:57:32.348--ServerSession(648080322)--Thread(Thread[Test worker,5,main])--property=eclipselink.connection-pool.default.max; value=10
[EL Finest]: properties: 2016-08-26 11:57:32.349--ServerSession(648080322)--Thread(Thread[Test worker,5,main])--property=eclipselink.cache.shared.default; value=false; translated value=false
[EL Finest]: properties: 2016-08-26 11:57:32.349--ServerSession(648080322)--Thread(Thread[Test worker,5,main])--property=eclipselink.jdbc.batch-writing; value=JDBC; translated value=JDBC
[EL Finest]: properties: 2016-08-26 11:57:32.349--ServerSession(648080322)--Thread(Thread[Test worker,5,main])--property=eclipselink.jdbc.batch-writing.size; value=500
[EL Finest]: properties: 2016-08-26 11:57:32.39--ServerSession(648080322)--Thread(Thread[Test worker,5,main])--property=eclipselink.jdbc.allow-native-sql-queries; value=true
[EL Finest]: properties: 2016-08-26 11:57:32.391--ServerSession(648080322)--Thread(Thread[Test worker,5,main])--property=eclipselink.allow-zero-id; value=true
[EL Finest]: properties: 2016-08-26 11:57:32.391--ServerSession(648080322)--Thread(Thread[Test worker,5,main])--property=eclipselink.session.customizer; value=com.app.config.UUIDGenerator
[EL Info]: 2016-08-26 11:57:32.393--ServerSession(648080322)--Thread(Thread[Test worker,5,main])--EclipseLink, version: Eclipse Persistence Services - 2.5.1.v20130918-f2b9fc5
[EL Finest]: dbPlatformHelper_regExprDbPlatform: 2016-08-26 11:57:32.581--Thread(Thread[Test worker,5,main])--(?i)oracle.*12 (There is no English translation for this message.)
[EL Finest]: dbPlatformHelper_regExprDbPlatform: 2016-08-26 11:57:32.581--Thread(Thread[Test worker,5,main])--(?i)oracle.*11 (There is no English translation for this message.)
[EL Finest]: dbPlatformHelper_regExprDbPlatform: 2016-08-26 11:57:32.582--Thread(Thread[Test worker,5,main])--(?i)oracle.*10 (There is no English translation for this message.)
[EL Finest]: dbPlatformHelper_regExprDbPlatform: 2016-08-26 11:57:32.582--Thread(Thread[Test worker,5,main])--(?i)oracle.*9 (There is no English translation for this message.)
[EL Finest]: dbPlatformHelper_regExprDbPlatform: 2016-08-26 11:57:32.582--Thread(Thread[Test worker,5,main])--(?i)oracle.* (There is no English translation for this message.)
[EL Finest]: dbPlatformHelper_regExprDbPlatform: 2016-08-26 11:57:32.582--Thread(Thread[Test worker,5,main])--SQL\ Anywhere.* (There is no English translation for this message.)
[EL Finest]: dbPlatformHelper_regExprDbPlatform: 2016-08-26 11:57:32.583--Thread(Thread[Test worker,5,main])--(?i)(sybase.*)|(adaptive\ server\ enterprise.*)|(SQL\ Server.*) (There is no English translation for this message.)
[EL Finest]: dbPlatformHelper_regExprDbPlatform: 2016-08-26 11:57:32.583--Thread(Thread[Test worker,5,main])--(?i)microsoft.* (There is no English translation for this message.)
[EL Finest]: dbPlatformHelper_regExprDbPlatform: 2016-08-26 11:57:32.583--Thread(Thread[Test worker,5,main])--(?i).*derby.* (There is no English translation for this message.)
[EL Finest]: dbPlatformHelper_regExprDbPlatform: 2016-08-26 11:57:32.583--Thread(Thread[Test worker,5,main])--(?i).*db2.* (There is no English translation for this message.)
[EL Finest]: dbPlatformHelper_regExprDbPlatform: 2016-08-26 11:57:32.584--Thread(Thread[Test worker,5,main])--(?i)pointbase.* (There is no English translation for this message.)
[EL Finest]: dbPlatformHelper_regExprDbPlatform: 2016-08-26 11:57:32.584--Thread(Thread[Test worker,5,main])--(?i)mysql.* (There is no English translation for this message.)
[EL Fine]: connection: 2016-08-26 11:57:32.584--Thread(Thread[Test worker,5,main])--Detected database platform: org.eclipse.persistence.platform.database.MySQLPlatform
[EL Config]: connection: 2016-08-26 11:57:32.596--ServerSession(648080322)--Connection(1993425866)--Thread(Thread[Test worker,5,main])--connecting(DatabaseLogin(
	platform=>MySQLPlatform
	user name=> ""
	connector=>JNDIConnector datasource name=>null
))
[EL Config]: connection: 2016-08-26 11:57:32.598--ServerSession(648080322)--Connection(517577271)--Thread(Thread[Test worker,5,main])--Connected: jdbc:mysql://localhost-MYSQL:3306/pron?useUnicode=true&characterEncoding=UTF-8&zeroDateTimeBehavior=convertToNull
	User: pron@172.17.0.6
	Database: MySQL  Version: 5.7.7-rc
	Driver: MySQL Connector Java  Version: mysql-connector-java-5.1.31 ( Revision: alexander.soklakov@oracle.com-20140520065950-groqzzbvxprqdmnz )
[EL Finest]: connection: 2016-08-26 11:57:32.598--ServerSession(648080322)--Connection(1612423347)--Thread(Thread[Test worker,5,main])--Connection acquired from connection pool [read].
[EL Finest]: connection: 2016-08-26 11:57:32.598--ServerSession(648080322)--Connection(1612423347)--Thread(Thread[Test worker,5,main])--Connection released to connection pool [read].
[EL Config]: connection: 2016-08-26 11:57:32.599--ServerSession(648080322)--Connection(903051536)--Thread(Thread[Test worker,5,main])--connecting(DatabaseLogin(
	platform=>MySQLPlatform
	user name=> ""
	connector=>JNDIConnector datasource name=>null
))
[EL Config]: connection: 2016-08-26 11:57:32.6--ServerSession(648080322)--Connection(1341595017)--Thread(Thread[Test worker,5,main])--Connected: jdbc:mysql://localhost-MYSQL:3306/pron?useUnicode=true&characterEncoding=UTF-8&zeroDateTimeBehavior=convertToNull
	User: pron@172.17.0.6
	Database: MySQL  Version: 5.7.7-rc
	Driver: MySQL Connector Java  Version: mysql-connector-java-5.1.31 ( Revision: alexander.soklakov@oracle.com-20140520065950-groqzzbvxprqdmnz )
[EL Finest]: sequencing: 2016-08-26 11:57:32.611--ServerSession(648080322)--Thread(Thread[Test worker,5,main])--sequencing connected, state is NoPreallocation_State
[EL Finest]: sequencing: 2016-08-26 11:57:32.612--ServerSession(648080322)--Thread(Thread[Test worker,5,main])--sequence UUIDGenerator: preallocation size 50
[EL Finest]: sequencing: 2016-08-26 11:57:32.612--ServerSession(648080322)--Thread(Thread[Test worker,5,main])--sequence SEQ_GEN_IDENTITY: preallocation size 1
[EL Warning]: metadata: 2016-08-26 11:57:32.613--ServerSession(648080322)--Thread(Thread[Test worker,5,main])--Reverting the lazy setting on the OneToOne or ManyToOne attribute [coreContacts] for the entity class [class com.app.shared.appbasicsetup.usermanagement.Login] since weaving was not enabled or did not occur.
[EL Warning]: metadata: 2016-08-26 11:57:32.614--ServerSession(648080322)--Thread(Thread[Test worker,5,main])--Reverting the lazy setting on the OneToOne or ManyToOne attribute [user] for the entity class [class com.app.shared.appbasicsetup.usermanagement.Login] since weaving was not enabled or did not occur.
[EL Warning]: metadata: 2016-08-26 11:57:32.615--ServerSession(648080322)--Thread(Thread[Test worker,5,main])--Reverting the lazy setting on the OneToOne or ManyToOne attribute [user] for the entity class [class com.app.shared.appbasicsetup.usermanagement.UserData] since weaving was not enabled or did not occur.
[EL Warning]: metadata: 2016-08-26 11:57:32.619--ServerSession(648080322)--Thread(Thread[Test worker,5,main])--Reverting the lazy setting on the OneToOne or ManyToOne attribute [user] for the entity class [class com.app.shared.appbasicsetup.usermanagement.PassRecovery] since weaving was not enabled or did not occur.
[EL Warning]: metadata: 2016-08-26 11:57:32.623--ServerSession(648080322)--Thread(Thread[Test worker,5,main])--Reverting the lazy setting on the OneToOne or ManyToOne attribute [userData] for the entity class [class com.app.shared.appbasicsetup.usermanagement.User] since weaving was not enabled or did not occur.
[EL Warning]: metadata: 2016-08-26 11:57:32.626--ServerSession(648080322)--Thread(Thread[Test worker,5,main])--Reverting the lazy setting on the OneToOne or ManyToOne attribute [timezone] for the entity class [class com.app.shared.organization.contactmanagement.CoreContacts] since weaving was not enabled or did not occur.
[EL Info]: connection: 2016-08-26 11:57:32.888--ServerSession(648080322)--Thread(Thread[Test worker,5,main])--file:/home/applifire/workspace/newproject/build/libs/app-shared-appbasicsetup-aaa-1.0.jar_com login successful
[EL Finer]: metamodel: 2016-08-26 11:57:32.907--ServerSession(648080322)--Thread(Thread[Test worker,5,main])--Canonical Metamodel class [com.app.shared.appbasicsetup.usermanagement.Login_] not found during initialization.
[EL Finer]: metamodel: 2016-08-26 11:57:32.907--ServerSession(648080322)--Thread(Thread[Test worker,5,main])--Canonical Metamodel class [com.app.shared.appbasicsetup.usermanagement.UserData_] not found during initialization.
[EL Finer]: metamodel: 2016-08-26 11:57:32.908--ServerSession(648080322)--Thread(Thread[Test worker,5,main])--Canonical Metamodel class [com.app.shared.organization.locationmanagement.Address_] not found during initialization.
[EL Finer]: metamodel: 2016-08-26 11:57:32.908--ServerSession(648080322)--Thread(Thread[Test worker,5,main])--Canonical Metamodel class [com.app.shared.appbasicsetup.usermanagement.LoginSession_] not found during initialization.
[EL Finer]: metamodel: 2016-08-26 11:57:32.908--ServerSession(648080322)--Thread(Thread[Test worker,5,main])--Canonical Metamodel class [com.app.shared.organization.locationmanagement.Language_] not found during initialization.
[EL Finer]: metamodel: 2016-08-26 11:57:32.909--ServerSession(648080322)--Thread(Thread[Test worker,5,main])--Canonical Metamodel class [com.app.shared.appinsight.alarms.ArtLogArchitectureLayer_] not found during initialization.
[EL Finer]: metamodel: 2016-08-26 11:57:32.91--ServerSession(648080322)--Thread(Thread[Test worker,5,main])--Canonical Metamodel class [com.app.shared.appinsight.alarms.ArtLogConfig_] not found during initialization.
[EL Finer]: metamodel: 2016-08-26 11:57:32.91--ServerSession(648080322)--Thread(Thread[Test worker,5,main])--Canonical Metamodel class [com.app.shared.appbasicsetup.aaa.ArtUserLastStatus_] not found during initialization.
[EL Finer]: metamodel: 2016-08-26 11:57:32.911--ServerSession(648080322)--Thread(Thread[Test worker,5,main])--Canonical Metamodel class [com.app.shared.organization.contactmanagement.ContactType_] not found during initialization.
[EL Finer]: metamodel: 2016-08-26 11:57:32.911--ServerSession(648080322)--Thread(Thread[Test worker,5,main])--Canonical Metamodel class [com.app.shared.SystemInfo_] not found during initialization.
[EL Finer]: metamodel: 2016-08-26 11:57:32.912--ServerSession(648080322)--Thread(Thread[Test worker,5,main])--Canonical Metamodel class [com.athena.shared.dataengine.query.ArtQuery_] not found during initialization.
[EL Finer]: metamodel: 2016-08-26 11:57:32.912--ServerSession(648080322)--Thread(Thread[Test worker,5,main])--Canonical Metamodel class [com.spartan.healthmeter.entity.ZenHealthStatus_] not found during initialization.
[EL Finer]: metamodel: 2016-08-26 11:57:32.912--ServerSession(648080322)--Thread(Thread[Test worker,5,main])--Canonical Metamodel class [com.app.shared.organization.locationmanagement.Country_] not found during initialization.
[EL Finer]: metamodel: 2016-08-26 11:57:32.913--ServerSession(648080322)--Thread(Thread[Test worker,5,main])--Canonical Metamodel class [com.spartan.healthmeter.shared.SystemInfo_] not found during initialization.
[EL Finer]: metamodel: 2016-08-26 11:57:32.913--ServerSession(648080322)--Thread(Thread[Test worker,5,main])--Canonical Metamodel class [com.spartan.healthmeter.shared.EntityAudit_] not found during initialization.
[EL Finer]: metamodel: 2016-08-26 11:57:32.913--ServerSession(648080322)--Thread(Thread[Test worker,5,main])--Canonical Metamodel class [com.app.shared.appinsight.alarms.ArtLogEventAction_] not found during initialization.
[EL Finer]: metamodel: 2016-08-26 11:57:32.914--ServerSession(648080322)--Thread(Thread[Test worker,5,main])--Canonical Metamodel class [com.app.shared.appinsight.alarms.ArtLogStatus_] not found during initialization.
[EL Finer]: metamodel: 2016-08-26 11:57:32.914--ServerSession(648080322)--Thread(Thread[Test worker,5,main])--Canonical Metamodel class [com.app.shared.appbasicsetup.userrolemanagement.RoleMenuBridge_] not found during initialization.
[EL Finer]: metamodel: 2016-08-26 11:57:32.914--ServerSession(648080322)--Thread(Thread[Test worker,5,main])--Canonical Metamodel class [com.app.shared.organization.locationmanagement.Timezone_] not found during initialization.
[EL Finer]: metamodel: 2016-08-26 11:57:32.915--ServerSession(648080322)--Thread(Thread[Test worker,5,main])--Canonical Metamodel class [com.app.shared.appbasicsetup.usermanagement.PasswordAlgo_] not found during initialization.
[EL Finer]: metamodel: 2016-08-26 11:57:32.915--ServerSession(648080322)--Thread(Thread[Test worker,5,main])--Canonical Metamodel class [com.app.shared.appinsight.alarms.ArtLogEvents_] not found during initialization.
[EL Finer]: metamodel: 2016-08-26 11:57:32.915--ServerSession(648080322)--Thread(Thread[Test worker,5,main])--Canonical Metamodel class [com.app.shared.appbasicsetup.usermanagement.PassRecovery_] not found during initialization.
[EL Finer]: metamodel: 2016-08-26 11:57:32.916--ServerSession(648080322)--Thread(Thread[Test worker,5,main])--Canonical Metamodel class [com.app.shared.EntityAudit_] not found during initialization.
[EL Finer]: metamodel: 2016-08-26 11:57:32.916--ServerSession(648080322)--Thread(Thread[Test worker,5,main])--Canonical Metamodel class [com.spartan.healthmeter.entity.ZenRequestDetails_] not found during initialization.
[EL Finer]: metamodel: 2016-08-26 11:57:32.917--ServerSession(648080322)--Thread(Thread[Test worker,5,main])--Canonical Metamodel class [com.spartan.healthmeter.entity.HealthSchedulerConfiguration_] not found during initialization.
[EL Finer]: metamodel: 2016-08-26 11:57:32.917--ServerSession(648080322)--Thread(Thread[Test worker,5,main])--Canonical Metamodel class [com.app.shared.organization.locationmanagement.AddressType_] not found during initialization.
[EL Finer]: metamodel: 2016-08-26 11:57:32.917--ServerSession(648080322)--Thread(Thread[Test worker,5,main])--Canonical Metamodel class [com.app.shared.organization.contactmanagement.Title_] not found during initialization.
[EL Finer]: metamodel: 2016-08-26 11:57:32.918--ServerSession(648080322)--Thread(Thread[Test worker,5,main])--Canonical Metamodel class [com.app.shared.appbasicsetup.usermanagement.PasswordPolicy_] not found during initialization.
[EL Finer]: metamodel: 2016-08-26 11:57:32.918--ServerSession(648080322)--Thread(Thread[Test worker,5,main])--Canonical Metamodel class [com.app.shared.appbasicsetup.usermanagement.ArtAppNotificationTemplate_] not found during initialization.
[EL Finer]: metamodel: 2016-08-26 11:57:32.919--ServerSession(648080322)--Thread(Thread[Test worker,5,main])--Canonical Metamodel class [com.athena.shared.dataengine.report.ArtReportUI_] not found during initialization.
[EL Finer]: metamodel: 2016-08-26 11:57:32.919--ServerSession(648080322)--Thread(Thread[Test worker,5,main])--Canonical Metamodel class [com.app.shared.appbasicsetup.usermanagement.ArtPasswordPolicy_] not found during initialization.
[EL Finer]: metamodel: 2016-08-26 11:57:32.919--ServerSession(648080322)--Thread(Thread[Test worker,5,main])--Canonical Metamodel class [com.app.shared.appbasicsetup.userrolemanagement.Roles_] not found during initialization.
[EL Finer]: metamodel: 2016-08-26 11:57:32.92--ServerSession(648080322)--Thread(Thread[Test worker,5,main])--Canonical Metamodel class [com.spartan.healthmeter.entity.ArtHealthStatusConfiguration_] not found during initialization.
[EL Finer]: metamodel: 2016-08-26 11:57:32.92--ServerSession(648080322)--Thread(Thread[Test worker,5,main])--Canonical Metamodel class [com.app.shared.appinsight.alarms.ArtLoggingProperties_] not found during initialization.
[EL Finer]: metamodel: 2016-08-26 11:57:32.92--ServerSession(648080322)--Thread(Thread[Test worker,5,main])--Canonical Metamodel class [com.app.shared.appbasicsetup.usermanagement.SMSConfig_] not found during initialization.
[EL Finer]: metamodel: 2016-08-26 11:57:32.921--ServerSession(648080322)--Thread(Thread[Test worker,5,main])--Canonical Metamodel class [com.app.shared.appinsight.alarms.ArtLogConnector_] not found during initialization.
[EL Finer]: metamodel: 2016-08-26 11:57:32.921--ServerSession(648080322)--Thread(Thread[Test worker,5,main])--Canonical Metamodel class [com.spartan.healthmeter.entity.ArtHealthSchedulerConfiguration_] not found during initialization.
[EL Finer]: metamodel: 2016-08-26 11:57:32.921--ServerSession(648080322)--Thread(Thread[Test worker,5,main])--Canonical Metamodel class [com.app.shared.organization.contactmanagement.CommunicationType_] not found during initialization.
[EL Finer]: metamodel: 2016-08-26 11:57:32.922--ServerSession(648080322)--Thread(Thread[Test worker,5,main])--Canonical Metamodel class [com.app.shared.organization.locationmanagement.State_] not found during initialization.
[EL Finer]: metamodel: 2016-08-26 11:57:32.922--ServerSession(648080322)--Thread(Thread[Test worker,5,main])--Canonical Metamodel class [com.app.shared.appbasicsetup.usermanagement.User_] not found during initialization.
[EL Finer]: metamodel: 2016-08-26 11:57:32.922--ServerSession(648080322)--Thread(Thread[Test worker,5,main])--Canonical Metamodel class [com.spartan.healthmeter.entity.ZenSchedulerHealth_] not found during initialization.
[EL Finer]: metamodel: 2016-08-26 11:57:32.923--ServerSession(648080322)--Thread(Thread[Test worker,5,main])--Canonical Metamodel class [com.spartan.healthmeter.entity.ZenHealth_] not found during initialization.
[EL Finer]: metamodel: 2016-08-26 11:57:32.923--ServerSession(648080322)--Thread(Thread[Test worker,5,main])--Canonical Metamodel class [com.app.shared.appinsight.alarms.ArtLogSeverity_] not found during initialization.
[EL Finer]: metamodel: 2016-08-26 11:57:32.923--ServerSession(648080322)--Thread(Thread[Test worker,5,main])--Canonical Metamodel class [com.app.shared.appbasicsetup.usermanagement.ArtPasswordAlgorithm_] not found during initialization.
[EL Finer]: metamodel: 2016-08-26 11:57:32.924--ServerSession(648080322)--Thread(Thread[Test worker,5,main])--Canonical Metamodel class [com.app.shared.appbasicsetup.aaa.PublicApi_] not found during initialization.
[EL Finer]: metamodel: 2016-08-26 11:57:32.924--ServerSession(648080322)--Thread(Thread[Test worker,5,main])--Canonical Metamodel class [com.app.shared.appbasicsetup.userrolemanagement.UserRoleBridge_] not found during initialization.
[EL Finer]: metamodel: 2016-08-26 11:57:32.924--ServerSession(648080322)--Thread(Thread[Test worker,5,main])--Canonical Metamodel class [com.app.shared.organization.contactmanagement.CommunicationData_] not found during initialization.
[EL Finer]: metamodel: 2016-08-26 11:57:32.924--ServerSession(648080322)--Thread(Thread[Test worker,5,main])--Canonical Metamodel class [com.app.shared.appbasicsetup.usermanagement.Question_] not found during initialization.
[EL Finer]: metamodel: 2016-08-26 11:57:32.925--ServerSession(648080322)--Thread(Thread[Test worker,5,main])--Canonical Metamodel class [com.app.shared.appbasicsetup.usermanagement.UserAccessDomain_] not found during initialization.
[EL Finer]: metamodel: 2016-08-26 11:57:32.925--ServerSession(648080322)--Thread(Thread[Test worker,5,main])--Canonical Metamodel class [com.app.shared.appinsight.alarms.ArtLogAlarm_] not found during initialization.
[EL Finer]: metamodel: 2016-08-26 11:57:32.925--ServerSession(648080322)--Thread(Thread[Test worker,5,main])--Canonical Metamodel class [com.app.shared.organization.contactmanagement.CoreContacts_] not found during initialization.
[EL Finer]: metamodel: 2016-08-26 11:57:32.926--ServerSession(648080322)--Thread(Thread[Test worker,5,main])--Canonical Metamodel class [com.app.shared.appbasicsetup.usermanagement.ArtDocumentTemplate_] not found during initialization.
[EL Finer]: metamodel: 2016-08-26 11:57:32.926--ServerSession(648080322)--Thread(Thread[Test worker,5,main])--Canonical Metamodel class [com.app.shared.appinsight.alarms.ArtBoundedContext_] not found during initialization.
[EL Finer]: metamodel: 2016-08-26 11:57:32.926--ServerSession(648080322)--Thread(Thread[Test worker,5,main])--Canonical Metamodel class [com.app.shared.appbasicsetup.usermanagement.SessionData_] not found during initialization.
[EL Finer]: metamodel: 2016-08-26 11:57:32.927--ServerSession(648080322)--Thread(Thread[Test worker,5,main])--Canonical Metamodel class [com.app.shared.appbasicsetup.usermanagement.SMSNotification_] not found during initialization.
[EL Finer]: metamodel: 2016-08-26 11:57:32.927--ServerSession(648080322)--Thread(Thread[Test worker,5,main])--Canonical Metamodel class [com.spartan.server.session.entity.AppSessionConfig_] not found during initialization.
[EL Finer]: metamodel: 2016-08-26 11:57:32.927--ServerSession(648080322)--Thread(Thread[Test worker,5,main])--Canonical Metamodel class [com.app.shared.appinsight.alarms.ArtDomain_] not found during initialization.
[EL Finer]: metamodel: 2016-08-26 11:57:32.928--ServerSession(648080322)--Thread(Thread[Test worker,5,main])--Canonical Metamodel class [com.app.shared.appbasicsetup.userrolemanagement.AppMenus_] not found during initialization.
[EL Finer]: metamodel: 2016-08-26 11:57:32.928--ServerSession(648080322)--Thread(Thread[Test worker,5,main])--Canonical Metamodel class [com.app.shared.appbasicsetup.usermanagement.UserAccessLevel_] not found during initialization.
[EL Finer]: metamodel: 2016-08-26 11:57:32.928--ServerSession(648080322)--Thread(Thread[Test worker,5,main])--Canonical Metamodel class [com.app.shared.appinsight.alarms.ArtLogConnectorAttributes_] not found during initialization.
[EL Finer]: metamodel: 2016-08-26 11:57:32.928--ServerSession(648080322)--Thread(Thread[Test worker,5,main])--Canonical Metamodel class [com.spartan.healthmeter.entity.ZenHealthCounter_] not found during initialization.
[EL Finer]: metamodel: 2016-08-26 11:57:32.929--ServerSession(648080322)--Thread(Thread[Test worker,5,main])--Canonical Metamodel class [com.app.shared.appinsight.alarms.ArtLogException_] not found during initialization.
[EL Finer]: metamodel: 2016-08-26 11:57:32.929--ServerSession(648080322)--Thread(Thread[Test worker,5,main])--Canonical Metamodel class [com.spartan.healthmeter.entity.ZenHealthGauge_] not found during initialization.
[EL Finer]: metamodel: 2016-08-26 11:57:32.929--ServerSession(648080322)--Thread(Thread[Test worker,5,main])--Canonical Metamodel class [com.app.shared.organization.contactmanagement.Gender_] not found during initialization.
[EL Finer]: metamodel: 2016-08-26 11:57:32.93--ServerSession(648080322)--Thread(Thread[Test worker,5,main])--Canonical Metamodel class [com.app.shared.appbasicsetup.aaa.JwtConfig_] not found during initialization.
[EL Finer]: metamodel: 2016-08-26 11:57:32.93--ServerSession(648080322)--Thread(Thread[Test worker,5,main])--Canonical Metamodel class [com.app.shared.organization.locationmanagement.City_] not found during initialization.
[EL Finer]: metamodel: 2016-08-26 11:57:32.93--ServerSession(648080322)--Thread(Thread[Test worker,5,main])--Canonical Metamodel class [com.app.shared.organization.contactmanagement.CommunicationGroup_] not found during initialization.
[EL Finer]: metamodel: 2016-08-26 11:57:32.931--ServerSession(648080322)--Thread(Thread[Test worker,5,main])--Canonical Metamodel class [com.athena.shared.pluggable.entity.ArtEntity_] not found during initialization.
[EL Finer]: metamodel: 2016-08-26 11:57:32.931--ServerSession(648080322)--Thread(Thread[Test worker,5,main])--Canonical Metamodel class [com.athena.shared.pluggable.entity.AuditPropertiesEntity_] not found during initialization.
[EL Finest]: jpa: 2016-08-26 11:57:32.931--ServerSession(648080322)--Thread(Thread[Test worker,5,main])--End deploying Persistence Unit com; session file:/home/applifire/workspace/newproject/build/libs/app-shared-appbasicsetup-aaa-1.0.jar_com; state Deployed; factoryCount 1
[EL Finer]: connection: 2016-08-26 11:57:38.225--ServerSession(648080322)--Thread(Thread[Test worker,5,main])--client acquired: 622277282
[EL Finer]: transaction: 2016-08-26 11:57:38.237--ClientSession(622277282)--Thread(Thread[Test worker,5,main])--acquire unit of work: 1833863745
[EL Finest]: connection: 2016-08-26 11:57:38.237--ServerSession(648080322)--Connection(1062660471)--Thread(Thread[Test worker,5,main])--Connection acquired from connection pool [default].
[EL Finer]: transaction: 2016-08-26 11:57:38.238--ClientSession(622277282)--Connection(1062660471)--Thread(Thread[Test worker,5,main])--begin transaction
[EL Finest]: connection: 2016-08-26 11:57:38.238--ClientSession(622277282)--Thread(Thread[Test worker,5,main])--reconnecting to external connection pool
[EL Finer]: transaction: 2016-08-26 11:57:38.256--UnitOfWork(1833863745)--Thread(Thread[Test worker,5,main])--begin unit of work flush
[EL Finer]: transaction: 2016-08-26 11:57:38.256--UnitOfWork(1833863745)--Thread(Thread[Test worker,5,main])--end unit of work flush
[EL Finest]: query: 2016-08-26 11:57:38.256--UnitOfWork(1833863745)--Thread(Thread[Test worker,5,main])--Execute query ReadAllQuery(referenceClass=ArtQuery sql="SELECT query_id, active_status, app_creator_id, created_by, created_date, hidden_name, jpql_query, name, project_id, project_version_id, query_json, query_type, sql_query, updated_by, updated_date, user_access, version_id FROM art_query WHERE (active_status = ?)")
[EL Fine]: sql: 2016-08-26 11:57:38.259--ClientSession(622277282)--Connection(1881577971)--Thread(Thread[Test worker,5,main])--SELECT query_id, active_status, app_creator_id, created_by, created_date, hidden_name, jpql_query, name, project_id, project_version_id, query_json, query_type, sql_query, updated_by, updated_date, user_access, version_id FROM art_query WHERE (active_status = ?)
	bind => [true]
Repository handle
[EL Finer]: transaction: 2016-08-26 11:57:38.279--UnitOfWork(1833863745)--Thread(Thread[Test worker,5,main])--begin unit of work commit
[EL Finer]: transaction: 2016-08-26 11:57:38.283--ClientSession(622277282)--Connection(1881577971)--Thread(Thread[Test worker,5,main])--commit transaction
[EL Finest]: connection: 2016-08-26 11:57:38.284--ServerSession(648080322)--Connection(1062660471)--Thread(Thread[Test worker,5,main])--Connection released to connection pool [default].
[EL Finer]: transaction: 2016-08-26 11:57:38.284--UnitOfWork(1833863745)--Thread(Thread[Test worker,5,main])--end unit of work commit
[EL Finer]: transaction: 2016-08-26 11:57:38.284--UnitOfWork(1833863745)--Thread(Thread[Test worker,5,main])--resume unit of work
[EL Finer]: transaction: 2016-08-26 11:57:38.285--UnitOfWork(1833863745)--Thread(Thread[Test worker,5,main])--release unit of work
[EL Finer]: connection: 2016-08-26 11:57:38.285--ClientSession(622277282)--Thread(Thread[Test worker,5,main])--client released
[EL Finer]: connection: 2016-08-26 11:57:38.286--ServerSession(648080322)--Thread(Thread[Test worker,5,main])--client acquired: 1128568368
[EL Finer]: transaction: 2016-08-26 11:57:38.286--ClientSession(1128568368)--Thread(Thread[Test worker,5,main])--acquire unit of work: 1272990672
[EL Finest]: connection: 2016-08-26 11:57:38.286--ServerSession(648080322)--Connection(1922132890)--Thread(Thread[Test worker,5,main])--Connection acquired from connection pool [default].
[EL Finer]: transaction: 2016-08-26 11:57:38.286--ClientSession(1128568368)--Connection(1922132890)--Thread(Thread[Test worker,5,main])--begin transaction
[EL Finest]: connection: 2016-08-26 11:57:38.286--ClientSession(1128568368)--Thread(Thread[Test worker,5,main])--reconnecting to external connection pool
[EL Finest]: transaction: 2016-08-26 11:57:38.305--UnitOfWork(1272990672)--Thread(Thread[Test worker,5,main])--Merge clone with references AwsQuery [queryId=44AFB22E-F02A-4B69-8024-210019910D4F, jpqlQuery=SELECT COUNT(logSeverity.severity) AS logseverity_severity, logArchitectureLayer.layerId, logArchitectureLayer.layerName, logEventAction.eventActionId, logEventAction.eventAction, myBoundedContext.boundedContextName, logSeverity.severityId, logSeverity.severity, myDomain.domainName, logEvents.eventDate, logEvents.className FROM ArtLogArchitectureLayer AS logArchitectureLayer, ArtLogEventAction AS logEventAction, ArtBoundedContext AS myBoundedContext, ArtLogSeverity AS logSeverity, ArtDomain AS myDomain, ArtLogEvents AS logEvents WHERE myBoundedContext.alarmPrefix = logEvents.boundedContextId AND myDomain.alarmPrefix = logEvents.domainId AND myBoundedContext.boundedContextId = myDomain.artBoundedContext.boundedContextId AND logArchitectureLayer.layerId = logEvents.layerId AND logEventAction.eventActionId = logEvents.eventAction AND logSeverity.severityId = logEvents.severity AND logEvents.eventDate >= :eventDate AND logEvents.eventDate <= :eventDate1 AND logEvents.boundedContextId LIKE :boundedContextId1 AND logEvents.domainId LIKE :domainId1 AND logArchitectureLayer.layerId >= :layerId AND logArchitectureLayer.layerId <= :layerId1 AND logEventAction.eventActionId >= :eventActionId AND logEventAction.eventActionId <= :eventActionId1 GROUP BY logArchitectureLayer.layerId, logArchitectureLayer.layerName, logEventAction.eventActionId, logEventAction.eventAction, myBoundedContext.boundedContextName, logSeverity.severityId, logSeverity.severity, myDomain.domainName, logEvents.eventDate, logEvents.className , queryType=2, name=Event Summary Class wise, hiddenName=EVENT SUMMARY CLASS WISE]
[EL Finest]: query: 2016-08-26 11:57:38.306--UnitOfWork(1272990672)--Thread(Thread[Test worker,5,main])--Execute query ReadObjectQuery(referenceClass=ArtQuery )
[EL Fine]: sql: 2016-08-26 11:57:38.306--ClientSession(1128568368)--Connection(838205639)--Thread(Thread[Test worker,5,main])--SELECT query_id, active_status, app_creator_id, created_by, created_date, hidden_name, jpql_query, name, project_id, project_version_id, query_json, query_type, sql_query, updated_by, updated_date, user_access, version_id FROM art_query WHERE (query_id = ?)
	bind => [44AFB22E-F02A-4B69-8024-210019910D4F]
[EL Finer]: transaction: 2016-08-26 11:57:38.309--UnitOfWork(1272990672)--Thread(Thread[Test worker,5,main])--begin unit of work commit
[EL Finest]: query: 2016-08-26 11:57:38.31--UnitOfWork(1272990672)--Thread(Thread[Test worker,5,main])--Execute query UpdateObjectQuery(AwsQuery [queryId=44AFB22E-F02A-4B69-8024-210019910D4F, jpqlQuery=SELECT COUNT(logSeverity.severity) AS logseverity_severity, logArchitectureLayer.layerId, logArchitectureLayer.layerName, logEventAction.eventActionId, logEventAction.eventAction, myBoundedContext.boundedContextName, logSeverity.severityId, logSeverity.severity, myDomain.domainName, logEvents.eventDate, logEvents.className FROM ArtLogArchitectureLayer AS logArchitectureLayer, ArtLogEventAction AS logEventAction, ArtBoundedContext AS myBoundedContext, ArtLogSeverity AS logSeverity, ArtDomain AS myDomain, ArtLogEvents AS logEvents WHERE myBoundedContext.alarmPrefix = logEvents.boundedContextId AND myDomain.alarmPrefix = logEvents.domainId AND myBoundedContext.boundedContextId = myDomain.artBoundedContext.boundedContextId AND logArchitectureLayer.layerId = logEvents.layerId AND logEventAction.eventActionId = logEvents.eventAction AND logSeverity.severityId = logEvents.severity AND logEvents.eventDate >= :eventDate AND logEvents.eventDate <= :eventDate1 AND logEvents.boundedContextId LIKE :boundedContextId1 AND logEvents.domainId LIKE :domainId1 AND logArchitectureLayer.layerId >= :layerId AND logArchitectureLayer.layerId <= :layerId1 AND logEventAction.eventActionId >= :eventActionId AND logEventAction.eventActionId <= :eventActionId1 GROUP BY logArchitectureLayer.layerId, logArchitectureLayer.layerName, logEventAction.eventActionId, logEventAction.eventAction, myBoundedContext.boundedContextName, logSeverity.severityId, logSeverity.severity, myDomain.domainName, logEvents.eventDate, logEvents.className , queryType=2, name=Event Summary Class wise, hiddenName=EVENT SUMMARY CLASS WISE])
[EL Fine]: sql: 2016-08-26 11:57:38.311--ClientSession(1128568368)--Connection(838205639)--Thread(Thread[Test worker,5,main])--UPDATE art_query SET sql_query = ? WHERE (query_id = ?)
	bind => [SELECT COUNT(t0.severity), t1.layerId, t1.layerName, t2.eventActionId, t2.eventAction, t3.boundedContextName, t0.severityId, t0.severity, t4.domainName, t5.eventDate, t5.className FROM art_bounded_context t6, art_log_events_t t5, art_domain t4, art_bounded_context t3, art_log_event_action_m t2, art_log_architecture_layer_m t1, art_log_severity_m t0 WHERE (((((((((((((((t3.alarmPrefix = t5.boundedContextId) AND (t4.alarmPrefix = t5.domainId)) AND (t3.boundedContextId = t6.boundedContextId)) AND (t1.layerId = t5.layerId)) AND (t2.eventActionId = t5.eventAction)) AND (t0.severityId = t5.severity)) AND (t5.eventDate >= ?)) AND (t5.eventDate <= ?)) AND t5.boundedContextId LIKE ?) AND t5.domainId LIKE ?) AND (t1.layerId >= ?)) AND (t1.layerId <= ?)) AND (t2.eventActionId >= ?)) AND (t2.eventActionId <= ?)) AND (t6.boundedContextId = t4.boundedContextId)) GROUP BY t1.layerId, t1.layerName, t2.eventActionId, t2.eventAction, t3.boundedContextName, t0.severityId, t0.severity, t4.domainName, t5.eventDate, t5.className, 44AFB22E-F02A-4B69-8024-210019910D4F]
[EL Finer]: transaction: 2016-08-26 11:57:38.313--ClientSession(1128568368)--Connection(838205639)--Thread(Thread[Test worker,5,main])--commit transaction
[EL Finest]: connection: 2016-08-26 11:57:38.392--ServerSession(648080322)--Connection(1922132890)--Thread(Thread[Test worker,5,main])--Connection released to connection pool [default].
[EL Finer]: transaction: 2016-08-26 11:57:38.392--UnitOfWork(1272990672)--Thread(Thread[Test worker,5,main])--end unit of work commit
[EL Finer]: transaction: 2016-08-26 11:57:38.393--UnitOfWork(1272990672)--Thread(Thread[Test worker,5,main])--resume unit of work
[EL Finer]: transaction: 2016-08-26 11:57:38.393--UnitOfWork(1272990672)--Thread(Thread[Test worker,5,main])--release unit of work
[EL Finer]: connection: 2016-08-26 11:57:38.393--ClientSession(1128568368)--Thread(Thread[Test worker,5,main])--client released
[EL Finer]: connection: 2016-08-26 11:57:38.393--ServerSession(648080322)--Thread(Thread[Test worker,5,main])--client acquired: 238031219
[EL Finer]: transaction: 2016-08-26 11:57:38.394--ClientSession(238031219)--Thread(Thread[Test worker,5,main])--acquire unit of work: 1976147019
[EL Finest]: connection: 2016-08-26 11:57:38.394--ServerSession(648080322)--Connection(120863831)--Thread(Thread[Test worker,5,main])--Connection acquired from connection pool [default].
[EL Finer]: transaction: 2016-08-26 11:57:38.394--ClientSession(238031219)--Connection(120863831)--Thread(Thread[Test worker,5,main])--begin transaction
[EL Finest]: connection: 2016-08-26 11:57:38.394--ClientSession(238031219)--Thread(Thread[Test worker,5,main])--reconnecting to external connection pool
[EL Finest]: transaction: 2016-08-26 11:57:38.399--UnitOfWork(1976147019)--Thread(Thread[Test worker,5,main])--Merge clone with references AwsQuery [queryId=494CE56F-EB9A-4E0C-9ADE-BD5ABF3684D4, jpqlQuery=SELECT u FROM Login u WHERE u.systemInfo.activeStatus=1 AND u.user.userId NOT IN (SELECT ub.userId FROM UserRoleBridge ub), queryType=1, name=findUnMappedUser, hiddenName=FINDUNMAPPEDUSER]
[EL Finest]: query: 2016-08-26 11:57:38.399--UnitOfWork(1976147019)--Thread(Thread[Test worker,5,main])--Execute query ReadObjectQuery(referenceClass=ArtQuery )
[EL Fine]: sql: 2016-08-26 11:57:38.399--ClientSession(238031219)--Connection(49403231)--Thread(Thread[Test worker,5,main])--SELECT query_id, active_status, app_creator_id, created_by, created_date, hidden_name, jpql_query, name, project_id, project_version_id, query_json, query_type, sql_query, updated_by, updated_date, user_access, version_id FROM art_query WHERE (query_id = ?)
	bind => [494CE56F-EB9A-4E0C-9ADE-BD5ABF3684D4]
[EL Finer]: transaction: 2016-08-26 11:57:38.403--UnitOfWork(1976147019)--Thread(Thread[Test worker,5,main])--begin unit of work commit
[EL Finest]: query: 2016-08-26 11:57:38.403--UnitOfWork(1976147019)--Thread(Thread[Test worker,5,main])--Execute query UpdateObjectQuery(AwsQuery [queryId=494CE56F-EB9A-4E0C-9ADE-BD5ABF3684D4, jpqlQuery=SELECT u FROM Login u WHERE u.systemInfo.activeStatus=1 AND u.user.userId NOT IN (SELECT ub.userId FROM UserRoleBridge ub), queryType=1, name=findUnMappedUser, hiddenName=FINDUNMAPPEDUSER])
[EL Fine]: sql: 2016-08-26 11:57:38.404--ClientSession(238031219)--Connection(49403231)--Thread(Thread[Test worker,5,main])--UPDATE art_query SET sql_query = ? WHERE (query_id = ?)
	bind => [SELECT t0.loginPk, t0.failedLoginAttempts, t0.loginId, t0.serverAuthImage, t0.serverAuthText, t0.versionId, t0.createdBy, t0.createdDate, t0.updatedBy, t0.updatedDate, t0.activeStatus, t0.txnAccessCode, t0.contactId, t0.userId FROM ast_Login_T t0, ast_User_T t1 WHERE (((t0.activeStatus = ?) AND t1.userId NOT IN (SELECT t2.userId FROM ast_UserRoleBridge_T t2)) AND (t1.userId = t0.userId)), 494CE56F-EB9A-4E0C-9ADE-BD5ABF3684D4]
[EL Finer]: transaction: 2016-08-26 11:57:38.406--ClientSession(238031219)--Connection(49403231)--Thread(Thread[Test worker,5,main])--commit transaction
[EL Finest]: connection: 2016-08-26 11:57:38.453--ServerSession(648080322)--Connection(120863831)--Thread(Thread[Test worker,5,main])--Connection released to connection pool [default].
[EL Finer]: transaction: 2016-08-26 11:57:38.453--UnitOfWork(1976147019)--Thread(Thread[Test worker,5,main])--end unit of work commit
[EL Finer]: transaction: 2016-08-26 11:57:38.454--UnitOfWork(1976147019)--Thread(Thread[Test worker,5,main])--resume unit of work
[EL Finer]: transaction: 2016-08-26 11:57:38.454--UnitOfWork(1976147019)--Thread(Thread[Test worker,5,main])--release unit of work
[EL Finer]: connection: 2016-08-26 11:57:38.454--ClientSession(238031219)--Thread(Thread[Test worker,5,main])--client released
[EL Finer]: connection: 2016-08-26 11:57:38.455--ServerSession(648080322)--Thread(Thread[Test worker,5,main])--client acquired: 547642474
[EL Finer]: transaction: 2016-08-26 11:57:38.455--ClientSession(547642474)--Thread(Thread[Test worker,5,main])--acquire unit of work: 112149476
[EL Finest]: connection: 2016-08-26 11:57:38.455--ServerSession(648080322)--Connection(1553084713)--Thread(Thread[Test worker,5,main])--Connection acquired from connection pool [default].
[EL Finer]: transaction: 2016-08-26 11:57:38.455--ClientSession(547642474)--Connection(1553084713)--Thread(Thread[Test worker,5,main])--begin transaction
[EL Finest]: connection: 2016-08-26 11:57:38.455--ClientSession(547642474)--Thread(Thread[Test worker,5,main])--reconnecting to external connection pool
[EL Finest]: transaction: 2016-08-26 11:57:38.459--UnitOfWork(112149476)--Thread(Thread[Test worker,5,main])--Merge clone with references AwsQuery [queryId=5AC193FC-897C-46FD-8993-3C92CB695668, jpqlQuery=delete from SessionData e where e.systemInfo.activeStatus=1 and e.appSessionId=:appSessionId, queryType=1, name=deleteAllSessionData, hiddenName=DELETEALLSESSIONDATA]
[EL Finest]: query: 2016-08-26 11:57:38.46--UnitOfWork(112149476)--Thread(Thread[Test worker,5,main])--Execute query ReadObjectQuery(referenceClass=ArtQuery )
[EL Fine]: sql: 2016-08-26 11:57:38.46--ClientSession(547642474)--Connection(814080629)--Thread(Thread[Test worker,5,main])--SELECT query_id, active_status, app_creator_id, created_by, created_date, hidden_name, jpql_query, name, project_id, project_version_id, query_json, query_type, sql_query, updated_by, updated_date, user_access, version_id FROM art_query WHERE (query_id = ?)
	bind => [5AC193FC-897C-46FD-8993-3C92CB695668]
[EL Finer]: transaction: 2016-08-26 11:57:38.463--UnitOfWork(112149476)--Thread(Thread[Test worker,5,main])--begin unit of work commit
[EL Finest]: query: 2016-08-26 11:57:38.463--UnitOfWork(112149476)--Thread(Thread[Test worker,5,main])--Execute query UpdateObjectQuery(AwsQuery [queryId=5AC193FC-897C-46FD-8993-3C92CB695668, jpqlQuery=delete from SessionData e where e.systemInfo.activeStatus=1 and e.appSessionId=:appSessionId, queryType=1, name=deleteAllSessionData, hiddenName=DELETEALLSESSIONDATA])
[EL Fine]: sql: 2016-08-26 11:57:38.464--ClientSession(547642474)--Connection(814080629)--Thread(Thread[Test worker,5,main])--UPDATE art_query SET sql_query = ? WHERE (query_id = ?)
	bind => [DELETE FROM ast_SessionData_T WHERE ((activeStatus = ?) AND (appSessionId = ?)), 5AC193FC-897C-46FD-8993-3C92CB695668]
[EL Finer]: transaction: 2016-08-26 11:57:38.466--ClientSession(547642474)--Connection(814080629)--Thread(Thread[Test worker,5,main])--commit transaction
[EL Finest]: connection: 2016-08-26 11:57:38.519--ServerSession(648080322)--Connection(1553084713)--Thread(Thread[Test worker,5,main])--Connection released to connection pool [default].
[EL Finer]: transaction: 2016-08-26 11:57:38.52--UnitOfWork(112149476)--Thread(Thread[Test worker,5,main])--end unit of work commit
[EL Finer]: transaction: 2016-08-26 11:57:38.52--UnitOfWork(112149476)--Thread(Thread[Test worker,5,main])--resume unit of work
[EL Finer]: transaction: 2016-08-26 11:57:38.521--UnitOfWork(112149476)--Thread(Thread[Test worker,5,main])--release unit of work
[EL Finer]: connection: 2016-08-26 11:57:38.521--ClientSession(547642474)--Thread(Thread[Test worker,5,main])--client released
[EL Finer]: connection: 2016-08-26 11:57:38.521--ServerSession(648080322)--Thread(Thread[Test worker,5,main])--client acquired: 732095452
[EL Finer]: transaction: 2016-08-26 11:57:38.522--ClientSession(732095452)--Thread(Thread[Test worker,5,main])--acquire unit of work: 1394448101
[EL Finest]: connection: 2016-08-26 11:57:38.522--ServerSession(648080322)--Connection(1000193796)--Thread(Thread[Test worker,5,main])--Connection acquired from connection pool [default].
[EL Finer]: transaction: 2016-08-26 11:57:38.522--ClientSession(732095452)--Connection(1000193796)--Thread(Thread[Test worker,5,main])--begin transaction
[EL Finest]: connection: 2016-08-26 11:57:38.522--ClientSession(732095452)--Thread(Thread[Test worker,5,main])--reconnecting to external connection pool
[EL Finest]: transaction: 2016-08-26 11:57:38.536--UnitOfWork(1394448101)--Thread(Thread[Test worker,5,main])--Merge clone with references AwsQuery [queryId=60A5B954-9F04-4875-8F02-64B83FDE1E01, jpqlQuery=SELECT zenHealthStatus.healthId,zenHealthStatus.scheduledDateTime,zenHealthStatus.serverInstanceId,zenHealthStatus.serverIpAddress, FUNCTION('ROUND',100 - (zenHealthStatus.usedSpace/zenHealthStatus.totalSpace )* 100) AS freeSpace, FUNCTION('ROUND',(zenHealthStatus.usedSpace/zenHealthStatus.totalSpace )* 100 ) AS usedSpace, FUNCTION('ROUND',(zenHealthStatus.totalSpace/1024)/1024) AS totalSpace, zenHealthStatus.status FROM ZenHealthStatus AS zenHealthStatus ORDER BY zenHealthStatus.scheduledDateTime DESC, queryType=2, name=System Memory Usage, hiddenName=SYSTEM MEMORY USAGE]
[EL Finest]: query: 2016-08-26 11:57:38.536--UnitOfWork(1394448101)--Thread(Thread[Test worker,5,main])--Execute query ReadObjectQuery(referenceClass=ArtQuery )
[EL Fine]: sql: 2016-08-26 11:57:38.537--ClientSession(732095452)--Connection(1612821560)--Thread(Thread[Test worker,5,main])--SELECT query_id, active_status, app_creator_id, created_by, created_date, hidden_name, jpql_query, name, project_id, project_version_id, query_json, query_type, sql_query, updated_by, updated_date, user_access, version_id FROM art_query WHERE (query_id = ?)
	bind => [60A5B954-9F04-4875-8F02-64B83FDE1E01]
[EL Finer]: transaction: 2016-08-26 11:57:38.54--UnitOfWork(1394448101)--Thread(Thread[Test worker,5,main])--begin unit of work commit
[EL Finest]: query: 2016-08-26 11:57:38.54--UnitOfWork(1394448101)--Thread(Thread[Test worker,5,main])--Execute query UpdateObjectQuery(AwsQuery [queryId=60A5B954-9F04-4875-8F02-64B83FDE1E01, jpqlQuery=SELECT zenHealthStatus.healthId,zenHealthStatus.scheduledDateTime,zenHealthStatus.serverInstanceId,zenHealthStatus.serverIpAddress, FUNCTION('ROUND',100 - (zenHealthStatus.usedSpace/zenHealthStatus.totalSpace )* 100) AS freeSpace, FUNCTION('ROUND',(zenHealthStatus.usedSpace/zenHealthStatus.totalSpace )* 100 ) AS usedSpace, FUNCTION('ROUND',(zenHealthStatus.totalSpace/1024)/1024) AS totalSpace, zenHealthStatus.status FROM ZenHealthStatus AS zenHealthStatus ORDER BY zenHealthStatus.scheduledDateTime DESC, queryType=2, name=System Memory Usage, hiddenName=SYSTEM MEMORY USAGE])
[EL Fine]: sql: 2016-08-26 11:57:38.541--ClientSession(732095452)--Connection(1612821560)--Thread(Thread[Test worker,5,main])--UPDATE art_query SET sql_query = ? WHERE (query_id = ?)
	bind => [SELECT healthId, scheduledDateTime, serverInstanceId, serverIpAddress, ROUND((? - ((usedSpace / totalSpace) * ?))), ROUND(((usedSpace / totalSpace) * ?)), ROUND(((totalSpace / ?) / ?)), status FROM zen_health_status ORDER BY scheduledDateTime DESC, 60A5B954-9F04-4875-8F02-64B83FDE1E01]
[EL Finer]: transaction: 2016-08-26 11:57:38.543--ClientSession(732095452)--Connection(1612821560)--Thread(Thread[Test worker,5,main])--commit transaction
[EL Finest]: connection: 2016-08-26 11:57:38.568--ServerSession(648080322)--Connection(1000193796)--Thread(Thread[Test worker,5,main])--Connection released to connection pool [default].
[EL Finer]: transaction: 2016-08-26 11:57:38.568--UnitOfWork(1394448101)--Thread(Thread[Test worker,5,main])--end unit of work commit
[EL Finer]: transaction: 2016-08-26 11:57:38.568--UnitOfWork(1394448101)--Thread(Thread[Test worker,5,main])--resume unit of work
[EL Finer]: transaction: 2016-08-26 11:57:38.569--UnitOfWork(1394448101)--Thread(Thread[Test worker,5,main])--release unit of work
[EL Finer]: connection: 2016-08-26 11:57:38.569--ClientSession(732095452)--Thread(Thread[Test worker,5,main])--client released
[EL Finer]: connection: 2016-08-26 11:57:38.569--ServerSession(648080322)--Thread(Thread[Test worker,5,main])--client acquired: 1890721954
[EL Finer]: transaction: 2016-08-26 11:57:38.57--ClientSession(1890721954)--Thread(Thread[Test worker,5,main])--acquire unit of work: 1048356219
[EL Finest]: connection: 2016-08-26 11:57:38.57--ServerSession(648080322)--Connection(1767132745)--Thread(Thread[Test worker,5,main])--Connection acquired from connection pool [default].
[EL Finer]: transaction: 2016-08-26 11:57:38.57--ClientSession(1890721954)--Connection(1767132745)--Thread(Thread[Test worker,5,main])--begin transaction
[EL Finest]: connection: 2016-08-26 11:57:38.57--ClientSession(1890721954)--Thread(Thread[Test worker,5,main])--reconnecting to external connection pool
[EL Finest]: transaction: 2016-08-26 11:57:38.585--UnitOfWork(1048356219)--Thread(Thread[Test worker,5,main])--Merge clone with references AwsQuery [queryId=68822E0E-5CF7-453B-A9F8-B14276FE6A58, jpqlQuery=SELECT COUNT(logSeverity.severity) AS logseverity_severity, 'Request' AS logevents_entityaudit_createdby, logArchitectureLayer.layerId, logArchitectureLayer.layerName, myBoundedContext.boundedContextName, logEvents.userId, logEvents.eventDate, myDomain.domainName, logSeverity.severityId, logSeverity.severity, logEventAction.eventActionId, logEventAction.eventAction, logEvents.logeventId, logEvents.requestId, logEvents.className, logEvents.methodName, logEvents.eventDateTime FROM ArtLogArchitectureLayer AS logArchitectureLayer, ArtBoundedContext AS myBoundedContext, ArtDomain AS myDomain, ArtLogSeverity AS logSeverity, ArtLogEventAction AS logEventAction, ArtLogEvents AS logEvents WHERE myBoundedContext.alarmPrefix = logEvents.boundedContextId AND myDomain.alarmPrefix = logEvents.domainId AND myBoundedContext.boundedContextId = myDomain.artBoundedContext.boundedContextId AND logArchitectureLayer.layerId = logEvents.layerId AND logEventAction.eventActionId = logEvents.eventAction AND logSeverity.severityId = logEvents.severity AND logEvents.eventDateTime >= :eventDateTime AND logEvents.eventDateTime <= :eventDateTime1 AND logEvents.boundedContextId LIKE :boundedContextId1 AND logEvents.domainId LIKE :domainId1 AND logArchitectureLayer.layerId >= :layerId AND logArchitectureLayer.layerId <= :layerId1 AND logEventAction.eventActionId >= :eventActionId AND logEventAction.eventActionId <= :eventActionId1 AND logEvents.className LIKE :className GROUP BY logArchitectureLayer.layerId, logArchitectureLayer.layerName, logEvents.userId, myBoundedContext.boundedContextName, myDomain.domainName, logSeverity.severityId, logSeverity.severity, logEventAction.eventActionId, logEventAction.eventAction, logEvents.logeventId, logEvents.requestId, logEvents.className, logEvents.methodName, logEvents.eventDateTime ORDER BY logEvents.eventDateTime DESC , queryType=2, name=Event Summary, hiddenName=EVENT SUMMARY]
[EL Finest]: query: 2016-08-26 11:57:38.585--UnitOfWork(1048356219)--Thread(Thread[Test worker,5,main])--Execute query ReadObjectQuery(referenceClass=ArtQuery )
[EL Fine]: sql: 2016-08-26 11:57:38.586--ClientSession(1890721954)--Connection(519216183)--Thread(Thread[Test worker,5,main])--SELECT query_id, active_status, app_creator_id, created_by, created_date, hidden_name, jpql_query, name, project_id, project_version_id, query_json, query_type, sql_query, updated_by, updated_date, user_access, version_id FROM art_query WHERE (query_id = ?)
	bind => [68822E0E-5CF7-453B-A9F8-B14276FE6A58]
[EL Finer]: transaction: 2016-08-26 11:57:38.589--UnitOfWork(1048356219)--Thread(Thread[Test worker,5,main])--begin unit of work commit
[EL Finest]: query: 2016-08-26 11:57:38.589--UnitOfWork(1048356219)--Thread(Thread[Test worker,5,main])--Execute query UpdateObjectQuery(AwsQuery [queryId=68822E0E-5CF7-453B-A9F8-B14276FE6A58, jpqlQuery=SELECT COUNT(logSeverity.severity) AS logseverity_severity, 'Request' AS logevents_entityaudit_createdby, logArchitectureLayer.layerId, logArchitectureLayer.layerName, myBoundedContext.boundedContextName, logEvents.userId, logEvents.eventDate, myDomain.domainName, logSeverity.severityId, logSeverity.severity, logEventAction.eventActionId, logEventAction.eventAction, logEvents.logeventId, logEvents.requestId, logEvents.className, logEvents.methodName, logEvents.eventDateTime FROM ArtLogArchitectureLayer AS logArchitectureLayer, ArtBoundedContext AS myBoundedContext, ArtDomain AS myDomain, ArtLogSeverity AS logSeverity, ArtLogEventAction AS logEventAction, ArtLogEvents AS logEvents WHERE myBoundedContext.alarmPrefix = logEvents.boundedContextId AND myDomain.alarmPrefix = logEvents.domainId AND myBoundedContext.boundedContextId = myDomain.artBoundedContext.boundedContextId AND logArchitectureLayer.layerId = logEvents.layerId AND logEventAction.eventActionId = logEvents.eventAction AND logSeverity.severityId = logEvents.severity AND logEvents.eventDateTime >= :eventDateTime AND logEvents.eventDateTime <= :eventDateTime1 AND logEvents.boundedContextId LIKE :boundedContextId1 AND logEvents.domainId LIKE :domainId1 AND logArchitectureLayer.layerId >= :layerId AND logArchitectureLayer.layerId <= :layerId1 AND logEventAction.eventActionId >= :eventActionId AND logEventAction.eventActionId <= :eventActionId1 AND logEvents.className LIKE :className GROUP BY logArchitectureLayer.layerId, logArchitectureLayer.layerName, logEvents.userId, myBoundedContext.boundedContextName, myDomain.domainName, logSeverity.severityId, logSeverity.severity, logEventAction.eventActionId, logEventAction.eventAction, logEvents.logeventId, logEvents.requestId, logEvents.className, logEvents.methodName, logEvents.eventDateTime ORDER BY logEvents.eventDateTime DESC , queryType=2, name=Event Summary, hiddenName=EVENT SUMMARY])
[EL Fine]: sql: 2016-08-26 11:57:38.59--ClientSession(1890721954)--Connection(519216183)--Thread(Thread[Test worker,5,main])--UPDATE art_query SET sql_query = ? WHERE (query_id = ?)
	bind => [SELECT COUNT(t0.severity), ?, t1.layerId, t1.layerName, t2.boundedContextName, t3.userId, t3.eventDate, t4.domainName, t0.severityId, t0.severity, t5.eventActionId, t5.eventAction, t3.logeventId, t3.requestId, t3.className, t3.methodName, t3.eventDateTime FROM art_bounded_context t6, art_log_event_action_m t5, art_domain t4, art_log_events_t t3, art_bounded_context t2, art_log_architecture_layer_m t1, art_log_severity_m t0 WHERE ((((((((((((((((t2.alarmPrefix = t3.boundedContextId) AND (t4.alarmPrefix = t3.domainId)) AND (t2.boundedContextId = t6.boundedContextId)) AND (t1.layerId = t3.layerId)) AND (t5.eventActionId = t3.eventAction)) AND (t0.severityId = t3.severity)) AND (t3.eventDateTime >= ?)) AND (t3.eventDateTime <= ?)) AND t3.boundedContextId LIKE ?) AND t3.domainId LIKE ?) AND (t1.layerId >= ?)) AND (t1.layerId <= ?)) AND (t5.eventActionId >= ?)) AND (t5.eventActionId <= ?)) AND t3.className LIKE ?) AND (t6.boundedContextId = t4.boundedContextId)) GROUP BY t1.layerId, t1.layerName, t3.userId, t2.boundedContextName, t4.domainName, t0.severityId, t0.severity, t5.eventActionId, t5.eventAction, t3.logeventId, t3.requestId, t3.className, t3.methodName, t3.eventDateTime ORDER BY t3.eventDateTime DESC, 68822E0E-5CF7-453B-A9F8-B14276FE6A58]
[EL Finer]: transaction: 2016-08-26 11:57:38.593--ClientSession(1890721954)--Connection(519216183)--Thread(Thread[Test worker,5,main])--commit transaction
[EL Finest]: connection: 2016-08-26 11:57:38.659--ServerSession(648080322)--Connection(1767132745)--Thread(Thread[Test worker,5,main])--Connection released to connection pool [default].
[EL Finer]: transaction: 2016-08-26 11:57:38.66--UnitOfWork(1048356219)--Thread(Thread[Test worker,5,main])--end unit of work commit
[EL Finer]: transaction: 2016-08-26 11:57:38.66--UnitOfWork(1048356219)--Thread(Thread[Test worker,5,main])--resume unit of work
[EL Finer]: transaction: 2016-08-26 11:57:38.66--UnitOfWork(1048356219)--Thread(Thread[Test worker,5,main])--release unit of work
[EL Finer]: connection: 2016-08-26 11:57:38.661--ClientSession(1890721954)--Thread(Thread[Test worker,5,main])--client released
[EL Finer]: connection: 2016-08-26 11:57:38.661--ServerSession(648080322)--Thread(Thread[Test worker,5,main])--client acquired: 2070399067
[EL Finer]: transaction: 2016-08-26 11:57:38.661--ClientSession(2070399067)--Thread(Thread[Test worker,5,main])--acquire unit of work: 1519586728
[EL Finest]: connection: 2016-08-26 11:57:38.662--ServerSession(648080322)--Connection(1818607372)--Thread(Thread[Test worker,5,main])--Connection acquired from connection pool [default].
[EL Finer]: transaction: 2016-08-26 11:57:38.662--ClientSession(2070399067)--Connection(1818607372)--Thread(Thread[Test worker,5,main])--begin transaction
[EL Finest]: connection: 2016-08-26 11:57:38.662--ClientSession(2070399067)--Thread(Thread[Test worker,5,main])--reconnecting to external connection pool
[EL Finest]: transaction: 2016-08-26 11:57:38.679--UnitOfWork(1519586728)--Thread(Thread[Test worker,5,main])--Merge clone with references AwsQuery [queryId=7C5A51BC-BFFD-461E-821A-880D42A81271, jpqlQuery=SELECT CONCAT(login.coreContacts.firstName, ' : ', login.coreContacts.lastName, ' : ', logEvents.sessionId, ' : ', logEvents.requestId) AS login_corecontacts_lastname, myDomain.domainName, logSeverity.severityId, logSeverity.severity, logEventAction.eventActionId, logEventAction.eventAction, logStatus.statusId, logStatus.alarmStatus, myBoundedContext.boundedContextName, logEvents.logeventId, logEvents.alarmId, logEvents.customerId, CONCAT(logEvents.userIpAddress, ':', logEvents.userPort) AS ipPort, CONCAT(logEvents.geoLatitude, ' / ', logEvents.geoLongitude) AS latLong, logEvents.sessionId, logEvents.requestId, logEvents.className, logEvents.methodName, logEvents.message, logEvents.context, logEvents.eventDateTime, logArchitectureLayer.layerName FROM ArtDomain AS myDomain, ArtLogStatus AS logStatus, ArtLogEventAction AS logEventAction, ArtLogSeverity AS logSeverity, ArtBoundedContext AS myBoundedContext, ArtLogEvents AS logEvents, ArtLogArchitectureLayer AS logArchitectureLayer, Login AS login WHERE logArchitectureLayer.layerId = logEvents.layerId AND logEventAction.eventActionId = logEvents.eventAction AND logSeverity.severityId = logEvents.severity AND logStatus.statusId = logEvents.alarmStatus AND login.user.userId = logEvents.userId AND myBoundedContext.alarmPrefix = logEvents.boundedContextId AND myDomain.alarmPrefix = logEvents.domainId AND myBoundedContext.boundedContextId = myDomain.artBoundedContext.boundedContextId AND logEvents.eventDateTime >= :eventDateTime1 AND logEvents.eventDateTime <= :eventDateTime2 AND logEvents.requestId LIKE :requestId , queryType=2, name=Event Details, hiddenName=EVENT DETAILS]
[EL Finest]: query: 2016-08-26 11:57:38.68--UnitOfWork(1519586728)--Thread(Thread[Test worker,5,main])--Execute query ReadObjectQuery(referenceClass=ArtQuery )
[EL Fine]: sql: 2016-08-26 11:57:38.68--ClientSession(2070399067)--Connection(997063254)--Thread(Thread[Test worker,5,main])--SELECT query_id, active_status, app_creator_id, created_by, created_date, hidden_name, jpql_query, name, project_id, project_version_id, query_json, query_type, sql_query, updated_by, updated_date, user_access, version_id FROM art_query WHERE (query_id = ?)
	bind => [7C5A51BC-BFFD-461E-821A-880D42A81271]
[EL Finer]: transaction: 2016-08-26 11:57:38.684--UnitOfWork(1519586728)--Thread(Thread[Test worker,5,main])--begin unit of work commit
[EL Finest]: query: 2016-08-26 11:57:38.684--UnitOfWork(1519586728)--Thread(Thread[Test worker,5,main])--Execute query UpdateObjectQuery(AwsQuery [queryId=7C5A51BC-BFFD-461E-821A-880D42A81271, jpqlQuery=SELECT CONCAT(login.coreContacts.firstName, ' : ', login.coreContacts.lastName, ' : ', logEvents.sessionId, ' : ', logEvents.requestId) AS login_corecontacts_lastname, myDomain.domainName, logSeverity.severityId, logSeverity.severity, logEventAction.eventActionId, logEventAction.eventAction, logStatus.statusId, logStatus.alarmStatus, myBoundedContext.boundedContextName, logEvents.logeventId, logEvents.alarmId, logEvents.customerId, CONCAT(logEvents.userIpAddress, ':', logEvents.userPort) AS ipPort, CONCAT(logEvents.geoLatitude, ' / ', logEvents.geoLongitude) AS latLong, logEvents.sessionId, logEvents.requestId, logEvents.className, logEvents.methodName, logEvents.message, logEvents.context, logEvents.eventDateTime, logArchitectureLayer.layerName FROM ArtDomain AS myDomain, ArtLogStatus AS logStatus, ArtLogEventAction AS logEventAction, ArtLogSeverity AS logSeverity, ArtBoundedContext AS myBoundedContext, ArtLogEvents AS logEvents, ArtLogArchitectureLayer AS logArchitectureLayer, Login AS login WHERE logArchitectureLayer.layerId = logEvents.layerId AND logEventAction.eventActionId = logEvents.eventAction AND logSeverity.severityId = logEvents.severity AND logStatus.statusId = logEvents.alarmStatus AND login.user.userId = logEvents.userId AND myBoundedContext.alarmPrefix = logEvents.boundedContextId AND myDomain.alarmPrefix = logEvents.domainId AND myBoundedContext.boundedContextId = myDomain.artBoundedContext.boundedContextId AND logEvents.eventDateTime >= :eventDateTime1 AND logEvents.eventDateTime <= :eventDateTime2 AND logEvents.requestId LIKE :requestId , queryType=2, name=Event Details, hiddenName=EVENT DETAILS])
[EL Fine]: sql: 2016-08-26 11:57:38.685--ClientSession(2070399067)--Connection(997063254)--Thread(Thread[Test worker,5,main])--UPDATE art_query SET sql_query = ? WHERE (query_id = ?)
	bind => [SELECT CONCAT(CONCAT(CONCAT(CONCAT(CONCAT(CONCAT(t0.firstName, ?), t0.lastName), ?), t2.sessionId), ?), t2.requestId), t3.domainName, t4.severityId, t4.severity, t5.eventActionId, t5.eventAction, t6.statusId, t6.alarmStatus, t7.boundedContextName, t2.logeventId, t2.alarmId, t2.customerId, CONCAT(CONCAT(t2.userIpAddress, ?), t2.userPort), CONCAT(CONCAT(t2.geoLatitude, ?), t2.geoLongitude), t2.sessionId, t2.requestId, t2.className, t2.methodName, t2.message, t2.context, t2.eventDateTime, t8.layerName FROM art_bounded_context t10, ast_User_T t9, art_log_architecture_layer_m t8, art_bounded_context t7, art_log_status_m t6, art_log_event_action_m t5, art_log_severity_m t4, art_domain t3, art_log_events_t t2, ast_Login_T t1, ast_CoreContacts_T t0 WHERE ((((((((((((t8.layerId = t2.layerId) AND (t5.eventActionId = t2.eventAction)) AND (t4.severityId = t2.severity)) AND (t6.statusId = t2.alarmStatus)) AND (t9.userId = t2.userId)) AND (t7.alarmPrefix = t2.boundedContextId)) AND (t3.alarmPrefix = t2.domainId)) AND (t7.boundedContextId = t10.boundedContextId)) AND (t2.eventDateTime >= ?)) AND (t2.eventDateTime <= ?)) AND t2.requestId LIKE ?) AND (((t9.userId = t1.userId) AND (t10.boundedContextId = t3.boundedContextId)) AND (t0.contactId = t1.contactId))), 7C5A51BC-BFFD-461E-821A-880D42A81271]
[EL Finer]: transaction: 2016-08-26 11:57:38.688--ClientSession(2070399067)--Connection(997063254)--Thread(Thread[Test worker,5,main])--commit transaction
[EL Finest]: connection: 2016-08-26 11:57:38.75--ServerSession(648080322)--Connection(1818607372)--Thread(Thread[Test worker,5,main])--Connection released to connection pool [default].
[EL Finer]: transaction: 2016-08-26 11:57:38.751--UnitOfWork(1519586728)--Thread(Thread[Test worker,5,main])--end unit of work commit
[EL Finer]: transaction: 2016-08-26 11:57:38.751--UnitOfWork(1519586728)--Thread(Thread[Test worker,5,main])--resume unit of work
[EL Finer]: transaction: 2016-08-26 11:57:38.752--UnitOfWork(1519586728)--Thread(Thread[Test worker,5,main])--release unit of work
[EL Finer]: connection: 2016-08-26 11:57:38.752--ClientSession(2070399067)--Thread(Thread[Test worker,5,main])--client released
[EL Finer]: connection: 2016-08-26 11:57:38.752--ServerSession(648080322)--Thread(Thread[Test worker,5,main])--client acquired: 1790909294
[EL Finer]: transaction: 2016-08-26 11:57:38.753--ClientSession(1790909294)--Thread(Thread[Test worker,5,main])--acquire unit of work: 681707906
[EL Finest]: connection: 2016-08-26 11:57:38.753--ServerSession(648080322)--Connection(639519397)--Thread(Thread[Test worker,5,main])--Connection acquired from connection pool [default].
[EL Finer]: transaction: 2016-08-26 11:57:38.753--ClientSession(1790909294)--Connection(639519397)--Thread(Thread[Test worker,5,main])--begin transaction
[EL Finest]: connection: 2016-08-26 11:57:38.753--ClientSession(1790909294)--Thread(Thread[Test worker,5,main])--reconnecting to external connection pool
[EL Finest]: transaction: 2016-08-26 11:57:38.756--UnitOfWork(681707906)--Thread(Thread[Test worker,5,main])--Merge clone with references AwsQuery [queryId=854B532C-4FF7-46AE-B919-CFC24C600023, jpqlQuery=select e from SessionData e where e.systemInfo.activeStatus=1 and e.appSessionId=:appSessionId, queryType=1, name=findByAppSessionId, hiddenName=FINDBYAPPSESSIONID]
[EL Finest]: query: 2016-08-26 11:57:38.756--UnitOfWork(681707906)--Thread(Thread[Test worker,5,main])--Execute query ReadObjectQuery(referenceClass=ArtQuery )
[EL Fine]: sql: 2016-08-26 11:57:38.757--ClientSession(1790909294)--Connection(596011529)--Thread(Thread[Test worker,5,main])--SELECT query_id, active_status, app_creator_id, created_by, created_date, hidden_name, jpql_query, name, project_id, project_version_id, query_json, query_type, sql_query, updated_by, updated_date, user_access, version_id FROM art_query WHERE (query_id = ?)
	bind => [854B532C-4FF7-46AE-B919-CFC24C600023]
[EL Finer]: transaction: 2016-08-26 11:57:38.76--UnitOfWork(681707906)--Thread(Thread[Test worker,5,main])--begin unit of work commit
[EL Finest]: query: 2016-08-26 11:57:38.76--UnitOfWork(681707906)--Thread(Thread[Test worker,5,main])--Execute query UpdateObjectQuery(AwsQuery [queryId=854B532C-4FF7-46AE-B919-CFC24C600023, jpqlQuery=select e from SessionData e where e.systemInfo.activeStatus=1 and e.appSessionId=:appSessionId, queryType=1, name=findByAppSessionId, hiddenName=FINDBYAPPSESSIONID])
[EL Fine]: sql: 2016-08-26 11:57:38.761--ClientSession(1790909294)--Connection(596011529)--Thread(Thread[Test worker,5,main])--UPDATE art_query SET sql_query = ? WHERE (query_id = ?)
	bind => [SELECT dataId, appSessionId, booleanValue, customerId, dataType, dateTimeValue, jsonValue, numberValue, sessionKey, stringValue, userId, versionId, createdBy, createdDate, updatedBy, updatedDate, activeStatus, txnAccessCode FROM ast_SessionData_T WHERE ((activeStatus = ?) AND (appSessionId = ?)), 854B532C-4FF7-46AE-B919-CFC24C600023]
[EL Finer]: transaction: 2016-08-26 11:57:38.763--ClientSession(1790909294)--Connection(596011529)--Thread(Thread[Test worker,5,main])--commit transaction
[EL Finest]: connection: 2016-08-26 11:57:38.833--ServerSession(648080322)--Connection(639519397)--Thread(Thread[Test worker,5,main])--Connection released to connection pool [default].
[EL Finer]: transaction: 2016-08-26 11:57:38.834--UnitOfWork(681707906)--Thread(Thread[Test worker,5,main])--end unit of work commit
[EL Finer]: transaction: 2016-08-26 11:57:38.834--UnitOfWork(681707906)--Thread(Thread[Test worker,5,main])--resume unit of work
[EL Finer]: transaction: 2016-08-26 11:57:38.835--UnitOfWork(681707906)--Thread(Thread[Test worker,5,main])--release unit of work
[EL Finer]: connection: 2016-08-26 11:57:38.835--ClientSession(1790909294)--Thread(Thread[Test worker,5,main])--client released
[EL Finer]: connection: 2016-08-26 11:57:38.835--ServerSession(648080322)--Thread(Thread[Test worker,5,main])--client acquired: 1045574884
[EL Finer]: transaction: 2016-08-26 11:57:38.836--ClientSession(1045574884)--Thread(Thread[Test worker,5,main])--acquire unit of work: 118391987
[EL Finest]: connection: 2016-08-26 11:57:38.836--ServerSession(648080322)--Connection(1244268387)--Thread(Thread[Test worker,5,main])--Connection acquired from connection pool [default].
[EL Finer]: transaction: 2016-08-26 11:57:38.836--ClientSession(1045574884)--Connection(1244268387)--Thread(Thread[Test worker,5,main])--begin transaction
[EL Finest]: connection: 2016-08-26 11:57:38.836--ClientSession(1045574884)--Thread(Thread[Test worker,5,main])--reconnecting to external connection pool
[EL Finest]: transaction: 2016-08-26 11:57:38.84--UnitOfWork(118391987)--Thread(Thread[Test worker,5,main])--Merge clone with references AwsQuery [queryId=AB5EDBC1-42BF-455E-9FC2-60D3A1AF2B9B, jpqlQuery=select e from SessionData e where e.systemInfo.activeStatus=1 and e.appSessionId=:appSessionId and e.sessionKey =:sessionKey, queryType=1, name=findBySessionKey, hiddenName=FINDBYSESSIONKEY]
[EL Finest]: query: 2016-08-26 11:57:38.841--UnitOfWork(118391987)--Thread(Thread[Test worker,5,main])--Execute query ReadObjectQuery(referenceClass=ArtQuery )
[EL Fine]: sql: 2016-08-26 11:57:38.841--ClientSession(1045574884)--Connection(72453061)--Thread(Thread[Test worker,5,main])--SELECT query_id, active_status, app_creator_id, created_by, created_date, hidden_name, jpql_query, name, project_id, project_version_id, query_json, query_type, sql_query, updated_by, updated_date, user_access, version_id FROM art_query WHERE (query_id = ?)
	bind => [AB5EDBC1-42BF-455E-9FC2-60D3A1AF2B9B]
[EL Finer]: transaction: 2016-08-26 11:57:38.845--UnitOfWork(118391987)--Thread(Thread[Test worker,5,main])--begin unit of work commit
[EL Finest]: query: 2016-08-26 11:57:38.845--UnitOfWork(118391987)--Thread(Thread[Test worker,5,main])--Execute query UpdateObjectQuery(AwsQuery [queryId=AB5EDBC1-42BF-455E-9FC2-60D3A1AF2B9B, jpqlQuery=select e from SessionData e where e.systemInfo.activeStatus=1 and e.appSessionId=:appSessionId and e.sessionKey =:sessionKey, queryType=1, name=findBySessionKey, hiddenName=FINDBYSESSIONKEY])
[EL Fine]: sql: 2016-08-26 11:57:38.846--ClientSession(1045574884)--Connection(72453061)--Thread(Thread[Test worker,5,main])--UPDATE art_query SET sql_query = ? WHERE (query_id = ?)
	bind => [SELECT dataId, appSessionId, booleanValue, customerId, dataType, dateTimeValue, jsonValue, numberValue, sessionKey, stringValue, userId, versionId, createdBy, createdDate, updatedBy, updatedDate, activeStatus, txnAccessCode FROM ast_SessionData_T WHERE (((activeStatus = ?) AND (appSessionId = ?)) AND (sessionKey = ?)), AB5EDBC1-42BF-455E-9FC2-60D3A1AF2B9B]
[EL Finer]: transaction: 2016-08-26 11:57:38.848--ClientSession(1045574884)--Connection(72453061)--Thread(Thread[Test worker,5,main])--commit transaction
[EL Finest]: connection: 2016-08-26 11:57:38.908--ServerSession(648080322)--Connection(1244268387)--Thread(Thread[Test worker,5,main])--Connection released to connection pool [default].
[EL Finer]: transaction: 2016-08-26 11:57:38.909--UnitOfWork(118391987)--Thread(Thread[Test worker,5,main])--end unit of work commit
[EL Finer]: transaction: 2016-08-26 11:57:38.909--UnitOfWork(118391987)--Thread(Thread[Test worker,5,main])--resume unit of work
[EL Finer]: transaction: 2016-08-26 11:57:38.909--UnitOfWork(118391987)--Thread(Thread[Test worker,5,main])--release unit of work
[EL Finer]: connection: 2016-08-26 11:57:38.91--ClientSession(1045574884)--Thread(Thread[Test worker,5,main])--client released
[EL Finer]: connection: 2016-08-26 11:57:38.91--ServerSession(648080322)--Thread(Thread[Test worker,5,main])--client acquired: 1995357662
[EL Finer]: transaction: 2016-08-26 11:57:38.91--ClientSession(1995357662)--Thread(Thread[Test worker,5,main])--acquire unit of work: 871593682
[EL Finest]: connection: 2016-08-26 11:57:38.911--ServerSession(648080322)--Connection(889057187)--Thread(Thread[Test worker,5,main])--Connection acquired from connection pool [default].
[EL Finer]: transaction: 2016-08-26 11:57:38.911--ClientSession(1995357662)--Connection(889057187)--Thread(Thread[Test worker,5,main])--begin transaction
[EL Finest]: connection: 2016-08-26 11:57:38.911--ClientSession(1995357662)--Thread(Thread[Test worker,5,main])--reconnecting to external connection pool
[EL Finest]: transaction: 2016-08-26 11:57:38.92--UnitOfWork(871593682)--Thread(Thread[Test worker,5,main])--Merge clone with references AwsQuery [queryId=AC0F7559-AAB9-481D-9FD1-D5ED8E49DC45, jpqlQuery=SELECT CONCAT(login.coreContacts.firstName, ' : ', abcRequestDetails.ipAddress, ' : ', abcRequestDetails.requestId, ' : ', abcRequestDetails.appSessionId) AS login_corecontacts_firstname, abcRequestDetails.requestId, abcRequestDetails.className, abcRequestDetails.requestTime, abcRequestDetails.requestMethod, abcRequestDetails.httpStatus, abcRequestDetails.returnStatus, abcRequestDetails.executionTime, abcRequestDetails.methodName, abcRequestDetails.startTime, abcRequestDetails.endTime, abcRequestDetails.typeofClass, abcRequestDetails.callSeqId, abcRequestDetails.exceptionId, abcRequestDetails.userId, abcRequestDetails.appSessionId FROM ZenRequestDetails AS abcRequestDetails LEFT OUTER JOIN Login AS login WHERE login.user.userId = abcRequestDetails.userId AND abcRequestDetails.requestTime >= :requestTime AND abcRequestDetails.requestTime <= :updatedDate ORDER BY abcRequestDetails.requestTime DESC, abcRequestDetails.requestId, abcRequestDetails.callSeqId ASC , queryType=2, name=Request Details, hiddenName=REQUEST DETAILS]
[EL Finest]: query: 2016-08-26 11:57:38.921--UnitOfWork(871593682)--Thread(Thread[Test worker,5,main])--Execute query ReadObjectQuery(referenceClass=ArtQuery )
[EL Fine]: sql: 2016-08-26 11:57:38.921--ClientSession(1995357662)--Connection(273164934)--Thread(Thread[Test worker,5,main])--SELECT query_id, active_status, app_creator_id, created_by, created_date, hidden_name, jpql_query, name, project_id, project_version_id, query_json, query_type, sql_query, updated_by, updated_date, user_access, version_id FROM art_query WHERE (query_id = ?)
	bind => [AC0F7559-AAB9-481D-9FD1-D5ED8E49DC45]
[EL Finer]: transaction: 2016-08-26 11:57:38.924--UnitOfWork(871593682)--Thread(Thread[Test worker,5,main])--begin unit of work commit
[EL Finest]: query: 2016-08-26 11:57:38.925--UnitOfWork(871593682)--Thread(Thread[Test worker,5,main])--Execute query UpdateObjectQuery(AwsQuery [queryId=AC0F7559-AAB9-481D-9FD1-D5ED8E49DC45, jpqlQuery=SELECT CONCAT(login.coreContacts.firstName, ' : ', abcRequestDetails.ipAddress, ' : ', abcRequestDetails.requestId, ' : ', abcRequestDetails.appSessionId) AS login_corecontacts_firstname, abcRequestDetails.requestId, abcRequestDetails.className, abcRequestDetails.requestTime, abcRequestDetails.requestMethod, abcRequestDetails.httpStatus, abcRequestDetails.returnStatus, abcRequestDetails.executionTime, abcRequestDetails.methodName, abcRequestDetails.startTime, abcRequestDetails.endTime, abcRequestDetails.typeofClass, abcRequestDetails.callSeqId, abcRequestDetails.exceptionId, abcRequestDetails.userId, abcRequestDetails.appSessionId FROM ZenRequestDetails AS abcRequestDetails LEFT OUTER JOIN Login AS login WHERE login.user.userId = abcRequestDetails.userId AND abcRequestDetails.requestTime >= :requestTime AND abcRequestDetails.requestTime <= :updatedDate ORDER BY abcRequestDetails.requestTime DESC, abcRequestDetails.requestId, abcRequestDetails.callSeqId ASC , queryType=2, name=Request Details, hiddenName=REQUEST DETAILS])
[EL Fine]: sql: 2016-08-26 11:57:38.925--ClientSession(1995357662)--Connection(273164934)--Thread(Thread[Test worker,5,main])--UPDATE art_query SET sql_query = ? WHERE (query_id = ?)
	bind => [SELECT CONCAT(CONCAT(CONCAT(CONCAT(CONCAT(CONCAT(t0.firstName, ?), t2.ipAddress), ?), t2.requestId), ?), t2.appSessionId), t2.requestId, t2.className, t2.requestTime, t2.requestMethod, t2.httpStatus, t2.returnStatus, t2.executionTime, t2.methodName, t2.startTime, t2.endTime, t2.typeofClass, t2.callSeqId, t2.exceptionId, t2.userId, t2.appSessionId FROM ast_User_T t3, zen_request_details t2, ast_Login_T t1, ast_CoreContacts_T t0 WHERE ((((t3.userId = t2.userId) AND (t2.requestTime >= ?)) AND (t2.requestTime <= ?)) AND ((t3.userId = t1.userId) AND (t0.contactId = t1.contactId))) ORDER BY t2.requestTime DESC, t2.requestId, t2.callSeqId ASC, AC0F7559-AAB9-481D-9FD1-D5ED8E49DC45]
[EL Finer]: transaction: 2016-08-26 11:57:38.927--ClientSession(1995357662)--Connection(273164934)--Thread(Thread[Test worker,5,main])--commit transaction
[EL Finest]: connection: 2016-08-26 11:57:38.948--ServerSession(648080322)--Connection(889057187)--Thread(Thread[Test worker,5,main])--Connection released to connection pool [default].
[EL Finer]: transaction: 2016-08-26 11:57:38.948--UnitOfWork(871593682)--Thread(Thread[Test worker,5,main])--end unit of work commit
[EL Finer]: transaction: 2016-08-26 11:57:38.949--UnitOfWork(871593682)--Thread(Thread[Test worker,5,main])--resume unit of work
[EL Finer]: transaction: 2016-08-26 11:57:38.949--UnitOfWork(871593682)--Thread(Thread[Test worker,5,main])--release unit of work
[EL Finer]: connection: 2016-08-26 11:57:38.949--ClientSession(1995357662)--Thread(Thread[Test worker,5,main])--client released
[EL Finer]: connection: 2016-08-26 11:57:38.95--ServerSession(648080322)--Thread(Thread[Test worker,5,main])--client acquired: 1861428903
[EL Finer]: transaction: 2016-08-26 11:57:38.95--ClientSession(1861428903)--Thread(Thread[Test worker,5,main])--acquire unit of work: 493803225
[EL Finest]: connection: 2016-08-26 11:57:38.95--ServerSession(648080322)--Connection(1473990567)--Thread(Thread[Test worker,5,main])--Connection acquired from connection pool [default].
[EL Finer]: transaction: 2016-08-26 11:57:38.951--ClientSession(1861428903)--Connection(1473990567)--Thread(Thread[Test worker,5,main])--begin transaction
[EL Finest]: connection: 2016-08-26 11:57:38.951--ClientSession(1861428903)--Thread(Thread[Test worker,5,main])--reconnecting to external connection pool
[EL Finest]: transaction: 2016-08-26 11:57:38.958--UnitOfWork(493803225)--Thread(Thread[Test worker,5,main])--Merge clone with references AwsQuery [queryId=AF841D88-649F-4677-A3C3-04681D82B297, jpqlQuery=SELECT COUNT(logSeverity.severity) AS logseverity_severity, logSeverity.severityId, logSeverity.severity, myBoundedContext.boundedContextName, logArchitectureLayer.layerId, logArchitectureLayer.layerName, myDomain.domainName, logEvents.eventDate FROM ArtLogSeverity AS logSeverity, ArtBoundedContext AS myBoundedContext, ArtLogArchitectureLayer AS logArchitectureLayer, ArtDomain AS myDomain, ArtLogEvents AS logEvents WHERE logArchitectureLayer.layerId = logEvents.layerId AND logSeverity.severityId = logEvents.severity AND myBoundedContext.alarmPrefix = logEvents.boundedContextId AND myDomain.alarmPrefix = logEvents.domainId AND myBoundedContext.boundedContextId = myDomain.artBoundedContext.boundedContextId AND logEvents.eventDate >= :eventDate AND logEvents.eventDate <= :eventDate1 AND logEvents.boundedContextId LIKE :boundedContextId1 AND logEvents.domainId LIKE :domainId1 GROUP BY logSeverity.severityId, logSeverity.severity, myBoundedContext.boundedContextName, logArchitectureLayer.layerId, logArchitectureLayer.layerName, myDomain.domainName, logEvents.eventDate ORDER BY logEvents.eventDate DESC, queryType=2, name=Event Summary Layer wise, hiddenName=EVENT SUMMARY LAYER WISE]
[EL Finest]: query: 2016-08-26 11:57:38.958--UnitOfWork(493803225)--Thread(Thread[Test worker,5,main])--Execute query ReadObjectQuery(referenceClass=ArtQuery )
[EL Fine]: sql: 2016-08-26 11:57:38.959--ClientSession(1861428903)--Connection(1691878126)--Thread(Thread[Test worker,5,main])--SELECT query_id, active_status, app_creator_id, created_by, created_date, hidden_name, jpql_query, name, project_id, project_version_id, query_json, query_type, sql_query, updated_by, updated_date, user_access, version_id FROM art_query WHERE (query_id = ?)
	bind => [AF841D88-649F-4677-A3C3-04681D82B297]
[EL Finer]: transaction: 2016-08-26 11:57:38.961--UnitOfWork(493803225)--Thread(Thread[Test worker,5,main])--begin unit of work commit
[EL Finest]: query: 2016-08-26 11:57:38.962--UnitOfWork(493803225)--Thread(Thread[Test worker,5,main])--Execute query UpdateObjectQuery(AwsQuery [queryId=AF841D88-649F-4677-A3C3-04681D82B297, jpqlQuery=SELECT COUNT(logSeverity.severity) AS logseverity_severity, logSeverity.severityId, logSeverity.severity, myBoundedContext.boundedContextName, logArchitectureLayer.layerId, logArchitectureLayer.layerName, myDomain.domainName, logEvents.eventDate FROM ArtLogSeverity AS logSeverity, ArtBoundedContext AS myBoundedContext, ArtLogArchitectureLayer AS logArchitectureLayer, ArtDomain AS myDomain, ArtLogEvents AS logEvents WHERE logArchitectureLayer.layerId = logEvents.layerId AND logSeverity.severityId = logEvents.severity AND myBoundedContext.alarmPrefix = logEvents.boundedContextId AND myDomain.alarmPrefix = logEvents.domainId AND myBoundedContext.boundedContextId = myDomain.artBoundedContext.boundedContextId AND logEvents.eventDate >= :eventDate AND logEvents.eventDate <= :eventDate1 AND logEvents.boundedContextId LIKE :boundedContextId1 AND logEvents.domainId LIKE :domainId1 GROUP BY logSeverity.severityId, logSeverity.severity, myBoundedContext.boundedContextName, logArchitectureLayer.layerId, logArchitectureLayer.layerName, myDomain.domainName, logEvents.eventDate ORDER BY logEvents.eventDate DESC, queryType=2, name=Event Summary Layer wise, hiddenName=EVENT SUMMARY LAYER WISE])
[EL Fine]: sql: 2016-08-26 11:57:38.962--ClientSession(1861428903)--Connection(1691878126)--Thread(Thread[Test worker,5,main])--UPDATE art_query SET sql_query = ? WHERE (query_id = ?)
	bind => [SELECT COUNT(t0.severity), t0.severityId, t0.severity, t1.boundedContextName, t2.layerId, t2.layerName, t3.domainName, t4.eventDate FROM art_bounded_context t5, art_log_events_t t4, art_domain t3, art_log_architecture_layer_m t2, art_bounded_context t1, art_log_severity_m t0 WHERE ((((((((((t2.layerId = t4.layerId) AND (t0.severityId = t4.severity)) AND (t1.alarmPrefix = t4.boundedContextId)) AND (t3.alarmPrefix = t4.domainId)) AND (t1.boundedContextId = t5.boundedContextId)) AND (t4.eventDate >= ?)) AND (t4.eventDate <= ?)) AND t4.boundedContextId LIKE ?) AND t4.domainId LIKE ?) AND (t5.boundedContextId = t3.boundedContextId)) GROUP BY t0.severityId, t0.severity, t1.boundedContextName, t2.layerId, t2.layerName, t3.domainName, t4.eventDate ORDER BY t4.eventDate DESC, AF841D88-649F-4677-A3C3-04681D82B297]
[EL Finer]: transaction: 2016-08-26 11:57:38.964--ClientSession(1861428903)--Connection(1691878126)--Thread(Thread[Test worker,5,main])--commit transaction
[EL Finest]: connection: 2016-08-26 11:57:38.989--ServerSession(648080322)--Connection(1473990567)--Thread(Thread[Test worker,5,main])--Connection released to connection pool [default].
[EL Finer]: transaction: 2016-08-26 11:57:38.99--UnitOfWork(493803225)--Thread(Thread[Test worker,5,main])--end unit of work commit
[EL Finer]: transaction: 2016-08-26 11:57:38.99--UnitOfWork(493803225)--Thread(Thread[Test worker,5,main])--resume unit of work
[EL Finer]: transaction: 2016-08-26 11:57:38.99--UnitOfWork(493803225)--Thread(Thread[Test worker,5,main])--release unit of work
[EL Finer]: connection: 2016-08-26 11:57:38.991--ClientSession(1861428903)--Thread(Thread[Test worker,5,main])--client released
[EL Finer]: connection: 2016-08-26 11:57:38.991--ServerSession(648080322)--Thread(Thread[Test worker,5,main])--client acquired: 226307988
[EL Finer]: transaction: 2016-08-26 11:57:38.991--ClientSession(226307988)--Thread(Thread[Test worker,5,main])--acquire unit of work: 364815479
[EL Finest]: connection: 2016-08-26 11:57:38.991--ServerSession(648080322)--Connection(387943368)--Thread(Thread[Test worker,5,main])--Connection acquired from connection pool [default].
[EL Finer]: transaction: 2016-08-26 11:57:38.991--ClientSession(226307988)--Connection(387943368)--Thread(Thread[Test worker,5,main])--begin transaction
[EL Finest]: connection: 2016-08-26 11:57:38.992--ClientSession(226307988)--Thread(Thread[Test worker,5,main])--reconnecting to external connection pool
[EL Finest]: transaction: 2016-08-26 11:57:39.005--UnitOfWork(364815479)--Thread(Thread[Test worker,5,main])--Merge clone with references AwsQuery [queryId=CD83788F-CF43-4983-8C42-275A5E9007C8, jpqlQuery=SELECT zenHealth.monitorId,zenHealth.scheduledDateTime,zenHealth.serverInstanceId,zenHealth.serverIpAddress,zenHealth.totalClass,zenHealth.classLoaded, zenHealth.classUnloaded,zenHealth.gcCollectionTime,zenHealth.gcMemoryName, ((zenHealth.nonHeapCommitted/1024)/1024) AS nonHeapCommitted, (zenHealth.nonHeapUsed/1024)/1024 AS nonHeapUsed, (zenHealth.heapCommitted/1024)/1024 AS heapCommitted, (zenHealth.maxMemory/1024)/1024 AS maxMemory , 100 - ((zenHealth.usedMemory/zenHealth.totalMemory) * 100) AS freeMemory, (zenHealth.heapUsed/1024)/1024 AS heapUsed, (zenHealth.totalMemory/1024)/1024 AS totalMemory, zenHealth.startTime, zenHealth.upTime,zenHealth.cpuTime, (zenHealth.freePhysicalSize/1024)/1024 AS freePhysicalSize, (zenHealth.totalPhysicalMemorySize/1024)/1024 AS totalPhysicalMemorySize, zenHealth.cpuLoadTime, FUNCTION('ROUND',(zenHealth.freeSwapSize/1024)/1024) AS freeSwapSize, zenHealth.systemLoadAverage, FUNCTION('ROUND',(zenHealth.totalSwapSize/1024)/1024) AS totalSwapSize, zenHealth.availableProcessor,zenHealth.totalThread, zenHealth.threadPeakCount,zenHealth.threadStartedCount,zenHealth.threadDaemonCount,zenHealth.threadCpuTime, zenHealth.threadUserTime,zenHealth.cpuLoad, (zenHealth.usedMemory/zenHealth.totalMemory) * 100 AS usedMemory, (zenHealth.usedSwapSize/1024)/1024 AS usedSwapSize, (zenHealth.usedPhysicalMemory /1024)/1024 AS usedPhysicalMemory FROM ZenHealth AS zenHealth ORDER BY zenHealth.scheduledDateTime DESC, queryType=2, name=App Server Memory Usage, hiddenName=APP SERVER MEMORY USAGE]
[EL Finest]: query: 2016-08-26 11:57:39.006--UnitOfWork(364815479)--Thread(Thread[Test worker,5,main])--Execute query ReadObjectQuery(referenceClass=ArtQuery )
[EL Fine]: sql: 2016-08-26 11:57:39.006--ClientSession(226307988)--Connection(523477371)--Thread(Thread[Test worker,5,main])--SELECT query_id, active_status, app_creator_id, created_by, created_date, hidden_name, jpql_query, name, project_id, project_version_id, query_json, query_type, sql_query, updated_by, updated_date, user_access, version_id FROM art_query WHERE (query_id = ?)
	bind => [CD83788F-CF43-4983-8C42-275A5E9007C8]
[EL Finer]: transaction: 2016-08-26 11:57:39.009--UnitOfWork(364815479)--Thread(Thread[Test worker,5,main])--begin unit of work commit
[EL Finest]: query: 2016-08-26 11:57:39.01--UnitOfWork(364815479)--Thread(Thread[Test worker,5,main])--Execute query UpdateObjectQuery(AwsQuery [queryId=CD83788F-CF43-4983-8C42-275A5E9007C8, jpqlQuery=SELECT zenHealth.monitorId,zenHealth.scheduledDateTime,zenHealth.serverInstanceId,zenHealth.serverIpAddress,zenHealth.totalClass,zenHealth.classLoaded, zenHealth.classUnloaded,zenHealth.gcCollectionTime,zenHealth.gcMemoryName, ((zenHealth.nonHeapCommitted/1024)/1024) AS nonHeapCommitted, (zenHealth.nonHeapUsed/1024)/1024 AS nonHeapUsed, (zenHealth.heapCommitted/1024)/1024 AS heapCommitted, (zenHealth.maxMemory/1024)/1024 AS maxMemory , 100 - ((zenHealth.usedMemory/zenHealth.totalMemory) * 100) AS freeMemory, (zenHealth.heapUsed/1024)/1024 AS heapUsed, (zenHealth.totalMemory/1024)/1024 AS totalMemory, zenHealth.startTime, zenHealth.upTime,zenHealth.cpuTime, (zenHealth.freePhysicalSize/1024)/1024 AS freePhysicalSize, (zenHealth.totalPhysicalMemorySize/1024)/1024 AS totalPhysicalMemorySize, zenHealth.cpuLoadTime, FUNCTION('ROUND',(zenHealth.freeSwapSize/1024)/1024) AS freeSwapSize, zenHealth.systemLoadAverage, FUNCTION('ROUND',(zenHealth.totalSwapSize/1024)/1024) AS totalSwapSize, zenHealth.availableProcessor,zenHealth.totalThread, zenHealth.threadPeakCount,zenHealth.threadStartedCount,zenHealth.threadDaemonCount,zenHealth.threadCpuTime, zenHealth.threadUserTime,zenHealth.cpuLoad, (zenHealth.usedMemory/zenHealth.totalMemory) * 100 AS usedMemory, (zenHealth.usedSwapSize/1024)/1024 AS usedSwapSize, (zenHealth.usedPhysicalMemory /1024)/1024 AS usedPhysicalMemory FROM ZenHealth AS zenHealth ORDER BY zenHealth.scheduledDateTime DESC, queryType=2, name=App Server Memory Usage, hiddenName=APP SERVER MEMORY USAGE])
[EL Fine]: sql: 2016-08-26 11:57:39.01--ClientSession(226307988)--Connection(523477371)--Thread(Thread[Test worker,5,main])--UPDATE art_query SET sql_query = ? WHERE (query_id = ?)
	bind => [SELECT monitorId, scheduledDateTime, serverInstanceId, serverIpAddress, totalClass, classLoaded, classUnloaded, gcCollectionTime, gcMemoryName, ((nonHeapCommitted / ?) / ?), ((nonHeapUsed / ?) / ?), ((heapCommitted / ?) / ?), ((maxMemory / ?) / ?), (? - ((usedMemory / totalMemory) * ?)), ((heapUsed / ?) / ?), ((totalMemory / ?) / ?), startTime, upTime, cpuTime, ((freePhysicalSize / ?) / ?), ((totalPhysicalMemorySize / ?) / ?), cpuLoadTime, ROUND(((freeSwapSize / ?) / ?)), systemLoadAverage, ROUND(((totalSwapSize / ?) / ?)), availableProcessor, totalThread, threadPeakCount, threadStartedCount, threadDaemonCount, threadCpuTime, threadUserTime, cpuLoad, ((usedMemory / totalMemory) * ?), ((usedSwapSize / ?) / ?), ((usedPhysicalMemory / ?) / ?) FROM zen_health ORDER BY scheduledDateTime DESC, CD83788F-CF43-4983-8C42-275A5E9007C8]
[EL Finer]: transaction: 2016-08-26 11:57:39.012--ClientSession(226307988)--Connection(523477371)--Thread(Thread[Test worker,5,main])--commit transaction
[EL Finest]: connection: 2016-08-26 11:57:39.072--ServerSession(648080322)--Connection(387943368)--Thread(Thread[Test worker,5,main])--Connection released to connection pool [default].
[EL Finer]: transaction: 2016-08-26 11:57:39.073--UnitOfWork(364815479)--Thread(Thread[Test worker,5,main])--end unit of work commit
[EL Finer]: transaction: 2016-08-26 11:57:39.073--UnitOfWork(364815479)--Thread(Thread[Test worker,5,main])--resume unit of work
[EL Finer]: transaction: 2016-08-26 11:57:39.073--UnitOfWork(364815479)--Thread(Thread[Test worker,5,main])--release unit of work
[EL Finer]: connection: 2016-08-26 11:57:39.074--ClientSession(226307988)--Thread(Thread[Test worker,5,main])--client released
[EL Finer]: connection: 2016-08-26 11:57:39.074--ServerSession(648080322)--Thread(Thread[Test worker,5,main])--client acquired: 1411108921
[EL Finer]: transaction: 2016-08-26 11:57:39.074--ClientSession(1411108921)--Thread(Thread[Test worker,5,main])--acquire unit of work: 1845721426
[EL Finest]: connection: 2016-08-26 11:57:39.075--ServerSession(648080322)--Connection(638725867)--Thread(Thread[Test worker,5,main])--Connection acquired from connection pool [default].
[EL Finer]: transaction: 2016-08-26 11:57:39.075--ClientSession(1411108921)--Connection(638725867)--Thread(Thread[Test worker,5,main])--begin transaction
[EL Finest]: connection: 2016-08-26 11:57:39.075--ClientSession(1411108921)--Thread(Thread[Test worker,5,main])--reconnecting to external connection pool
[EL Finest]: transaction: 2016-08-26 11:57:39.086--UnitOfWork(1845721426)--Thread(Thread[Test worker,5,main])--Merge clone with references AwsQuery [queryId=CE2005A9-D970-4E83-A5D7-7FA5AC557692, jpqlQuery=SELECT COUNT(logSeverity.severity) AS logseverity_severity, logEvents.eventDate, logArchitectureLayer.layerId, logArchitectureLayer.layerName, myBoundedContext.boundedContextName, logSeverity.severityId, logSeverity.severity, myDomain.domainName, logEventAction.eventActionId, logEventAction.eventAction FROM ArtLogEvents AS logEvents, ArtLogArchitectureLayer AS logArchitectureLayer, ArtBoundedContext AS myBoundedContext, ArtLogSeverity AS logSeverity, ArtDomain AS myDomain, ArtLogEventAction AS logEventAction WHERE myBoundedContext.alarmPrefix = logEvents.boundedContextId AND myDomain.alarmPrefix = logEvents.domainId AND logArchitectureLayer.layerId = logEvents.layerId AND logEventAction.eventActionId = logEvents.eventAction AND logSeverity.severityId = logEvents.severity AND logEvents.eventDate >= :eventDate AND logEvents.eventDate <= :eventDate1 AND logEvents.boundedContextId LIKE :boundedContextId1 AND logEvents.domainId LIKE :domainId1 AND logArchitectureLayer.layerId >= :layerId AND logArchitectureLayer.layerId <= :layerId1 GROUP BY logArchitectureLayer.layerId, logArchitectureLayer.layerName, myBoundedContext.boundedContextName, logSeverity.severityId, logSeverity.severity, myDomain.domainName, logEventAction.eventActionId, logEventAction.eventAction, logEvents.eventDate ORDER BY logEvents.eventDate DESC , queryType=2, name=Event Summary Action wise, hiddenName=EVENT SUMMARY ACTION WISE]
[EL Finest]: query: 2016-08-26 11:57:39.086--UnitOfWork(1845721426)--Thread(Thread[Test worker,5,main])--Execute query ReadObjectQuery(referenceClass=ArtQuery )
[EL Fine]: sql: 2016-08-26 11:57:39.087--ClientSession(1411108921)--Connection(11784937)--Thread(Thread[Test worker,5,main])--SELECT query_id, active_status, app_creator_id, created_by, created_date, hidden_name, jpql_query, name, project_id, project_version_id, query_json, query_type, sql_query, updated_by, updated_date, user_access, version_id FROM art_query WHERE (query_id = ?)
	bind => [CE2005A9-D970-4E83-A5D7-7FA5AC557692]
[EL Finer]: transaction: 2016-08-26 11:57:39.09--UnitOfWork(1845721426)--Thread(Thread[Test worker,5,main])--begin unit of work commit
[EL Finest]: query: 2016-08-26 11:57:39.091--UnitOfWork(1845721426)--Thread(Thread[Test worker,5,main])--Execute query UpdateObjectQuery(AwsQuery [queryId=CE2005A9-D970-4E83-A5D7-7FA5AC557692, jpqlQuery=SELECT COUNT(logSeverity.severity) AS logseverity_severity, logEvents.eventDate, logArchitectureLayer.layerId, logArchitectureLayer.layerName, myBoundedContext.boundedContextName, logSeverity.severityId, logSeverity.severity, myDomain.domainName, logEventAction.eventActionId, logEventAction.eventAction FROM ArtLogEvents AS logEvents, ArtLogArchitectureLayer AS logArchitectureLayer, ArtBoundedContext AS myBoundedContext, ArtLogSeverity AS logSeverity, ArtDomain AS myDomain, ArtLogEventAction AS logEventAction WHERE myBoundedContext.alarmPrefix = logEvents.boundedContextId AND myDomain.alarmPrefix = logEvents.domainId AND logArchitectureLayer.layerId = logEvents.layerId AND logEventAction.eventActionId = logEvents.eventAction AND logSeverity.severityId = logEvents.severity AND logEvents.eventDate >= :eventDate AND logEvents.eventDate <= :eventDate1 AND logEvents.boundedContextId LIKE :boundedContextId1 AND logEvents.domainId LIKE :domainId1 AND logArchitectureLayer.layerId >= :layerId AND logArchitectureLayer.layerId <= :layerId1 GROUP BY logArchitectureLayer.layerId, logArchitectureLayer.layerName, myBoundedContext.boundedContextName, logSeverity.severityId, logSeverity.severity, myDomain.domainName, logEventAction.eventActionId, logEventAction.eventAction, logEvents.eventDate ORDER BY logEvents.eventDate DESC , queryType=2, name=Event Summary Action wise, hiddenName=EVENT SUMMARY ACTION WISE])
[EL Fine]: sql: 2016-08-26 11:57:39.091--ClientSession(1411108921)--Connection(11784937)--Thread(Thread[Test worker,5,main])--UPDATE art_query SET sql_query = ? WHERE (query_id = ?)
	bind => [SELECT COUNT(t0.severity), t1.eventDate, t2.layerId, t2.layerName, t3.boundedContextName, t0.severityId, t0.severity, t4.domainName, t5.eventActionId, t5.eventAction FROM art_log_event_action_m t5, art_domain t4, art_bounded_context t3, art_log_architecture_layer_m t2, art_log_events_t t1, art_log_severity_m t0 WHERE (((((((((((t3.alarmPrefix = t1.boundedContextId) AND (t4.alarmPrefix = t1.domainId)) AND (t2.layerId = t1.layerId)) AND (t5.eventActionId = t1.eventAction)) AND (t0.severityId = t1.severity)) AND (t1.eventDate >= ?)) AND (t1.eventDate <= ?)) AND t1.boundedContextId LIKE ?) AND t1.domainId LIKE ?) AND (t2.layerId >= ?)) AND (t2.layerId <= ?)) GROUP BY t2.layerId, t2.layerName, t3.boundedContextName, t0.severityId, t0.severity, t4.domainName, t5.eventActionId, t5.eventAction, t1.eventDate ORDER BY t1.eventDate DESC, CE2005A9-D970-4E83-A5D7-7FA5AC557692]
[EL Finer]: transaction: 2016-08-26 11:57:39.122--ClientSession(1411108921)--Connection(11784937)--Thread(Thread[Test worker,5,main])--commit transaction
[EL Finest]: connection: 2016-08-26 11:57:39.145--ServerSession(648080322)--Connection(638725867)--Thread(Thread[Test worker,5,main])--Connection released to connection pool [default].
[EL Finer]: transaction: 2016-08-26 11:57:39.145--UnitOfWork(1845721426)--Thread(Thread[Test worker,5,main])--end unit of work commit
[EL Finer]: transaction: 2016-08-26 11:57:39.146--UnitOfWork(1845721426)--Thread(Thread[Test worker,5,main])--resume unit of work
[EL Finer]: transaction: 2016-08-26 11:57:39.146--UnitOfWork(1845721426)--Thread(Thread[Test worker,5,main])--release unit of work
[EL Finer]: connection: 2016-08-26 11:57:39.146--ClientSession(1411108921)--Thread(Thread[Test worker,5,main])--client released
[EL Finer]: connection: 2016-08-26 11:57:39.147--ServerSession(648080322)--Thread(Thread[Test worker,5,main])--client acquired: 745414996
[EL Finer]: transaction: 2016-08-26 11:57:39.147--ClientSession(745414996)--Thread(Thread[Test worker,5,main])--acquire unit of work: 1917724821
[EL Finest]: connection: 2016-08-26 11:57:39.147--ServerSession(648080322)--Connection(1766492371)--Thread(Thread[Test worker,5,main])--Connection acquired from connection pool [default].
[EL Finer]: transaction: 2016-08-26 11:57:39.147--ClientSession(745414996)--Connection(1766492371)--Thread(Thread[Test worker,5,main])--begin transaction
[EL Finest]: connection: 2016-08-26 11:57:39.147--ClientSession(745414996)--Thread(Thread[Test worker,5,main])--reconnecting to external connection pool
[EL Finest]: transaction: 2016-08-26 11:57:39.151--UnitOfWork(1917724821)--Thread(Thread[Test worker,5,main])--Merge clone with references AwsQuery [queryId=D947909D-A13F-4B3B-B4CD-3B3BD76CBF4E, jpqlQuery=SELECT u FROM Login u WHERE u.systemInfo.activeStatus=1 AND u.user.userId IN (SELECT ub.userId FROM UserRoleBridge ub), queryType=1, name=findMappedUser, hiddenName=FINDMAPPEDUSER]
[EL Finest]: query: 2016-08-26 11:57:39.151--UnitOfWork(1917724821)--Thread(Thread[Test worker,5,main])--Execute query ReadObjectQuery(referenceClass=ArtQuery )
[EL Fine]: sql: 2016-08-26 11:57:39.152--ClientSession(745414996)--Connection(960655387)--Thread(Thread[Test worker,5,main])--SELECT query_id, active_status, app_creator_id, created_by, created_date, hidden_name, jpql_query, name, project_id, project_version_id, query_json, query_type, sql_query, updated_by, updated_date, user_access, version_id FROM art_query WHERE (query_id = ?)
	bind => [D947909D-A13F-4B3B-B4CD-3B3BD76CBF4E]
[EL Finer]: transaction: 2016-08-26 11:57:39.155--UnitOfWork(1917724821)--Thread(Thread[Test worker,5,main])--begin unit of work commit
[EL Finest]: query: 2016-08-26 11:57:39.155--UnitOfWork(1917724821)--Thread(Thread[Test worker,5,main])--Execute query UpdateObjectQuery(AwsQuery [queryId=D947909D-A13F-4B3B-B4CD-3B3BD76CBF4E, jpqlQuery=SELECT u FROM Login u WHERE u.systemInfo.activeStatus=1 AND u.user.userId IN (SELECT ub.userId FROM UserRoleBridge ub), queryType=1, name=findMappedUser, hiddenName=FINDMAPPEDUSER])
[EL Fine]: sql: 2016-08-26 11:57:39.156--ClientSession(745414996)--Connection(960655387)--Thread(Thread[Test worker,5,main])--UPDATE art_query SET sql_query = ? WHERE (query_id = ?)
	bind => [SELECT t0.loginPk, t0.failedLoginAttempts, t0.loginId, t0.serverAuthImage, t0.serverAuthText, t0.versionId, t0.createdBy, t0.createdDate, t0.updatedBy, t0.updatedDate, t0.activeStatus, t0.txnAccessCode, t0.contactId, t0.userId FROM ast_Login_T t0, ast_User_T t1 WHERE (((t0.activeStatus = ?) AND t1.userId IN (SELECT t2.userId FROM ast_UserRoleBridge_T t2)) AND (t1.userId = t0.userId)), D947909D-A13F-4B3B-B4CD-3B3BD76CBF4E]
[EL Finer]: transaction: 2016-08-26 11:57:39.157--ClientSession(745414996)--Connection(960655387)--Thread(Thread[Test worker,5,main])--commit transaction
[EL Finest]: connection: 2016-08-26 11:57:39.186--ServerSession(648080322)--Connection(1766492371)--Thread(Thread[Test worker,5,main])--Connection released to connection pool [default].
[EL Finer]: transaction: 2016-08-26 11:57:39.187--UnitOfWork(1917724821)--Thread(Thread[Test worker,5,main])--end unit of work commit
[EL Finer]: transaction: 2016-08-26 11:57:39.187--UnitOfWork(1917724821)--Thread(Thread[Test worker,5,main])--resume unit of work
[EL Finer]: transaction: 2016-08-26 11:57:39.187--UnitOfWork(1917724821)--Thread(Thread[Test worker,5,main])--release unit of work
[EL Finer]: connection: 2016-08-26 11:57:39.188--ClientSession(745414996)--Thread(Thread[Test worker,5,main])--client released
[EL Finer]: connection: 2016-08-26 11:57:46.839--ServerSession(648080322)--Thread(Thread[Test worker,5,main])--client acquired: 476395231
[EL Finer]: transaction: 2016-08-26 11:57:46.839--ClientSession(476395231)--Thread(Thread[Test worker,5,main])--acquire unit of work: 955611401
[EL Finest]: connection: 2016-08-26 11:57:46.84--ServerSession(648080322)--Connection(2078104341)--Thread(Thread[Test worker,5,main])--Connection acquired from connection pool [default].
[EL Finer]: transaction: 2016-08-26 11:57:46.84--ClientSession(476395231)--Connection(2078104341)--Thread(Thread[Test worker,5,main])--begin transaction
[EL Finest]: connection: 2016-08-26 11:57:46.84--ClientSession(476395231)--Thread(Thread[Test worker,5,main])--reconnecting to external connection pool
[EL Finest]: transaction: 2016-08-26 11:57:46.855--UnitOfWork(955611401)--Thread(Thread[Test worker,5,main])--persist() operation called on: WDBav6n9l4uKpGkAVsNKquxvrFogUy0Ekake5UMh3TeBUFxqf0.
[EL Finest]: sequencing: 2016-08-26 11:57:46.856--UnitOfWork(955611401)--Thread(Thread[Test worker,5,main])--assign sequence to the object (86277AE7-2578-4B76-BEE2-6EDC4BB434D1 -> WDBav6n9l4uKpGkAVsNKquxvrFogUy0Ekake5UMh3TeBUFxqf0)
[EL Finer]: transaction: 2016-08-26 11:57:46.86--UnitOfWork(955611401)--Thread(Thread[Test worker,5,main])--begin unit of work commit
[EL Finest]: query: 2016-08-26 11:57:46.861--UnitOfWork(955611401)--Thread(Thread[Test worker,5,main])--Execute query InsertObjectQuery(WDBav6n9l4uKpGkAVsNKquxvrFogUy0Ekake5UMh3TeBUFxqf0)
[EL Fine]: sql: 2016-08-26 11:57:46.862--ClientSession(476395231)--Connection(1744601861)--Thread(Thread[Test worker,5,main])--INSERT INTO ast_PasswordPolicy_M (policyId, allowedSpecialLetters, maxPwdLength, minCapitalLetters, minNumericValues, minPwdLength, minSmallLetters, minSpecialLetters, policyDescription, policyName, versionId, createdBy, createdDate, updatedBy, updatedDate, activeStatus, txnAccessCode) VALUES (?, ?, ?, ?, ?, ?, ?, ?, ?, ?, ?, ?, ?, ?, ?, ?, ?)
	bind => [86277AE7-2578-4B76-BEE2-6EDC4BB434D1, Xp3cSPprb2inBv1F0240uuVjk4wZo1YgUSakQUNcAohuAUxy2Q, 1, 1, 2, 6, 1, 1, oPZhrHQmcnDPW5eYlkT573W1SoB987CI57gtYb1OyLVbtX46XR, WDBav6n9l4uKpGkAVsNKquxvrFogUy0Ekake5UMh3TeBUFxqf0, 1, AAAAA, 2016-08-26 11:57:46.7, AAAAA, 2016-08-26 11:57:46.7, 1, 51000]
[EL Finer]: transaction: 2016-08-26 11:57:46.865--ClientSession(476395231)--Connection(1744601861)--Thread(Thread[Test worker,5,main])--commit transaction
[EL Finest]: connection: 2016-08-26 11:57:47.146--ServerSession(648080322)--Connection(2078104341)--Thread(Thread[Test worker,5,main])--Connection released to connection pool [default].
[EL Finer]: transaction: 2016-08-26 11:57:47.146--UnitOfWork(955611401)--Thread(Thread[Test worker,5,main])--end unit of work commit
[EL Finer]: transaction: 2016-08-26 11:57:47.147--UnitOfWork(955611401)--Thread(Thread[Test worker,5,main])--resume unit of work
[EL Finer]: transaction: 2016-08-26 11:57:47.148--UnitOfWork(955611401)--Thread(Thread[Test worker,5,main])--release unit of work
[EL Finer]: connection: 2016-08-26 11:57:47.148--ClientSession(476395231)--Thread(Thread[Test worker,5,main])--client released
[EL Finer]: connection: 2016-08-26 11:57:47.182--ServerSession(648080322)--Thread(Thread[Test worker,5,main])--client acquired: 1810744853
[EL Finer]: transaction: 2016-08-26 11:57:47.182--ClientSession(1810744853)--Thread(Thread[Test worker,5,main])--acquire unit of work: 1197982734
[EL Finest]: connection: 2016-08-26 11:57:47.182--ServerSession(648080322)--Connection(1836619713)--Thread(Thread[Test worker,5,main])--Connection acquired from connection pool [default].
[EL Finer]: transaction: 2016-08-26 11:57:47.182--ClientSession(1810744853)--Connection(1836619713)--Thread(Thread[Test worker,5,main])--begin transaction
[EL Finest]: connection: 2016-08-26 11:57:47.182--ClientSession(1810744853)--Thread(Thread[Test worker,5,main])--reconnecting to external connection pool
[EL Finer]: transaction: 2016-08-26 11:57:47.184--UnitOfWork(1197982734)--Thread(Thread[Test worker,5,main])--begin unit of work flush
[EL Finer]: transaction: 2016-08-26 11:57:47.185--UnitOfWork(1197982734)--Thread(Thread[Test worker,5,main])--end unit of work flush
[EL Finest]: query: 2016-08-26 11:57:47.185--UnitOfWork(1197982734)--Thread(Thread[Test worker,5,main])--Execute query ReadAllQuery(name="PasswordPolicy.findById" referenceClass=PasswordPolicy sql="SELECT policyId, allowedSpecialLetters, maxPwdLength, minCapitalLetters, minNumericValues, minPwdLength, minSmallLetters, minSpecialLetters, policyDescription, policyName, versionId, createdBy, createdDate, updatedBy, updatedDate, activeStatus, txnAccessCode FROM ast_PasswordPolicy_M WHERE ((activeStatus = ?) AND (policyId = ?))")
[EL Fine]: sql: 2016-08-26 11:57:47.185--ClientSession(1810744853)--Connection(418647489)--Thread(Thread[Test worker,5,main])--SELECT policyId, allowedSpecialLetters, maxPwdLength, minCapitalLetters, minNumericValues, minPwdLength, minSmallLetters, minSpecialLetters, policyDescription, policyName, versionId, createdBy, createdDate, updatedBy, updatedDate, activeStatus, txnAccessCode FROM ast_PasswordPolicy_M WHERE ((activeStatus = ?) AND (policyId = ?))
	bind => [1, 86277AE7-2578-4B76-BEE2-6EDC4BB434D1]
[EL Finer]: transaction: 2016-08-26 11:57:47.189--UnitOfWork(1197982734)--Thread(Thread[Test worker,5,main])--begin unit of work commit
[EL Finer]: transaction: 2016-08-26 11:57:47.191--ClientSession(1810744853)--Connection(418647489)--Thread(Thread[Test worker,5,main])--commit transaction
[EL Finest]: connection: 2016-08-26 11:57:47.192--ServerSession(648080322)--Connection(1836619713)--Thread(Thread[Test worker,5,main])--Connection released to connection pool [default].
[EL Finer]: transaction: 2016-08-26 11:57:47.192--UnitOfWork(1197982734)--Thread(Thread[Test worker,5,main])--end unit of work commit
[EL Finer]: transaction: 2016-08-26 11:57:47.192--UnitOfWork(1197982734)--Thread(Thread[Test worker,5,main])--resume unit of work
[EL Finer]: transaction: 2016-08-26 11:57:47.193--UnitOfWork(1197982734)--Thread(Thread[Test worker,5,main])--release unit of work
[EL Finer]: connection: 2016-08-26 11:57:47.193--ClientSession(1810744853)--Thread(Thread[Test worker,5,main])--client released
[EL Finer]: connection: 2016-08-26 11:57:47.194--ServerSession(648080322)--Thread(Thread[Test worker,5,main])--client acquired: 702552059
[EL Finer]: transaction: 2016-08-26 11:57:47.194--ClientSession(702552059)--Thread(Thread[Test worker,5,main])--acquire unit of work: 927364407
[EL Finest]: connection: 2016-08-26 11:57:47.195--ServerSession(648080322)--Connection(1924762170)--Thread(Thread[Test worker,5,main])--Connection acquired from connection pool [default].
[EL Finer]: transaction: 2016-08-26 11:57:47.195--ClientSession(702552059)--Connection(1924762170)--Thread(Thread[Test worker,5,main])--begin transaction
[EL Finest]: connection: 2016-08-26 11:57:47.195--ClientSession(702552059)--Thread(Thread[Test worker,5,main])--reconnecting to external connection pool
[EL Finest]: transaction: 2016-08-26 11:57:47.209--UnitOfWork(927364407)--Thread(Thread[Test worker,5,main])--Merge clone with references QsRiDGcA0iIiuyGKVy7R9x0W8mrkpnFQpejoTfiidBY470dt3j
[EL Finest]: query: 2016-08-26 11:57:47.209--UnitOfWork(927364407)--Thread(Thread[Test worker,5,main])--Execute query ReadObjectQuery(referenceClass=PasswordPolicy )
[EL Fine]: sql: 2016-08-26 11:57:47.21--ClientSession(702552059)--Connection(364757363)--Thread(Thread[Test worker,5,main])--SELECT policyId, allowedSpecialLetters, maxPwdLength, minCapitalLetters, minNumericValues, minPwdLength, minSmallLetters, minSpecialLetters, policyDescription, policyName, versionId, createdBy, createdDate, updatedBy, updatedDate, activeStatus, txnAccessCode FROM ast_PasswordPolicy_M WHERE (policyId = ?)
	bind => [86277AE7-2578-4B76-BEE2-6EDC4BB434D1]
[EL Finer]: transaction: 2016-08-26 11:57:47.212--UnitOfWork(927364407)--Thread(Thread[Test worker,5,main])--begin unit of work commit
[EL Finest]: query: 2016-08-26 11:57:47.213--UnitOfWork(927364407)--Thread(Thread[Test worker,5,main])--Execute query UpdateObjectQuery(QsRiDGcA0iIiuyGKVy7R9x0W8mrkpnFQpejoTfiidBY470dt3j)
[EL Fine]: sql: 2016-08-26 11:57:47.214--ClientSession(702552059)--Connection(364757363)--Thread(Thread[Test worker,5,main])--UPDATE ast_PasswordPolicy_M SET allowedSpecialLetters = ?, maxPwdLength = ?, minCapitalLetters = ?, minNumericValues = ?, minPwdLength = ?, minSmallLetters = ?, minSpecialLetters = ?, policyDescription = ?, policyName = ?, versionId = ? WHERE ((policyId = ?) AND (versionId = ?))
	bind => [Zhrk5jg7F7ssiYsy2o8jK4y01Xsd44bbFOrBEp5Siev6zjVEQo, 31, 10, 4, 5, 7, 8, hA2mBs9V5L8jC5hXVzJ90mqUrPjfVIHtYy5rEA33FWerh9VWzb, QsRiDGcA0iIiuyGKVy7R9x0W8mrkpnFQpejoTfiidBY470dt3j, 2, 86277AE7-2578-4B76-BEE2-6EDC4BB434D1, 1]
[EL Finer]: transaction: 2016-08-26 11:57:47.215--ClientSession(702552059)--Connection(364757363)--Thread(Thread[Test worker,5,main])--commit transaction
[EL Finest]: connection: 2016-08-26 11:57:47.419--ServerSession(648080322)--Connection(1924762170)--Thread(Thread[Test worker,5,main])--Connection released to connection pool [default].
[EL Finer]: transaction: 2016-08-26 11:57:47.419--UnitOfWork(927364407)--Thread(Thread[Test worker,5,main])--end unit of work commit
[EL Finer]: transaction: 2016-08-26 11:57:47.419--UnitOfWork(927364407)--Thread(Thread[Test worker,5,main])--resume unit of work
[EL Finer]: transaction: 2016-08-26 11:57:47.42--UnitOfWork(927364407)--Thread(Thread[Test worker,5,main])--release unit of work
[EL Finer]: connection: 2016-08-26 11:57:47.42--ClientSession(702552059)--Thread(Thread[Test worker,5,main])--client released
[EL Finer]: connection: 2016-08-26 11:57:47.454--ServerSession(648080322)--Thread(Thread[Test worker,5,main])--client acquired: 285003288
[EL Finer]: transaction: 2016-08-26 11:57:47.454--ClientSession(285003288)--Thread(Thread[Test worker,5,main])--acquire unit of work: 1161728606
[EL Finest]: connection: 2016-08-26 11:57:47.454--ServerSession(648080322)--Connection(251362518)--Thread(Thread[Test worker,5,main])--Connection acquired from connection pool [default].
[EL Finer]: transaction: 2016-08-26 11:57:47.455--ClientSession(285003288)--Connection(251362518)--Thread(Thread[Test worker,5,main])--begin transaction
[EL Finest]: connection: 2016-08-26 11:57:47.455--ClientSession(285003288)--Thread(Thread[Test worker,5,main])--reconnecting to external connection pool
[EL Finer]: transaction: 2016-08-26 11:57:47.457--UnitOfWork(1161728606)--Thread(Thread[Test worker,5,main])--begin unit of work flush
[EL Finer]: transaction: 2016-08-26 11:57:47.457--UnitOfWork(1161728606)--Thread(Thread[Test worker,5,main])--end unit of work flush
[EL Finest]: query: 2016-08-26 11:57:47.457--UnitOfWork(1161728606)--Thread(Thread[Test worker,5,main])--Execute query ReadAllQuery(name="PasswordPolicy.findById" referenceClass=PasswordPolicy sql="SELECT policyId, allowedSpecialLetters, maxPwdLength, minCapitalLetters, minNumericValues, minPwdLength, minSmallLetters, minSpecialLetters, policyDescription, policyName, versionId, createdBy, createdDate, updatedBy, updatedDate, activeStatus, txnAccessCode FROM ast_PasswordPolicy_M WHERE ((activeStatus = ?) AND (policyId = ?))")
[EL Fine]: sql: 2016-08-26 11:57:47.457--ClientSession(285003288)--Connection(1373996139)--Thread(Thread[Test worker,5,main])--SELECT policyId, allowedSpecialLetters, maxPwdLength, minCapitalLetters, minNumericValues, minPwdLength, minSmallLetters, minSpecialLetters, policyDescription, policyName, versionId, createdBy, createdDate, updatedBy, updatedDate, activeStatus, txnAccessCode FROM ast_PasswordPolicy_M WHERE ((activeStatus = ?) AND (policyId = ?))
	bind => [1, 86277AE7-2578-4B76-BEE2-6EDC4BB434D1]
[EL Finer]: transaction: 2016-08-26 11:57:47.46--UnitOfWork(1161728606)--Thread(Thread[Test worker,5,main])--begin unit of work commit
[EL Finer]: transaction: 2016-08-26 11:57:47.461--ClientSession(285003288)--Connection(1373996139)--Thread(Thread[Test worker,5,main])--commit transaction
[EL Finest]: connection: 2016-08-26 11:57:47.461--ServerSession(648080322)--Connection(251362518)--Thread(Thread[Test worker,5,main])--Connection released to connection pool [default].
[EL Finer]: transaction: 2016-08-26 11:57:47.461--UnitOfWork(1161728606)--Thread(Thread[Test worker,5,main])--end unit of work commit
[EL Finer]: transaction: 2016-08-26 11:57:47.462--UnitOfWork(1161728606)--Thread(Thread[Test worker,5,main])--resume unit of work
[EL Finer]: transaction: 2016-08-26 11:57:47.462--UnitOfWork(1161728606)--Thread(Thread[Test worker,5,main])--release unit of work
[EL Finer]: connection: 2016-08-26 11:57:47.462--ClientSession(285003288)--Thread(Thread[Test worker,5,main])--client released
[EL Finer]: connection: 2016-08-26 11:57:47.607--ServerSession(648080322)--Thread(Thread[Test worker,5,main])--client acquired: 1491213152
[EL Finer]: transaction: 2016-08-26 11:57:47.608--ClientSession(1491213152)--Thread(Thread[Test worker,5,main])--acquire unit of work: 1685285174
[EL Finest]: connection: 2016-08-26 11:57:47.608--ServerSession(648080322)--Connection(1426099135)--Thread(Thread[Test worker,5,main])--Connection acquired from connection pool [default].
[EL Finer]: transaction: 2016-08-26 11:57:47.608--ClientSession(1491213152)--Connection(1426099135)--Thread(Thread[Test worker,5,main])--begin transaction
[EL Finest]: connection: 2016-08-26 11:57:47.608--ClientSession(1491213152)--Thread(Thread[Test worker,5,main])--reconnecting to external connection pool
[EL Finest]: query: 2016-08-26 11:57:47.61--UnitOfWork(1685285174)--Thread(Thread[Test worker,5,main])--Execute query ReadObjectQuery(name="readPasswordPolicy" referenceClass=PasswordPolicy sql="SELECT policyId, allowedSpecialLetters, maxPwdLength, minCapitalLetters, minNumericValues, minPwdLength, minSmallLetters, minSpecialLetters, policyDescription, policyName, versionId, createdBy, createdDate, updatedBy, updatedDate, activeStatus, txnAccessCode FROM ast_PasswordPolicy_M WHERE (policyId = ?)")
[EL Fine]: sql: 2016-08-26 11:57:47.61--ClientSession(1491213152)--Connection(1090770435)--Thread(Thread[Test worker,5,main])--SELECT policyId, allowedSpecialLetters, maxPwdLength, minCapitalLetters, minNumericValues, minPwdLength, minSmallLetters, minSpecialLetters, policyDescription, policyName, versionId, createdBy, createdDate, updatedBy, updatedDate, activeStatus, txnAccessCode FROM ast_PasswordPolicy_M WHERE (policyId = ?)
	bind => [86277AE7-2578-4B76-BEE2-6EDC4BB434D1]
[EL Finest]: transaction: 2016-08-26 11:57:47.612--UnitOfWork(1685285174)--Thread(Thread[Test worker,5,main])--remove() operation called on: QsRiDGcA0iIiuyGKVy7R9x0W8mrkpnFQpejoTfiidBY470dt3j
[EL Finer]: transaction: 2016-08-26 11:57:47.612--UnitOfWork(1685285174)--Thread(Thread[Test worker,5,main])--begin unit of work commit
[EL Finest]: query: 2016-08-26 11:57:47.612--UnitOfWork(1685285174)--Thread(Thread[Test worker,5,main])--Execute query DoesExistQuery(referenceClass=PasswordPolicy )
[EL Finest]: query: 2016-08-26 11:57:47.613--UnitOfWork(1685285174)--Thread(Thread[Test worker,5,main])--Execute query DeleteObjectQuery(QsRiDGcA0iIiuyGKVy7R9x0W8mrkpnFQpejoTfiidBY470dt3j)
[EL Fine]: sql: 2016-08-26 11:57:47.613--ClientSession(1491213152)--Connection(1090770435)--Thread(Thread[Test worker,5,main])--DELETE FROM ast_PasswordPolicy_M WHERE ((policyId = ?) AND (versionId = ?))
	bind => [86277AE7-2578-4B76-BEE2-6EDC4BB434D1, 2]
[EL Finer]: transaction: 2016-08-26 11:57:47.614--ClientSession(1491213152)--Connection(1090770435)--Thread(Thread[Test worker,5,main])--commit transaction
[EL Finest]: connection: 2016-08-26 11:57:47.726--ServerSession(648080322)--Connection(1426099135)--Thread(Thread[Test worker,5,main])--Connection released to connection pool [default].
[EL Finer]: transaction: 2016-08-26 11:57:47.727--UnitOfWork(1685285174)--Thread(Thread[Test worker,5,main])--end unit of work commit
[EL Finer]: transaction: 2016-08-26 11:57:47.727--UnitOfWork(1685285174)--Thread(Thread[Test worker,5,main])--resume unit of work
[EL Finer]: transaction: 2016-08-26 11:57:47.727--UnitOfWork(1685285174)--Thread(Thread[Test worker,5,main])--release unit of work
[EL Finer]: connection: 2016-08-26 11:57:47.728--ClientSession(1491213152)--Thread(Thread[Test worker,5,main])--client released
]]></system-out>
  <system-err><![CDATA[log4j:WARN No appenders could be found for logger (org.springframework.test.context.junit4.SpringJUnit4ClassRunner).
log4j:WARN Please initialize the log4j system properly.
log4j:WARN See http://logging.apache.org/log4j/1.2/faq.html#noconfig for more info.
PasswordPolicy.policyName may not be null
java.lang.SecurityException: PasswordPolicy.policyName may not be null
	at com.athena.server.pluggable.utils.helper.EntityValidatorHelper.validateEntity(EntityValidatorHelper.java:37)
	at com.app.shared.appbasicsetup.usermanagement.PasswordPolicy.isValid(PasswordPolicy.java:264)
	at com.app.server.service.appbasicsetup.usermanagement.PasswordPolicyTestCase.validatePasswordPolicy(PasswordPolicyTestCase.java:220)
	at com.app.server.service.appbasicsetup.usermanagement.PasswordPolicyTestCase.test5NegativeTesting(PasswordPolicyTestCase.java:260)
	at sun.reflect.NativeMethodAccessorImpl.invoke0(Native Method)
	at sun.reflect.NativeMethodAccessorImpl.invoke(NativeMethodAccessorImpl.java:57)
	at sun.reflect.DelegatingMethodAccessorImpl.invoke(DelegatingMethodAccessorImpl.java:43)
	at java.lang.reflect.Method.invoke(Method.java:606)
	at org.junit.runners.model.FrameworkMethod$1.runReflectiveCall(FrameworkMethod.java:47)
	at org.junit.internal.runners.model.ReflectiveCallable.run(ReflectiveCallable.java:12)
	at org.junit.runners.model.FrameworkMethod.invokeExplosively(FrameworkMethod.java:44)
	at org.junit.internal.runners.statements.InvokeMethod.evaluate(InvokeMethod.java:17)
	at org.junit.internal.runners.statements.RunBefores.evaluate(RunBefores.java:26)
	at org.springframework.test.context.junit4.statements.RunBeforeTestMethodCallbacks.evaluate(RunBeforeTestMethodCallbacks.java:74)
	at org.junit.internal.runners.statements.RunAfters.evaluate(RunAfters.java:27)
	at org.springframework.test.context.junit4.statements.RunAfterTestMethodCallbacks.evaluate(RunAfterTestMethodCallbacks.java:83)
	at org.springframework.test.context.junit4.statements.SpringRepeat.evaluate(SpringRepeat.java:72)
	at org.springframework.test.context.junit4.SpringJUnit4ClassRunner.runChild(SpringJUnit4ClassRunner.java:233)
	at org.springframework.test.context.junit4.SpringJUnit4ClassRunner.runChild(SpringJUnit4ClassRunner.java:87)
	at org.junit.runners.ParentRunner$3.run(ParentRunner.java:238)
	at org.junit.runners.ParentRunner$1.schedule(ParentRunner.java:63)
	at org.junit.runners.ParentRunner.runChildren(ParentRunner.java:236)
	at org.junit.runners.ParentRunner.access$000(ParentRunner.java:53)
	at org.junit.runners.ParentRunner$2.evaluate(ParentRunner.java:229)
	at org.junit.internal.runners.statements.RunBefores.evaluate(RunBefores.java:26)
	at org.springframework.test.context.junit4.statements.RunBeforeTestClassCallbacks.evaluate(RunBeforeTestClassCallbacks.java:61)
	at org.springframework.test.context.junit4.statements.RunAfterTestClassCallbacks.evaluate(RunAfterTestClassCallbacks.java:71)
	at org.junit.runners.ParentRunner.run(ParentRunner.java:309)
	at org.springframework.test.context.junit4.SpringJUnit4ClassRunner.run(SpringJUnit4ClassRunner.java:176)
	at org.gradle.api.internal.tasks.testing.junit.JUnitTestClassExecuter.runTestClass(JUnitTestClassExecuter.java:86)
	at org.gradle.api.internal.tasks.testing.junit.JUnitTestClassExecuter.execute(JUnitTestClassExecuter.java:49)
	at org.gradle.api.internal.tasks.testing.junit.JUnitTestClassProcessor.processTestClass(JUnitTestClassProcessor.java:64)
	at org.gradle.api.internal.tasks.testing.SuiteTestClassProcessor.processTestClass(SuiteTestClassProcessor.java:50)
	at sun.reflect.NativeMethodAccessorImpl.invoke0(Native Method)
	at sun.reflect.NativeMethodAccessorImpl.invoke(NativeMethodAccessorImpl.java:57)
	at sun.reflect.DelegatingMethodAccessorImpl.invoke(DelegatingMethodAccessorImpl.java:43)
	at java.lang.reflect.Method.invoke(Method.java:606)
	at org.gradle.messaging.dispatch.ReflectionDispatch.dispatch(ReflectionDispatch.java:35)
	at org.gradle.messaging.dispatch.ReflectionDispatch.dispatch(ReflectionDispatch.java:24)
	at org.gradle.messaging.dispatch.ContextClassLoaderDispatch.dispatch(ContextClassLoaderDispatch.java:32)
	at org.gradle.messaging.dispatch.ProxyDispatchAdapter$DispatchingInvocationHandler.invoke(ProxyDispatchAdapter.java:93)
	at com.sun.proxy.$Proxy2.processTestClass(Unknown Source)
	at org.gradle.api.internal.tasks.testing.worker.TestWorker.processTestClass(TestWorker.java:106)
	at sun.reflect.NativeMethodAccessorImpl.invoke0(Native Method)
	at sun.reflect.NativeMethodAccessorImpl.invoke(NativeMethodAccessorImpl.java:57)
	at sun.reflect.DelegatingMethodAccessorImpl.invoke(DelegatingMethodAccessorImpl.java:43)
	at java.lang.reflect.Method.invoke(Method.java:606)
	at org.gradle.messaging.dispatch.ReflectionDispatch.dispatch(ReflectionDispatch.java:35)
	at org.gradle.messaging.dispatch.ReflectionDispatch.dispatch(ReflectionDispatch.java:24)
	at org.gradle.messaging.remote.internal.hub.MessageHub$Handler.run(MessageHub.java:360)
	at org.gradle.internal.concurrent.DefaultExecutorFactory$StoppableExecutorImpl$1.run(DefaultExecutorFactory.java:64)
	at java.util.concurrent.ThreadPoolExecutor.runWorker(ThreadPoolExecutor.java:1145)
	at java.util.concurrent.ThreadPoolExecutor$Worker.run(ThreadPoolExecutor.java:615)
	at java.lang.Thread.run(Thread.java:745)
PasswordPolicy.policyName size must be between 0 and 256
java.lang.SecurityException: PasswordPolicy.policyName size must be between 0 and 256
	at com.athena.server.pluggable.utils.helper.EntityValidatorHelper.validateEntity(EntityValidatorHelper.java:37)
	at com.app.shared.appbasicsetup.usermanagement.PasswordPolicy.isValid(PasswordPolicy.java:264)
	at com.app.server.service.appbasicsetup.usermanagement.PasswordPolicyTestCase.validatePasswordPolicy(PasswordPolicyTestCase.java:218)
	at com.app.server.service.appbasicsetup.usermanagement.PasswordPolicyTestCase.test5NegativeTesting(PasswordPolicyTestCase.java:265)
	at sun.reflect.NativeMethodAccessorImpl.invoke0(Native Method)
	at sun.reflect.NativeMethodAccessorImpl.invoke(NativeMethodAccessorImpl.java:57)
	at sun.reflect.DelegatingMethodAccessorImpl.invoke(DelegatingMethodAccessorImpl.java:43)
	at java.lang.reflect.Method.invoke(Method.java:606)
	at org.junit.runners.model.FrameworkMethod$1.runReflectiveCall(FrameworkMethod.java:47)
	at org.junit.internal.runners.model.ReflectiveCallable.run(ReflectiveCallable.java:12)
	at org.junit.runners.model.FrameworkMethod.invokeExplosively(FrameworkMethod.java:44)
	at org.junit.internal.runners.statements.InvokeMethod.evaluate(InvokeMethod.java:17)
	at org.junit.internal.runners.statements.RunBefores.evaluate(RunBefores.java:26)
	at org.springframework.test.context.junit4.statements.RunBeforeTestMethodCallbacks.evaluate(RunBeforeTestMethodCallbacks.java:74)
	at org.junit.internal.runners.statements.RunAfters.evaluate(RunAfters.java:27)
	at org.springframework.test.context.junit4.statements.RunAfterTestMethodCallbacks.evaluate(RunAfterTestMethodCallbacks.java:83)
	at org.springframework.test.context.junit4.statements.SpringRepeat.evaluate(SpringRepeat.java:72)
	at org.springframework.test.context.junit4.SpringJUnit4ClassRunner.runChild(SpringJUnit4ClassRunner.java:233)
	at org.springframework.test.context.junit4.SpringJUnit4ClassRunner.runChild(SpringJUnit4ClassRunner.java:87)
	at org.junit.runners.ParentRunner$3.run(ParentRunner.java:238)
	at org.junit.runners.ParentRunner$1.schedule(ParentRunner.java:63)
	at org.junit.runners.ParentRunner.runChildren(ParentRunner.java:236)
	at org.junit.runners.ParentRunner.access$000(ParentRunner.java:53)
	at org.junit.runners.ParentRunner$2.evaluate(ParentRunner.java:229)
	at org.junit.internal.runners.statements.RunBefores.evaluate(RunBefores.java:26)
	at org.springframework.test.context.junit4.statements.RunBeforeTestClassCallbacks.evaluate(RunBeforeTestClassCallbacks.java:61)
	at org.springframework.test.context.junit4.statements.RunAfterTestClassCallbacks.evaluate(RunAfterTestClassCallbacks.java:71)
	at org.junit.runners.ParentRunner.run(ParentRunner.java:309)
	at org.springframework.test.context.junit4.SpringJUnit4ClassRunner.run(SpringJUnit4ClassRunner.java:176)
	at org.gradle.api.internal.tasks.testing.junit.JUnitTestClassExecuter.runTestClass(JUnitTestClassExecuter.java:86)
	at org.gradle.api.internal.tasks.testing.junit.JUnitTestClassExecuter.execute(JUnitTestClassExecuter.java:49)
	at org.gradle.api.internal.tasks.testing.junit.JUnitTestClassProcessor.processTestClass(JUnitTestClassProcessor.java:64)
	at org.gradle.api.internal.tasks.testing.SuiteTestClassProcessor.processTestClass(SuiteTestClassProcessor.java:50)
	at sun.reflect.NativeMethodAccessorImpl.invoke0(Native Method)
	at sun.reflect.NativeMethodAccessorImpl.invoke(NativeMethodAccessorImpl.java:57)
	at sun.reflect.DelegatingMethodAccessorImpl.invoke(DelegatingMethodAccessorImpl.java:43)
	at java.lang.reflect.Method.invoke(Method.java:606)
	at org.gradle.messaging.dispatch.ReflectionDispatch.dispatch(ReflectionDispatch.java:35)
	at org.gradle.messaging.dispatch.ReflectionDispatch.dispatch(ReflectionDispatch.java:24)
	at org.gradle.messaging.dispatch.ContextClassLoaderDispatch.dispatch(ContextClassLoaderDispatch.java:32)
	at org.gradle.messaging.dispatch.ProxyDispatchAdapter$DispatchingInvocationHandler.invoke(ProxyDispatchAdapter.java:93)
	at com.sun.proxy.$Proxy2.processTestClass(Unknown Source)
	at org.gradle.api.internal.tasks.testing.worker.TestWorker.processTestClass(TestWorker.java:106)
	at sun.reflect.NativeMethodAccessorImpl.invoke0(Native Method)
	at sun.reflect.NativeMethodAccessorImpl.invoke(NativeMethodAccessorImpl.java:57)
	at sun.reflect.DelegatingMethodAccessorImpl.invoke(DelegatingMethodAccessorImpl.java:43)
	at java.lang.reflect.Method.invoke(Method.java:606)
	at org.gradle.messaging.dispatch.ReflectionDispatch.dispatch(ReflectionDispatch.java:35)
	at org.gradle.messaging.dispatch.ReflectionDispatch.dispatch(ReflectionDispatch.java:24)
	at org.gradle.messaging.remote.internal.hub.MessageHub$Handler.run(MessageHub.java:360)
	at org.gradle.internal.concurrent.DefaultExecutorFactory$StoppableExecutorImpl$1.run(DefaultExecutorFactory.java:64)
	at java.util.concurrent.ThreadPoolExecutor.runWorker(ThreadPoolExecutor.java:1145)
	at java.util.concurrent.ThreadPoolExecutor$Worker.run(ThreadPoolExecutor.java:615)
	at java.lang.Thread.run(Thread.java:745)
PasswordPolicy.policyDescription size must be between 0 and 256
java.lang.SecurityException: PasswordPolicy.policyDescription size must be between 0 and 256
	at com.athena.server.pluggable.utils.helper.EntityValidatorHelper.validateEntity(EntityValidatorHelper.java:37)
	at com.app.shared.appbasicsetup.usermanagement.PasswordPolicy.isValid(PasswordPolicy.java:264)
	at com.app.server.service.appbasicsetup.usermanagement.PasswordPolicyTestCase.validatePasswordPolicy(PasswordPolicyTestCase.java:218)
	at com.app.server.service.appbasicsetup.usermanagement.PasswordPolicyTestCase.test5NegativeTesting(PasswordPolicyTestCase.java:270)
	at sun.reflect.NativeMethodAccessorImpl.invoke0(Native Method)
	at sun.reflect.NativeMethodAccessorImpl.invoke(NativeMethodAccessorImpl.java:57)
	at sun.reflect.DelegatingMethodAccessorImpl.invoke(DelegatingMethodAccessorImpl.java:43)
	at java.lang.reflect.Method.invoke(Method.java:606)
	at org.junit.runners.model.FrameworkMethod$1.runReflectiveCall(FrameworkMethod.java:47)
	at org.junit.internal.runners.model.ReflectiveCallable.run(ReflectiveCallable.java:12)
	at org.junit.runners.model.FrameworkMethod.invokeExplosively(FrameworkMethod.java:44)
	at org.junit.internal.runners.statements.InvokeMethod.evaluate(InvokeMethod.java:17)
	at org.junit.internal.runners.statements.RunBefores.evaluate(RunBefores.java:26)
	at org.springframework.test.context.junit4.statements.RunBeforeTestMethodCallbacks.evaluate(RunBeforeTestMethodCallbacks.java:74)
	at org.junit.internal.runners.statements.RunAfters.evaluate(RunAfters.java:27)
	at org.springframework.test.context.junit4.statements.RunAfterTestMethodCallbacks.evaluate(RunAfterTestMethodCallbacks.java:83)
	at org.springframework.test.context.junit4.statements.SpringRepeat.evaluate(SpringRepeat.java:72)
	at org.springframework.test.context.junit4.SpringJUnit4ClassRunner.runChild(SpringJUnit4ClassRunner.java:233)
	at org.springframework.test.context.junit4.SpringJUnit4ClassRunner.runChild(SpringJUnit4ClassRunner.java:87)
	at org.junit.runners.ParentRunner$3.run(ParentRunner.java:238)
	at org.junit.runners.ParentRunner$1.schedule(ParentRunner.java:63)
	at org.junit.runners.ParentRunner.runChildren(ParentRunner.java:236)
	at org.junit.runners.ParentRunner.access$000(ParentRunner.java:53)
	at org.junit.runners.ParentRunner$2.evaluate(ParentRunner.java:229)
	at org.junit.internal.runners.statements.RunBefores.evaluate(RunBefores.java:26)
	at org.springframework.test.context.junit4.statements.RunBeforeTestClassCallbacks.evaluate(RunBeforeTestClassCallbacks.java:61)
	at org.springframework.test.context.junit4.statements.RunAfterTestClassCallbacks.evaluate(RunAfterTestClassCallbacks.java:71)
	at org.junit.runners.ParentRunner.run(ParentRunner.java:309)
	at org.springframework.test.context.junit4.SpringJUnit4ClassRunner.run(SpringJUnit4ClassRunner.java:176)
	at org.gradle.api.internal.tasks.testing.junit.JUnitTestClassExecuter.runTestClass(JUnitTestClassExecuter.java:86)
	at org.gradle.api.internal.tasks.testing.junit.JUnitTestClassExecuter.execute(JUnitTestClassExecuter.java:49)
	at org.gradle.api.internal.tasks.testing.junit.JUnitTestClassProcessor.processTestClass(JUnitTestClassProcessor.java:64)
	at org.gradle.api.internal.tasks.testing.SuiteTestClassProcessor.processTestClass(SuiteTestClassProcessor.java:50)
	at sun.reflect.NativeMethodAccessorImpl.invoke0(Native Method)
	at sun.reflect.NativeMethodAccessorImpl.invoke(NativeMethodAccessorImpl.java:57)
	at sun.reflect.DelegatingMethodAccessorImpl.invoke(DelegatingMethodAccessorImpl.java:43)
	at java.lang.reflect.Method.invoke(Method.java:606)
	at org.gradle.messaging.dispatch.ReflectionDispatch.dispatch(ReflectionDispatch.java:35)
	at org.gradle.messaging.dispatch.ReflectionDispatch.dispatch(ReflectionDispatch.java:24)
	at org.gradle.messaging.dispatch.ContextClassLoaderDispatch.dispatch(ContextClassLoaderDispatch.java:32)
	at org.gradle.messaging.dispatch.ProxyDispatchAdapter$DispatchingInvocationHandler.invoke(ProxyDispatchAdapter.java:93)
	at com.sun.proxy.$Proxy2.processTestClass(Unknown Source)
	at org.gradle.api.internal.tasks.testing.worker.TestWorker.processTestClass(TestWorker.java:106)
	at sun.reflect.NativeMethodAccessorImpl.invoke0(Native Method)
	at sun.reflect.NativeMethodAccessorImpl.invoke(NativeMethodAccessorImpl.java:57)
	at sun.reflect.DelegatingMethodAccessorImpl.invoke(DelegatingMethodAccessorImpl.java:43)
	at java.lang.reflect.Method.invoke(Method.java:606)
	at org.gradle.messaging.dispatch.ReflectionDispatch.dispatch(ReflectionDispatch.java:35)
	at org.gradle.messaging.dispatch.ReflectionDispatch.dispatch(ReflectionDispatch.java:24)
	at org.gradle.messaging.remote.internal.hub.MessageHub$Handler.run(MessageHub.java:360)
	at org.gradle.internal.concurrent.DefaultExecutorFactory$StoppableExecutorImpl$1.run(DefaultExecutorFactory.java:64)
	at java.util.concurrent.ThreadPoolExecutor.runWorker(ThreadPoolExecutor.java:1145)
	at java.util.concurrent.ThreadPoolExecutor$Worker.run(ThreadPoolExecutor.java:615)
	at java.lang.Thread.run(Thread.java:745)
PasswordPolicy.maxPwdLength must be less than or equal to 32
java.lang.SecurityException: PasswordPolicy.maxPwdLength must be less than or equal to 32
	at com.athena.server.pluggable.utils.helper.EntityValidatorHelper.validateEntity(EntityValidatorHelper.java:37)
	at com.app.shared.appbasicsetup.usermanagement.PasswordPolicy.isValid(PasswordPolicy.java:264)
	at com.app.server.service.appbasicsetup.usermanagement.PasswordPolicyTestCase.validatePasswordPolicy(PasswordPolicyTestCase.java:218)
	at com.app.server.service.appbasicsetup.usermanagement.PasswordPolicyTestCase.test5NegativeTesting(PasswordPolicyTestCase.java:275)
	at sun.reflect.NativeMethodAccessorImpl.invoke0(Native Method)
	at sun.reflect.NativeMethodAccessorImpl.invoke(NativeMethodAccessorImpl.java:57)
	at sun.reflect.DelegatingMethodAccessorImpl.invoke(DelegatingMethodAccessorImpl.java:43)
	at java.lang.reflect.Method.invoke(Method.java:606)
	at org.junit.runners.model.FrameworkMethod$1.runReflectiveCall(FrameworkMethod.java:47)
	at org.junit.internal.runners.model.ReflectiveCallable.run(ReflectiveCallable.java:12)
	at org.junit.runners.model.FrameworkMethod.invokeExplosively(FrameworkMethod.java:44)
	at org.junit.internal.runners.statements.InvokeMethod.evaluate(InvokeMethod.java:17)
	at org.junit.internal.runners.statements.RunBefores.evaluate(RunBefores.java:26)
	at org.springframework.test.context.junit4.statements.RunBeforeTestMethodCallbacks.evaluate(RunBeforeTestMethodCallbacks.java:74)
	at org.junit.internal.runners.statements.RunAfters.evaluate(RunAfters.java:27)
	at org.springframework.test.context.junit4.statements.RunAfterTestMethodCallbacks.evaluate(RunAfterTestMethodCallbacks.java:83)
	at org.springframework.test.context.junit4.statements.SpringRepeat.evaluate(SpringRepeat.java:72)
	at org.springframework.test.context.junit4.SpringJUnit4ClassRunner.runChild(SpringJUnit4ClassRunner.java:233)
	at org.springframework.test.context.junit4.SpringJUnit4ClassRunner.runChild(SpringJUnit4ClassRunner.java:87)
	at org.junit.runners.ParentRunner$3.run(ParentRunner.java:238)
	at org.junit.runners.ParentRunner$1.schedule(ParentRunner.java:63)
	at org.junit.runners.ParentRunner.runChildren(ParentRunner.java:236)
	at org.junit.runners.ParentRunner.access$000(ParentRunner.java:53)
	at org.junit.runners.ParentRunner$2.evaluate(ParentRunner.java:229)
	at org.junit.internal.runners.statements.RunBefores.evaluate(RunBefores.java:26)
	at org.springframework.test.context.junit4.statements.RunBeforeTestClassCallbacks.evaluate(RunBeforeTestClassCallbacks.java:61)
	at org.springframework.test.context.junit4.statements.RunAfterTestClassCallbacks.evaluate(RunAfterTestClassCallbacks.java:71)
	at org.junit.runners.ParentRunner.run(ParentRunner.java:309)
	at org.springframework.test.context.junit4.SpringJUnit4ClassRunner.run(SpringJUnit4ClassRunner.java:176)
	at org.gradle.api.internal.tasks.testing.junit.JUnitTestClassExecuter.runTestClass(JUnitTestClassExecuter.java:86)
	at org.gradle.api.internal.tasks.testing.junit.JUnitTestClassExecuter.execute(JUnitTestClassExecuter.java:49)
	at org.gradle.api.internal.tasks.testing.junit.JUnitTestClassProcessor.processTestClass(JUnitTestClassProcessor.java:64)
	at org.gradle.api.internal.tasks.testing.SuiteTestClassProcessor.processTestClass(SuiteTestClassProcessor.java:50)
	at sun.reflect.NativeMethodAccessorImpl.invoke0(Native Method)
	at sun.reflect.NativeMethodAccessorImpl.invoke(NativeMethodAccessorImpl.java:57)
	at sun.reflect.DelegatingMethodAccessorImpl.invoke(DelegatingMethodAccessorImpl.java:43)
	at java.lang.reflect.Method.invoke(Method.java:606)
	at org.gradle.messaging.dispatch.ReflectionDispatch.dispatch(ReflectionDispatch.java:35)
	at org.gradle.messaging.dispatch.ReflectionDispatch.dispatch(ReflectionDispatch.java:24)
	at org.gradle.messaging.dispatch.ContextClassLoaderDispatch.dispatch(ContextClassLoaderDispatch.java:32)
	at org.gradle.messaging.dispatch.ProxyDispatchAdapter$DispatchingInvocationHandler.invoke(ProxyDispatchAdapter.java:93)
	at com.sun.proxy.$Proxy2.processTestClass(Unknown Source)
	at org.gradle.api.internal.tasks.testing.worker.TestWorker.processTestClass(TestWorker.java:106)
	at sun.reflect.NativeMethodAccessorImpl.invoke0(Native Method)
	at sun.reflect.NativeMethodAccessorImpl.invoke(NativeMethodAccessorImpl.java:57)
	at sun.reflect.DelegatingMethodAccessorImpl.invoke(DelegatingMethodAccessorImpl.java:43)
	at java.lang.reflect.Method.invoke(Method.java:606)
	at org.gradle.messaging.dispatch.ReflectionDispatch.dispatch(ReflectionDispatch.java:35)
	at org.gradle.messaging.dispatch.ReflectionDispatch.dispatch(ReflectionDispatch.java:24)
	at org.gradle.messaging.remote.internal.hub.MessageHub$Handler.run(MessageHub.java:360)
	at org.gradle.internal.concurrent.DefaultExecutorFactory$StoppableExecutorImpl$1.run(DefaultExecutorFactory.java:64)
	at java.util.concurrent.ThreadPoolExecutor.runWorker(ThreadPoolExecutor.java:1145)
	at java.util.concurrent.ThreadPoolExecutor$Worker.run(ThreadPoolExecutor.java:615)
	at java.lang.Thread.run(Thread.java:745)
PasswordPolicy.minPwdLength may not be null
java.lang.SecurityException: PasswordPolicy.minPwdLength may not be null
	at com.athena.server.pluggable.utils.helper.EntityValidatorHelper.validateEntity(EntityValidatorHelper.java:37)
	at com.app.shared.appbasicsetup.usermanagement.PasswordPolicy.isValid(PasswordPolicy.java:264)
	at com.app.server.service.appbasicsetup.usermanagement.PasswordPolicyTestCase.validatePasswordPolicy(PasswordPolicyTestCase.java:220)
	at com.app.server.service.appbasicsetup.usermanagement.PasswordPolicyTestCase.test5NegativeTesting(PasswordPolicyTestCase.java:281)
	at sun.reflect.NativeMethodAccessorImpl.invoke0(Native Method)
	at sun.reflect.NativeMethodAccessorImpl.invoke(NativeMethodAccessorImpl.java:57)
	at sun.reflect.DelegatingMethodAccessorImpl.invoke(DelegatingMethodAccessorImpl.java:43)
	at java.lang.reflect.Method.invoke(Method.java:606)
	at org.junit.runners.model.FrameworkMethod$1.runReflectiveCall(FrameworkMethod.java:47)
	at org.junit.internal.runners.model.ReflectiveCallable.run(ReflectiveCallable.java:12)
	at org.junit.runners.model.FrameworkMethod.invokeExplosively(FrameworkMethod.java:44)
	at org.junit.internal.runners.statements.InvokeMethod.evaluate(InvokeMethod.java:17)
	at org.junit.internal.runners.statements.RunBefores.evaluate(RunBefores.java:26)
	at org.springframework.test.context.junit4.statements.RunBeforeTestMethodCallbacks.evaluate(RunBeforeTestMethodCallbacks.java:74)
	at org.junit.internal.runners.statements.RunAfters.evaluate(RunAfters.java:27)
	at org.springframework.test.context.junit4.statements.RunAfterTestMethodCallbacks.evaluate(RunAfterTestMethodCallbacks.java:83)
	at org.springframework.test.context.junit4.statements.SpringRepeat.evaluate(SpringRepeat.java:72)
	at org.springframework.test.context.junit4.SpringJUnit4ClassRunner.runChild(SpringJUnit4ClassRunner.java:233)
	at org.springframework.test.context.junit4.SpringJUnit4ClassRunner.runChild(SpringJUnit4ClassRunner.java:87)
	at org.junit.runners.ParentRunner$3.run(ParentRunner.java:238)
	at org.junit.runners.ParentRunner$1.schedule(ParentRunner.java:63)
	at org.junit.runners.ParentRunner.runChildren(ParentRunner.java:236)
	at org.junit.runners.ParentRunner.access$000(ParentRunner.java:53)
	at org.junit.runners.ParentRunner$2.evaluate(ParentRunner.java:229)
	at org.junit.internal.runners.statements.RunBefores.evaluate(RunBefores.java:26)
	at org.springframework.test.context.junit4.statements.RunBeforeTestClassCallbacks.evaluate(RunBeforeTestClassCallbacks.java:61)
	at org.springframework.test.context.junit4.statements.RunAfterTestClassCallbacks.evaluate(RunAfterTestClassCallbacks.java:71)
	at org.junit.runners.ParentRunner.run(ParentRunner.java:309)
	at org.springframework.test.context.junit4.SpringJUnit4ClassRunner.run(SpringJUnit4ClassRunner.java:176)
	at org.gradle.api.internal.tasks.testing.junit.JUnitTestClassExecuter.runTestClass(JUnitTestClassExecuter.java:86)
	at org.gradle.api.internal.tasks.testing.junit.JUnitTestClassExecuter.execute(JUnitTestClassExecuter.java:49)
	at org.gradle.api.internal.tasks.testing.junit.JUnitTestClassProcessor.processTestClass(JUnitTestClassProcessor.java:64)
	at org.gradle.api.internal.tasks.testing.SuiteTestClassProcessor.processTestClass(SuiteTestClassProcessor.java:50)
	at sun.reflect.NativeMethodAccessorImpl.invoke0(Native Method)
	at sun.reflect.NativeMethodAccessorImpl.invoke(NativeMethodAccessorImpl.java:57)
	at sun.reflect.DelegatingMethodAccessorImpl.invoke(DelegatingMethodAccessorImpl.java:43)
	at java.lang.reflect.Method.invoke(Method.java:606)
	at org.gradle.messaging.dispatch.ReflectionDispatch.dispatch(ReflectionDispatch.java:35)
	at org.gradle.messaging.dispatch.ReflectionDispatch.dispatch(ReflectionDispatch.java:24)
	at org.gradle.messaging.dispatch.ContextClassLoaderDispatch.dispatch(ContextClassLoaderDispatch.java:32)
	at org.gradle.messaging.dispatch.ProxyDispatchAdapter$DispatchingInvocationHandler.invoke(ProxyDispatchAdapter.java:93)
	at com.sun.proxy.$Proxy2.processTestClass(Unknown Source)
	at org.gradle.api.internal.tasks.testing.worker.TestWorker.processTestClass(TestWorker.java:106)
	at sun.reflect.NativeMethodAccessorImpl.invoke0(Native Method)
	at sun.reflect.NativeMethodAccessorImpl.invoke(NativeMethodAccessorImpl.java:57)
	at sun.reflect.DelegatingMethodAccessorImpl.invoke(DelegatingMethodAccessorImpl.java:43)
	at java.lang.reflect.Method.invoke(Method.java:606)
	at org.gradle.messaging.dispatch.ReflectionDispatch.dispatch(ReflectionDispatch.java:35)
	at org.gradle.messaging.dispatch.ReflectionDispatch.dispatch(ReflectionDispatch.java:24)
	at org.gradle.messaging.remote.internal.hub.MessageHub$Handler.run(MessageHub.java:360)
	at org.gradle.internal.concurrent.DefaultExecutorFactory$StoppableExecutorImpl$1.run(DefaultExecutorFactory.java:64)
	at java.util.concurrent.ThreadPoolExecutor.runWorker(ThreadPoolExecutor.java:1145)
	at java.util.concurrent.ThreadPoolExecutor$Worker.run(ThreadPoolExecutor.java:615)
	at java.lang.Thread.run(Thread.java:745)
PasswordPolicy.minPwdLength must be less than or equal to 11
java.lang.SecurityException: PasswordPolicy.minPwdLength must be less than or equal to 11
	at com.athena.server.pluggable.utils.helper.EntityValidatorHelper.validateEntity(EntityValidatorHelper.java:37)
	at com.app.shared.appbasicsetup.usermanagement.PasswordPolicy.isValid(PasswordPolicy.java:264)
	at com.app.server.service.appbasicsetup.usermanagement.PasswordPolicyTestCase.validatePasswordPolicy(PasswordPolicyTestCase.java:218)
	at com.app.server.service.appbasicsetup.usermanagement.PasswordPolicyTestCase.test5NegativeTesting(PasswordPolicyTestCase.java:286)
	at sun.reflect.NativeMethodAccessorImpl.invoke0(Native Method)
	at sun.reflect.NativeMethodAccessorImpl.invoke(NativeMethodAccessorImpl.java:57)
	at sun.reflect.DelegatingMethodAccessorImpl.invoke(DelegatingMethodAccessorImpl.java:43)
	at java.lang.reflect.Method.invoke(Method.java:606)
	at org.junit.runners.model.FrameworkMethod$1.runReflectiveCall(FrameworkMethod.java:47)
	at org.junit.internal.runners.model.ReflectiveCallable.run(ReflectiveCallable.java:12)
	at org.junit.runners.model.FrameworkMethod.invokeExplosively(FrameworkMethod.java:44)
	at org.junit.internal.runners.statements.InvokeMethod.evaluate(InvokeMethod.java:17)
	at org.junit.internal.runners.statements.RunBefores.evaluate(RunBefores.java:26)
	at org.springframework.test.context.junit4.statements.RunBeforeTestMethodCallbacks.evaluate(RunBeforeTestMethodCallbacks.java:74)
	at org.junit.internal.runners.statements.RunAfters.evaluate(RunAfters.java:27)
	at org.springframework.test.context.junit4.statements.RunAfterTestMethodCallbacks.evaluate(RunAfterTestMethodCallbacks.java:83)
	at org.springframework.test.context.junit4.statements.SpringRepeat.evaluate(SpringRepeat.java:72)
	at org.springframework.test.context.junit4.SpringJUnit4ClassRunner.runChild(SpringJUnit4ClassRunner.java:233)
	at org.springframework.test.context.junit4.SpringJUnit4ClassRunner.runChild(SpringJUnit4ClassRunner.java:87)
	at org.junit.runners.ParentRunner$3.run(ParentRunner.java:238)
	at org.junit.runners.ParentRunner$1.schedule(ParentRunner.java:63)
	at org.junit.runners.ParentRunner.runChildren(ParentRunner.java:236)
	at org.junit.runners.ParentRunner.access$000(ParentRunner.java:53)
	at org.junit.runners.ParentRunner$2.evaluate(ParentRunner.java:229)
	at org.junit.internal.runners.statements.RunBefores.evaluate(RunBefores.java:26)
	at org.springframework.test.context.junit4.statements.RunBeforeTestClassCallbacks.evaluate(RunBeforeTestClassCallbacks.java:61)
	at org.springframework.test.context.junit4.statements.RunAfterTestClassCallbacks.evaluate(RunAfterTestClassCallbacks.java:71)
	at org.junit.runners.ParentRunner.run(ParentRunner.java:309)
	at org.springframework.test.context.junit4.SpringJUnit4ClassRunner.run(SpringJUnit4ClassRunner.java:176)
	at org.gradle.api.internal.tasks.testing.junit.JUnitTestClassExecuter.runTestClass(JUnitTestClassExecuter.java:86)
	at org.gradle.api.internal.tasks.testing.junit.JUnitTestClassExecuter.execute(JUnitTestClassExecuter.java:49)
	at org.gradle.api.internal.tasks.testing.junit.JUnitTestClassProcessor.processTestClass(JUnitTestClassProcessor.java:64)
	at org.gradle.api.internal.tasks.testing.SuiteTestClassProcessor.processTestClass(SuiteTestClassProcessor.java:50)
	at sun.reflect.NativeMethodAccessorImpl.invoke0(Native Method)
	at sun.reflect.NativeMethodAccessorImpl.invoke(NativeMethodAccessorImpl.java:57)
	at sun.reflect.DelegatingMethodAccessorImpl.invoke(DelegatingMethodAccessorImpl.java:43)
	at java.lang.reflect.Method.invoke(Method.java:606)
	at org.gradle.messaging.dispatch.ReflectionDispatch.dispatch(ReflectionDispatch.java:35)
	at org.gradle.messaging.dispatch.ReflectionDispatch.dispatch(ReflectionDispatch.java:24)
	at org.gradle.messaging.dispatch.ContextClassLoaderDispatch.dispatch(ContextClassLoaderDispatch.java:32)
	at org.gradle.messaging.dispatch.ProxyDispatchAdapter$DispatchingInvocationHandler.invoke(ProxyDispatchAdapter.java:93)
	at com.sun.proxy.$Proxy2.processTestClass(Unknown Source)
	at org.gradle.api.internal.tasks.testing.worker.TestWorker.processTestClass(TestWorker.java:106)
	at sun.reflect.NativeMethodAccessorImpl.invoke0(Native Method)
	at sun.reflect.NativeMethodAccessorImpl.invoke(NativeMethodAccessorImpl.java:57)
	at sun.reflect.DelegatingMethodAccessorImpl.invoke(DelegatingMethodAccessorImpl.java:43)
	at java.lang.reflect.Method.invoke(Method.java:606)
	at org.gradle.messaging.dispatch.ReflectionDispatch.dispatch(ReflectionDispatch.java:35)
	at org.gradle.messaging.dispatch.ReflectionDispatch.dispatch(ReflectionDispatch.java:24)
	at org.gradle.messaging.remote.internal.hub.MessageHub$Handler.run(MessageHub.java:360)
	at org.gradle.internal.concurrent.DefaultExecutorFactory$StoppableExecutorImpl$1.run(DefaultExecutorFactory.java:64)
	at java.util.concurrent.ThreadPoolExecutor.runWorker(ThreadPoolExecutor.java:1145)
	at java.util.concurrent.ThreadPoolExecutor$Worker.run(ThreadPoolExecutor.java:615)
	at java.lang.Thread.run(Thread.java:745)
PasswordPolicy.minCapitalLetters must be less than or equal to 11
java.lang.SecurityException: PasswordPolicy.minCapitalLetters must be less than or equal to 11
	at com.athena.server.pluggable.utils.helper.EntityValidatorHelper.validateEntity(EntityValidatorHelper.java:37)
	at com.app.shared.appbasicsetup.usermanagement.PasswordPolicy.isValid(PasswordPolicy.java:264)
	at com.app.server.service.appbasicsetup.usermanagement.PasswordPolicyTestCase.validatePasswordPolicy(PasswordPolicyTestCase.java:218)
	at com.app.server.service.appbasicsetup.usermanagement.PasswordPolicyTestCase.test5NegativeTesting(PasswordPolicyTestCase.java:291)
	at sun.reflect.NativeMethodAccessorImpl.invoke0(Native Method)
	at sun.reflect.NativeMethodAccessorImpl.invoke(NativeMethodAccessorImpl.java:57)
	at sun.reflect.DelegatingMethodAccessorImpl.invoke(DelegatingMethodAccessorImpl.java:43)
	at java.lang.reflect.Method.invoke(Method.java:606)
	at org.junit.runners.model.FrameworkMethod$1.runReflectiveCall(FrameworkMethod.java:47)
	at org.junit.internal.runners.model.ReflectiveCallable.run(ReflectiveCallable.java:12)
	at org.junit.runners.model.FrameworkMethod.invokeExplosively(FrameworkMethod.java:44)
	at org.junit.internal.runners.statements.InvokeMethod.evaluate(InvokeMethod.java:17)
	at org.junit.internal.runners.statements.RunBefores.evaluate(RunBefores.java:26)
	at org.springframework.test.context.junit4.statements.RunBeforeTestMethodCallbacks.evaluate(RunBeforeTestMethodCallbacks.java:74)
	at org.junit.internal.runners.statements.RunAfters.evaluate(RunAfters.java:27)
	at org.springframework.test.context.junit4.statements.RunAfterTestMethodCallbacks.evaluate(RunAfterTestMethodCallbacks.java:83)
	at org.springframework.test.context.junit4.statements.SpringRepeat.evaluate(SpringRepeat.java:72)
	at org.springframework.test.context.junit4.SpringJUnit4ClassRunner.runChild(SpringJUnit4ClassRunner.java:233)
	at org.springframework.test.context.junit4.SpringJUnit4ClassRunner.runChild(SpringJUnit4ClassRunner.java:87)
	at org.junit.runners.ParentRunner$3.run(ParentRunner.java:238)
	at org.junit.runners.ParentRunner$1.schedule(ParentRunner.java:63)
	at org.junit.runners.ParentRunner.runChildren(ParentRunner.java:236)
	at org.junit.runners.ParentRunner.access$000(ParentRunner.java:53)
	at org.junit.runners.ParentRunner$2.evaluate(ParentRunner.java:229)
	at org.junit.internal.runners.statements.RunBefores.evaluate(RunBefores.java:26)
	at org.springframework.test.context.junit4.statements.RunBeforeTestClassCallbacks.evaluate(RunBeforeTestClassCallbacks.java:61)
	at org.springframework.test.context.junit4.statements.RunAfterTestClassCallbacks.evaluate(RunAfterTestClassCallbacks.java:71)
	at org.junit.runners.ParentRunner.run(ParentRunner.java:309)
	at org.springframework.test.context.junit4.SpringJUnit4ClassRunner.run(SpringJUnit4ClassRunner.java:176)
	at org.gradle.api.internal.tasks.testing.junit.JUnitTestClassExecuter.runTestClass(JUnitTestClassExecuter.java:86)
	at org.gradle.api.internal.tasks.testing.junit.JUnitTestClassExecuter.execute(JUnitTestClassExecuter.java:49)
	at org.gradle.api.internal.tasks.testing.junit.JUnitTestClassProcessor.processTestClass(JUnitTestClassProcessor.java:64)
	at org.gradle.api.internal.tasks.testing.SuiteTestClassProcessor.processTestClass(SuiteTestClassProcessor.java:50)
	at sun.reflect.NativeMethodAccessorImpl.invoke0(Native Method)
	at sun.reflect.NativeMethodAccessorImpl.invoke(NativeMethodAccessorImpl.java:57)
	at sun.reflect.DelegatingMethodAccessorImpl.invoke(DelegatingMethodAccessorImpl.java:43)
	at java.lang.reflect.Method.invoke(Method.java:606)
	at org.gradle.messaging.dispatch.ReflectionDispatch.dispatch(ReflectionDispatch.java:35)
	at org.gradle.messaging.dispatch.ReflectionDispatch.dispatch(ReflectionDispatch.java:24)
	at org.gradle.messaging.dispatch.ContextClassLoaderDispatch.dispatch(ContextClassLoaderDispatch.java:32)
	at org.gradle.messaging.dispatch.ProxyDispatchAdapter$DispatchingInvocationHandler.invoke(ProxyDispatchAdapter.java:93)
	at com.sun.proxy.$Proxy2.processTestClass(Unknown Source)
	at org.gradle.api.internal.tasks.testing.worker.TestWorker.processTestClass(TestWorker.java:106)
	at sun.reflect.NativeMethodAccessorImpl.invoke0(Native Method)
	at sun.reflect.NativeMethodAccessorImpl.invoke(NativeMethodAccessorImpl.java:57)
	at sun.reflect.DelegatingMethodAccessorImpl.invoke(DelegatingMethodAccessorImpl.java:43)
	at java.lang.reflect.Method.invoke(Method.java:606)
	at org.gradle.messaging.dispatch.ReflectionDispatch.dispatch(ReflectionDispatch.java:35)
	at org.gradle.messaging.dispatch.ReflectionDispatch.dispatch(ReflectionDispatch.java:24)
	at org.gradle.messaging.remote.internal.hub.MessageHub$Handler.run(MessageHub.java:360)
	at org.gradle.internal.concurrent.DefaultExecutorFactory$StoppableExecutorImpl$1.run(DefaultExecutorFactory.java:64)
	at java.util.concurrent.ThreadPoolExecutor.runWorker(ThreadPoolExecutor.java:1145)
	at java.util.concurrent.ThreadPoolExecutor$Worker.run(ThreadPoolExecutor.java:615)
	at java.lang.Thread.run(Thread.java:745)
PasswordPolicy.minSmallLetters must be less than or equal to 11
java.lang.SecurityException: PasswordPolicy.minSmallLetters must be less than or equal to 11
	at com.athena.server.pluggable.utils.helper.EntityValidatorHelper.validateEntity(EntityValidatorHelper.java:37)
	at com.app.shared.appbasicsetup.usermanagement.PasswordPolicy.isValid(PasswordPolicy.java:264)
	at com.app.server.service.appbasicsetup.usermanagement.PasswordPolicyTestCase.validatePasswordPolicy(PasswordPolicyTestCase.java:218)
	at com.app.server.service.appbasicsetup.usermanagement.PasswordPolicyTestCase.test5NegativeTesting(PasswordPolicyTestCase.java:296)
	at sun.reflect.NativeMethodAccessorImpl.invoke0(Native Method)
	at sun.reflect.NativeMethodAccessorImpl.invoke(NativeMethodAccessorImpl.java:57)
	at sun.reflect.DelegatingMethodAccessorImpl.invoke(DelegatingMethodAccessorImpl.java:43)
	at java.lang.reflect.Method.invoke(Method.java:606)
	at org.junit.runners.model.FrameworkMethod$1.runReflectiveCall(FrameworkMethod.java:47)
	at org.junit.internal.runners.model.ReflectiveCallable.run(ReflectiveCallable.java:12)
	at org.junit.runners.model.FrameworkMethod.invokeExplosively(FrameworkMethod.java:44)
	at org.junit.internal.runners.statements.InvokeMethod.evaluate(InvokeMethod.java:17)
	at org.junit.internal.runners.statements.RunBefores.evaluate(RunBefores.java:26)
	at org.springframework.test.context.junit4.statements.RunBeforeTestMethodCallbacks.evaluate(RunBeforeTestMethodCallbacks.java:74)
	at org.junit.internal.runners.statements.RunAfters.evaluate(RunAfters.java:27)
	at org.springframework.test.context.junit4.statements.RunAfterTestMethodCallbacks.evaluate(RunAfterTestMethodCallbacks.java:83)
	at org.springframework.test.context.junit4.statements.SpringRepeat.evaluate(SpringRepeat.java:72)
	at org.springframework.test.context.junit4.SpringJUnit4ClassRunner.runChild(SpringJUnit4ClassRunner.java:233)
	at org.springframework.test.context.junit4.SpringJUnit4ClassRunner.runChild(SpringJUnit4ClassRunner.java:87)
	at org.junit.runners.ParentRunner$3.run(ParentRunner.java:238)
	at org.junit.runners.ParentRunner$1.schedule(ParentRunner.java:63)
	at org.junit.runners.ParentRunner.runChildren(ParentRunner.java:236)
	at org.junit.runners.ParentRunner.access$000(ParentRunner.java:53)
	at org.junit.runners.ParentRunner$2.evaluate(ParentRunner.java:229)
	at org.junit.internal.runners.statements.RunBefores.evaluate(RunBefores.java:26)
	at org.springframework.test.context.junit4.statements.RunBeforeTestClassCallbacks.evaluate(RunBeforeTestClassCallbacks.java:61)
	at org.springframework.test.context.junit4.statements.RunAfterTestClassCallbacks.evaluate(RunAfterTestClassCallbacks.java:71)
	at org.junit.runners.ParentRunner.run(ParentRunner.java:309)
	at org.springframework.test.context.junit4.SpringJUnit4ClassRunner.run(SpringJUnit4ClassRunner.java:176)
	at org.gradle.api.internal.tasks.testing.junit.JUnitTestClassExecuter.runTestClass(JUnitTestClassExecuter.java:86)
	at org.gradle.api.internal.tasks.testing.junit.JUnitTestClassExecuter.execute(JUnitTestClassExecuter.java:49)
	at org.gradle.api.internal.tasks.testing.junit.JUnitTestClassProcessor.processTestClass(JUnitTestClassProcessor.java:64)
	at org.gradle.api.internal.tasks.testing.SuiteTestClassProcessor.processTestClass(SuiteTestClassProcessor.java:50)
	at sun.reflect.NativeMethodAccessorImpl.invoke0(Native Method)
	at sun.reflect.NativeMethodAccessorImpl.invoke(NativeMethodAccessorImpl.java:57)
	at sun.reflect.DelegatingMethodAccessorImpl.invoke(DelegatingMethodAccessorImpl.java:43)
	at java.lang.reflect.Method.invoke(Method.java:606)
	at org.gradle.messaging.dispatch.ReflectionDispatch.dispatch(ReflectionDispatch.java:35)
	at org.gradle.messaging.dispatch.ReflectionDispatch.dispatch(ReflectionDispatch.java:24)
	at org.gradle.messaging.dispatch.ContextClassLoaderDispatch.dispatch(ContextClassLoaderDispatch.java:32)
	at org.gradle.messaging.dispatch.ProxyDispatchAdapter$DispatchingInvocationHandler.invoke(ProxyDispatchAdapter.java:93)
	at com.sun.proxy.$Proxy2.processTestClass(Unknown Source)
	at org.gradle.api.internal.tasks.testing.worker.TestWorker.processTestClass(TestWorker.java:106)
	at sun.reflect.NativeMethodAccessorImpl.invoke0(Native Method)
	at sun.reflect.NativeMethodAccessorImpl.invoke(NativeMethodAccessorImpl.java:57)
	at sun.reflect.DelegatingMethodAccessorImpl.invoke(DelegatingMethodAccessorImpl.java:43)
	at java.lang.reflect.Method.invoke(Method.java:606)
	at org.gradle.messaging.dispatch.ReflectionDispatch.dispatch(ReflectionDispatch.java:35)
	at org.gradle.messaging.dispatch.ReflectionDispatch.dispatch(ReflectionDispatch.java:24)
	at org.gradle.messaging.remote.internal.hub.MessageHub$Handler.run(MessageHub.java:360)
	at org.gradle.internal.concurrent.DefaultExecutorFactory$StoppableExecutorImpl$1.run(DefaultExecutorFactory.java:64)
	at java.util.concurrent.ThreadPoolExecutor.runWorker(ThreadPoolExecutor.java:1145)
	at java.util.concurrent.ThreadPoolExecutor$Worker.run(ThreadPoolExecutor.java:615)
	at java.lang.Thread.run(Thread.java:745)
PasswordPolicy.minNumericValues must be less than or equal to 11
java.lang.SecurityException: PasswordPolicy.minNumericValues must be less than or equal to 11
	at com.athena.server.pluggable.utils.helper.EntityValidatorHelper.validateEntity(EntityValidatorHelper.java:37)
	at com.app.shared.appbasicsetup.usermanagement.PasswordPolicy.isValid(PasswordPolicy.java:264)
	at com.app.server.service.appbasicsetup.usermanagement.PasswordPolicyTestCase.validatePasswordPolicy(PasswordPolicyTestCase.java:218)
	at com.app.server.service.appbasicsetup.usermanagement.PasswordPolicyTestCase.test5NegativeTesting(PasswordPolicyTestCase.java:301)
	at sun.reflect.NativeMethodAccessorImpl.invoke0(Native Method)
	at sun.reflect.NativeMethodAccessorImpl.invoke(NativeMethodAccessorImpl.java:57)
	at sun.reflect.DelegatingMethodAccessorImpl.invoke(DelegatingMethodAccessorImpl.java:43)
	at java.lang.reflect.Method.invoke(Method.java:606)
	at org.junit.runners.model.FrameworkMethod$1.runReflectiveCall(FrameworkMethod.java:47)
	at org.junit.internal.runners.model.ReflectiveCallable.run(ReflectiveCallable.java:12)
	at org.junit.runners.model.FrameworkMethod.invokeExplosively(FrameworkMethod.java:44)
	at org.junit.internal.runners.statements.InvokeMethod.evaluate(InvokeMethod.java:17)
	at org.junit.internal.runners.statements.RunBefores.evaluate(RunBefores.java:26)
	at org.springframework.test.context.junit4.statements.RunBeforeTestMethodCallbacks.evaluate(RunBeforeTestMethodCallbacks.java:74)
	at org.junit.internal.runners.statements.RunAfters.evaluate(RunAfters.java:27)
	at org.springframework.test.context.junit4.statements.RunAfterTestMethodCallbacks.evaluate(RunAfterTestMethodCallbacks.java:83)
	at org.springframework.test.context.junit4.statements.SpringRepeat.evaluate(SpringRepeat.java:72)
	at org.springframework.test.context.junit4.SpringJUnit4ClassRunner.runChild(SpringJUnit4ClassRunner.java:233)
	at org.springframework.test.context.junit4.SpringJUnit4ClassRunner.runChild(SpringJUnit4ClassRunner.java:87)
	at org.junit.runners.ParentRunner$3.run(ParentRunner.java:238)
	at org.junit.runners.ParentRunner$1.schedule(ParentRunner.java:63)
	at org.junit.runners.ParentRunner.runChildren(ParentRunner.java:236)
	at org.junit.runners.ParentRunner.access$000(ParentRunner.java:53)
	at org.junit.runners.ParentRunner$2.evaluate(ParentRunner.java:229)
	at org.junit.internal.runners.statements.RunBefores.evaluate(RunBefores.java:26)
	at org.springframework.test.context.junit4.statements.RunBeforeTestClassCallbacks.evaluate(RunBeforeTestClassCallbacks.java:61)
	at org.springframework.test.context.junit4.statements.RunAfterTestClassCallbacks.evaluate(RunAfterTestClassCallbacks.java:71)
	at org.junit.runners.ParentRunner.run(ParentRunner.java:309)
	at org.springframework.test.context.junit4.SpringJUnit4ClassRunner.run(SpringJUnit4ClassRunner.java:176)
	at org.gradle.api.internal.tasks.testing.junit.JUnitTestClassExecuter.runTestClass(JUnitTestClassExecuter.java:86)
	at org.gradle.api.internal.tasks.testing.junit.JUnitTestClassExecuter.execute(JUnitTestClassExecuter.java:49)
	at org.gradle.api.internal.tasks.testing.junit.JUnitTestClassProcessor.processTestClass(JUnitTestClassProcessor.java:64)
	at org.gradle.api.internal.tasks.testing.SuiteTestClassProcessor.processTestClass(SuiteTestClassProcessor.java:50)
	at sun.reflect.NativeMethodAccessorImpl.invoke0(Native Method)
	at sun.reflect.NativeMethodAccessorImpl.invoke(NativeMethodAccessorImpl.java:57)
	at sun.reflect.DelegatingMethodAccessorImpl.invoke(DelegatingMethodAccessorImpl.java:43)
	at java.lang.reflect.Method.invoke(Method.java:606)
	at org.gradle.messaging.dispatch.ReflectionDispatch.dispatch(ReflectionDispatch.java:35)
	at org.gradle.messaging.dispatch.ReflectionDispatch.dispatch(ReflectionDispatch.java:24)
	at org.gradle.messaging.dispatch.ContextClassLoaderDispatch.dispatch(ContextClassLoaderDispatch.java:32)
	at org.gradle.messaging.dispatch.ProxyDispatchAdapter$DispatchingInvocationHandler.invoke(ProxyDispatchAdapter.java:93)
	at com.sun.proxy.$Proxy2.processTestClass(Unknown Source)
	at org.gradle.api.internal.tasks.testing.worker.TestWorker.processTestClass(TestWorker.java:106)
	at sun.reflect.NativeMethodAccessorImpl.invoke0(Native Method)
	at sun.reflect.NativeMethodAccessorImpl.invoke(NativeMethodAccessorImpl.java:57)
	at sun.reflect.DelegatingMethodAccessorImpl.invoke(DelegatingMethodAccessorImpl.java:43)
	at java.lang.reflect.Method.invoke(Method.java:606)
	at org.gradle.messaging.dispatch.ReflectionDispatch.dispatch(ReflectionDispatch.java:35)
	at org.gradle.messaging.dispatch.ReflectionDispatch.dispatch(ReflectionDispatch.java:24)
	at org.gradle.messaging.remote.internal.hub.MessageHub$Handler.run(MessageHub.java:360)
	at org.gradle.internal.concurrent.DefaultExecutorFactory$StoppableExecutorImpl$1.run(DefaultExecutorFactory.java:64)
	at java.util.concurrent.ThreadPoolExecutor.runWorker(ThreadPoolExecutor.java:1145)
	at java.util.concurrent.ThreadPoolExecutor$Worker.run(ThreadPoolExecutor.java:615)
	at java.lang.Thread.run(Thread.java:745)
PasswordPolicy.minSpecialLetters must be less than or equal to 11
java.lang.SecurityException: PasswordPolicy.minSpecialLetters must be less than or equal to 11
	at com.athena.server.pluggable.utils.helper.EntityValidatorHelper.validateEntity(EntityValidatorHelper.java:37)
	at com.app.shared.appbasicsetup.usermanagement.PasswordPolicy.isValid(PasswordPolicy.java:264)
	at com.app.server.service.appbasicsetup.usermanagement.PasswordPolicyTestCase.validatePasswordPolicy(PasswordPolicyTestCase.java:218)
	at com.app.server.service.appbasicsetup.usermanagement.PasswordPolicyTestCase.test5NegativeTesting(PasswordPolicyTestCase.java:306)
	at sun.reflect.NativeMethodAccessorImpl.invoke0(Native Method)
	at sun.reflect.NativeMethodAccessorImpl.invoke(NativeMethodAccessorImpl.java:57)
	at sun.reflect.DelegatingMethodAccessorImpl.invoke(DelegatingMethodAccessorImpl.java:43)
	at java.lang.reflect.Method.invoke(Method.java:606)
	at org.junit.runners.model.FrameworkMethod$1.runReflectiveCall(FrameworkMethod.java:47)
	at org.junit.internal.runners.model.ReflectiveCallable.run(ReflectiveCallable.java:12)
	at org.junit.runners.model.FrameworkMethod.invokeExplosively(FrameworkMethod.java:44)
	at org.junit.internal.runners.statements.InvokeMethod.evaluate(InvokeMethod.java:17)
	at org.junit.internal.runners.statements.RunBefores.evaluate(RunBefores.java:26)
	at org.springframework.test.context.junit4.statements.RunBeforeTestMethodCallbacks.evaluate(RunBeforeTestMethodCallbacks.java:74)
	at org.junit.internal.runners.statements.RunAfters.evaluate(RunAfters.java:27)
	at org.springframework.test.context.junit4.statements.RunAfterTestMethodCallbacks.evaluate(RunAfterTestMethodCallbacks.java:83)
	at org.springframework.test.context.junit4.statements.SpringRepeat.evaluate(SpringRepeat.java:72)
	at org.springframework.test.context.junit4.SpringJUnit4ClassRunner.runChild(SpringJUnit4ClassRunner.java:233)
	at org.springframework.test.context.junit4.SpringJUnit4ClassRunner.runChild(SpringJUnit4ClassRunner.java:87)
	at org.junit.runners.ParentRunner$3.run(ParentRunner.java:238)
	at org.junit.runners.ParentRunner$1.schedule(ParentRunner.java:63)
	at org.junit.runners.ParentRunner.runChildren(ParentRunner.java:236)
	at org.junit.runners.ParentRunner.access$000(ParentRunner.java:53)
	at org.junit.runners.ParentRunner$2.evaluate(ParentRunner.java:229)
	at org.junit.internal.runners.statements.RunBefores.evaluate(RunBefores.java:26)
	at org.springframework.test.context.junit4.statements.RunBeforeTestClassCallbacks.evaluate(RunBeforeTestClassCallbacks.java:61)
	at org.springframework.test.context.junit4.statements.RunAfterTestClassCallbacks.evaluate(RunAfterTestClassCallbacks.java:71)
	at org.junit.runners.ParentRunner.run(ParentRunner.java:309)
	at org.springframework.test.context.junit4.SpringJUnit4ClassRunner.run(SpringJUnit4ClassRunner.java:176)
	at org.gradle.api.internal.tasks.testing.junit.JUnitTestClassExecuter.runTestClass(JUnitTestClassExecuter.java:86)
	at org.gradle.api.internal.tasks.testing.junit.JUnitTestClassExecuter.execute(JUnitTestClassExecuter.java:49)
	at org.gradle.api.internal.tasks.testing.junit.JUnitTestClassProcessor.processTestClass(JUnitTestClassProcessor.java:64)
	at org.gradle.api.internal.tasks.testing.SuiteTestClassProcessor.processTestClass(SuiteTestClassProcessor.java:50)
	at sun.reflect.NativeMethodAccessorImpl.invoke0(Native Method)
	at sun.reflect.NativeMethodAccessorImpl.invoke(NativeMethodAccessorImpl.java:57)
	at sun.reflect.DelegatingMethodAccessorImpl.invoke(DelegatingMethodAccessorImpl.java:43)
	at java.lang.reflect.Method.invoke(Method.java:606)
	at org.gradle.messaging.dispatch.ReflectionDispatch.dispatch(ReflectionDispatch.java:35)
	at org.gradle.messaging.dispatch.ReflectionDispatch.dispatch(ReflectionDispatch.java:24)
	at org.gradle.messaging.dispatch.ContextClassLoaderDispatch.dispatch(ContextClassLoaderDispatch.java:32)
	at org.gradle.messaging.dispatch.ProxyDispatchAdapter$DispatchingInvocationHandler.invoke(ProxyDispatchAdapter.java:93)
	at com.sun.proxy.$Proxy2.processTestClass(Unknown Source)
	at org.gradle.api.internal.tasks.testing.worker.TestWorker.processTestClass(TestWorker.java:106)
	at sun.reflect.NativeMethodAccessorImpl.invoke0(Native Method)
	at sun.reflect.NativeMethodAccessorImpl.invoke(NativeMethodAccessorImpl.java:57)
	at sun.reflect.DelegatingMethodAccessorImpl.invoke(DelegatingMethodAccessorImpl.java:43)
	at java.lang.reflect.Method.invoke(Method.java:606)
	at org.gradle.messaging.dispatch.ReflectionDispatch.dispatch(ReflectionDispatch.java:35)
	at org.gradle.messaging.dispatch.ReflectionDispatch.dispatch(ReflectionDispatch.java:24)
	at org.gradle.messaging.remote.internal.hub.MessageHub$Handler.run(MessageHub.java:360)
	at org.gradle.internal.concurrent.DefaultExecutorFactory$StoppableExecutorImpl$1.run(DefaultExecutorFactory.java:64)
	at java.util.concurrent.ThreadPoolExecutor.runWorker(ThreadPoolExecutor.java:1145)
	at java.util.concurrent.ThreadPoolExecutor$Worker.run(ThreadPoolExecutor.java:615)
	at java.lang.Thread.run(Thread.java:745)
PasswordPolicy.allowedSpecialLetters size must be between 0 and 256
java.lang.SecurityException: PasswordPolicy.allowedSpecialLetters size must be between 0 and 256
	at com.athena.server.pluggable.utils.helper.EntityValidatorHelper.validateEntity(EntityValidatorHelper.java:37)
	at com.app.shared.appbasicsetup.usermanagement.PasswordPolicy.isValid(PasswordPolicy.java:264)
	at com.app.server.service.appbasicsetup.usermanagement.PasswordPolicyTestCase.validatePasswordPolicy(PasswordPolicyTestCase.java:218)
	at com.app.server.service.appbasicsetup.usermanagement.PasswordPolicyTestCase.test5NegativeTesting(PasswordPolicyTestCase.java:311)
	at sun.reflect.NativeMethodAccessorImpl.invoke0(Native Method)
	at sun.reflect.NativeMethodAccessorImpl.invoke(NativeMethodAccessorImpl.java:57)
	at sun.reflect.DelegatingMethodAccessorImpl.invoke(DelegatingMethodAccessorImpl.java:43)
	at java.lang.reflect.Method.invoke(Method.java:606)
	at org.junit.runners.model.FrameworkMethod$1.runReflectiveCall(FrameworkMethod.java:47)
	at org.junit.internal.runners.model.ReflectiveCallable.run(ReflectiveCallable.java:12)
	at org.junit.runners.model.FrameworkMethod.invokeExplosively(FrameworkMethod.java:44)
	at org.junit.internal.runners.statements.InvokeMethod.evaluate(InvokeMethod.java:17)
	at org.junit.internal.runners.statements.RunBefores.evaluate(RunBefores.java:26)
	at org.springframework.test.context.junit4.statements.RunBeforeTestMethodCallbacks.evaluate(RunBeforeTestMethodCallbacks.java:74)
	at org.junit.internal.runners.statements.RunAfters.evaluate(RunAfters.java:27)
	at org.springframework.test.context.junit4.statements.RunAfterTestMethodCallbacks.evaluate(RunAfterTestMethodCallbacks.java:83)
	at org.springframework.test.context.junit4.statements.SpringRepeat.evaluate(SpringRepeat.java:72)
	at org.springframework.test.context.junit4.SpringJUnit4ClassRunner.runChild(SpringJUnit4ClassRunner.java:233)
	at org.springframework.test.context.junit4.SpringJUnit4ClassRunner.runChild(SpringJUnit4ClassRunner.java:87)
	at org.junit.runners.ParentRunner$3.run(ParentRunner.java:238)
	at org.junit.runners.ParentRunner$1.schedule(ParentRunner.java:63)
	at org.junit.runners.ParentRunner.runChildren(ParentRunner.java:236)
	at org.junit.runners.ParentRunner.access$000(ParentRunner.java:53)
	at org.junit.runners.ParentRunner$2.evaluate(ParentRunner.java:229)
	at org.junit.internal.runners.statements.RunBefores.evaluate(RunBefores.java:26)
	at org.springframework.test.context.junit4.statements.RunBeforeTestClassCallbacks.evaluate(RunBeforeTestClassCallbacks.java:61)
	at org.springframework.test.context.junit4.statements.RunAfterTestClassCallbacks.evaluate(RunAfterTestClassCallbacks.java:71)
	at org.junit.runners.ParentRunner.run(ParentRunner.java:309)
	at org.springframework.test.context.junit4.SpringJUnit4ClassRunner.run(SpringJUnit4ClassRunner.java:176)
	at org.gradle.api.internal.tasks.testing.junit.JUnitTestClassExecuter.runTestClass(JUnitTestClassExecuter.java:86)
	at org.gradle.api.internal.tasks.testing.junit.JUnitTestClassExecuter.execute(JUnitTestClassExecuter.java:49)
	at org.gradle.api.internal.tasks.testing.junit.JUnitTestClassProcessor.processTestClass(JUnitTestClassProcessor.java:64)
	at org.gradle.api.internal.tasks.testing.SuiteTestClassProcessor.processTestClass(SuiteTestClassProcessor.java:50)
	at sun.reflect.NativeMethodAccessorImpl.invoke0(Native Method)
	at sun.reflect.NativeMethodAccessorImpl.invoke(NativeMethodAccessorImpl.java:57)
	at sun.reflect.DelegatingMethodAccessorImpl.invoke(DelegatingMethodAccessorImpl.java:43)
	at java.lang.reflect.Method.invoke(Method.java:606)
	at org.gradle.messaging.dispatch.ReflectionDispatch.dispatch(ReflectionDispatch.java:35)
	at org.gradle.messaging.dispatch.ReflectionDispatch.dispatch(ReflectionDispatch.java:24)
	at org.gradle.messaging.dispatch.ContextClassLoaderDispatch.dispatch(ContextClassLoaderDispatch.java:32)
	at org.gradle.messaging.dispatch.ProxyDispatchAdapter$DispatchingInvocationHandler.invoke(ProxyDispatchAdapter.java:93)
	at com.sun.proxy.$Proxy2.processTestClass(Unknown Source)
	at org.gradle.api.internal.tasks.testing.worker.TestWorker.processTestClass(TestWorker.java:106)
	at sun.reflect.NativeMethodAccessorImpl.invoke0(Native Method)
	at sun.reflect.NativeMethodAccessorImpl.invoke(NativeMethodAccessorImpl.java:57)
	at sun.reflect.DelegatingMethodAccessorImpl.invoke(DelegatingMethodAccessorImpl.java:43)
	at java.lang.reflect.Method.invoke(Method.java:606)
	at org.gradle.messaging.dispatch.ReflectionDispatch.dispatch(ReflectionDispatch.java:35)
	at org.gradle.messaging.dispatch.ReflectionDispatch.dispatch(ReflectionDispatch.java:24)
	at org.gradle.messaging.remote.internal.hub.MessageHub$Handler.run(MessageHub.java:360)
	at org.gradle.internal.concurrent.DefaultExecutorFactory$StoppableExecutorImpl$1.run(DefaultExecutorFactory.java:64)
	at java.util.concurrent.ThreadPoolExecutor.runWorker(ThreadPoolExecutor.java:1145)
	at java.util.concurrent.ThreadPoolExecutor$Worker.run(ThreadPoolExecutor.java:615)
	at java.lang.Thread.run(Thread.java:745)
]]></system-err>
</testsuite>
