<?xml version="1.0" encoding="UTF-8"?>
<testsuite name="com.app.server.service.appbasicsetup.aaa.PublicApiTestCase" tests="5" skipped="0" failures="0" errors="0" timestamp="2016-08-26T11:58:09" hostname="cb70812798e4" time="1.885">
  <properties/>
  <testcase name="test1Save" classname="com.app.server.service.appbasicsetup.aaa.PublicApiTestCase" time="1.161"/>
  <testcase name="test2Update" classname="com.app.server.service.appbasicsetup.aaa.PublicApiTestCase" time="0.158"/>
  <testcase name="test3FindById" classname="com.app.server.service.appbasicsetup.aaa.PublicApiTestCase" time="0.034"/>
  <testcase name="test5NegativeTesting" classname="com.app.server.service.appbasicsetup.aaa.PublicApiTestCase" time="0.023"/>
  <testcase name="test6Delete" classname="com.app.server.service.appbasicsetup.aaa.PublicApiTestCase" time="0.509"/>
  <system-out><![CDATA[Fri Aug 26 11:58:09 UTC 2016|Log Manager Factory|Initialization Process started.....
Fri Aug 26 11:58:09 UTC 2016|Log Manager|Initialized with Path = [/home/applifire/workspace/newproject/src/main/webapp/WEB-INF/conf]
Fri Aug 26 11:58:09 UTC 2016|Alarm Manager|Initialized with Path = [/home/applifire/workspace/newproject/src/main/webapp/WEB-INF/conf]
Fri Aug 26 11:58:09 UTC 2016|Alarm Manager|Loading Alarms ......
Fri Aug 26 11:58:09 UTC 2016|Alarm XML Parser|FWA|XML Parsing Complete........ 
Fri Aug 26 11:58:09 UTC 2016|Alarm File Manager|FWA|Alarm File Status.. [ApplicationFrameworkAlarms.xml]|Version=15|Status=Done 
Fri Aug 26 11:58:09 UTC 2016|Alarm File Manager|FWA|Alarm Stats = ( BC/AL=5/786 SYS=5/11 [786/0]  TPL=0/0 [0/0]  APP= A.Map=[875]  E.Map EC/RC=[391/79] )
Fri Aug 26 11:58:09 UTC 2016|Alarm XML Parser|APP|XML Parsing Complete........ 
Fri Aug 26 11:58:09 UTC 2016|Alarm File Manager|APP|Alarm File Status.. [ApplicationAlarms.xml]|Version=1|Status=Done 
Fri Aug 26 11:58:09 UTC 2016|Alarm File Manager|APP|Alarm Stats = ( BC/AL=5/786 SYS=5/11 [786/0]  TPL=0/0 [0/0]  APP=0/0 [0/0]  A.Map=[875]  E.Map EC/RC=[391/79] )
Fri Aug 26 11:58:09 UTC 2016|ApplicationAlarmContext| <><><><><> Create App Alarms ....  <><><><><> 
Fri Aug 26 11:58:09 UTC 2016|ApplicationAlarmContext|Alarms are generated ONLY in Development Mode.. 
Fri Aug 26 11:58:09 UTC 2016|Alarm Manager|APP|Alarm Stats = ( BC/AL=5/786 SYS=5/11 [786/0]  TPL=0/0 [0/0]  APP=0/0 [0/0]  A.Map=[875]  E.Map EC/RC=[391/79] )
Fri Aug 26 11:58:09 UTC 2016|Alarm Manager|Initialized Exception Lookup...
Fri Aug 26 11:58:09 UTC 2016|Log Manager|Initialize Log Config File ......
Fri Aug 26 11:58:09 UTC 2016|Pluggable Connectors|Adding Connectors : StandardOutputConnector isEnabled=true isDefault=false isFallBack=true
Fri Aug 26 11:58:09 UTC 2016|Pluggable Connectors|Adding Connectors : StandardFileConnector isEnabled=true isDefault=false isFallBack=false
Fri Aug 26 11:58:09 UTC 2016|Pluggable Connectors|Adding Connectors : Sprinkler isEnabled=true isDefault=true isFallBack=false
Fri Aug 26 11:58:09 UTC 2016|Pluggable Connectors|Default Connector Name : com.spartan.logger.core.LogMessenger
Fri Aug 26 11:58:09 UTC 2016|Log Config Parser|Connector Least Log Level =[4]  FallBack Log Level =[3]
Fri Aug 26 11:58:09 UTC 2016|Log Manager|Loading Default Connector for Logging ......
Fri Aug 26 11:58:09 UTC 2016|Log Manager|Loading class .. com.spartan.logger.core.LogMessenger
Fri Aug 26 11:58:09 UTC 2016|Plugggable Connector|Connector class com.spartan.logger.core.LogMessenger Initialized... @ Log Level = 3
Fri Aug 26 11:58:09 UTC 2016|Log Manager|Starting the Default Connector [com.spartan.logger.core.LogMessenger@13828679] ....
Fri Aug 26 11:58:09 UTC 2016|Scheduler|Starting the Scheduler ......
Fri Aug 26 11:58:09 UTC 2016|Scheduler|Adding [LMID=[8bd5b2f7-a14f-4448-a326-aafb3b5b2c5e]] Delay=5 Time Unit=MINUTES
Fri Aug 26 11:58:09 UTC 2016|Scheduler|Adding [App Alarm Manager File=[ApplicationAlarms.xml]] Delay=30 Time Unit=MINUTES
Fri Aug 26 11:58:09 UTC 2016|Scheduler|Adding [FW Alarm Manager File=[ApplicationFrameworkAlarms.xml]] Delay=3 Time Unit=MINUTES
Fri Aug 26 11:58:09 UTC 2016|Scheduler|Startup Completed..
Fri Aug 26 11:58:09 UTC 2016|Log Manager|Initialization Process Complete ......
Fri Aug 26 11:58:09 UTC 2016|Log Manager Factory|Log Manager READY! ID = 8bd5b2f7-a14f-4448-a326-aafb3b5b2c5e
[EL Finer]: connection: 2016-08-26 11:58:09.643--ServerSession(648080322)--Thread(Thread[Test worker,5,main])--client acquired: 423490926
[EL Finer]: transaction: 2016-08-26 11:58:09.643--ClientSession(423490926)--Thread(Thread[Test worker,5,main])--acquire unit of work: 851187124
[EL Finest]: connection: 2016-08-26 11:58:09.643--ServerSession(648080322)--Connection(1513420401)--Thread(Thread[Test worker,5,main])--Connection acquired from connection pool [default].
[EL Finer]: transaction: 2016-08-26 11:58:09.644--ClientSession(423490926)--Connection(1513420401)--Thread(Thread[Test worker,5,main])--begin transaction
[EL Finest]: connection: 2016-08-26 11:58:09.644--ClientSession(423490926)--Thread(Thread[Test worker,5,main])--reconnecting to external connection pool
[EL Finest]: transaction: 2016-08-26 11:58:09.652--UnitOfWork(851187124)--Thread(Thread[Test worker,5,main])--persist() operation called on: .
[EL Finest]: sequencing: 2016-08-26 11:58:09.652--UnitOfWork(851187124)--Thread(Thread[Test worker,5,main])--assign sequence to the object (B9314E8B-AD5F-49D6-8DB9-DC6F3DD7C70A -> )
Fri Aug 26 11:58:09 UTC 2016|Unknown Alarm = ABSAA322100200 Alarm Split = ABS-AA-3-2-2-100-200
[EL Finer]: transaction: 2016-08-26 11:58:10.548--UnitOfWork(851187124)--Thread(Thread[Test worker,5,main])--begin unit of work commit
[EL Finest]: query: 2016-08-26 11:58:10.548--UnitOfWork(851187124)--Thread(Thread[Test worker,5,main])--Execute query InsertObjectQuery()
[EL Fine]: sql: 2016-08-26 11:58:10.549--ClientSession(423490926)--Connection(830257150)--Thread(Thread[Test worker,5,main])--INSERT INTO ast_PublicApi_M (apiId, apiData, schedulerDetails, versionId, createdBy, createdDate, updatedBy, updatedDate, activeStatus, txnAccessCode) VALUES (?, ?, ?, ?, ?, ?, ?, ?, ?, ?)
	bind => [B9314E8B-AD5F-49D6-8DB9-DC6F3DD7C70A, F8zDg2HmtZgk7uDWtXOsBtfQg5mfO5zh82xhRDwgUwJZU4cOeI, Ba1Sw9degPjUlQn9byERR9Q2vcQKlgzrJkrEBnH1oa6IjSbHcb, 1, AAAAA, 2016-08-26 11:58:09.493, AAAAA, 2016-08-26 11:58:09.493, 1, 51000]
[EL Finer]: transaction: 2016-08-26 11:58:10.552--ClientSession(423490926)--Connection(830257150)--Thread(Thread[Test worker,5,main])--commit transaction
[EL Finest]: connection: 2016-08-26 11:58:10.623--ServerSession(648080322)--Connection(1513420401)--Thread(Thread[Test worker,5,main])--Connection released to connection pool [default].
[EL Finer]: transaction: 2016-08-26 11:58:10.623--UnitOfWork(851187124)--Thread(Thread[Test worker,5,main])--end unit of work commit
[EL Finer]: transaction: 2016-08-26 11:58:10.623--UnitOfWork(851187124)--Thread(Thread[Test worker,5,main])--resume unit of work
[EL Finer]: transaction: 2016-08-26 11:58:10.623--UnitOfWork(851187124)--Thread(Thread[Test worker,5,main])--release unit of work
[EL Finer]: connection: 2016-08-26 11:58:10.623--ClientSession(423490926)--Thread(Thread[Test worker,5,main])--client released
[EL Finer]: connection: 2016-08-26 11:58:10.646--ServerSession(648080322)--Thread(Thread[Test worker,5,main])--client acquired: 282774855
[EL Finer]: transaction: 2016-08-26 11:58:10.646--ClientSession(282774855)--Thread(Thread[Test worker,5,main])--acquire unit of work: 215677174
[EL Finest]: connection: 2016-08-26 11:58:10.646--ServerSession(648080322)--Connection(2081350929)--Thread(Thread[Test worker,5,main])--Connection acquired from connection pool [default].
[EL Finer]: transaction: 2016-08-26 11:58:10.646--ClientSession(282774855)--Connection(2081350929)--Thread(Thread[Test worker,5,main])--begin transaction
[EL Finest]: connection: 2016-08-26 11:58:10.646--ClientSession(282774855)--Thread(Thread[Test worker,5,main])--reconnecting to external connection pool
[EL Finer]: transaction: 2016-08-26 11:58:10.648--UnitOfWork(215677174)--Thread(Thread[Test worker,5,main])--begin unit of work flush
[EL Finer]: transaction: 2016-08-26 11:58:10.648--UnitOfWork(215677174)--Thread(Thread[Test worker,5,main])--end unit of work flush
[EL Finest]: query: 2016-08-26 11:58:10.649--UnitOfWork(215677174)--Thread(Thread[Test worker,5,main])--Execute query ReadAllQuery(name="PublicApi.findById" referenceClass=PublicApi sql="SELECT apiId, apiData, schedulerDetails, versionId, createdBy, createdDate, updatedBy, updatedDate, activeStatus, txnAccessCode FROM ast_PublicApi_M WHERE ((activeStatus = ?) AND (apiId = ?))")
[EL Fine]: sql: 2016-08-26 11:58:10.649--ClientSession(282774855)--Connection(1162748329)--Thread(Thread[Test worker,5,main])--SELECT apiId, apiData, schedulerDetails, versionId, createdBy, createdDate, updatedBy, updatedDate, activeStatus, txnAccessCode FROM ast_PublicApi_M WHERE ((activeStatus = ?) AND (apiId = ?))
	bind => [1, B9314E8B-AD5F-49D6-8DB9-DC6F3DD7C70A]
Fri Aug 26 11:58:10 UTC 2016|Unknown Alarm = ABSAA324100200 Alarm Split = ABS-AA-3-2-4-100-200
[EL Finer]: transaction: 2016-08-26 11:58:10.651--UnitOfWork(215677174)--Thread(Thread[Test worker,5,main])--begin unit of work commit
[EL Finer]: transaction: 2016-08-26 11:58:10.652--ClientSession(282774855)--Connection(1162748329)--Thread(Thread[Test worker,5,main])--commit transaction
[EL Finest]: connection: 2016-08-26 11:58:10.652--ServerSession(648080322)--Connection(2081350929)--Thread(Thread[Test worker,5,main])--Connection released to connection pool [default].
[EL Finer]: transaction: 2016-08-26 11:58:10.652--UnitOfWork(215677174)--Thread(Thread[Test worker,5,main])--end unit of work commit
[EL Finer]: transaction: 2016-08-26 11:58:10.653--UnitOfWork(215677174)--Thread(Thread[Test worker,5,main])--resume unit of work
[EL Finer]: transaction: 2016-08-26 11:58:10.653--UnitOfWork(215677174)--Thread(Thread[Test worker,5,main])--release unit of work
[EL Finer]: connection: 2016-08-26 11:58:10.653--ClientSession(282774855)--Thread(Thread[Test worker,5,main])--client released
[EL Finer]: connection: 2016-08-26 11:58:10.653--ServerSession(648080322)--Thread(Thread[Test worker,5,main])--client acquired: 1897018767
[EL Finer]: transaction: 2016-08-26 11:58:10.654--ClientSession(1897018767)--Thread(Thread[Test worker,5,main])--acquire unit of work: 1652193607
[EL Finest]: connection: 2016-08-26 11:58:10.654--ServerSession(648080322)--Connection(1454397139)--Thread(Thread[Test worker,5,main])--Connection acquired from connection pool [default].
[EL Finer]: transaction: 2016-08-26 11:58:10.654--ClientSession(1897018767)--Connection(1454397139)--Thread(Thread[Test worker,5,main])--begin transaction
[EL Finest]: connection: 2016-08-26 11:58:10.654--ClientSession(1897018767)--Thread(Thread[Test worker,5,main])--reconnecting to external connection pool
[EL Finest]: transaction: 2016-08-26 11:58:10.657--UnitOfWork(1652193607)--Thread(Thread[Test worker,5,main])--Merge clone with references 
[EL Finest]: query: 2016-08-26 11:58:10.657--UnitOfWork(1652193607)--Thread(Thread[Test worker,5,main])--Execute query ReadObjectQuery(referenceClass=PublicApi )
[EL Fine]: sql: 2016-08-26 11:58:10.658--ClientSession(1897018767)--Connection(1503162120)--Thread(Thread[Test worker,5,main])--SELECT apiId, apiData, schedulerDetails, versionId, createdBy, createdDate, updatedBy, updatedDate, activeStatus, txnAccessCode FROM ast_PublicApi_M WHERE (apiId = ?)
	bind => [B9314E8B-AD5F-49D6-8DB9-DC6F3DD7C70A]
Fri Aug 26 11:58:10 UTC 2016|Unknown Alarm = ABSAA321100200 Alarm Split = ABS-AA-3-2-1-100-200
[EL Finer]: transaction: 2016-08-26 11:58:10.66--UnitOfWork(1652193607)--Thread(Thread[Test worker,5,main])--begin unit of work commit
[EL Finest]: query: 2016-08-26 11:58:10.66--UnitOfWork(1652193607)--Thread(Thread[Test worker,5,main])--Execute query UpdateObjectQuery()
[EL Fine]: sql: 2016-08-26 11:58:10.661--ClientSession(1897018767)--Connection(1503162120)--Thread(Thread[Test worker,5,main])--UPDATE ast_PublicApi_M SET apiData = ?, schedulerDetails = ?, versionId = ? WHERE ((apiId = ?) AND (versionId = ?))
	bind => [lnbot4wAkwiEotLPmMAT5yY00ByQZHgm9ZT3CgbWdAC0XnyJWC, hleiwbNTCUpOqzW3EqTKb47AyBSVc578nx0ukZSP5sp4SsKHEy, 2, B9314E8B-AD5F-49D6-8DB9-DC6F3DD7C70A, 1]
[EL Finer]: transaction: 2016-08-26 11:58:10.662--ClientSession(1897018767)--Connection(1503162120)--Thread(Thread[Test worker,5,main])--commit transaction
[EL Finest]: connection: 2016-08-26 11:58:10.781--ServerSession(648080322)--Connection(1454397139)--Thread(Thread[Test worker,5,main])--Connection released to connection pool [default].
[EL Finer]: transaction: 2016-08-26 11:58:10.781--UnitOfWork(1652193607)--Thread(Thread[Test worker,5,main])--end unit of work commit
[EL Finer]: transaction: 2016-08-26 11:58:10.781--UnitOfWork(1652193607)--Thread(Thread[Test worker,5,main])--resume unit of work
[EL Finer]: transaction: 2016-08-26 11:58:10.781--UnitOfWork(1652193607)--Thread(Thread[Test worker,5,main])--release unit of work
[EL Finer]: connection: 2016-08-26 11:58:10.781--ClientSession(1897018767)--Thread(Thread[Test worker,5,main])--client released
[EL Finer]: connection: 2016-08-26 11:58:10.81--ServerSession(648080322)--Thread(Thread[Test worker,5,main])--client acquired: 936867366
[EL Finer]: transaction: 2016-08-26 11:58:10.81--ClientSession(936867366)--Thread(Thread[Test worker,5,main])--acquire unit of work: 579720558
[EL Finest]: connection: 2016-08-26 11:58:10.81--ServerSession(648080322)--Connection(230111867)--Thread(Thread[Test worker,5,main])--Connection acquired from connection pool [default].
[EL Finer]: transaction: 2016-08-26 11:58:10.81--ClientSession(936867366)--Connection(230111867)--Thread(Thread[Test worker,5,main])--begin transaction
[EL Finest]: connection: 2016-08-26 11:58:10.811--ClientSession(936867366)--Thread(Thread[Test worker,5,main])--reconnecting to external connection pool
[EL Finer]: transaction: 2016-08-26 11:58:10.812--UnitOfWork(579720558)--Thread(Thread[Test worker,5,main])--begin unit of work flush
[EL Finer]: transaction: 2016-08-26 11:58:10.812--UnitOfWork(579720558)--Thread(Thread[Test worker,5,main])--end unit of work flush
[EL Finest]: query: 2016-08-26 11:58:10.812--UnitOfWork(579720558)--Thread(Thread[Test worker,5,main])--Execute query ReadAllQuery(name="PublicApi.findById" referenceClass=PublicApi sql="SELECT apiId, apiData, schedulerDetails, versionId, createdBy, createdDate, updatedBy, updatedDate, activeStatus, txnAccessCode FROM ast_PublicApi_M WHERE ((activeStatus = ?) AND (apiId = ?))")
[EL Fine]: sql: 2016-08-26 11:58:10.812--ClientSession(936867366)--Connection(22923201)--Thread(Thread[Test worker,5,main])--SELECT apiId, apiData, schedulerDetails, versionId, createdBy, createdDate, updatedBy, updatedDate, activeStatus, txnAccessCode FROM ast_PublicApi_M WHERE ((activeStatus = ?) AND (apiId = ?))
	bind => [1, B9314E8B-AD5F-49D6-8DB9-DC6F3DD7C70A]
Fri Aug 26 11:58:10 UTC 2016|Unknown Alarm = ABSAA324100200 Alarm Split = ABS-AA-3-2-4-100-200
[EL Finer]: transaction: 2016-08-26 11:58:10.814--UnitOfWork(579720558)--Thread(Thread[Test worker,5,main])--begin unit of work commit
[EL Finer]: transaction: 2016-08-26 11:58:10.814--ClientSession(936867366)--Connection(22923201)--Thread(Thread[Test worker,5,main])--commit transaction
[EL Finest]: connection: 2016-08-26 11:58:10.815--ServerSession(648080322)--Connection(230111867)--Thread(Thread[Test worker,5,main])--Connection released to connection pool [default].
[EL Finer]: transaction: 2016-08-26 11:58:10.815--UnitOfWork(579720558)--Thread(Thread[Test worker,5,main])--end unit of work commit
[EL Finer]: transaction: 2016-08-26 11:58:10.815--UnitOfWork(579720558)--Thread(Thread[Test worker,5,main])--resume unit of work
[EL Finer]: transaction: 2016-08-26 11:58:10.815--UnitOfWork(579720558)--Thread(Thread[Test worker,5,main])--release unit of work
[EL Finer]: connection: 2016-08-26 11:58:10.815--ClientSession(936867366)--Thread(Thread[Test worker,5,main])--client released
[EL Finer]: connection: 2016-08-26 11:58:10.871--ServerSession(648080322)--Thread(Thread[Test worker,5,main])--client acquired: 1858681380
[EL Finer]: transaction: 2016-08-26 11:58:10.871--ClientSession(1858681380)--Thread(Thread[Test worker,5,main])--acquire unit of work: 1560824398
[EL Finest]: connection: 2016-08-26 11:58:10.871--ServerSession(648080322)--Connection(1262909081)--Thread(Thread[Test worker,5,main])--Connection acquired from connection pool [default].
[EL Finer]: transaction: 2016-08-26 11:58:10.871--ClientSession(1858681380)--Connection(1262909081)--Thread(Thread[Test worker,5,main])--begin transaction
[EL Finest]: connection: 2016-08-26 11:58:10.871--ClientSession(1858681380)--Thread(Thread[Test worker,5,main])--reconnecting to external connection pool
[EL Finest]: query: 2016-08-26 11:58:10.872--UnitOfWork(1560824398)--Thread(Thread[Test worker,5,main])--Execute query ReadObjectQuery(name="readPublicApi" referenceClass=PublicApi sql="SELECT apiId, apiData, schedulerDetails, versionId, createdBy, createdDate, updatedBy, updatedDate, activeStatus, txnAccessCode FROM ast_PublicApi_M WHERE (apiId = ?)")
[EL Fine]: sql: 2016-08-26 11:58:10.873--ClientSession(1858681380)--Connection(302062420)--Thread(Thread[Test worker,5,main])--SELECT apiId, apiData, schedulerDetails, versionId, createdBy, createdDate, updatedBy, updatedDate, activeStatus, txnAccessCode FROM ast_PublicApi_M WHERE (apiId = ?)
	bind => [B9314E8B-AD5F-49D6-8DB9-DC6F3DD7C70A]
[EL Finest]: transaction: 2016-08-26 11:58:10.874--UnitOfWork(1560824398)--Thread(Thread[Test worker,5,main])--remove() operation called on: 
Fri Aug 26 11:58:10 UTC 2016|Unknown Alarm = ABSAA328100200 Alarm Split = ABS-AA-3-2-8-100-200
[EL Finer]: transaction: 2016-08-26 11:58:10.875--UnitOfWork(1560824398)--Thread(Thread[Test worker,5,main])--begin unit of work commit
[EL Finest]: query: 2016-08-26 11:58:10.875--UnitOfWork(1560824398)--Thread(Thread[Test worker,5,main])--Execute query DoesExistQuery(referenceClass=PublicApi )
[EL Finest]: query: 2016-08-26 11:58:10.875--UnitOfWork(1560824398)--Thread(Thread[Test worker,5,main])--Execute query DeleteObjectQuery()
[EL Fine]: sql: 2016-08-26 11:58:10.876--ClientSession(1858681380)--Connection(302062420)--Thread(Thread[Test worker,5,main])--DELETE FROM ast_PublicApi_M WHERE ((apiId = ?) AND (versionId = ?))
	bind => [B9314E8B-AD5F-49D6-8DB9-DC6F3DD7C70A, 2]
[EL Finer]: transaction: 2016-08-26 11:58:10.877--ClientSession(1858681380)--Connection(302062420)--Thread(Thread[Test worker,5,main])--commit transaction
[EL Finest]: connection: 2016-08-26 11:58:11.347--ServerSession(648080322)--Connection(1262909081)--Thread(Thread[Test worker,5,main])--Connection released to connection pool [default].
[EL Finer]: transaction: 2016-08-26 11:58:11.347--UnitOfWork(1560824398)--Thread(Thread[Test worker,5,main])--end unit of work commit
[EL Finer]: transaction: 2016-08-26 11:58:11.347--UnitOfWork(1560824398)--Thread(Thread[Test worker,5,main])--resume unit of work
[EL Finer]: transaction: 2016-08-26 11:58:11.348--UnitOfWork(1560824398)--Thread(Thread[Test worker,5,main])--release unit of work
[EL Finer]: connection: 2016-08-26 11:58:11.348--ClientSession(1858681380)--Thread(Thread[Test worker,5,main])--client released
]]></system-out>
  <system-err><![CDATA[PublicApi.apiData may not be null
java.lang.SecurityException: PublicApi.apiData may not be null
	at com.athena.server.pluggable.utils.helper.EntityValidatorHelper.validateEntity(EntityValidatorHelper.java:37)
	at com.app.shared.appbasicsetup.aaa.PublicApi.isValid(PublicApi.java:159)
	at com.app.server.service.appbasicsetup.aaa.PublicApiTestCase.validatePublicApi(PublicApiTestCase.java:206)
	at com.app.server.service.appbasicsetup.aaa.PublicApiTestCase.test5NegativeTesting(PublicApiTestCase.java:238)
	at sun.reflect.NativeMethodAccessorImpl.invoke0(Native Method)
	at sun.reflect.NativeMethodAccessorImpl.invoke(NativeMethodAccessorImpl.java:57)
	at sun.reflect.DelegatingMethodAccessorImpl.invoke(DelegatingMethodAccessorImpl.java:43)
	at java.lang.reflect.Method.invoke(Method.java:606)
	at org.junit.runners.model.FrameworkMethod$1.runReflectiveCall(FrameworkMethod.java:47)
	at org.junit.internal.runners.model.ReflectiveCallable.run(ReflectiveCallable.java:12)
	at org.junit.runners.model.FrameworkMethod.invokeExplosively(FrameworkMethod.java:44)
	at org.junit.internal.runners.statements.InvokeMethod.evaluate(InvokeMethod.java:17)
	at org.junit.internal.runners.statements.RunBefores.evaluate(RunBefores.java:26)
	at org.springframework.test.context.junit4.statements.RunBeforeTestMethodCallbacks.evaluate(RunBeforeTestMethodCallbacks.java:74)
	at org.junit.internal.runners.statements.RunAfters.evaluate(RunAfters.java:27)
	at org.springframework.test.context.junit4.statements.RunAfterTestMethodCallbacks.evaluate(RunAfterTestMethodCallbacks.java:83)
	at org.springframework.test.context.junit4.statements.SpringRepeat.evaluate(SpringRepeat.java:72)
	at org.springframework.test.context.junit4.SpringJUnit4ClassRunner.runChild(SpringJUnit4ClassRunner.java:233)
	at org.springframework.test.context.junit4.SpringJUnit4ClassRunner.runChild(SpringJUnit4ClassRunner.java:87)
	at org.junit.runners.ParentRunner$3.run(ParentRunner.java:238)
	at org.junit.runners.ParentRunner$1.schedule(ParentRunner.java:63)
	at org.junit.runners.ParentRunner.runChildren(ParentRunner.java:236)
	at org.junit.runners.ParentRunner.access$000(ParentRunner.java:53)
	at org.junit.runners.ParentRunner$2.evaluate(ParentRunner.java:229)
	at org.junit.internal.runners.statements.RunBefores.evaluate(RunBefores.java:26)
	at org.springframework.test.context.junit4.statements.RunBeforeTestClassCallbacks.evaluate(RunBeforeTestClassCallbacks.java:61)
	at org.springframework.test.context.junit4.statements.RunAfterTestClassCallbacks.evaluate(RunAfterTestClassCallbacks.java:71)
	at org.junit.runners.ParentRunner.run(ParentRunner.java:309)
	at org.springframework.test.context.junit4.SpringJUnit4ClassRunner.run(SpringJUnit4ClassRunner.java:176)
	at org.gradle.api.internal.tasks.testing.junit.JUnitTestClassExecuter.runTestClass(JUnitTestClassExecuter.java:86)
	at org.gradle.api.internal.tasks.testing.junit.JUnitTestClassExecuter.execute(JUnitTestClassExecuter.java:49)
	at org.gradle.api.internal.tasks.testing.junit.JUnitTestClassProcessor.processTestClass(JUnitTestClassProcessor.java:64)
	at org.gradle.api.internal.tasks.testing.SuiteTestClassProcessor.processTestClass(SuiteTestClassProcessor.java:50)
	at sun.reflect.NativeMethodAccessorImpl.invoke0(Native Method)
	at sun.reflect.NativeMethodAccessorImpl.invoke(NativeMethodAccessorImpl.java:57)
	at sun.reflect.DelegatingMethodAccessorImpl.invoke(DelegatingMethodAccessorImpl.java:43)
	at java.lang.reflect.Method.invoke(Method.java:606)
	at org.gradle.messaging.dispatch.ReflectionDispatch.dispatch(ReflectionDispatch.java:35)
	at org.gradle.messaging.dispatch.ReflectionDispatch.dispatch(ReflectionDispatch.java:24)
	at org.gradle.messaging.dispatch.ContextClassLoaderDispatch.dispatch(ContextClassLoaderDispatch.java:32)
	at org.gradle.messaging.dispatch.ProxyDispatchAdapter$DispatchingInvocationHandler.invoke(ProxyDispatchAdapter.java:93)
	at com.sun.proxy.$Proxy2.processTestClass(Unknown Source)
	at org.gradle.api.internal.tasks.testing.worker.TestWorker.processTestClass(TestWorker.java:106)
	at sun.reflect.NativeMethodAccessorImpl.invoke0(Native Method)
	at sun.reflect.NativeMethodAccessorImpl.invoke(NativeMethodAccessorImpl.java:57)
	at sun.reflect.DelegatingMethodAccessorImpl.invoke(DelegatingMethodAccessorImpl.java:43)
	at java.lang.reflect.Method.invoke(Method.java:606)
	at org.gradle.messaging.dispatch.ReflectionDispatch.dispatch(ReflectionDispatch.java:35)
	at org.gradle.messaging.dispatch.ReflectionDispatch.dispatch(ReflectionDispatch.java:24)
	at org.gradle.messaging.remote.internal.hub.MessageHub$Handler.run(MessageHub.java:360)
	at org.gradle.internal.concurrent.DefaultExecutorFactory$StoppableExecutorImpl$1.run(DefaultExecutorFactory.java:64)
	at java.util.concurrent.ThreadPoolExecutor.runWorker(ThreadPoolExecutor.java:1145)
	at java.util.concurrent.ThreadPoolExecutor$Worker.run(ThreadPoolExecutor.java:615)
	at java.lang.Thread.run(Thread.java:745)
PublicApi.apiData size must be between 1 and 256
java.lang.SecurityException: PublicApi.apiData size must be between 1 and 256
	at com.athena.server.pluggable.utils.helper.EntityValidatorHelper.validateEntity(EntityValidatorHelper.java:37)
	at com.app.shared.appbasicsetup.aaa.PublicApi.isValid(PublicApi.java:159)
	at com.app.server.service.appbasicsetup.aaa.PublicApiTestCase.validatePublicApi(PublicApiTestCase.java:204)
	at com.app.server.service.appbasicsetup.aaa.PublicApiTestCase.test5NegativeTesting(PublicApiTestCase.java:243)
	at sun.reflect.NativeMethodAccessorImpl.invoke0(Native Method)
	at sun.reflect.NativeMethodAccessorImpl.invoke(NativeMethodAccessorImpl.java:57)
	at sun.reflect.DelegatingMethodAccessorImpl.invoke(DelegatingMethodAccessorImpl.java:43)
	at java.lang.reflect.Method.invoke(Method.java:606)
	at org.junit.runners.model.FrameworkMethod$1.runReflectiveCall(FrameworkMethod.java:47)
	at org.junit.internal.runners.model.ReflectiveCallable.run(ReflectiveCallable.java:12)
	at org.junit.runners.model.FrameworkMethod.invokeExplosively(FrameworkMethod.java:44)
	at org.junit.internal.runners.statements.InvokeMethod.evaluate(InvokeMethod.java:17)
	at org.junit.internal.runners.statements.RunBefores.evaluate(RunBefores.java:26)
	at org.springframework.test.context.junit4.statements.RunBeforeTestMethodCallbacks.evaluate(RunBeforeTestMethodCallbacks.java:74)
	at org.junit.internal.runners.statements.RunAfters.evaluate(RunAfters.java:27)
	at org.springframework.test.context.junit4.statements.RunAfterTestMethodCallbacks.evaluate(RunAfterTestMethodCallbacks.java:83)
	at org.springframework.test.context.junit4.statements.SpringRepeat.evaluate(SpringRepeat.java:72)
	at org.springframework.test.context.junit4.SpringJUnit4ClassRunner.runChild(SpringJUnit4ClassRunner.java:233)
	at org.springframework.test.context.junit4.SpringJUnit4ClassRunner.runChild(SpringJUnit4ClassRunner.java:87)
	at org.junit.runners.ParentRunner$3.run(ParentRunner.java:238)
	at org.junit.runners.ParentRunner$1.schedule(ParentRunner.java:63)
	at org.junit.runners.ParentRunner.runChildren(ParentRunner.java:236)
	at org.junit.runners.ParentRunner.access$000(ParentRunner.java:53)
	at org.junit.runners.ParentRunner$2.evaluate(ParentRunner.java:229)
	at org.junit.internal.runners.statements.RunBefores.evaluate(RunBefores.java:26)
	at org.springframework.test.context.junit4.statements.RunBeforeTestClassCallbacks.evaluate(RunBeforeTestClassCallbacks.java:61)
	at org.springframework.test.context.junit4.statements.RunAfterTestClassCallbacks.evaluate(RunAfterTestClassCallbacks.java:71)
	at org.junit.runners.ParentRunner.run(ParentRunner.java:309)
	at org.springframework.test.context.junit4.SpringJUnit4ClassRunner.run(SpringJUnit4ClassRunner.java:176)
	at org.gradle.api.internal.tasks.testing.junit.JUnitTestClassExecuter.runTestClass(JUnitTestClassExecuter.java:86)
	at org.gradle.api.internal.tasks.testing.junit.JUnitTestClassExecuter.execute(JUnitTestClassExecuter.java:49)
	at org.gradle.api.internal.tasks.testing.junit.JUnitTestClassProcessor.processTestClass(JUnitTestClassProcessor.java:64)
	at org.gradle.api.internal.tasks.testing.SuiteTestClassProcessor.processTestClass(SuiteTestClassProcessor.java:50)
	at sun.reflect.NativeMethodAccessorImpl.invoke0(Native Method)
	at sun.reflect.NativeMethodAccessorImpl.invoke(NativeMethodAccessorImpl.java:57)
	at sun.reflect.DelegatingMethodAccessorImpl.invoke(DelegatingMethodAccessorImpl.java:43)
	at java.lang.reflect.Method.invoke(Method.java:606)
	at org.gradle.messaging.dispatch.ReflectionDispatch.dispatch(ReflectionDispatch.java:35)
	at org.gradle.messaging.dispatch.ReflectionDispatch.dispatch(ReflectionDispatch.java:24)
	at org.gradle.messaging.dispatch.ContextClassLoaderDispatch.dispatch(ContextClassLoaderDispatch.java:32)
	at org.gradle.messaging.dispatch.ProxyDispatchAdapter$DispatchingInvocationHandler.invoke(ProxyDispatchAdapter.java:93)
	at com.sun.proxy.$Proxy2.processTestClass(Unknown Source)
	at org.gradle.api.internal.tasks.testing.worker.TestWorker.processTestClass(TestWorker.java:106)
	at sun.reflect.NativeMethodAccessorImpl.invoke0(Native Method)
	at sun.reflect.NativeMethodAccessorImpl.invoke(NativeMethodAccessorImpl.java:57)
	at sun.reflect.DelegatingMethodAccessorImpl.invoke(DelegatingMethodAccessorImpl.java:43)
	at java.lang.reflect.Method.invoke(Method.java:606)
	at org.gradle.messaging.dispatch.ReflectionDispatch.dispatch(ReflectionDispatch.java:35)
	at org.gradle.messaging.dispatch.ReflectionDispatch.dispatch(ReflectionDispatch.java:24)
	at org.gradle.messaging.remote.internal.hub.MessageHub$Handler.run(MessageHub.java:360)
	at org.gradle.internal.concurrent.DefaultExecutorFactory$StoppableExecutorImpl$1.run(DefaultExecutorFactory.java:64)
	at java.util.concurrent.ThreadPoolExecutor.runWorker(ThreadPoolExecutor.java:1145)
	at java.util.concurrent.ThreadPoolExecutor$Worker.run(ThreadPoolExecutor.java:615)
	at java.lang.Thread.run(Thread.java:745)
PublicApi.schedulerDetails size must be between 1 and 256
java.lang.SecurityException: PublicApi.schedulerDetails size must be between 1 and 256
	at com.athena.server.pluggable.utils.helper.EntityValidatorHelper.validateEntity(EntityValidatorHelper.java:37)
	at com.app.shared.appbasicsetup.aaa.PublicApi.isValid(PublicApi.java:159)
	at com.app.server.service.appbasicsetup.aaa.PublicApiTestCase.validatePublicApi(PublicApiTestCase.java:204)
	at com.app.server.service.appbasicsetup.aaa.PublicApiTestCase.test5NegativeTesting(PublicApiTestCase.java:248)
	at sun.reflect.NativeMethodAccessorImpl.invoke0(Native Method)
	at sun.reflect.NativeMethodAccessorImpl.invoke(NativeMethodAccessorImpl.java:57)
	at sun.reflect.DelegatingMethodAccessorImpl.invoke(DelegatingMethodAccessorImpl.java:43)
	at java.lang.reflect.Method.invoke(Method.java:606)
	at org.junit.runners.model.FrameworkMethod$1.runReflectiveCall(FrameworkMethod.java:47)
	at org.junit.internal.runners.model.ReflectiveCallable.run(ReflectiveCallable.java:12)
	at org.junit.runners.model.FrameworkMethod.invokeExplosively(FrameworkMethod.java:44)
	at org.junit.internal.runners.statements.InvokeMethod.evaluate(InvokeMethod.java:17)
	at org.junit.internal.runners.statements.RunBefores.evaluate(RunBefores.java:26)
	at org.springframework.test.context.junit4.statements.RunBeforeTestMethodCallbacks.evaluate(RunBeforeTestMethodCallbacks.java:74)
	at org.junit.internal.runners.statements.RunAfters.evaluate(RunAfters.java:27)
	at org.springframework.test.context.junit4.statements.RunAfterTestMethodCallbacks.evaluate(RunAfterTestMethodCallbacks.java:83)
	at org.springframework.test.context.junit4.statements.SpringRepeat.evaluate(SpringRepeat.java:72)
	at org.springframework.test.context.junit4.SpringJUnit4ClassRunner.runChild(SpringJUnit4ClassRunner.java:233)
	at org.springframework.test.context.junit4.SpringJUnit4ClassRunner.runChild(SpringJUnit4ClassRunner.java:87)
	at org.junit.runners.ParentRunner$3.run(ParentRunner.java:238)
	at org.junit.runners.ParentRunner$1.schedule(ParentRunner.java:63)
	at org.junit.runners.ParentRunner.runChildren(ParentRunner.java:236)
	at org.junit.runners.ParentRunner.access$000(ParentRunner.java:53)
	at org.junit.runners.ParentRunner$2.evaluate(ParentRunner.java:229)
	at org.junit.internal.runners.statements.RunBefores.evaluate(RunBefores.java:26)
	at org.springframework.test.context.junit4.statements.RunBeforeTestClassCallbacks.evaluate(RunBeforeTestClassCallbacks.java:61)
	at org.springframework.test.context.junit4.statements.RunAfterTestClassCallbacks.evaluate(RunAfterTestClassCallbacks.java:71)
	at org.junit.runners.ParentRunner.run(ParentRunner.java:309)
	at org.springframework.test.context.junit4.SpringJUnit4ClassRunner.run(SpringJUnit4ClassRunner.java:176)
	at org.gradle.api.internal.tasks.testing.junit.JUnitTestClassExecuter.runTestClass(JUnitTestClassExecuter.java:86)
	at org.gradle.api.internal.tasks.testing.junit.JUnitTestClassExecuter.execute(JUnitTestClassExecuter.java:49)
	at org.gradle.api.internal.tasks.testing.junit.JUnitTestClassProcessor.processTestClass(JUnitTestClassProcessor.java:64)
	at org.gradle.api.internal.tasks.testing.SuiteTestClassProcessor.processTestClass(SuiteTestClassProcessor.java:50)
	at sun.reflect.NativeMethodAccessorImpl.invoke0(Native Method)
	at sun.reflect.NativeMethodAccessorImpl.invoke(NativeMethodAccessorImpl.java:57)
	at sun.reflect.DelegatingMethodAccessorImpl.invoke(DelegatingMethodAccessorImpl.java:43)
	at java.lang.reflect.Method.invoke(Method.java:606)
	at org.gradle.messaging.dispatch.ReflectionDispatch.dispatch(ReflectionDispatch.java:35)
	at org.gradle.messaging.dispatch.ReflectionDispatch.dispatch(ReflectionDispatch.java:24)
	at org.gradle.messaging.dispatch.ContextClassLoaderDispatch.dispatch(ContextClassLoaderDispatch.java:32)
	at org.gradle.messaging.dispatch.ProxyDispatchAdapter$DispatchingInvocationHandler.invoke(ProxyDispatchAdapter.java:93)
	at com.sun.proxy.$Proxy2.processTestClass(Unknown Source)
	at org.gradle.api.internal.tasks.testing.worker.TestWorker.processTestClass(TestWorker.java:106)
	at sun.reflect.NativeMethodAccessorImpl.invoke0(Native Method)
	at sun.reflect.NativeMethodAccessorImpl.invoke(NativeMethodAccessorImpl.java:57)
	at sun.reflect.DelegatingMethodAccessorImpl.invoke(DelegatingMethodAccessorImpl.java:43)
	at java.lang.reflect.Method.invoke(Method.java:606)
	at org.gradle.messaging.dispatch.ReflectionDispatch.dispatch(ReflectionDispatch.java:35)
	at org.gradle.messaging.dispatch.ReflectionDispatch.dispatch(ReflectionDispatch.java:24)
	at org.gradle.messaging.remote.internal.hub.MessageHub$Handler.run(MessageHub.java:360)
	at org.gradle.internal.concurrent.DefaultExecutorFactory$StoppableExecutorImpl$1.run(DefaultExecutorFactory.java:64)
	at java.util.concurrent.ThreadPoolExecutor.runWorker(ThreadPoolExecutor.java:1145)
	at java.util.concurrent.ThreadPoolExecutor$Worker.run(ThreadPoolExecutor.java:615)
	at java.lang.Thread.run(Thread.java:745)
]]></system-err>
</testsuite>
