<?xml version="1.0" encoding="UTF-8"?>
<testsuite name="com.app.server.service.organization.contactmanagement.CommunicationTypeTestCase" tests="5" skipped="0" failures="0" errors="0" timestamp="2016-08-26T11:58:15" hostname="cb70812798e4" time="0.495">
  <properties/>
  <testcase name="test1Save" classname="com.app.server.service.organization.contactmanagement.CommunicationTypeTestCase" time="0.173"/>
  <testcase name="test2Update" classname="com.app.server.service.organization.contactmanagement.CommunicationTypeTestCase" time="0.074"/>
  <testcase name="test3FindById" classname="com.app.server.service.organization.contactmanagement.CommunicationTypeTestCase" time="0.038"/>
  <testcase name="test5NegativeTesting" classname="com.app.server.service.organization.contactmanagement.CommunicationTypeTestCase" time="0.019"/>
  <testcase name="test6Delete" classname="com.app.server.service.organization.contactmanagement.CommunicationTypeTestCase" time="0.19"/>
  <system-out><![CDATA[Fri Aug 26 11:58:15 UTC 2016|Log Manager Factory|Initialization Process started.....
Fri Aug 26 11:58:15 UTC 2016|Log Manager|Initialized with Path = [/home/applifire/workspace/newproject/src/main/webapp/WEB-INF/conf]
Fri Aug 26 11:58:15 UTC 2016|Alarm Manager|Initialized with Path = [/home/applifire/workspace/newproject/src/main/webapp/WEB-INF/conf]
Fri Aug 26 11:58:15 UTC 2016|Alarm Manager|Loading Alarms ......
Fri Aug 26 11:58:15 UTC 2016|Alarm XML Parser|FWA|XML Parsing Complete........ 
Fri Aug 26 11:58:15 UTC 2016|Alarm File Manager|FWA|Alarm File Status.. [ApplicationFrameworkAlarms.xml]|Version=15|Status=Done 
Fri Aug 26 11:58:15 UTC 2016|Alarm File Manager|FWA|Alarm Stats = ( BC/AL=5/786 SYS=5/11 [786/0]  TPL=0/0 [0/0]  APP= A.Map=[875]  E.Map EC/RC=[391/79] )
Fri Aug 26 11:58:15 UTC 2016|Alarm XML Parser|APP|XML Parsing Complete........ 
Fri Aug 26 11:58:15 UTC 2016|Alarm File Manager|APP|Alarm File Status.. [ApplicationAlarms.xml]|Version=1|Status=Done 
Fri Aug 26 11:58:15 UTC 2016|Alarm File Manager|APP|Alarm Stats = ( BC/AL=5/786 SYS=5/11 [786/0]  TPL=0/0 [0/0]  APP=0/0 [0/0]  A.Map=[875]  E.Map EC/RC=[391/79] )
Fri Aug 26 11:58:15 UTC 2016|ApplicationAlarmContext| <><><><><> Create App Alarms ....  <><><><><> 
Fri Aug 26 11:58:15 UTC 2016|ApplicationAlarmContext|Alarms are generated ONLY in Development Mode.. 
Fri Aug 26 11:58:15 UTC 2016|Alarm Manager|APP|Alarm Stats = ( BC/AL=5/786 SYS=5/11 [786/0]  TPL=0/0 [0/0]  APP=0/0 [0/0]  A.Map=[875]  E.Map EC/RC=[391/79] )
Fri Aug 26 11:58:15 UTC 2016|Alarm Manager|Initialized Exception Lookup...
Fri Aug 26 11:58:15 UTC 2016|Log Manager|Initialize Log Config File ......
Fri Aug 26 11:58:15 UTC 2016|Pluggable Connectors|Adding Connectors : StandardOutputConnector isEnabled=true isDefault=false isFallBack=true
Fri Aug 26 11:58:15 UTC 2016|Pluggable Connectors|Adding Connectors : StandardFileConnector isEnabled=true isDefault=false isFallBack=false
Fri Aug 26 11:58:15 UTC 2016|Pluggable Connectors|Adding Connectors : Sprinkler isEnabled=true isDefault=true isFallBack=false
Fri Aug 26 11:58:15 UTC 2016|Pluggable Connectors|Default Connector Name : com.spartan.logger.core.LogMessenger
Fri Aug 26 11:58:15 UTC 2016|Log Config Parser|Connector Least Log Level =[4]  FallBack Log Level =[3]
Fri Aug 26 11:58:15 UTC 2016|Log Manager|Loading Default Connector for Logging ......
Fri Aug 26 11:58:15 UTC 2016|Log Manager|Loading class .. com.spartan.logger.core.LogMessenger
Fri Aug 26 11:58:15 UTC 2016|Plugggable Connector|Connector class com.spartan.logger.core.LogMessenger Initialized... @ Log Level = 3
Fri Aug 26 11:58:15 UTC 2016|Log Manager|Starting the Default Connector [com.spartan.logger.core.LogMessenger@51a9e7fc] ....
Fri Aug 26 11:58:15 UTC 2016|Scheduler|Starting the Scheduler ......
Fri Aug 26 11:58:15 UTC 2016|Scheduler|Adding [LMID=[8bd5b2f7-a14f-4448-a326-aafb3b5b2c5e]] Delay=5 Time Unit=MINUTES
Fri Aug 26 11:58:15 UTC 2016|Scheduler|Adding [App Alarm Manager File=[ApplicationAlarms.xml]] Delay=30 Time Unit=MINUTES
Fri Aug 26 11:58:15 UTC 2016|Scheduler|Adding [FW Alarm Manager File=[ApplicationFrameworkAlarms.xml]] Delay=3 Time Unit=MINUTES
Fri Aug 26 11:58:15 UTC 2016|Scheduler|Startup Completed..
Fri Aug 26 11:58:15 UTC 2016|Log Manager|Initialization Process Complete ......
Fri Aug 26 11:58:15 UTC 2016|Log Manager Factory|Log Manager READY! ID = 8bd5b2f7-a14f-4448-a326-aafb3b5b2c5e
[EL Finer]: connection: 2016-08-26 11:58:15.233--ServerSession(648080322)--Thread(Thread[Test worker,5,main])--client acquired: 1378115701
[EL Finer]: transaction: 2016-08-26 11:58:15.233--ClientSession(1378115701)--Thread(Thread[Test worker,5,main])--acquire unit of work: 1379453812
[EL Finest]: connection: 2016-08-26 11:58:15.233--ServerSession(648080322)--Connection(246765272)--Thread(Thread[Test worker,5,main])--Connection acquired from connection pool [default].
[EL Finer]: transaction: 2016-08-26 11:58:15.233--ClientSession(1378115701)--Connection(246765272)--Thread(Thread[Test worker,5,main])--begin transaction
[EL Finest]: connection: 2016-08-26 11:58:15.233--ClientSession(1378115701)--Thread(Thread[Test worker,5,main])--reconnecting to external connection pool
[EL Finest]: transaction: 2016-08-26 11:58:15.237--UnitOfWork(1379453812)--Thread(Thread[Test worker,5,main])--persist() operation called on: 1kPlTBAbhOpfmjZrPoVJuffkJMNAUeUVGctJ5ww06yRa3evcK7.
[EL Finest]: sequencing: 2016-08-26 11:58:15.237--UnitOfWork(1379453812)--Thread(Thread[Test worker,5,main])--assign sequence to the object (563DC9A6-38A3-4D1A-81BD-09F1D1617EB1 -> 1kPlTBAbhOpfmjZrPoVJuffkJMNAUeUVGctJ5ww06yRa3evcK7)
[EL Finer]: transaction: 2016-08-26 11:58:15.238--UnitOfWork(1379453812)--Thread(Thread[Test worker,5,main])--begin unit of work commit
[EL Finest]: query: 2016-08-26 11:58:15.238--UnitOfWork(1379453812)--Thread(Thread[Test worker,5,main])--Execute query InsertObjectQuery(1kPlTBAbhOpfmjZrPoVJuffkJMNAUeUVGctJ5ww06yRa3evcK7)
[EL Fine]: sql: 2016-08-26 11:58:15.239--ClientSession(1378115701)--Connection(997184562)--Thread(Thread[Test worker,5,main])--INSERT INTO ast_CommunicationGroup_M (commGroupId, commGroupDescription, commGroupName, versionId, createdBy, createdDate, updatedBy, updatedDate, activeStatus, txnAccessCode) VALUES (?, ?, ?, ?, ?, ?, ?, ?, ?, ?)
	bind => [563DC9A6-38A3-4D1A-81BD-09F1D1617EB1, Wa55ySqI9YGt3oNzFLpAV2E2wSPsJrKtJCeKzKWeUdfAOY8Brd, 1kPlTBAbhOpfmjZrPoVJuffkJMNAUeUVGctJ5ww06yRa3evcK7, 1, AAAAA, 2016-08-26 11:58:15.207, AAAAA, 2016-08-26 11:58:15.207, 1, 51000]
[EL Finer]: transaction: 2016-08-26 11:58:15.241--ClientSession(1378115701)--Connection(997184562)--Thread(Thread[Test worker,5,main])--commit transaction
[EL Finest]: connection: 2016-08-26 11:58:15.265--ServerSession(648080322)--Connection(246765272)--Thread(Thread[Test worker,5,main])--Connection released to connection pool [default].
[EL Finer]: transaction: 2016-08-26 11:58:15.265--UnitOfWork(1379453812)--Thread(Thread[Test worker,5,main])--end unit of work commit
[EL Finer]: transaction: 2016-08-26 11:58:15.265--UnitOfWork(1379453812)--Thread(Thread[Test worker,5,main])--resume unit of work
[EL Finer]: transaction: 2016-08-26 11:58:15.266--UnitOfWork(1379453812)--Thread(Thread[Test worker,5,main])--release unit of work
[EL Finer]: connection: 2016-08-26 11:58:15.266--ClientSession(1378115701)--Thread(Thread[Test worker,5,main])--client released
[EL Finer]: connection: 2016-08-26 11:58:15.281--ServerSession(648080322)--Thread(Thread[Test worker,5,main])--client acquired: 194762400
[EL Finer]: transaction: 2016-08-26 11:58:15.282--ClientSession(194762400)--Thread(Thread[Test worker,5,main])--acquire unit of work: 606578772
[EL Finest]: connection: 2016-08-26 11:58:15.282--ServerSession(648080322)--Connection(664548695)--Thread(Thread[Test worker,5,main])--Connection acquired from connection pool [default].
[EL Finer]: transaction: 2016-08-26 11:58:15.282--ClientSession(194762400)--Connection(664548695)--Thread(Thread[Test worker,5,main])--begin transaction
[EL Finest]: connection: 2016-08-26 11:58:15.282--ClientSession(194762400)--Thread(Thread[Test worker,5,main])--reconnecting to external connection pool
[EL Finest]: transaction: 2016-08-26 11:58:15.284--UnitOfWork(606578772)--Thread(Thread[Test worker,5,main])--persist() operation called on: LTqpId7vZahPO8LpHqJCKthfhjwqiWDK4EmzA8dMaLginZl88z,563DC9A6-38A3-4D1A-81BD-09F1D1617EB1.
[EL Finest]: sequencing: 2016-08-26 11:58:15.284--UnitOfWork(606578772)--Thread(Thread[Test worker,5,main])--assign sequence to the object (568A0667-7205-4CB2-94E2-295D2F33D46F -> LTqpId7vZahPO8LpHqJCKthfhjwqiWDK4EmzA8dMaLginZl88z,563DC9A6-38A3-4D1A-81BD-09F1D1617EB1)
[EL Finer]: transaction: 2016-08-26 11:58:15.284--UnitOfWork(606578772)--Thread(Thread[Test worker,5,main])--begin unit of work commit
[EL Finest]: query: 2016-08-26 11:58:15.285--UnitOfWork(606578772)--Thread(Thread[Test worker,5,main])--Execute query InsertObjectQuery(LTqpId7vZahPO8LpHqJCKthfhjwqiWDK4EmzA8dMaLginZl88z,563DC9A6-38A3-4D1A-81BD-09F1D1617EB1)
[EL Fine]: sql: 2016-08-26 11:58:15.285--ClientSession(194762400)--Connection(775267866)--Thread(Thread[Test worker,5,main])--INSERT INTO ast_CommunicationType_M (commType, commGroupId, commTypeDescription, commTypeName, versionId, createdBy, createdDate, updatedBy, updatedDate, activeStatus, txnAccessCode) VALUES (?, ?, ?, ?, ?, ?, ?, ?, ?, ?, ?)
	bind => [568A0667-7205-4CB2-94E2-295D2F33D46F, 563DC9A6-38A3-4D1A-81BD-09F1D1617EB1, LuyyrEonO6qVyRqMJHNSx5l5V54RkJqs0OEYHiF5Iw0GG43C6g, LTqpId7vZahPO8LpHqJCKthfhjwqiWDK4EmzA8dMaLginZl88z, 1, AAAAA, 2016-08-26 11:58:15.266, AAAAA, 2016-08-26 11:58:15.266, 1, 51000]
[EL Finer]: transaction: 2016-08-26 11:58:15.287--ClientSession(194762400)--Connection(775267866)--Thread(Thread[Test worker,5,main])--commit transaction
[EL Finest]: connection: 2016-08-26 11:58:15.356--ServerSession(648080322)--Connection(664548695)--Thread(Thread[Test worker,5,main])--Connection released to connection pool [default].
[EL Finer]: transaction: 2016-08-26 11:58:15.357--UnitOfWork(606578772)--Thread(Thread[Test worker,5,main])--end unit of work commit
[EL Finer]: transaction: 2016-08-26 11:58:15.357--UnitOfWork(606578772)--Thread(Thread[Test worker,5,main])--resume unit of work
[EL Finer]: transaction: 2016-08-26 11:58:15.357--UnitOfWork(606578772)--Thread(Thread[Test worker,5,main])--release unit of work
[EL Finer]: connection: 2016-08-26 11:58:15.357--ClientSession(194762400)--Thread(Thread[Test worker,5,main])--client released
[EL Finer]: connection: 2016-08-26 11:58:15.384--ServerSession(648080322)--Thread(Thread[Test worker,5,main])--client acquired: 2006652240
[EL Finer]: transaction: 2016-08-26 11:58:15.384--ClientSession(2006652240)--Thread(Thread[Test worker,5,main])--acquire unit of work: 1721005192
[EL Finest]: connection: 2016-08-26 11:58:15.385--ServerSession(648080322)--Connection(477020501)--Thread(Thread[Test worker,5,main])--Connection acquired from connection pool [default].
[EL Finer]: transaction: 2016-08-26 11:58:15.385--ClientSession(2006652240)--Connection(477020501)--Thread(Thread[Test worker,5,main])--begin transaction
[EL Finest]: connection: 2016-08-26 11:58:15.385--ClientSession(2006652240)--Thread(Thread[Test worker,5,main])--reconnecting to external connection pool
[EL Finer]: transaction: 2016-08-26 11:58:15.387--UnitOfWork(1721005192)--Thread(Thread[Test worker,5,main])--begin unit of work flush
[EL Finer]: transaction: 2016-08-26 11:58:15.387--UnitOfWork(1721005192)--Thread(Thread[Test worker,5,main])--end unit of work flush
[EL Finest]: query: 2016-08-26 11:58:15.387--UnitOfWork(1721005192)--Thread(Thread[Test worker,5,main])--Execute query ReadAllQuery(name="CommunicationType.findById" referenceClass=CommunicationType sql="SELECT commType, commGroupId, commTypeDescription, commTypeName, versionId, createdBy, createdDate, updatedBy, updatedDate, activeStatus, txnAccessCode FROM ast_CommunicationType_M WHERE ((activeStatus = ?) AND (commType = ?))")
[EL Fine]: sql: 2016-08-26 11:58:15.387--ClientSession(2006652240)--Connection(67555739)--Thread(Thread[Test worker,5,main])--SELECT commType, commGroupId, commTypeDescription, commTypeName, versionId, createdBy, createdDate, updatedBy, updatedDate, activeStatus, txnAccessCode FROM ast_CommunicationType_M WHERE ((activeStatus = ?) AND (commType = ?))
	bind => [1, 568A0667-7205-4CB2-94E2-295D2F33D46F]
[EL Finer]: transaction: 2016-08-26 11:58:15.389--UnitOfWork(1721005192)--Thread(Thread[Test worker,5,main])--begin unit of work commit
[EL Finer]: transaction: 2016-08-26 11:58:15.39--ClientSession(2006652240)--Connection(67555739)--Thread(Thread[Test worker,5,main])--commit transaction
[EL Finest]: connection: 2016-08-26 11:58:15.39--ServerSession(648080322)--Connection(477020501)--Thread(Thread[Test worker,5,main])--Connection released to connection pool [default].
[EL Finer]: transaction: 2016-08-26 11:58:15.391--UnitOfWork(1721005192)--Thread(Thread[Test worker,5,main])--end unit of work commit
[EL Finer]: transaction: 2016-08-26 11:58:15.391--UnitOfWork(1721005192)--Thread(Thread[Test worker,5,main])--resume unit of work
[EL Finer]: transaction: 2016-08-26 11:58:15.391--UnitOfWork(1721005192)--Thread(Thread[Test worker,5,main])--release unit of work
[EL Finer]: connection: 2016-08-26 11:58:15.391--ClientSession(2006652240)--Thread(Thread[Test worker,5,main])--client released
[EL Finer]: connection: 2016-08-26 11:58:15.392--ServerSession(648080322)--Thread(Thread[Test worker,5,main])--client acquired: 694351708
[EL Finer]: transaction: 2016-08-26 11:58:15.392--ClientSession(694351708)--Thread(Thread[Test worker,5,main])--acquire unit of work: 543018558
[EL Finest]: connection: 2016-08-26 11:58:15.392--ServerSession(648080322)--Connection(1854888203)--Thread(Thread[Test worker,5,main])--Connection acquired from connection pool [default].
[EL Finer]: transaction: 2016-08-26 11:58:15.392--ClientSession(694351708)--Connection(1854888203)--Thread(Thread[Test worker,5,main])--begin transaction
[EL Finest]: connection: 2016-08-26 11:58:15.392--ClientSession(694351708)--Thread(Thread[Test worker,5,main])--reconnecting to external connection pool
[EL Finest]: transaction: 2016-08-26 11:58:15.396--UnitOfWork(543018558)--Thread(Thread[Test worker,5,main])--Merge clone with references tMBBuPfakU2oeDbk0JbPpKq1JWm4SHiJ6HjaLGbZP5157tgvst,563DC9A6-38A3-4D1A-81BD-09F1D1617EB1
[EL Finest]: query: 2016-08-26 11:58:15.396--UnitOfWork(543018558)--Thread(Thread[Test worker,5,main])--Execute query ReadObjectQuery(referenceClass=CommunicationType )
[EL Fine]: sql: 2016-08-26 11:58:15.396--ClientSession(694351708)--Connection(1414018499)--Thread(Thread[Test worker,5,main])--SELECT commType, commGroupId, commTypeDescription, commTypeName, versionId, createdBy, createdDate, updatedBy, updatedDate, activeStatus, txnAccessCode FROM ast_CommunicationType_M WHERE (commType = ?)
	bind => [568A0667-7205-4CB2-94E2-295D2F33D46F]
[EL Finer]: transaction: 2016-08-26 11:58:15.398--UnitOfWork(543018558)--Thread(Thread[Test worker,5,main])--begin unit of work commit
[EL Finest]: query: 2016-08-26 11:58:15.399--UnitOfWork(543018558)--Thread(Thread[Test worker,5,main])--Execute query UpdateObjectQuery(tMBBuPfakU2oeDbk0JbPpKq1JWm4SHiJ6HjaLGbZP5157tgvst,563DC9A6-38A3-4D1A-81BD-09F1D1617EB1)
[EL Fine]: sql: 2016-08-26 11:58:15.399--ClientSession(694351708)--Connection(1414018499)--Thread(Thread[Test worker,5,main])--UPDATE ast_CommunicationType_M SET commTypeDescription = ?, commTypeName = ?, versionId = ? WHERE ((commType = ?) AND (versionId = ?))
	bind => [kNBYOBA9NilUsWBRu5IdXvqISc5SaFmsnjK2mrnYDIuBMSGXeS, tMBBuPfakU2oeDbk0JbPpKq1JWm4SHiJ6HjaLGbZP5157tgvst, 2, 568A0667-7205-4CB2-94E2-295D2F33D46F, 1]
[EL Finer]: transaction: 2016-08-26 11:58:15.401--ClientSession(694351708)--Connection(1414018499)--Thread(Thread[Test worker,5,main])--commit transaction
[EL Finest]: connection: 2016-08-26 11:58:15.431--ServerSession(648080322)--Connection(1854888203)--Thread(Thread[Test worker,5,main])--Connection released to connection pool [default].
[EL Finer]: transaction: 2016-08-26 11:58:15.431--UnitOfWork(543018558)--Thread(Thread[Test worker,5,main])--end unit of work commit
[EL Finer]: transaction: 2016-08-26 11:58:15.431--UnitOfWork(543018558)--Thread(Thread[Test worker,5,main])--resume unit of work
[EL Finer]: transaction: 2016-08-26 11:58:15.432--UnitOfWork(543018558)--Thread(Thread[Test worker,5,main])--release unit of work
[EL Finer]: connection: 2016-08-26 11:58:15.432--ClientSession(694351708)--Thread(Thread[Test worker,5,main])--client released
[EL Finer]: connection: 2016-08-26 11:58:15.462--ServerSession(648080322)--Thread(Thread[Test worker,5,main])--client acquired: 1527524852
[EL Finer]: transaction: 2016-08-26 11:58:15.463--ClientSession(1527524852)--Thread(Thread[Test worker,5,main])--acquire unit of work: 2090671326
[EL Finest]: connection: 2016-08-26 11:58:15.463--ServerSession(648080322)--Connection(785543868)--Thread(Thread[Test worker,5,main])--Connection acquired from connection pool [default].
[EL Finer]: transaction: 2016-08-26 11:58:15.463--ClientSession(1527524852)--Connection(785543868)--Thread(Thread[Test worker,5,main])--begin transaction
[EL Finest]: connection: 2016-08-26 11:58:15.463--ClientSession(1527524852)--Thread(Thread[Test worker,5,main])--reconnecting to external connection pool
[EL Finer]: transaction: 2016-08-26 11:58:15.465--UnitOfWork(2090671326)--Thread(Thread[Test worker,5,main])--begin unit of work flush
[EL Finer]: transaction: 2016-08-26 11:58:15.465--UnitOfWork(2090671326)--Thread(Thread[Test worker,5,main])--end unit of work flush
[EL Finest]: query: 2016-08-26 11:58:15.465--UnitOfWork(2090671326)--Thread(Thread[Test worker,5,main])--Execute query ReadAllQuery(name="CommunicationType.findById" referenceClass=CommunicationType sql="SELECT commType, commGroupId, commTypeDescription, commTypeName, versionId, createdBy, createdDate, updatedBy, updatedDate, activeStatus, txnAccessCode FROM ast_CommunicationType_M WHERE ((activeStatus = ?) AND (commType = ?))")
[EL Fine]: sql: 2016-08-26 11:58:15.465--ClientSession(1527524852)--Connection(1902986938)--Thread(Thread[Test worker,5,main])--SELECT commType, commGroupId, commTypeDescription, commTypeName, versionId, createdBy, createdDate, updatedBy, updatedDate, activeStatus, txnAccessCode FROM ast_CommunicationType_M WHERE ((activeStatus = ?) AND (commType = ?))
	bind => [1, 568A0667-7205-4CB2-94E2-295D2F33D46F]
[EL Finer]: transaction: 2016-08-26 11:58:15.468--UnitOfWork(2090671326)--Thread(Thread[Test worker,5,main])--begin unit of work commit
[EL Finer]: transaction: 2016-08-26 11:58:15.468--ClientSession(1527524852)--Connection(1902986938)--Thread(Thread[Test worker,5,main])--commit transaction
[EL Finest]: connection: 2016-08-26 11:58:15.469--ServerSession(648080322)--Connection(785543868)--Thread(Thread[Test worker,5,main])--Connection released to connection pool [default].
[EL Finer]: transaction: 2016-08-26 11:58:15.469--UnitOfWork(2090671326)--Thread(Thread[Test worker,5,main])--end unit of work commit
[EL Finer]: transaction: 2016-08-26 11:58:15.469--UnitOfWork(2090671326)--Thread(Thread[Test worker,5,main])--resume unit of work
[EL Finer]: transaction: 2016-08-26 11:58:15.469--UnitOfWork(2090671326)--Thread(Thread[Test worker,5,main])--release unit of work
[EL Finer]: connection: 2016-08-26 11:58:15.469--ClientSession(1527524852)--Thread(Thread[Test worker,5,main])--client released
[EL Finer]: connection: 2016-08-26 11:58:15.514--ServerSession(648080322)--Thread(Thread[Test worker,5,main])--client acquired: 1426706263
[EL Finer]: transaction: 2016-08-26 11:58:15.514--ClientSession(1426706263)--Thread(Thread[Test worker,5,main])--acquire unit of work: 1997243486
[EL Finest]: connection: 2016-08-26 11:58:15.514--ServerSession(648080322)--Connection(354382945)--Thread(Thread[Test worker,5,main])--Connection acquired from connection pool [default].
[EL Finer]: transaction: 2016-08-26 11:58:15.515--ClientSession(1426706263)--Connection(354382945)--Thread(Thread[Test worker,5,main])--begin transaction
[EL Finest]: connection: 2016-08-26 11:58:15.515--ClientSession(1426706263)--Thread(Thread[Test worker,5,main])--reconnecting to external connection pool
[EL Finest]: query: 2016-08-26 11:58:15.516--UnitOfWork(1997243486)--Thread(Thread[Test worker,5,main])--Execute query ReadObjectQuery(name="readCommunicationType" referenceClass=CommunicationType sql="SELECT commType, commGroupId, commTypeDescription, commTypeName, versionId, createdBy, createdDate, updatedBy, updatedDate, activeStatus, txnAccessCode FROM ast_CommunicationType_M WHERE (commType = ?)")
[EL Fine]: sql: 2016-08-26 11:58:15.516--ClientSession(1426706263)--Connection(1591202349)--Thread(Thread[Test worker,5,main])--SELECT commType, commGroupId, commTypeDescription, commTypeName, versionId, createdBy, createdDate, updatedBy, updatedDate, activeStatus, txnAccessCode FROM ast_CommunicationType_M WHERE (commType = ?)
	bind => [568A0667-7205-4CB2-94E2-295D2F33D46F]
[EL Finest]: transaction: 2016-08-26 11:58:15.518--UnitOfWork(1997243486)--Thread(Thread[Test worker,5,main])--remove() operation called on: tMBBuPfakU2oeDbk0JbPpKq1JWm4SHiJ6HjaLGbZP5157tgvst,563DC9A6-38A3-4D1A-81BD-09F1D1617EB1
[EL Finer]: transaction: 2016-08-26 11:58:15.519--UnitOfWork(1997243486)--Thread(Thread[Test worker,5,main])--begin unit of work commit
[EL Finest]: query: 2016-08-26 11:58:15.52--UnitOfWork(1997243486)--Thread(Thread[Test worker,5,main])--Execute query DoesExistQuery(referenceClass=CommunicationType )
[EL Finest]: query: 2016-08-26 11:58:15.52--UnitOfWork(1997243486)--Thread(Thread[Test worker,5,main])--Execute query DeleteObjectQuery(tMBBuPfakU2oeDbk0JbPpKq1JWm4SHiJ6HjaLGbZP5157tgvst,563DC9A6-38A3-4D1A-81BD-09F1D1617EB1)
[EL Fine]: sql: 2016-08-26 11:58:15.52--ClientSession(1426706263)--Connection(1591202349)--Thread(Thread[Test worker,5,main])--DELETE FROM ast_CommunicationType_M WHERE ((commType = ?) AND (versionId = ?))
	bind => [568A0667-7205-4CB2-94E2-295D2F33D46F, 2]
[EL Finer]: transaction: 2016-08-26 11:58:15.522--ClientSession(1426706263)--Connection(1591202349)--Thread(Thread[Test worker,5,main])--commit transaction
[EL Finest]: connection: 2016-08-26 11:58:15.596--ServerSession(648080322)--Connection(354382945)--Thread(Thread[Test worker,5,main])--Connection released to connection pool [default].
[EL Finer]: transaction: 2016-08-26 11:58:15.596--UnitOfWork(1997243486)--Thread(Thread[Test worker,5,main])--end unit of work commit
[EL Finer]: transaction: 2016-08-26 11:58:15.596--UnitOfWork(1997243486)--Thread(Thread[Test worker,5,main])--resume unit of work
[EL Finer]: transaction: 2016-08-26 11:58:15.596--UnitOfWork(1997243486)--Thread(Thread[Test worker,5,main])--release unit of work
[EL Finer]: connection: 2016-08-26 11:58:15.597--ClientSession(1426706263)--Thread(Thread[Test worker,5,main])--client released
[EL Finer]: connection: 2016-08-26 11:58:15.62--ServerSession(648080322)--Thread(Thread[Test worker,5,main])--client acquired: 1934162970
[EL Finer]: transaction: 2016-08-26 11:58:15.621--ClientSession(1934162970)--Thread(Thread[Test worker,5,main])--acquire unit of work: 1017072151
[EL Finest]: connection: 2016-08-26 11:58:15.621--ServerSession(648080322)--Connection(2109295384)--Thread(Thread[Test worker,5,main])--Connection acquired from connection pool [default].
[EL Finer]: transaction: 2016-08-26 11:58:15.621--ClientSession(1934162970)--Connection(2109295384)--Thread(Thread[Test worker,5,main])--begin transaction
[EL Finest]: connection: 2016-08-26 11:58:15.621--ClientSession(1934162970)--Thread(Thread[Test worker,5,main])--reconnecting to external connection pool
[EL Finest]: query: 2016-08-26 11:58:15.622--UnitOfWork(1017072151)--Thread(Thread[Test worker,5,main])--Execute query ReadObjectQuery(name="readCommunicationGroup" referenceClass=CommunicationGroup sql="SELECT commGroupId, commGroupDescription, commGroupName, versionId, createdBy, createdDate, updatedBy, updatedDate, activeStatus, txnAccessCode FROM ast_CommunicationGroup_M WHERE (commGroupId = ?)")
[EL Fine]: sql: 2016-08-26 11:58:15.623--ClientSession(1934162970)--Connection(755807913)--Thread(Thread[Test worker,5,main])--SELECT commGroupId, commGroupDescription, commGroupName, versionId, createdBy, createdDate, updatedBy, updatedDate, activeStatus, txnAccessCode FROM ast_CommunicationGroup_M WHERE (commGroupId = ?)
	bind => [563DC9A6-38A3-4D1A-81BD-09F1D1617EB1]
[EL Finest]: transaction: 2016-08-26 11:58:15.625--UnitOfWork(1017072151)--Thread(Thread[Test worker,5,main])--remove() operation called on: 1kPlTBAbhOpfmjZrPoVJuffkJMNAUeUVGctJ5ww06yRa3evcK7
[EL Finer]: transaction: 2016-08-26 11:58:15.625--UnitOfWork(1017072151)--Thread(Thread[Test worker,5,main])--begin unit of work commit
[EL Finest]: query: 2016-08-26 11:58:15.626--UnitOfWork(1017072151)--Thread(Thread[Test worker,5,main])--Execute query DoesExistQuery(referenceClass=CommunicationGroup )
[EL Finest]: query: 2016-08-26 11:58:15.626--UnitOfWork(1017072151)--Thread(Thread[Test worker,5,main])--Execute query DeleteObjectQuery(1kPlTBAbhOpfmjZrPoVJuffkJMNAUeUVGctJ5ww06yRa3evcK7)
[EL Fine]: sql: 2016-08-26 11:58:15.626--ClientSession(1934162970)--Connection(755807913)--Thread(Thread[Test worker,5,main])--DELETE FROM ast_CommunicationGroup_M WHERE ((commGroupId = ?) AND (versionId = ?))
	bind => [563DC9A6-38A3-4D1A-81BD-09F1D1617EB1, 1]
[EL Finer]: transaction: 2016-08-26 11:58:15.628--ClientSession(1934162970)--Connection(755807913)--Thread(Thread[Test worker,5,main])--commit transaction
[EL Finest]: connection: 2016-08-26 11:58:15.678--ServerSession(648080322)--Connection(2109295384)--Thread(Thread[Test worker,5,main])--Connection released to connection pool [default].
[EL Finer]: transaction: 2016-08-26 11:58:15.678--UnitOfWork(1017072151)--Thread(Thread[Test worker,5,main])--end unit of work commit
[EL Finer]: transaction: 2016-08-26 11:58:15.678--UnitOfWork(1017072151)--Thread(Thread[Test worker,5,main])--resume unit of work
[EL Finer]: transaction: 2016-08-26 11:58:15.679--UnitOfWork(1017072151)--Thread(Thread[Test worker,5,main])--release unit of work
[EL Finer]: connection: 2016-08-26 11:58:15.679--ClientSession(1934162970)--Thread(Thread[Test worker,5,main])--client released
]]></system-out>
  <system-err><![CDATA[CommunicationType.commTypeName may not be null
java.lang.SecurityException: CommunicationType.commTypeName may not be null
	at com.athena.server.pluggable.utils.helper.EntityValidatorHelper.validateEntity(EntityValidatorHelper.java:37)
	at com.app.shared.organization.contactmanagement.CommunicationType.isValid(CommunicationType.java:173)
	at com.app.server.service.organization.contactmanagement.CommunicationTypeTestCase.validateCommunicationType(CommunicationTypeTestCase.java:221)
	at com.app.server.service.organization.contactmanagement.CommunicationTypeTestCase.test5NegativeTesting(CommunicationTypeTestCase.java:253)
	at sun.reflect.NativeMethodAccessorImpl.invoke0(Native Method)
	at sun.reflect.NativeMethodAccessorImpl.invoke(NativeMethodAccessorImpl.java:57)
	at sun.reflect.DelegatingMethodAccessorImpl.invoke(DelegatingMethodAccessorImpl.java:43)
	at java.lang.reflect.Method.invoke(Method.java:606)
	at org.junit.runners.model.FrameworkMethod$1.runReflectiveCall(FrameworkMethod.java:47)
	at org.junit.internal.runners.model.ReflectiveCallable.run(ReflectiveCallable.java:12)
	at org.junit.runners.model.FrameworkMethod.invokeExplosively(FrameworkMethod.java:44)
	at org.junit.internal.runners.statements.InvokeMethod.evaluate(InvokeMethod.java:17)
	at org.junit.internal.runners.statements.RunBefores.evaluate(RunBefores.java:26)
	at org.springframework.test.context.junit4.statements.RunBeforeTestMethodCallbacks.evaluate(RunBeforeTestMethodCallbacks.java:74)
	at org.junit.internal.runners.statements.RunAfters.evaluate(RunAfters.java:27)
	at org.springframework.test.context.junit4.statements.RunAfterTestMethodCallbacks.evaluate(RunAfterTestMethodCallbacks.java:83)
	at org.springframework.test.context.junit4.statements.SpringRepeat.evaluate(SpringRepeat.java:72)
	at org.springframework.test.context.junit4.SpringJUnit4ClassRunner.runChild(SpringJUnit4ClassRunner.java:233)
	at org.springframework.test.context.junit4.SpringJUnit4ClassRunner.runChild(SpringJUnit4ClassRunner.java:87)
	at org.junit.runners.ParentRunner$3.run(ParentRunner.java:238)
	at org.junit.runners.ParentRunner$1.schedule(ParentRunner.java:63)
	at org.junit.runners.ParentRunner.runChildren(ParentRunner.java:236)
	at org.junit.runners.ParentRunner.access$000(ParentRunner.java:53)
	at org.junit.runners.ParentRunner$2.evaluate(ParentRunner.java:229)
	at org.junit.internal.runners.statements.RunBefores.evaluate(RunBefores.java:26)
	at org.springframework.test.context.junit4.statements.RunBeforeTestClassCallbacks.evaluate(RunBeforeTestClassCallbacks.java:61)
	at org.springframework.test.context.junit4.statements.RunAfterTestClassCallbacks.evaluate(RunAfterTestClassCallbacks.java:71)
	at org.junit.runners.ParentRunner.run(ParentRunner.java:309)
	at org.springframework.test.context.junit4.SpringJUnit4ClassRunner.run(SpringJUnit4ClassRunner.java:176)
	at org.gradle.api.internal.tasks.testing.junit.JUnitTestClassExecuter.runTestClass(JUnitTestClassExecuter.java:86)
	at org.gradle.api.internal.tasks.testing.junit.JUnitTestClassExecuter.execute(JUnitTestClassExecuter.java:49)
	at org.gradle.api.internal.tasks.testing.junit.JUnitTestClassProcessor.processTestClass(JUnitTestClassProcessor.java:64)
	at org.gradle.api.internal.tasks.testing.SuiteTestClassProcessor.processTestClass(SuiteTestClassProcessor.java:50)
	at sun.reflect.NativeMethodAccessorImpl.invoke0(Native Method)
	at sun.reflect.NativeMethodAccessorImpl.invoke(NativeMethodAccessorImpl.java:57)
	at sun.reflect.DelegatingMethodAccessorImpl.invoke(DelegatingMethodAccessorImpl.java:43)
	at java.lang.reflect.Method.invoke(Method.java:606)
	at org.gradle.messaging.dispatch.ReflectionDispatch.dispatch(ReflectionDispatch.java:35)
	at org.gradle.messaging.dispatch.ReflectionDispatch.dispatch(ReflectionDispatch.java:24)
	at org.gradle.messaging.dispatch.ContextClassLoaderDispatch.dispatch(ContextClassLoaderDispatch.java:32)
	at org.gradle.messaging.dispatch.ProxyDispatchAdapter$DispatchingInvocationHandler.invoke(ProxyDispatchAdapter.java:93)
	at com.sun.proxy.$Proxy2.processTestClass(Unknown Source)
	at org.gradle.api.internal.tasks.testing.worker.TestWorker.processTestClass(TestWorker.java:106)
	at sun.reflect.NativeMethodAccessorImpl.invoke0(Native Method)
	at sun.reflect.NativeMethodAccessorImpl.invoke(NativeMethodAccessorImpl.java:57)
	at sun.reflect.DelegatingMethodAccessorImpl.invoke(DelegatingMethodAccessorImpl.java:43)
	at java.lang.reflect.Method.invoke(Method.java:606)
	at org.gradle.messaging.dispatch.ReflectionDispatch.dispatch(ReflectionDispatch.java:35)
	at org.gradle.messaging.dispatch.ReflectionDispatch.dispatch(ReflectionDispatch.java:24)
	at org.gradle.messaging.remote.internal.hub.MessageHub$Handler.run(MessageHub.java:360)
	at org.gradle.internal.concurrent.DefaultExecutorFactory$StoppableExecutorImpl$1.run(DefaultExecutorFactory.java:64)
	at java.util.concurrent.ThreadPoolExecutor.runWorker(ThreadPoolExecutor.java:1145)
	at java.util.concurrent.ThreadPoolExecutor$Worker.run(ThreadPoolExecutor.java:615)
	at java.lang.Thread.run(Thread.java:745)
CommunicationType.commTypeName size must be between 0 and 128
java.lang.SecurityException: CommunicationType.commTypeName size must be between 0 and 128
	at com.athena.server.pluggable.utils.helper.EntityValidatorHelper.validateEntity(EntityValidatorHelper.java:37)
	at com.app.shared.organization.contactmanagement.CommunicationType.isValid(CommunicationType.java:173)
	at com.app.server.service.organization.contactmanagement.CommunicationTypeTestCase.validateCommunicationType(CommunicationTypeTestCase.java:219)
	at com.app.server.service.organization.contactmanagement.CommunicationTypeTestCase.test5NegativeTesting(CommunicationTypeTestCase.java:258)
	at sun.reflect.NativeMethodAccessorImpl.invoke0(Native Method)
	at sun.reflect.NativeMethodAccessorImpl.invoke(NativeMethodAccessorImpl.java:57)
	at sun.reflect.DelegatingMethodAccessorImpl.invoke(DelegatingMethodAccessorImpl.java:43)
	at java.lang.reflect.Method.invoke(Method.java:606)
	at org.junit.runners.model.FrameworkMethod$1.runReflectiveCall(FrameworkMethod.java:47)
	at org.junit.internal.runners.model.ReflectiveCallable.run(ReflectiveCallable.java:12)
	at org.junit.runners.model.FrameworkMethod.invokeExplosively(FrameworkMethod.java:44)
	at org.junit.internal.runners.statements.InvokeMethod.evaluate(InvokeMethod.java:17)
	at org.junit.internal.runners.statements.RunBefores.evaluate(RunBefores.java:26)
	at org.springframework.test.context.junit4.statements.RunBeforeTestMethodCallbacks.evaluate(RunBeforeTestMethodCallbacks.java:74)
	at org.junit.internal.runners.statements.RunAfters.evaluate(RunAfters.java:27)
	at org.springframework.test.context.junit4.statements.RunAfterTestMethodCallbacks.evaluate(RunAfterTestMethodCallbacks.java:83)
	at org.springframework.test.context.junit4.statements.SpringRepeat.evaluate(SpringRepeat.java:72)
	at org.springframework.test.context.junit4.SpringJUnit4ClassRunner.runChild(SpringJUnit4ClassRunner.java:233)
	at org.springframework.test.context.junit4.SpringJUnit4ClassRunner.runChild(SpringJUnit4ClassRunner.java:87)
	at org.junit.runners.ParentRunner$3.run(ParentRunner.java:238)
	at org.junit.runners.ParentRunner$1.schedule(ParentRunner.java:63)
	at org.junit.runners.ParentRunner.runChildren(ParentRunner.java:236)
	at org.junit.runners.ParentRunner.access$000(ParentRunner.java:53)
	at org.junit.runners.ParentRunner$2.evaluate(ParentRunner.java:229)
	at org.junit.internal.runners.statements.RunBefores.evaluate(RunBefores.java:26)
	at org.springframework.test.context.junit4.statements.RunBeforeTestClassCallbacks.evaluate(RunBeforeTestClassCallbacks.java:61)
	at org.springframework.test.context.junit4.statements.RunAfterTestClassCallbacks.evaluate(RunAfterTestClassCallbacks.java:71)
	at org.junit.runners.ParentRunner.run(ParentRunner.java:309)
	at org.springframework.test.context.junit4.SpringJUnit4ClassRunner.run(SpringJUnit4ClassRunner.java:176)
	at org.gradle.api.internal.tasks.testing.junit.JUnitTestClassExecuter.runTestClass(JUnitTestClassExecuter.java:86)
	at org.gradle.api.internal.tasks.testing.junit.JUnitTestClassExecuter.execute(JUnitTestClassExecuter.java:49)
	at org.gradle.api.internal.tasks.testing.junit.JUnitTestClassProcessor.processTestClass(JUnitTestClassProcessor.java:64)
	at org.gradle.api.internal.tasks.testing.SuiteTestClassProcessor.processTestClass(SuiteTestClassProcessor.java:50)
	at sun.reflect.NativeMethodAccessorImpl.invoke0(Native Method)
	at sun.reflect.NativeMethodAccessorImpl.invoke(NativeMethodAccessorImpl.java:57)
	at sun.reflect.DelegatingMethodAccessorImpl.invoke(DelegatingMethodAccessorImpl.java:43)
	at java.lang.reflect.Method.invoke(Method.java:606)
	at org.gradle.messaging.dispatch.ReflectionDispatch.dispatch(ReflectionDispatch.java:35)
	at org.gradle.messaging.dispatch.ReflectionDispatch.dispatch(ReflectionDispatch.java:24)
	at org.gradle.messaging.dispatch.ContextClassLoaderDispatch.dispatch(ContextClassLoaderDispatch.java:32)
	at org.gradle.messaging.dispatch.ProxyDispatchAdapter$DispatchingInvocationHandler.invoke(ProxyDispatchAdapter.java:93)
	at com.sun.proxy.$Proxy2.processTestClass(Unknown Source)
	at org.gradle.api.internal.tasks.testing.worker.TestWorker.processTestClass(TestWorker.java:106)
	at sun.reflect.NativeMethodAccessorImpl.invoke0(Native Method)
	at sun.reflect.NativeMethodAccessorImpl.invoke(NativeMethodAccessorImpl.java:57)
	at sun.reflect.DelegatingMethodAccessorImpl.invoke(DelegatingMethodAccessorImpl.java:43)
	at java.lang.reflect.Method.invoke(Method.java:606)
	at org.gradle.messaging.dispatch.ReflectionDispatch.dispatch(ReflectionDispatch.java:35)
	at org.gradle.messaging.dispatch.ReflectionDispatch.dispatch(ReflectionDispatch.java:24)
	at org.gradle.messaging.remote.internal.hub.MessageHub$Handler.run(MessageHub.java:360)
	at org.gradle.internal.concurrent.DefaultExecutorFactory$StoppableExecutorImpl$1.run(DefaultExecutorFactory.java:64)
	at java.util.concurrent.ThreadPoolExecutor.runWorker(ThreadPoolExecutor.java:1145)
	at java.util.concurrent.ThreadPoolExecutor$Worker.run(ThreadPoolExecutor.java:615)
	at java.lang.Thread.run(Thread.java:745)
CommunicationType.commTypeDescription size must be between 0 and 256
java.lang.SecurityException: CommunicationType.commTypeDescription size must be between 0 and 256
	at com.athena.server.pluggable.utils.helper.EntityValidatorHelper.validateEntity(EntityValidatorHelper.java:37)
	at com.app.shared.organization.contactmanagement.CommunicationType.isValid(CommunicationType.java:173)
	at com.app.server.service.organization.contactmanagement.CommunicationTypeTestCase.validateCommunicationType(CommunicationTypeTestCase.java:219)
	at com.app.server.service.organization.contactmanagement.CommunicationTypeTestCase.test5NegativeTesting(CommunicationTypeTestCase.java:263)
	at sun.reflect.NativeMethodAccessorImpl.invoke0(Native Method)
	at sun.reflect.NativeMethodAccessorImpl.invoke(NativeMethodAccessorImpl.java:57)
	at sun.reflect.DelegatingMethodAccessorImpl.invoke(DelegatingMethodAccessorImpl.java:43)
	at java.lang.reflect.Method.invoke(Method.java:606)
	at org.junit.runners.model.FrameworkMethod$1.runReflectiveCall(FrameworkMethod.java:47)
	at org.junit.internal.runners.model.ReflectiveCallable.run(ReflectiveCallable.java:12)
	at org.junit.runners.model.FrameworkMethod.invokeExplosively(FrameworkMethod.java:44)
	at org.junit.internal.runners.statements.InvokeMethod.evaluate(InvokeMethod.java:17)
	at org.junit.internal.runners.statements.RunBefores.evaluate(RunBefores.java:26)
	at org.springframework.test.context.junit4.statements.RunBeforeTestMethodCallbacks.evaluate(RunBeforeTestMethodCallbacks.java:74)
	at org.junit.internal.runners.statements.RunAfters.evaluate(RunAfters.java:27)
	at org.springframework.test.context.junit4.statements.RunAfterTestMethodCallbacks.evaluate(RunAfterTestMethodCallbacks.java:83)
	at org.springframework.test.context.junit4.statements.SpringRepeat.evaluate(SpringRepeat.java:72)
	at org.springframework.test.context.junit4.SpringJUnit4ClassRunner.runChild(SpringJUnit4ClassRunner.java:233)
	at org.springframework.test.context.junit4.SpringJUnit4ClassRunner.runChild(SpringJUnit4ClassRunner.java:87)
	at org.junit.runners.ParentRunner$3.run(ParentRunner.java:238)
	at org.junit.runners.ParentRunner$1.schedule(ParentRunner.java:63)
	at org.junit.runners.ParentRunner.runChildren(ParentRunner.java:236)
	at org.junit.runners.ParentRunner.access$000(ParentRunner.java:53)
	at org.junit.runners.ParentRunner$2.evaluate(ParentRunner.java:229)
	at org.junit.internal.runners.statements.RunBefores.evaluate(RunBefores.java:26)
	at org.springframework.test.context.junit4.statements.RunBeforeTestClassCallbacks.evaluate(RunBeforeTestClassCallbacks.java:61)
	at org.springframework.test.context.junit4.statements.RunAfterTestClassCallbacks.evaluate(RunAfterTestClassCallbacks.java:71)
	at org.junit.runners.ParentRunner.run(ParentRunner.java:309)
	at org.springframework.test.context.junit4.SpringJUnit4ClassRunner.run(SpringJUnit4ClassRunner.java:176)
	at org.gradle.api.internal.tasks.testing.junit.JUnitTestClassExecuter.runTestClass(JUnitTestClassExecuter.java:86)
	at org.gradle.api.internal.tasks.testing.junit.JUnitTestClassExecuter.execute(JUnitTestClassExecuter.java:49)
	at org.gradle.api.internal.tasks.testing.junit.JUnitTestClassProcessor.processTestClass(JUnitTestClassProcessor.java:64)
	at org.gradle.api.internal.tasks.testing.SuiteTestClassProcessor.processTestClass(SuiteTestClassProcessor.java:50)
	at sun.reflect.NativeMethodAccessorImpl.invoke0(Native Method)
	at sun.reflect.NativeMethodAccessorImpl.invoke(NativeMethodAccessorImpl.java:57)
	at sun.reflect.DelegatingMethodAccessorImpl.invoke(DelegatingMethodAccessorImpl.java:43)
	at java.lang.reflect.Method.invoke(Method.java:606)
	at org.gradle.messaging.dispatch.ReflectionDispatch.dispatch(ReflectionDispatch.java:35)
	at org.gradle.messaging.dispatch.ReflectionDispatch.dispatch(ReflectionDispatch.java:24)
	at org.gradle.messaging.dispatch.ContextClassLoaderDispatch.dispatch(ContextClassLoaderDispatch.java:32)
	at org.gradle.messaging.dispatch.ProxyDispatchAdapter$DispatchingInvocationHandler.invoke(ProxyDispatchAdapter.java:93)
	at com.sun.proxy.$Proxy2.processTestClass(Unknown Source)
	at org.gradle.api.internal.tasks.testing.worker.TestWorker.processTestClass(TestWorker.java:106)
	at sun.reflect.NativeMethodAccessorImpl.invoke0(Native Method)
	at sun.reflect.NativeMethodAccessorImpl.invoke(NativeMethodAccessorImpl.java:57)
	at sun.reflect.DelegatingMethodAccessorImpl.invoke(DelegatingMethodAccessorImpl.java:43)
	at java.lang.reflect.Method.invoke(Method.java:606)
	at org.gradle.messaging.dispatch.ReflectionDispatch.dispatch(ReflectionDispatch.java:35)
	at org.gradle.messaging.dispatch.ReflectionDispatch.dispatch(ReflectionDispatch.java:24)
	at org.gradle.messaging.remote.internal.hub.MessageHub$Handler.run(MessageHub.java:360)
	at org.gradle.internal.concurrent.DefaultExecutorFactory$StoppableExecutorImpl$1.run(DefaultExecutorFactory.java:64)
	at java.util.concurrent.ThreadPoolExecutor.runWorker(ThreadPoolExecutor.java:1145)
	at java.util.concurrent.ThreadPoolExecutor$Worker.run(ThreadPoolExecutor.java:615)
	at java.lang.Thread.run(Thread.java:745)
]]></system-err>
</testsuite>
