<?xml version="1.0" encoding="UTF-8"?>
<testsuite name="projectthree.app.server.service.encodecoboundedcontext.newdomain.AnswerTestCase" tests="5" skipped="0" failures="0" errors="0" timestamp="2016-08-26T10:17:45" hostname="d6252af96598" time="1.009">
  <properties/>
  <testcase name="test1Save" classname="projectthree.app.server.service.encodecoboundedcontext.newdomain.AnswerTestCase" time="0.758"/>
  <testcase name="test2Update" classname="projectthree.app.server.service.encodecoboundedcontext.newdomain.AnswerTestCase" time="0.123"/>
  <testcase name="test3FindById" classname="projectthree.app.server.service.encodecoboundedcontext.newdomain.AnswerTestCase" time="0.031"/>
  <testcase name="test5NegativeTesting" classname="projectthree.app.server.service.encodecoboundedcontext.newdomain.AnswerTestCase" time="0.011"/>
  <testcase name="test6Delete" classname="projectthree.app.server.service.encodecoboundedcontext.newdomain.AnswerTestCase" time="0.086"/>
  <system-out><![CDATA[Fri Aug 26 10:17:45 UTC 2016|Log Manager Factory|Initialization Process started.....
Fri Aug 26 10:17:45 UTC 2016|Log Manager|Initialized with Path = [/home/applifire/workspace/project3/src/main/webapp/WEB-INF/conf]
Fri Aug 26 10:17:45 UTC 2016|Alarm Manager|Initialized with Path = [/home/applifire/workspace/project3/src/main/webapp/WEB-INF/conf]
Fri Aug 26 10:17:45 UTC 2016|Alarm Manager|Loading Alarms ......
Fri Aug 26 10:17:45 UTC 2016|Alarm XML Parser|FWA|XML Parsing Complete........ 
Fri Aug 26 10:17:45 UTC 2016|Alarm File Manager|FWA|Alarm File Status.. [ApplicationFrameworkAlarms.xml]|Version=15|Status=Done 
Fri Aug 26 10:17:45 UTC 2016|Alarm File Manager|FWA|Alarm Stats = ( BC/AL=5/786 SYS=5/11 [786/0]  TPL=0/0 [0/0]  APP= A.Map=[875]  E.Map EC/RC=[391/79] )
Fri Aug 26 10:17:45 UTC 2016|Alarm XML Parser|APP|XML Parsing Complete........ 
Fri Aug 26 10:17:45 UTC 2016|Alarm File Manager|APP|Alarm File Status.. [ApplicationAlarms.xml]|Version=1|Status=Done 
Fri Aug 26 10:17:45 UTC 2016|Alarm File Manager|APP|Alarm Stats = ( BC/AL=6/873 SYS=5/11 [786/0]  TPL=0/0 [0/0]  APP=1/1 [87/0]  A.Map=[962]  E.Map EC/RC=[445/91] )
Fri Aug 26 10:17:45 UTC 2016|ApplicationAlarmContext| <><><><><> Create App Alarms ....  <><><><><> 
Fri Aug 26 10:17:45 UTC 2016|ApplicationAlarmContext|Alarms are generated ONLY in Development Mode.. 
Fri Aug 26 10:17:45 UTC 2016|Alarm Manager|APP|Alarm Stats = ( BC/AL=6/873 SYS=5/11 [786/0]  TPL=0/0 [0/0]  APP=1/1 [87/0]  A.Map=[962]  E.Map EC/RC=[445/91] )
Fri Aug 26 10:17:45 UTC 2016|Alarm Manager|Initialized Exception Lookup...
Fri Aug 26 10:17:45 UTC 2016|Log Manager|Initialize Log Config File ......
Fri Aug 26 10:17:45 UTC 2016|Pluggable Connectors|Adding Connectors : StandardOutputConnector isEnabled=true isDefault=false isFallBack=true
Fri Aug 26 10:17:45 UTC 2016|Pluggable Connectors|Adding Connectors : StandardFileConnector isEnabled=true isDefault=false isFallBack=false
Fri Aug 26 10:17:45 UTC 2016|Pluggable Connectors|Adding Connectors : Sprinkler isEnabled=true isDefault=true isFallBack=false
Fri Aug 26 10:17:45 UTC 2016|Pluggable Connectors|Default Connector Name : com.spartan.logger.core.LogMessenger
Fri Aug 26 10:17:45 UTC 2016|Log Config Parser|Connector Least Log Level =[4]  FallBack Log Level =[3]
Fri Aug 26 10:17:45 UTC 2016|Log Manager|Loading Default Connector for Logging ......
Fri Aug 26 10:17:45 UTC 2016|Log Manager|Loading class .. com.spartan.logger.core.LogMessenger
Fri Aug 26 10:17:45 UTC 2016|Plugggable Connector|Connector class com.spartan.logger.core.LogMessenger Initialized... @ Log Level = 3
Fri Aug 26 10:17:45 UTC 2016|Log Manager|Starting the Default Connector [com.spartan.logger.core.LogMessenger@6e8135a] ....
Fri Aug 26 10:17:45 UTC 2016|Scheduler|Starting the Scheduler ......
Fri Aug 26 10:17:45 UTC 2016|Scheduler|Adding [LMID=[50e67a13-e4f5-424e-9d74-d0fb892e261f]] Delay=5 Time Unit=MINUTES
Fri Aug 26 10:17:45 UTC 2016|Scheduler|Adding [App Alarm Manager File=[ApplicationAlarms.xml]] Delay=30 Time Unit=MINUTES
Fri Aug 26 10:17:45 UTC 2016|Scheduler|Adding [FW Alarm Manager File=[ApplicationFrameworkAlarms.xml]] Delay=3 Time Unit=MINUTES
Fri Aug 26 10:17:45 UTC 2016|Scheduler|Startup Completed..
Fri Aug 26 10:17:45 UTC 2016|Log Manager|Initialization Process Complete ......
Fri Aug 26 10:17:45 UTC 2016|Log Manager Factory|Log Manager READY! ID = 50e67a13-e4f5-424e-9d74-d0fb892e261f
[EL Finer]: connection: 2016-08-26 10:17:45.629--ServerSession(1851516305)--Thread(Thread[Test worker,5,main])--client acquired: 557218818
[EL Finer]: transaction: 2016-08-26 10:17:45.629--ClientSession(557218818)--Thread(Thread[Test worker,5,main])--acquire unit of work: 489559
[EL Finest]: connection: 2016-08-26 10:17:45.63--ServerSession(1851516305)--Connection(1785567172)--Thread(Thread[Test worker,5,main])--Connection acquired from connection pool [default].
[EL Finer]: transaction: 2016-08-26 10:17:45.63--ClientSession(557218818)--Connection(1785567172)--Thread(Thread[Test worker,5,main])--begin transaction
[EL Finest]: connection: 2016-08-26 10:17:45.63--ClientSession(557218818)--Thread(Thread[Test worker,5,main])--reconnecting to external connection pool
[EL Finest]: transaction: 2016-08-26 10:17:45.634--UnitOfWork(489559)--Thread(Thread[Test worker,5,main])--persist() operation called on: NTwemBJ1VxNsC45vdb1HWhOURamrCOSwdKRuNpdrncZ8RjXWIO.
[EL Finest]: sequencing: 2016-08-26 10:17:45.635--UnitOfWork(489559)--Thread(Thread[Test worker,5,main])--assign sequence to the object (2A88BD28-B07C-4759-AEB2-CB5F21C32E83 -> NTwemBJ1VxNsC45vdb1HWhOURamrCOSwdKRuNpdrncZ8RjXWIO)
[EL Finer]: transaction: 2016-08-26 10:17:45.635--UnitOfWork(489559)--Thread(Thread[Test worker,5,main])--begin unit of work commit
[EL Finest]: query: 2016-08-26 10:17:45.635--UnitOfWork(489559)--Thread(Thread[Test worker,5,main])--Execute query InsertObjectQuery(NTwemBJ1VxNsC45vdb1HWhOURamrCOSwdKRuNpdrncZ8RjXWIO)
[EL Fine]: sql: 2016-08-26 10:17:45.635--ClientSession(557218818)--Connection(686000542)--Thread(Thread[Test worker,5,main])--INSERT INTO ast_Answer_T (ansId, ansName, ansWei, versionId, createdBy, createdDate, updatedBy, updatedDate, activeStatus, txnAccessCode) VALUES (?, ?, ?, ?, ?, ?, ?, ?, ?, ?)
	bind => [2A88BD28-B07C-4759-AEB2-CB5F21C32E83, NTwemBJ1VxNsC45vdb1HWhOURamrCOSwdKRuNpdrncZ8RjXWIO, 2147483647, 1, AAAAA, 2016-08-26 10:17:45.572, AAAAA, 2016-08-26 10:17:45.572, 1, 51000]
[EL Finer]: transaction: 2016-08-26 10:17:45.637--ClientSession(557218818)--Connection(686000542)--Thread(Thread[Test worker,5,main])--commit transaction
[EL Finest]: connection: 2016-08-26 10:17:46.307--ServerSession(1851516305)--Connection(1785567172)--Thread(Thread[Test worker,5,main])--Connection released to connection pool [default].
[EL Finer]: transaction: 2016-08-26 10:17:46.308--UnitOfWork(489559)--Thread(Thread[Test worker,5,main])--end unit of work commit
[EL Finer]: transaction: 2016-08-26 10:17:46.308--UnitOfWork(489559)--Thread(Thread[Test worker,5,main])--resume unit of work
[EL Finer]: transaction: 2016-08-26 10:17:46.308--UnitOfWork(489559)--Thread(Thread[Test worker,5,main])--release unit of work
[EL Finer]: connection: 2016-08-26 10:17:46.308--ClientSession(557218818)--Thread(Thread[Test worker,5,main])--client released
[EL Finer]: connection: 2016-08-26 10:17:46.331--ServerSession(1851516305)--Thread(Thread[Test worker,5,main])--client acquired: 1791649401
[EL Finer]: transaction: 2016-08-26 10:17:46.332--ClientSession(1791649401)--Thread(Thread[Test worker,5,main])--acquire unit of work: 235784373
[EL Finest]: connection: 2016-08-26 10:17:46.332--ServerSession(1851516305)--Connection(720628296)--Thread(Thread[Test worker,5,main])--Connection acquired from connection pool [default].
[EL Finer]: transaction: 2016-08-26 10:17:46.332--ClientSession(1791649401)--Connection(720628296)--Thread(Thread[Test worker,5,main])--begin transaction
[EL Finest]: connection: 2016-08-26 10:17:46.332--ClientSession(1791649401)--Thread(Thread[Test worker,5,main])--reconnecting to external connection pool
[EL Finer]: transaction: 2016-08-26 10:17:46.333--UnitOfWork(235784373)--Thread(Thread[Test worker,5,main])--begin unit of work flush
[EL Finer]: transaction: 2016-08-26 10:17:46.333--UnitOfWork(235784373)--Thread(Thread[Test worker,5,main])--end unit of work flush
[EL Finest]: query: 2016-08-26 10:17:46.333--UnitOfWork(235784373)--Thread(Thread[Test worker,5,main])--Execute query ReadAllQuery(name="Answer.findById" referenceClass=Answer sql="SELECT ansId, ansName, ansWei, versionId, createdBy, createdDate, updatedBy, updatedDate, activeStatus, txnAccessCode FROM ast_Answer_T WHERE ((activeStatus = ?) AND (ansId = ?))")
[EL Fine]: sql: 2016-08-26 10:17:46.333--ClientSession(1791649401)--Connection(253042495)--Thread(Thread[Test worker,5,main])--SELECT ansId, ansName, ansWei, versionId, createdBy, createdDate, updatedBy, updatedDate, activeStatus, txnAccessCode FROM ast_Answer_T WHERE ((activeStatus = ?) AND (ansId = ?))
	bind => [1, 2A88BD28-B07C-4759-AEB2-CB5F21C32E83]
[EL Finer]: transaction: 2016-08-26 10:17:46.335--UnitOfWork(235784373)--Thread(Thread[Test worker,5,main])--begin unit of work commit
[EL Finer]: transaction: 2016-08-26 10:17:46.335--ClientSession(1791649401)--Connection(253042495)--Thread(Thread[Test worker,5,main])--commit transaction
[EL Finest]: connection: 2016-08-26 10:17:46.335--ServerSession(1851516305)--Connection(720628296)--Thread(Thread[Test worker,5,main])--Connection released to connection pool [default].
[EL Finer]: transaction: 2016-08-26 10:17:46.335--UnitOfWork(235784373)--Thread(Thread[Test worker,5,main])--end unit of work commit
[EL Finer]: transaction: 2016-08-26 10:17:46.335--UnitOfWork(235784373)--Thread(Thread[Test worker,5,main])--resume unit of work
[EL Finer]: transaction: 2016-08-26 10:17:46.336--UnitOfWork(235784373)--Thread(Thread[Test worker,5,main])--release unit of work
[EL Finer]: connection: 2016-08-26 10:17:46.336--ClientSession(1791649401)--Thread(Thread[Test worker,5,main])--client released
[EL Finer]: connection: 2016-08-26 10:17:46.336--ServerSession(1851516305)--Thread(Thread[Test worker,5,main])--client acquired: 961304721
[EL Finer]: transaction: 2016-08-26 10:17:46.336--ClientSession(961304721)--Thread(Thread[Test worker,5,main])--acquire unit of work: 1128969466
[EL Finest]: connection: 2016-08-26 10:17:46.336--ServerSession(1851516305)--Connection(1571793817)--Thread(Thread[Test worker,5,main])--Connection acquired from connection pool [default].
[EL Finer]: transaction: 2016-08-26 10:17:46.336--ClientSession(961304721)--Connection(1571793817)--Thread(Thread[Test worker,5,main])--begin transaction
[EL Finest]: connection: 2016-08-26 10:17:46.336--ClientSession(961304721)--Thread(Thread[Test worker,5,main])--reconnecting to external connection pool
[EL Finest]: transaction: 2016-08-26 10:17:46.339--UnitOfWork(1128969466)--Thread(Thread[Test worker,5,main])--Merge clone with references 4bTvhFCTnwjvGtS7GLQFkfWvZCr1q5NgVtxW4pDRd2mIBI1kkl
[EL Finest]: query: 2016-08-26 10:17:46.339--UnitOfWork(1128969466)--Thread(Thread[Test worker,5,main])--Execute query ReadObjectQuery(referenceClass=Answer )
[EL Fine]: sql: 2016-08-26 10:17:46.339--ClientSession(961304721)--Connection(139548831)--Thread(Thread[Test worker,5,main])--SELECT ansId, ansName, ansWei, versionId, createdBy, createdDate, updatedBy, updatedDate, activeStatus, txnAccessCode FROM ast_Answer_T WHERE (ansId = ?)
	bind => [2A88BD28-B07C-4759-AEB2-CB5F21C32E83]
[EL Finer]: transaction: 2016-08-26 10:17:46.34--UnitOfWork(1128969466)--Thread(Thread[Test worker,5,main])--begin unit of work commit
[EL Finest]: query: 2016-08-26 10:17:46.341--UnitOfWork(1128969466)--Thread(Thread[Test worker,5,main])--Execute query UpdateObjectQuery(4bTvhFCTnwjvGtS7GLQFkfWvZCr1q5NgVtxW4pDRd2mIBI1kkl)
[EL Fine]: sql: 2016-08-26 10:17:46.341--ClientSession(961304721)--Connection(139548831)--Thread(Thread[Test worker,5,main])--UPDATE ast_Answer_T SET ansName = ?, versionId = ? WHERE ((ansId = ?) AND (versionId = ?))
	bind => [4bTvhFCTnwjvGtS7GLQFkfWvZCr1q5NgVtxW4pDRd2mIBI1kkl, 2, 2A88BD28-B07C-4759-AEB2-CB5F21C32E83, 1]
[EL Finer]: transaction: 2016-08-26 10:17:46.342--ClientSession(961304721)--Connection(139548831)--Thread(Thread[Test worker,5,main])--commit transaction
[EL Finest]: connection: 2016-08-26 10:17:46.43--ServerSession(1851516305)--Connection(1571793817)--Thread(Thread[Test worker,5,main])--Connection released to connection pool [default].
[EL Finer]: transaction: 2016-08-26 10:17:46.431--UnitOfWork(1128969466)--Thread(Thread[Test worker,5,main])--end unit of work commit
[EL Finer]: transaction: 2016-08-26 10:17:46.431--UnitOfWork(1128969466)--Thread(Thread[Test worker,5,main])--resume unit of work
[EL Finer]: transaction: 2016-08-26 10:17:46.431--UnitOfWork(1128969466)--Thread(Thread[Test worker,5,main])--release unit of work
[EL Finer]: connection: 2016-08-26 10:17:46.431--ClientSession(961304721)--Thread(Thread[Test worker,5,main])--client released
[EL Finer]: connection: 2016-08-26 10:17:46.457--ServerSession(1851516305)--Thread(Thread[Test worker,5,main])--client acquired: 1491390480
[EL Finer]: transaction: 2016-08-26 10:17:46.457--ClientSession(1491390480)--Thread(Thread[Test worker,5,main])--acquire unit of work: 370669576
[EL Finest]: connection: 2016-08-26 10:17:46.457--ServerSession(1851516305)--Connection(2140987532)--Thread(Thread[Test worker,5,main])--Connection acquired from connection pool [default].
[EL Finer]: transaction: 2016-08-26 10:17:46.457--ClientSession(1491390480)--Connection(2140987532)--Thread(Thread[Test worker,5,main])--begin transaction
[EL Finest]: connection: 2016-08-26 10:17:46.457--ClientSession(1491390480)--Thread(Thread[Test worker,5,main])--reconnecting to external connection pool
[EL Finer]: transaction: 2016-08-26 10:17:46.458--UnitOfWork(370669576)--Thread(Thread[Test worker,5,main])--begin unit of work flush
[EL Finer]: transaction: 2016-08-26 10:17:46.458--UnitOfWork(370669576)--Thread(Thread[Test worker,5,main])--end unit of work flush
[EL Finest]: query: 2016-08-26 10:17:46.459--UnitOfWork(370669576)--Thread(Thread[Test worker,5,main])--Execute query ReadAllQuery(name="Answer.findById" referenceClass=Answer sql="SELECT ansId, ansName, ansWei, versionId, createdBy, createdDate, updatedBy, updatedDate, activeStatus, txnAccessCode FROM ast_Answer_T WHERE ((activeStatus = ?) AND (ansId = ?))")
[EL Fine]: sql: 2016-08-26 10:17:46.459--ClientSession(1491390480)--Connection(861949160)--Thread(Thread[Test worker,5,main])--SELECT ansId, ansName, ansWei, versionId, createdBy, createdDate, updatedBy, updatedDate, activeStatus, txnAccessCode FROM ast_Answer_T WHERE ((activeStatus = ?) AND (ansId = ?))
	bind => [1, 2A88BD28-B07C-4759-AEB2-CB5F21C32E83]
[EL Finer]: transaction: 2016-08-26 10:17:46.46--UnitOfWork(370669576)--Thread(Thread[Test worker,5,main])--begin unit of work commit
[EL Finer]: transaction: 2016-08-26 10:17:46.461--ClientSession(1491390480)--Connection(861949160)--Thread(Thread[Test worker,5,main])--commit transaction
[EL Finest]: connection: 2016-08-26 10:17:46.461--ServerSession(1851516305)--Connection(2140987532)--Thread(Thread[Test worker,5,main])--Connection released to connection pool [default].
[EL Finer]: transaction: 2016-08-26 10:17:46.461--UnitOfWork(370669576)--Thread(Thread[Test worker,5,main])--end unit of work commit
[EL Finer]: transaction: 2016-08-26 10:17:46.461--UnitOfWork(370669576)--Thread(Thread[Test worker,5,main])--resume unit of work
[EL Finer]: transaction: 2016-08-26 10:17:46.461--UnitOfWork(370669576)--Thread(Thread[Test worker,5,main])--release unit of work
[EL Finer]: connection: 2016-08-26 10:17:46.461--ClientSession(1491390480)--Thread(Thread[Test worker,5,main])--client released
[EL Finer]: connection: 2016-08-26 10:17:46.493--ServerSession(1851516305)--Thread(Thread[Test worker,5,main])--client acquired: 367355595
[EL Finer]: transaction: 2016-08-26 10:17:46.493--ClientSession(367355595)--Thread(Thread[Test worker,5,main])--acquire unit of work: 130000040
[EL Finest]: connection: 2016-08-26 10:17:46.493--ServerSession(1851516305)--Connection(919803281)--Thread(Thread[Test worker,5,main])--Connection acquired from connection pool [default].
[EL Finer]: transaction: 2016-08-26 10:17:46.493--ClientSession(367355595)--Connection(919803281)--Thread(Thread[Test worker,5,main])--begin transaction
[EL Finest]: connection: 2016-08-26 10:17:46.493--ClientSession(367355595)--Thread(Thread[Test worker,5,main])--reconnecting to external connection pool
[EL Finest]: query: 2016-08-26 10:17:46.494--UnitOfWork(130000040)--Thread(Thread[Test worker,5,main])--Execute query ReadObjectQuery(name="readAnswer" referenceClass=Answer sql="SELECT ansId, ansName, ansWei, versionId, createdBy, createdDate, updatedBy, updatedDate, activeStatus, txnAccessCode FROM ast_Answer_T WHERE (ansId = ?)")
[EL Fine]: sql: 2016-08-26 10:17:46.494--ClientSession(367355595)--Connection(235293786)--Thread(Thread[Test worker,5,main])--SELECT ansId, ansName, ansWei, versionId, createdBy, createdDate, updatedBy, updatedDate, activeStatus, txnAccessCode FROM ast_Answer_T WHERE (ansId = ?)
	bind => [2A88BD28-B07C-4759-AEB2-CB5F21C32E83]
[EL Finest]: transaction: 2016-08-26 10:17:46.496--UnitOfWork(130000040)--Thread(Thread[Test worker,5,main])--remove() operation called on: 4bTvhFCTnwjvGtS7GLQFkfWvZCr1q5NgVtxW4pDRd2mIBI1kkl
[EL Finer]: transaction: 2016-08-26 10:17:46.496--UnitOfWork(130000040)--Thread(Thread[Test worker,5,main])--begin unit of work commit
[EL Finest]: query: 2016-08-26 10:17:46.496--UnitOfWork(130000040)--Thread(Thread[Test worker,5,main])--Execute query DoesExistQuery(referenceClass=Answer )
[EL Finest]: query: 2016-08-26 10:17:46.496--UnitOfWork(130000040)--Thread(Thread[Test worker,5,main])--Execute query DeleteObjectQuery(4bTvhFCTnwjvGtS7GLQFkfWvZCr1q5NgVtxW4pDRd2mIBI1kkl)
[EL Fine]: sql: 2016-08-26 10:17:46.497--ClientSession(367355595)--Connection(235293786)--Thread(Thread[Test worker,5,main])--DELETE FROM ast_Answer_T WHERE ((ansId = ?) AND (versionId = ?))
	bind => [2A88BD28-B07C-4759-AEB2-CB5F21C32E83, 2]
[EL Finer]: transaction: 2016-08-26 10:17:46.498--ClientSession(367355595)--Connection(235293786)--Thread(Thread[Test worker,5,main])--commit transaction
[EL Finest]: connection: 2016-08-26 10:17:46.559--ServerSession(1851516305)--Connection(919803281)--Thread(Thread[Test worker,5,main])--Connection released to connection pool [default].
[EL Finer]: transaction: 2016-08-26 10:17:46.559--UnitOfWork(130000040)--Thread(Thread[Test worker,5,main])--end unit of work commit
[EL Finer]: transaction: 2016-08-26 10:17:46.559--UnitOfWork(130000040)--Thread(Thread[Test worker,5,main])--resume unit of work
[EL Finer]: transaction: 2016-08-26 10:17:46.559--UnitOfWork(130000040)--Thread(Thread[Test worker,5,main])--release unit of work
[EL Finer]: connection: 2016-08-26 10:17:46.559--ClientSession(367355595)--Thread(Thread[Test worker,5,main])--client released
]]></system-out>
  <system-err><![CDATA[Answer.ansName may not be null
java.lang.SecurityException: Answer.ansName may not be null
	at com.athena.server.pluggable.utils.helper.EntityValidatorHelper.validateEntity(EntityValidatorHelper.java:37)
	at projectthree.app.shared.encodecoboundedcontext.newdomain.Answer.isValid(Answer.java:163)
	at projectthree.app.server.service.encodecoboundedcontext.newdomain.AnswerTestCase.validateAnswer(AnswerTestCase.java:206)
	at projectthree.app.server.service.encodecoboundedcontext.newdomain.AnswerTestCase.test5NegativeTesting(AnswerTestCase.java:237)
	at sun.reflect.NativeMethodAccessorImpl.invoke0(Native Method)
	at sun.reflect.NativeMethodAccessorImpl.invoke(NativeMethodAccessorImpl.java:57)
	at sun.reflect.DelegatingMethodAccessorImpl.invoke(DelegatingMethodAccessorImpl.java:43)
	at java.lang.reflect.Method.invoke(Method.java:606)
	at org.junit.runners.model.FrameworkMethod$1.runReflectiveCall(FrameworkMethod.java:47)
	at org.junit.internal.runners.model.ReflectiveCallable.run(ReflectiveCallable.java:12)
	at org.junit.runners.model.FrameworkMethod.invokeExplosively(FrameworkMethod.java:44)
	at org.junit.internal.runners.statements.InvokeMethod.evaluate(InvokeMethod.java:17)
	at org.junit.internal.runners.statements.RunBefores.evaluate(RunBefores.java:26)
	at org.springframework.test.context.junit4.statements.RunBeforeTestMethodCallbacks.evaluate(RunBeforeTestMethodCallbacks.java:74)
	at org.junit.internal.runners.statements.RunAfters.evaluate(RunAfters.java:27)
	at org.springframework.test.context.junit4.statements.RunAfterTestMethodCallbacks.evaluate(RunAfterTestMethodCallbacks.java:83)
	at org.springframework.test.context.junit4.statements.SpringRepeat.evaluate(SpringRepeat.java:72)
	at org.springframework.test.context.junit4.SpringJUnit4ClassRunner.runChild(SpringJUnit4ClassRunner.java:233)
	at org.springframework.test.context.junit4.SpringJUnit4ClassRunner.runChild(SpringJUnit4ClassRunner.java:87)
	at org.junit.runners.ParentRunner$3.run(ParentRunner.java:238)
	at org.junit.runners.ParentRunner$1.schedule(ParentRunner.java:63)
	at org.junit.runners.ParentRunner.runChildren(ParentRunner.java:236)
	at org.junit.runners.ParentRunner.access$000(ParentRunner.java:53)
	at org.junit.runners.ParentRunner$2.evaluate(ParentRunner.java:229)
	at org.junit.internal.runners.statements.RunBefores.evaluate(RunBefores.java:26)
	at org.springframework.test.context.junit4.statements.RunBeforeTestClassCallbacks.evaluate(RunBeforeTestClassCallbacks.java:61)
	at org.springframework.test.context.junit4.statements.RunAfterTestClassCallbacks.evaluate(RunAfterTestClassCallbacks.java:71)
	at org.junit.runners.ParentRunner.run(ParentRunner.java:309)
	at org.springframework.test.context.junit4.SpringJUnit4ClassRunner.run(SpringJUnit4ClassRunner.java:176)
	at org.gradle.api.internal.tasks.testing.junit.JUnitTestClassExecuter.runTestClass(JUnitTestClassExecuter.java:86)
	at org.gradle.api.internal.tasks.testing.junit.JUnitTestClassExecuter.execute(JUnitTestClassExecuter.java:49)
	at org.gradle.api.internal.tasks.testing.junit.JUnitTestClassProcessor.processTestClass(JUnitTestClassProcessor.java:64)
	at org.gradle.api.internal.tasks.testing.SuiteTestClassProcessor.processTestClass(SuiteTestClassProcessor.java:50)
	at sun.reflect.NativeMethodAccessorImpl.invoke0(Native Method)
	at sun.reflect.NativeMethodAccessorImpl.invoke(NativeMethodAccessorImpl.java:57)
	at sun.reflect.DelegatingMethodAccessorImpl.invoke(DelegatingMethodAccessorImpl.java:43)
	at java.lang.reflect.Method.invoke(Method.java:606)
	at org.gradle.messaging.dispatch.ReflectionDispatch.dispatch(ReflectionDispatch.java:35)
	at org.gradle.messaging.dispatch.ReflectionDispatch.dispatch(ReflectionDispatch.java:24)
	at org.gradle.messaging.dispatch.ContextClassLoaderDispatch.dispatch(ContextClassLoaderDispatch.java:32)
	at org.gradle.messaging.dispatch.ProxyDispatchAdapter$DispatchingInvocationHandler.invoke(ProxyDispatchAdapter.java:93)
	at com.sun.proxy.$Proxy2.processTestClass(Unknown Source)
	at org.gradle.api.internal.tasks.testing.worker.TestWorker.processTestClass(TestWorker.java:106)
	at sun.reflect.NativeMethodAccessorImpl.invoke0(Native Method)
	at sun.reflect.NativeMethodAccessorImpl.invoke(NativeMethodAccessorImpl.java:57)
	at sun.reflect.DelegatingMethodAccessorImpl.invoke(DelegatingMethodAccessorImpl.java:43)
	at java.lang.reflect.Method.invoke(Method.java:606)
	at org.gradle.messaging.dispatch.ReflectionDispatch.dispatch(ReflectionDispatch.java:35)
	at org.gradle.messaging.dispatch.ReflectionDispatch.dispatch(ReflectionDispatch.java:24)
	at org.gradle.messaging.remote.internal.hub.MessageHub$Handler.run(MessageHub.java:360)
	at org.gradle.internal.concurrent.DefaultExecutorFactory$StoppableExecutorImpl$1.run(DefaultExecutorFactory.java:64)
	at java.util.concurrent.ThreadPoolExecutor.runWorker(ThreadPoolExecutor.java:1145)
	at java.util.concurrent.ThreadPoolExecutor$Worker.run(ThreadPoolExecutor.java:615)
	at java.lang.Thread.run(Thread.java:745)
Answer.ansName size must be between 1 and 256
java.lang.SecurityException: Answer.ansName size must be between 1 and 256
	at com.athena.server.pluggable.utils.helper.EntityValidatorHelper.validateEntity(EntityValidatorHelper.java:37)
	at projectthree.app.shared.encodecoboundedcontext.newdomain.Answer.isValid(Answer.java:163)
	at projectthree.app.server.service.encodecoboundedcontext.newdomain.AnswerTestCase.validateAnswer(AnswerTestCase.java:204)
	at projectthree.app.server.service.encodecoboundedcontext.newdomain.AnswerTestCase.test5NegativeTesting(AnswerTestCase.java:242)
	at sun.reflect.NativeMethodAccessorImpl.invoke0(Native Method)
	at sun.reflect.NativeMethodAccessorImpl.invoke(NativeMethodAccessorImpl.java:57)
	at sun.reflect.DelegatingMethodAccessorImpl.invoke(DelegatingMethodAccessorImpl.java:43)
	at java.lang.reflect.Method.invoke(Method.java:606)
	at org.junit.runners.model.FrameworkMethod$1.runReflectiveCall(FrameworkMethod.java:47)
	at org.junit.internal.runners.model.ReflectiveCallable.run(ReflectiveCallable.java:12)
	at org.junit.runners.model.FrameworkMethod.invokeExplosively(FrameworkMethod.java:44)
	at org.junit.internal.runners.statements.InvokeMethod.evaluate(InvokeMethod.java:17)
	at org.junit.internal.runners.statements.RunBefores.evaluate(RunBefores.java:26)
	at org.springframework.test.context.junit4.statements.RunBeforeTestMethodCallbacks.evaluate(RunBeforeTestMethodCallbacks.java:74)
	at org.junit.internal.runners.statements.RunAfters.evaluate(RunAfters.java:27)
	at org.springframework.test.context.junit4.statements.RunAfterTestMethodCallbacks.evaluate(RunAfterTestMethodCallbacks.java:83)
	at org.springframework.test.context.junit4.statements.SpringRepeat.evaluate(SpringRepeat.java:72)
	at org.springframework.test.context.junit4.SpringJUnit4ClassRunner.runChild(SpringJUnit4ClassRunner.java:233)
	at org.springframework.test.context.junit4.SpringJUnit4ClassRunner.runChild(SpringJUnit4ClassRunner.java:87)
	at org.junit.runners.ParentRunner$3.run(ParentRunner.java:238)
	at org.junit.runners.ParentRunner$1.schedule(ParentRunner.java:63)
	at org.junit.runners.ParentRunner.runChildren(ParentRunner.java:236)
	at org.junit.runners.ParentRunner.access$000(ParentRunner.java:53)
	at org.junit.runners.ParentRunner$2.evaluate(ParentRunner.java:229)
	at org.junit.internal.runners.statements.RunBefores.evaluate(RunBefores.java:26)
	at org.springframework.test.context.junit4.statements.RunBeforeTestClassCallbacks.evaluate(RunBeforeTestClassCallbacks.java:61)
	at org.springframework.test.context.junit4.statements.RunAfterTestClassCallbacks.evaluate(RunAfterTestClassCallbacks.java:71)
	at org.junit.runners.ParentRunner.run(ParentRunner.java:309)
	at org.springframework.test.context.junit4.SpringJUnit4ClassRunner.run(SpringJUnit4ClassRunner.java:176)
	at org.gradle.api.internal.tasks.testing.junit.JUnitTestClassExecuter.runTestClass(JUnitTestClassExecuter.java:86)
	at org.gradle.api.internal.tasks.testing.junit.JUnitTestClassExecuter.execute(JUnitTestClassExecuter.java:49)
	at org.gradle.api.internal.tasks.testing.junit.JUnitTestClassProcessor.processTestClass(JUnitTestClassProcessor.java:64)
	at org.gradle.api.internal.tasks.testing.SuiteTestClassProcessor.processTestClass(SuiteTestClassProcessor.java:50)
	at sun.reflect.NativeMethodAccessorImpl.invoke0(Native Method)
	at sun.reflect.NativeMethodAccessorImpl.invoke(NativeMethodAccessorImpl.java:57)
	at sun.reflect.DelegatingMethodAccessorImpl.invoke(DelegatingMethodAccessorImpl.java:43)
	at java.lang.reflect.Method.invoke(Method.java:606)
	at org.gradle.messaging.dispatch.ReflectionDispatch.dispatch(ReflectionDispatch.java:35)
	at org.gradle.messaging.dispatch.ReflectionDispatch.dispatch(ReflectionDispatch.java:24)
	at org.gradle.messaging.dispatch.ContextClassLoaderDispatch.dispatch(ContextClassLoaderDispatch.java:32)
	at org.gradle.messaging.dispatch.ProxyDispatchAdapter$DispatchingInvocationHandler.invoke(ProxyDispatchAdapter.java:93)
	at com.sun.proxy.$Proxy2.processTestClass(Unknown Source)
	at org.gradle.api.internal.tasks.testing.worker.TestWorker.processTestClass(TestWorker.java:106)
	at sun.reflect.NativeMethodAccessorImpl.invoke0(Native Method)
	at sun.reflect.NativeMethodAccessorImpl.invoke(NativeMethodAccessorImpl.java:57)
	at sun.reflect.DelegatingMethodAccessorImpl.invoke(DelegatingMethodAccessorImpl.java:43)
	at java.lang.reflect.Method.invoke(Method.java:606)
	at org.gradle.messaging.dispatch.ReflectionDispatch.dispatch(ReflectionDispatch.java:35)
	at org.gradle.messaging.dispatch.ReflectionDispatch.dispatch(ReflectionDispatch.java:24)
	at org.gradle.messaging.remote.internal.hub.MessageHub$Handler.run(MessageHub.java:360)
	at org.gradle.internal.concurrent.DefaultExecutorFactory$StoppableExecutorImpl$1.run(DefaultExecutorFactory.java:64)
	at java.util.concurrent.ThreadPoolExecutor.runWorker(ThreadPoolExecutor.java:1145)
	at java.util.concurrent.ThreadPoolExecutor$Worker.run(ThreadPoolExecutor.java:615)
	at java.lang.Thread.run(Thread.java:745)
]]></system-err>
</testsuite>
