<?xml version="1.0" encoding="UTF-8"?>
<testsuite name="projectthree.app.server.service.encodecoboundedcontext.newdomain.QuestTestCase" tests="5" skipped="0" failures="0" errors="0" timestamp="2016-08-26T10:17:46" hostname="d6252af96598" time="0.711">
  <properties/>
  <testcase name="test1Save" classname="projectthree.app.server.service.encodecoboundedcontext.newdomain.QuestTestCase" time="0.276"/>
  <testcase name="test2Update" classname="projectthree.app.server.service.encodecoboundedcontext.newdomain.QuestTestCase" time="0.218"/>
  <testcase name="test3FindById" classname="projectthree.app.server.service.encodecoboundedcontext.newdomain.QuestTestCase" time="0.025"/>
  <testcase name="test5NegativeTesting" classname="projectthree.app.server.service.encodecoboundedcontext.newdomain.QuestTestCase" time="0.011"/>
  <testcase name="test6Delete" classname="projectthree.app.server.service.encodecoboundedcontext.newdomain.QuestTestCase" time="0.179"/>
  <system-out><![CDATA[Fri Aug 26 10:17:46 UTC 2016|Log Manager Factory|Initialization Process started.....
Fri Aug 26 10:17:46 UTC 2016|Log Manager|Initialized with Path = [/home/applifire/workspace/project3/src/main/webapp/WEB-INF/conf]
Fri Aug 26 10:17:46 UTC 2016|Alarm Manager|Initialized with Path = [/home/applifire/workspace/project3/src/main/webapp/WEB-INF/conf]
Fri Aug 26 10:17:46 UTC 2016|Alarm Manager|Loading Alarms ......
Fri Aug 26 10:17:46 UTC 2016|Alarm XML Parser|FWA|XML Parsing Complete........ 
Fri Aug 26 10:17:46 UTC 2016|Alarm File Manager|FWA|Alarm File Status.. [ApplicationFrameworkAlarms.xml]|Version=15|Status=Done 
Fri Aug 26 10:17:46 UTC 2016|Alarm File Manager|FWA|Alarm Stats = ( BC/AL=5/786 SYS=5/11 [786/0]  TPL=0/0 [0/0]  APP= A.Map=[875]  E.Map EC/RC=[391/79] )
Fri Aug 26 10:17:46 UTC 2016|Alarm XML Parser|APP|XML Parsing Complete........ 
Fri Aug 26 10:17:46 UTC 2016|Alarm File Manager|APP|Alarm File Status.. [ApplicationAlarms.xml]|Version=1|Status=Done 
Fri Aug 26 10:17:46 UTC 2016|Alarm File Manager|APP|Alarm Stats = ( BC/AL=6/873 SYS=5/11 [786/0]  TPL=0/0 [0/0]  APP=1/1 [87/0]  A.Map=[962]  E.Map EC/RC=[445/91] )
Fri Aug 26 10:17:46 UTC 2016|ApplicationAlarmContext| <><><><><> Create App Alarms ....  <><><><><> 
Fri Aug 26 10:17:46 UTC 2016|ApplicationAlarmContext|Alarms are generated ONLY in Development Mode.. 
Fri Aug 26 10:17:46 UTC 2016|Alarm Manager|APP|Alarm Stats = ( BC/AL=6/873 SYS=5/11 [786/0]  TPL=0/0 [0/0]  APP=1/1 [87/0]  A.Map=[962]  E.Map EC/RC=[445/91] )
Fri Aug 26 10:17:46 UTC 2016|Alarm Manager|Initialized Exception Lookup...
Fri Aug 26 10:17:46 UTC 2016|Log Manager|Initialize Log Config File ......
Fri Aug 26 10:17:46 UTC 2016|Pluggable Connectors|Adding Connectors : StandardOutputConnector isEnabled=true isDefault=false isFallBack=true
Fri Aug 26 10:17:46 UTC 2016|Pluggable Connectors|Adding Connectors : StandardFileConnector isEnabled=true isDefault=false isFallBack=false
Fri Aug 26 10:17:46 UTC 2016|Pluggable Connectors|Adding Connectors : Sprinkler isEnabled=true isDefault=true isFallBack=false
Fri Aug 26 10:17:46 UTC 2016|Pluggable Connectors|Default Connector Name : com.spartan.logger.core.LogMessenger
Fri Aug 26 10:17:46 UTC 2016|Log Config Parser|Connector Least Log Level =[4]  FallBack Log Level =[3]
Fri Aug 26 10:17:46 UTC 2016|Log Manager|Loading Default Connector for Logging ......
Fri Aug 26 10:17:46 UTC 2016|Log Manager|Loading class .. com.spartan.logger.core.LogMessenger
Fri Aug 26 10:17:46 UTC 2016|Plugggable Connector|Connector class com.spartan.logger.core.LogMessenger Initialized... @ Log Level = 3
Fri Aug 26 10:17:46 UTC 2016|Log Manager|Starting the Default Connector [com.spartan.logger.core.LogMessenger@383d5802] ....
Fri Aug 26 10:17:46 UTC 2016|Scheduler|Starting the Scheduler ......
Fri Aug 26 10:17:46 UTC 2016|Scheduler|Adding [LMID=[50e67a13-e4f5-424e-9d74-d0fb892e261f]] Delay=5 Time Unit=MINUTES
Fri Aug 26 10:17:46 UTC 2016|Scheduler|Adding [App Alarm Manager File=[ApplicationAlarms.xml]] Delay=30 Time Unit=MINUTES
Fri Aug 26 10:17:46 UTC 2016|Scheduler|Adding [FW Alarm Manager File=[ApplicationFrameworkAlarms.xml]] Delay=3 Time Unit=MINUTES
Fri Aug 26 10:17:46 UTC 2016|Scheduler|Startup Completed..
Fri Aug 26 10:17:46 UTC 2016|Log Manager|Initialization Process Complete ......
Fri Aug 26 10:17:46 UTC 2016|Log Manager Factory|Log Manager READY! ID = 50e67a13-e4f5-424e-9d74-d0fb892e261f
[EL Finer]: connection: 2016-08-26 10:17:46.664--ServerSession(1851516305)--Thread(Thread[Test worker,5,main])--client acquired: 1090327957
[EL Finer]: transaction: 2016-08-26 10:17:46.664--ClientSession(1090327957)--Thread(Thread[Test worker,5,main])--acquire unit of work: 664013448
[EL Finest]: connection: 2016-08-26 10:17:46.664--ServerSession(1851516305)--Connection(1748990724)--Thread(Thread[Test worker,5,main])--Connection acquired from connection pool [default].
[EL Finer]: transaction: 2016-08-26 10:17:46.665--ClientSession(1090327957)--Connection(1748990724)--Thread(Thread[Test worker,5,main])--begin transaction
[EL Finest]: connection: 2016-08-26 10:17:46.665--ClientSession(1090327957)--Thread(Thread[Test worker,5,main])--reconnecting to external connection pool
[EL Finest]: transaction: 2016-08-26 10:17:46.67--UnitOfWork(664013448)--Thread(Thread[Test worker,5,main])--persist() operation called on: lfBU8KTPczA6z1yQMAQMW8bj9s0x2LrFep0EkdyXGAu6fWn94d.
[EL Finest]: sequencing: 2016-08-26 10:17:46.67--UnitOfWork(664013448)--Thread(Thread[Test worker,5,main])--assign sequence to the object (32B91379-C9F9-43C4-8595-6975D3CA8723 -> lfBU8KTPczA6z1yQMAQMW8bj9s0x2LrFep0EkdyXGAu6fWn94d)
[EL Finest]: transaction: 2016-08-26 10:17:46.67--UnitOfWork(664013448)--Thread(Thread[Test worker,5,main])--persist() operation called on: NRauxa1iOhmFxrQh6JzUNd7NdN20esgQS5cgJ0mHf3rL6JGHu5.
[EL Finest]: sequencing: 2016-08-26 10:17:46.67--UnitOfWork(664013448)--Thread(Thread[Test worker,5,main])--assign sequence to the object (0CE23D29-4562-43A3-94FA-E792BC1D0157 -> NRauxa1iOhmFxrQh6JzUNd7NdN20esgQS5cgJ0mHf3rL6JGHu5)
[EL Finer]: transaction: 2016-08-26 10:17:46.671--UnitOfWork(664013448)--Thread(Thread[Test worker,5,main])--begin unit of work commit
[EL Finest]: query: 2016-08-26 10:17:46.671--UnitOfWork(664013448)--Thread(Thread[Test worker,5,main])--Execute query InsertObjectQuery(NRauxa1iOhmFxrQh6JzUNd7NdN20esgQS5cgJ0mHf3rL6JGHu5)
[EL Finest]: query: 2016-08-26 10:17:46.671--UnitOfWork(664013448)--Thread(Thread[Test worker,5,main])--Execute query InsertObjectQuery(lfBU8KTPczA6z1yQMAQMW8bj9s0x2LrFep0EkdyXGAu6fWn94d)
[EL Fine]: sql: 2016-08-26 10:17:46.671--ClientSession(1090327957)--Connection(1334946308)--Thread(Thread[Test worker,5,main])--INSERT INTO ast_Answer_T (ansId, ansName, ansWei, versionId, createdBy, createdDate, updatedBy, updatedDate, activeStatus, txnAccessCode) VALUES (?, ?, ?, ?, ?, ?, ?, ?, ?, ?)
	bind => [0CE23D29-4562-43A3-94FA-E792BC1D0157, NRauxa1iOhmFxrQh6JzUNd7NdN20esgQS5cgJ0mHf3rL6JGHu5, 2147483647, 1, AAAAA, 2016-08-26 10:17:46.6, AAAAA, 2016-08-26 10:17:46.6, 1, 51000]
[EL Finest]: query: 2016-08-26 10:17:46.673--ClientSession(1090327957)--Thread(Thread[Test worker,5,main])--Execute query DataModifyQuery(name="answer" )
[EL Fine]: sql: 2016-08-26 10:17:46.673--ClientSession(1090327957)--Connection(1334946308)--Thread(Thread[Test worker,5,main])--INSERT INTO ast_Quest_T (queId, queName, versionId, createdBy, createdDate, updatedBy, updatedDate, activeStatus, txnAccessCode) VALUES (?, ?, ?, ?, ?, ?, ?, ?, ?)
	bind => [32B91379-C9F9-43C4-8595-6975D3CA8723, lfBU8KTPczA6z1yQMAQMW8bj9s0x2LrFep0EkdyXGAu6fWn94d, 1, AAAAA, 2016-08-26 10:17:46.6, AAAAA, 2016-08-26 10:17:46.6, 1, 51000]
[EL Fine]: sql: 2016-08-26 10:17:46.674--ClientSession(1090327957)--Connection(1334946308)--Thread(Thread[Test worker,5,main])--INSERT INTO ast_QueAns_B (ansId, queId) VALUES (?, ?)
	bind => [0CE23D29-4562-43A3-94FA-E792BC1D0157, 32B91379-C9F9-43C4-8595-6975D3CA8723]
[EL Finer]: transaction: 2016-08-26 10:17:46.676--ClientSession(1090327957)--Connection(1334946308)--Thread(Thread[Test worker,5,main])--commit transaction
[EL Finest]: connection: 2016-08-26 10:17:46.849--ServerSession(1851516305)--Connection(1748990724)--Thread(Thread[Test worker,5,main])--Connection released to connection pool [default].
[EL Finer]: transaction: 2016-08-26 10:17:46.849--UnitOfWork(664013448)--Thread(Thread[Test worker,5,main])--end unit of work commit
[EL Finer]: transaction: 2016-08-26 10:17:46.849--UnitOfWork(664013448)--Thread(Thread[Test worker,5,main])--resume unit of work
[EL Finer]: transaction: 2016-08-26 10:17:46.849--UnitOfWork(664013448)--Thread(Thread[Test worker,5,main])--release unit of work
[EL Finer]: connection: 2016-08-26 10:17:46.85--ClientSession(1090327957)--Thread(Thread[Test worker,5,main])--client released
[EL Finer]: connection: 2016-08-26 10:17:46.878--ServerSession(1851516305)--Thread(Thread[Test worker,5,main])--client acquired: 1199567493
[EL Finer]: transaction: 2016-08-26 10:17:46.878--ClientSession(1199567493)--Thread(Thread[Test worker,5,main])--acquire unit of work: 554376815
[EL Finest]: connection: 2016-08-26 10:17:46.878--ServerSession(1851516305)--Connection(1627069019)--Thread(Thread[Test worker,5,main])--Connection acquired from connection pool [default].
[EL Finer]: transaction: 2016-08-26 10:17:46.878--ClientSession(1199567493)--Connection(1627069019)--Thread(Thread[Test worker,5,main])--begin transaction
[EL Finest]: connection: 2016-08-26 10:17:46.878--ClientSession(1199567493)--Thread(Thread[Test worker,5,main])--reconnecting to external connection pool
[EL Finer]: transaction: 2016-08-26 10:17:46.88--UnitOfWork(554376815)--Thread(Thread[Test worker,5,main])--begin unit of work flush
[EL Finer]: transaction: 2016-08-26 10:17:46.88--UnitOfWork(554376815)--Thread(Thread[Test worker,5,main])--end unit of work flush
[EL Finest]: query: 2016-08-26 10:17:46.88--UnitOfWork(554376815)--Thread(Thread[Test worker,5,main])--Execute query ReadAllQuery(name="Quest.findById" referenceClass=Quest sql="SELECT queId, queName, versionId, createdBy, createdDate, updatedBy, updatedDate, activeStatus, txnAccessCode FROM ast_Quest_T WHERE ((activeStatus = ?) AND (queId = ?))")
[EL Fine]: sql: 2016-08-26 10:17:46.88--ClientSession(1199567493)--Connection(2046865093)--Thread(Thread[Test worker,5,main])--SELECT queId, queName, versionId, createdBy, createdDate, updatedBy, updatedDate, activeStatus, txnAccessCode FROM ast_Quest_T WHERE ((activeStatus = ?) AND (queId = ?))
	bind => [1, 32B91379-C9F9-43C4-8595-6975D3CA8723]
[EL Finer]: transaction: 2016-08-26 10:17:46.883--UnitOfWork(554376815)--Thread(Thread[Test worker,5,main])--begin unit of work commit
[EL Finer]: transaction: 2016-08-26 10:17:46.883--ClientSession(1199567493)--Connection(2046865093)--Thread(Thread[Test worker,5,main])--commit transaction
[EL Finest]: connection: 2016-08-26 10:17:46.883--ServerSession(1851516305)--Connection(1627069019)--Thread(Thread[Test worker,5,main])--Connection released to connection pool [default].
[EL Finer]: transaction: 2016-08-26 10:17:46.883--UnitOfWork(554376815)--Thread(Thread[Test worker,5,main])--end unit of work commit
[EL Finer]: transaction: 2016-08-26 10:17:46.883--UnitOfWork(554376815)--Thread(Thread[Test worker,5,main])--resume unit of work
[EL Finer]: transaction: 2016-08-26 10:17:46.884--UnitOfWork(554376815)--Thread(Thread[Test worker,5,main])--release unit of work
[EL Finer]: connection: 2016-08-26 10:17:46.884--ClientSession(1199567493)--Thread(Thread[Test worker,5,main])--client released
[EL Finest]: query: 2016-08-26 10:17:46.884--UnitOfWork(554376815)--Thread(Thread[Test worker,5,main])--Execute query ReadAllQuery(name="answer" referenceClass=Answer )
[EL Finest]: connection: 2016-08-26 10:17:46.884--ServerSession(1851516305)--Connection(1374547303)--Thread(Thread[Test worker,5,main])--Connection acquired from connection pool [read].
[EL Finest]: connection: 2016-08-26 10:17:46.884--ServerSession(1851516305)--Thread(Thread[Test worker,5,main])--reconnecting to external connection pool
[EL Fine]: sql: 2016-08-26 10:17:46.885--ServerSession(1851516305)--Connection(1534930742)--Thread(Thread[Test worker,5,main])--SELECT t1.ansId, t1.ansName, t1.ansWei, t1.versionId, t1.createdBy, t1.createdDate, t1.updatedBy, t1.updatedDate, t1.activeStatus, t1.txnAccessCode FROM ast_QueAns_B t0, ast_Answer_T t1 WHERE ((t0.queId = ?) AND (t1.ansId = t0.ansId))
	bind => [32B91379-C9F9-43C4-8595-6975D3CA8723]
[EL Finest]: connection: 2016-08-26 10:17:46.886--ServerSession(1851516305)--Connection(1374547303)--Thread(Thread[Test worker,5,main])--Connection released to connection pool [read].
[EL Finest]: transaction: 2016-08-26 10:17:46.887--UnitOfWork(554376815)--Thread(Thread[Test worker,5,main])--Register the existing object NRauxa1iOhmFxrQh6JzUNd7NdN20esgQS5cgJ0mHf3rL6JGHu5
[EL Finer]: connection: 2016-08-26 10:17:46.887--ServerSession(1851516305)--Thread(Thread[Test worker,5,main])--client acquired: 1445699779
[EL Finer]: transaction: 2016-08-26 10:17:46.887--ClientSession(1445699779)--Thread(Thread[Test worker,5,main])--acquire unit of work: 1246203495
[EL Finest]: connection: 2016-08-26 10:17:46.887--ServerSession(1851516305)--Connection(534131274)--Thread(Thread[Test worker,5,main])--Connection acquired from connection pool [default].
[EL Finer]: transaction: 2016-08-26 10:17:46.888--ClientSession(1445699779)--Connection(534131274)--Thread(Thread[Test worker,5,main])--begin transaction
[EL Finest]: connection: 2016-08-26 10:17:46.888--ClientSession(1445699779)--Thread(Thread[Test worker,5,main])--reconnecting to external connection pool
[EL Finest]: transaction: 2016-08-26 10:17:46.892--UnitOfWork(1246203495)--Thread(Thread[Test worker,5,main])--Merge clone with references DW971E3sV6Olpnfya5yO9wLrbK9rgBVSmx0ep3QdYiF2Omzqe0
[EL Finest]: query: 2016-08-26 10:17:46.892--UnitOfWork(1246203495)--Thread(Thread[Test worker,5,main])--Execute query ReadObjectQuery(referenceClass=Quest )
[EL Fine]: sql: 2016-08-26 10:17:46.893--ClientSession(1445699779)--Connection(660616837)--Thread(Thread[Test worker,5,main])--SELECT queId, queName, versionId, createdBy, createdDate, updatedBy, updatedDate, activeStatus, txnAccessCode FROM ast_Quest_T WHERE (queId = ?)
	bind => [32B91379-C9F9-43C4-8595-6975D3CA8723]
[EL Finest]: query: 2016-08-26 10:17:46.894--UnitOfWork(1246203495)--Thread(Thread[Test worker,5,main])--Execute query ReadAllQuery(name="answer" referenceClass=Answer sql="SELECT t1.ansId, t1.ansName, t1.ansWei, t1.versionId, t1.createdBy, t1.createdDate, t1.updatedBy, t1.updatedDate, t1.activeStatus, t1.txnAccessCode FROM ast_QueAns_B t0, ast_Answer_T t1 WHERE ((t0.queId = ?) AND (t1.ansId = t0.ansId))")
[EL Fine]: sql: 2016-08-26 10:17:46.894--ClientSession(1445699779)--Connection(660616837)--Thread(Thread[Test worker,5,main])--SELECT t1.ansId, t1.ansName, t1.ansWei, t1.versionId, t1.createdBy, t1.createdDate, t1.updatedBy, t1.updatedDate, t1.activeStatus, t1.txnAccessCode FROM ast_QueAns_B t0, ast_Answer_T t1 WHERE ((t0.queId = ?) AND (t1.ansId = t0.ansId))
	bind => [32B91379-C9F9-43C4-8595-6975D3CA8723]
[EL Finer]: transaction: 2016-08-26 10:17:46.896--UnitOfWork(1246203495)--Thread(Thread[Test worker,5,main])--begin unit of work commit
[EL Finest]: query: 2016-08-26 10:17:46.897--UnitOfWork(1246203495)--Thread(Thread[Test worker,5,main])--Execute query UpdateObjectQuery(DW971E3sV6Olpnfya5yO9wLrbK9rgBVSmx0ep3QdYiF2Omzqe0)
[EL Fine]: sql: 2016-08-26 10:17:46.897--ClientSession(1445699779)--Connection(660616837)--Thread(Thread[Test worker,5,main])--UPDATE ast_Quest_T SET queName = ?, versionId = ? WHERE ((queId = ?) AND (versionId = ?))
	bind => [DW971E3sV6Olpnfya5yO9wLrbK9rgBVSmx0ep3QdYiF2Omzqe0, 2, 32B91379-C9F9-43C4-8595-6975D3CA8723, 1]
[EL Finer]: transaction: 2016-08-26 10:17:46.899--ClientSession(1445699779)--Connection(660616837)--Thread(Thread[Test worker,5,main])--commit transaction
[EL Finest]: connection: 2016-08-26 10:17:47.066--ServerSession(1851516305)--Connection(534131274)--Thread(Thread[Test worker,5,main])--Connection released to connection pool [default].
[EL Finer]: transaction: 2016-08-26 10:17:47.067--UnitOfWork(1246203495)--Thread(Thread[Test worker,5,main])--end unit of work commit
[EL Finer]: transaction: 2016-08-26 10:17:47.067--UnitOfWork(1246203495)--Thread(Thread[Test worker,5,main])--resume unit of work
[EL Finer]: transaction: 2016-08-26 10:17:47.067--UnitOfWork(1246203495)--Thread(Thread[Test worker,5,main])--release unit of work
[EL Finer]: connection: 2016-08-26 10:17:47.067--ClientSession(1445699779)--Thread(Thread[Test worker,5,main])--client released
[EL Finer]: connection: 2016-08-26 10:17:47.088--ServerSession(1851516305)--Thread(Thread[Test worker,5,main])--client acquired: 680601179
[EL Finer]: transaction: 2016-08-26 10:17:47.088--ClientSession(680601179)--Thread(Thread[Test worker,5,main])--acquire unit of work: 1366111531
[EL Finest]: connection: 2016-08-26 10:17:47.088--ServerSession(1851516305)--Connection(1488831440)--Thread(Thread[Test worker,5,main])--Connection acquired from connection pool [default].
[EL Finer]: transaction: 2016-08-26 10:17:47.088--ClientSession(680601179)--Connection(1488831440)--Thread(Thread[Test worker,5,main])--begin transaction
[EL Finest]: connection: 2016-08-26 10:17:47.088--ClientSession(680601179)--Thread(Thread[Test worker,5,main])--reconnecting to external connection pool
[EL Finer]: transaction: 2016-08-26 10:17:47.09--UnitOfWork(1366111531)--Thread(Thread[Test worker,5,main])--begin unit of work flush
[EL Finer]: transaction: 2016-08-26 10:17:47.09--UnitOfWork(1366111531)--Thread(Thread[Test worker,5,main])--end unit of work flush
[EL Finest]: query: 2016-08-26 10:17:47.09--UnitOfWork(1366111531)--Thread(Thread[Test worker,5,main])--Execute query ReadAllQuery(name="Quest.findById" referenceClass=Quest sql="SELECT queId, queName, versionId, createdBy, createdDate, updatedBy, updatedDate, activeStatus, txnAccessCode FROM ast_Quest_T WHERE ((activeStatus = ?) AND (queId = ?))")
[EL Fine]: sql: 2016-08-26 10:17:47.09--ClientSession(680601179)--Connection(1150203242)--Thread(Thread[Test worker,5,main])--SELECT queId, queName, versionId, createdBy, createdDate, updatedBy, updatedDate, activeStatus, txnAccessCode FROM ast_Quest_T WHERE ((activeStatus = ?) AND (queId = ?))
	bind => [1, 32B91379-C9F9-43C4-8595-6975D3CA8723]
[EL Finer]: transaction: 2016-08-26 10:17:47.092--UnitOfWork(1366111531)--Thread(Thread[Test worker,5,main])--begin unit of work commit
[EL Finer]: transaction: 2016-08-26 10:17:47.093--ClientSession(680601179)--Connection(1150203242)--Thread(Thread[Test worker,5,main])--commit transaction
[EL Finest]: connection: 2016-08-26 10:17:47.093--ServerSession(1851516305)--Connection(1488831440)--Thread(Thread[Test worker,5,main])--Connection released to connection pool [default].
[EL Finer]: transaction: 2016-08-26 10:17:47.093--UnitOfWork(1366111531)--Thread(Thread[Test worker,5,main])--end unit of work commit
[EL Finer]: transaction: 2016-08-26 10:17:47.093--UnitOfWork(1366111531)--Thread(Thread[Test worker,5,main])--resume unit of work
[EL Finer]: transaction: 2016-08-26 10:17:47.093--UnitOfWork(1366111531)--Thread(Thread[Test worker,5,main])--release unit of work
[EL Finer]: connection: 2016-08-26 10:17:47.093--ClientSession(680601179)--Thread(Thread[Test worker,5,main])--client released
[EL Finer]: connection: 2016-08-26 10:17:47.125--ServerSession(1851516305)--Thread(Thread[Test worker,5,main])--client acquired: 1072712153
[EL Finer]: transaction: 2016-08-26 10:17:47.125--ClientSession(1072712153)--Thread(Thread[Test worker,5,main])--acquire unit of work: 947938906
[EL Finest]: connection: 2016-08-26 10:17:47.125--ServerSession(1851516305)--Connection(1975499696)--Thread(Thread[Test worker,5,main])--Connection acquired from connection pool [default].
[EL Finer]: transaction: 2016-08-26 10:17:47.126--ClientSession(1072712153)--Connection(1975499696)--Thread(Thread[Test worker,5,main])--begin transaction
[EL Finest]: connection: 2016-08-26 10:17:47.126--ClientSession(1072712153)--Thread(Thread[Test worker,5,main])--reconnecting to external connection pool
[EL Finest]: query: 2016-08-26 10:17:47.127--UnitOfWork(947938906)--Thread(Thread[Test worker,5,main])--Execute query ReadObjectQuery(name="readQuest" referenceClass=Quest sql="SELECT queId, queName, versionId, createdBy, createdDate, updatedBy, updatedDate, activeStatus, txnAccessCode FROM ast_Quest_T WHERE (queId = ?)")
[EL Fine]: sql: 2016-08-26 10:17:47.127--ClientSession(1072712153)--Connection(1050843884)--Thread(Thread[Test worker,5,main])--SELECT queId, queName, versionId, createdBy, createdDate, updatedBy, updatedDate, activeStatus, txnAccessCode FROM ast_Quest_T WHERE (queId = ?)
	bind => [32B91379-C9F9-43C4-8595-6975D3CA8723]
[EL Finest]: transaction: 2016-08-26 10:17:47.128--UnitOfWork(947938906)--Thread(Thread[Test worker,5,main])--remove() operation called on: DW971E3sV6Olpnfya5yO9wLrbK9rgBVSmx0ep3QdYiF2Omzqe0
[EL Finest]: query: 2016-08-26 10:17:47.128--UnitOfWork(947938906)--Thread(Thread[Test worker,5,main])--Execute query ReadAllQuery(name="answer" referenceClass=Answer sql="SELECT t1.ansId, t1.ansName, t1.ansWei, t1.versionId, t1.createdBy, t1.createdDate, t1.updatedBy, t1.updatedDate, t1.activeStatus, t1.txnAccessCode FROM ast_QueAns_B t0, ast_Answer_T t1 WHERE ((t0.queId = ?) AND (t1.ansId = t0.ansId))")
[EL Fine]: sql: 2016-08-26 10:17:47.128--ClientSession(1072712153)--Connection(1050843884)--Thread(Thread[Test worker,5,main])--SELECT t1.ansId, t1.ansName, t1.ansWei, t1.versionId, t1.createdBy, t1.createdDate, t1.updatedBy, t1.updatedDate, t1.activeStatus, t1.txnAccessCode FROM ast_QueAns_B t0, ast_Answer_T t1 WHERE ((t0.queId = ?) AND (t1.ansId = t0.ansId))
	bind => [32B91379-C9F9-43C4-8595-6975D3CA8723]
[EL Finest]: transaction: 2016-08-26 10:17:47.129--UnitOfWork(947938906)--Thread(Thread[Test worker,5,main])--remove() operation called on: NRauxa1iOhmFxrQh6JzUNd7NdN20esgQS5cgJ0mHf3rL6JGHu5
[EL Finer]: transaction: 2016-08-26 10:17:47.13--UnitOfWork(947938906)--Thread(Thread[Test worker,5,main])--begin unit of work commit
[EL Finest]: query: 2016-08-26 10:17:47.13--UnitOfWork(947938906)--Thread(Thread[Test worker,5,main])--Execute query DoesExistQuery(referenceClass=Quest )
[EL Finest]: query: 2016-08-26 10:17:47.13--UnitOfWork(947938906)--Thread(Thread[Test worker,5,main])--Execute query DoesExistQuery(referenceClass=Answer )
[EL Finest]: query: 2016-08-26 10:17:47.13--UnitOfWork(947938906)--Thread(Thread[Test worker,5,main])--Execute query DataModifyQuery(name="answer" )
[EL Finest]: query: 2016-08-26 10:17:47.13--UnitOfWork(947938906)--Thread(Thread[Test worker,5,main])--Execute query DeleteObjectQuery(DW971E3sV6Olpnfya5yO9wLrbK9rgBVSmx0ep3QdYiF2Omzqe0)
[EL Fine]: sql: 2016-08-26 10:17:47.13--ClientSession(1072712153)--Connection(1050843884)--Thread(Thread[Test worker,5,main])--DELETE FROM ast_QueAns_B WHERE (queId = ?)
	bind => [32B91379-C9F9-43C4-8595-6975D3CA8723]
[EL Finest]: query: 2016-08-26 10:17:47.156--UnitOfWork(947938906)--Thread(Thread[Test worker,5,main])--Execute query DeleteObjectQuery(NRauxa1iOhmFxrQh6JzUNd7NdN20esgQS5cgJ0mHf3rL6JGHu5)
[EL Fine]: sql: 2016-08-26 10:17:47.156--ClientSession(1072712153)--Connection(1050843884)--Thread(Thread[Test worker,5,main])--DELETE FROM ast_Quest_T WHERE ((queId = ?) AND (versionId = ?))
	bind => [32B91379-C9F9-43C4-8595-6975D3CA8723, 2]
[EL Fine]: sql: 2016-08-26 10:17:47.207--ClientSession(1072712153)--Connection(1050843884)--Thread(Thread[Test worker,5,main])--DELETE FROM ast_Answer_T WHERE ((ansId = ?) AND (versionId = ?))
	bind => [0CE23D29-4562-43A3-94FA-E792BC1D0157, 1]
[EL Finer]: transaction: 2016-08-26 10:17:47.259--ClientSession(1072712153)--Connection(1050843884)--Thread(Thread[Test worker,5,main])--commit transaction
[EL Finest]: connection: 2016-08-26 10:17:47.284--ServerSession(1851516305)--Connection(1975499696)--Thread(Thread[Test worker,5,main])--Connection released to connection pool [default].
[EL Finer]: transaction: 2016-08-26 10:17:47.285--UnitOfWork(947938906)--Thread(Thread[Test worker,5,main])--end unit of work commit
[EL Finer]: transaction: 2016-08-26 10:17:47.285--UnitOfWork(947938906)--Thread(Thread[Test worker,5,main])--resume unit of work
[EL Finer]: transaction: 2016-08-26 10:17:47.285--UnitOfWork(947938906)--Thread(Thread[Test worker,5,main])--release unit of work
[EL Finer]: connection: 2016-08-26 10:17:47.285--ClientSession(1072712153)--Thread(Thread[Test worker,5,main])--client released
]]></system-out>
  <system-err><![CDATA[Quest.queName may not be null
java.lang.SecurityException: Quest.queName may not be null
	at com.athena.server.pluggable.utils.helper.EntityValidatorHelper.validateEntity(EntityValidatorHelper.java:37)
	at projectthree.app.shared.encodecoboundedcontext.newdomain.Quest.isValid(Quest.java:210)
	at projectthree.app.server.service.encodecoboundedcontext.newdomain.QuestTestCase.validateQuest(QuestTestCase.java:215)
	at projectthree.app.server.service.encodecoboundedcontext.newdomain.QuestTestCase.test5NegativeTesting(QuestTestCase.java:246)
	at sun.reflect.NativeMethodAccessorImpl.invoke0(Native Method)
	at sun.reflect.NativeMethodAccessorImpl.invoke(NativeMethodAccessorImpl.java:57)
	at sun.reflect.DelegatingMethodAccessorImpl.invoke(DelegatingMethodAccessorImpl.java:43)
	at java.lang.reflect.Method.invoke(Method.java:606)
	at org.junit.runners.model.FrameworkMethod$1.runReflectiveCall(FrameworkMethod.java:47)
	at org.junit.internal.runners.model.ReflectiveCallable.run(ReflectiveCallable.java:12)
	at org.junit.runners.model.FrameworkMethod.invokeExplosively(FrameworkMethod.java:44)
	at org.junit.internal.runners.statements.InvokeMethod.evaluate(InvokeMethod.java:17)
	at org.junit.internal.runners.statements.RunBefores.evaluate(RunBefores.java:26)
	at org.springframework.test.context.junit4.statements.RunBeforeTestMethodCallbacks.evaluate(RunBeforeTestMethodCallbacks.java:74)
	at org.junit.internal.runners.statements.RunAfters.evaluate(RunAfters.java:27)
	at org.springframework.test.context.junit4.statements.RunAfterTestMethodCallbacks.evaluate(RunAfterTestMethodCallbacks.java:83)
	at org.springframework.test.context.junit4.statements.SpringRepeat.evaluate(SpringRepeat.java:72)
	at org.springframework.test.context.junit4.SpringJUnit4ClassRunner.runChild(SpringJUnit4ClassRunner.java:233)
	at org.springframework.test.context.junit4.SpringJUnit4ClassRunner.runChild(SpringJUnit4ClassRunner.java:87)
	at org.junit.runners.ParentRunner$3.run(ParentRunner.java:238)
	at org.junit.runners.ParentRunner$1.schedule(ParentRunner.java:63)
	at org.junit.runners.ParentRunner.runChildren(ParentRunner.java:236)
	at org.junit.runners.ParentRunner.access$000(ParentRunner.java:53)
	at org.junit.runners.ParentRunner$2.evaluate(ParentRunner.java:229)
	at org.junit.internal.runners.statements.RunBefores.evaluate(RunBefores.java:26)
	at org.springframework.test.context.junit4.statements.RunBeforeTestClassCallbacks.evaluate(RunBeforeTestClassCallbacks.java:61)
	at org.springframework.test.context.junit4.statements.RunAfterTestClassCallbacks.evaluate(RunAfterTestClassCallbacks.java:71)
	at org.junit.runners.ParentRunner.run(ParentRunner.java:309)
	at org.springframework.test.context.junit4.SpringJUnit4ClassRunner.run(SpringJUnit4ClassRunner.java:176)
	at org.gradle.api.internal.tasks.testing.junit.JUnitTestClassExecuter.runTestClass(JUnitTestClassExecuter.java:86)
	at org.gradle.api.internal.tasks.testing.junit.JUnitTestClassExecuter.execute(JUnitTestClassExecuter.java:49)
	at org.gradle.api.internal.tasks.testing.junit.JUnitTestClassProcessor.processTestClass(JUnitTestClassProcessor.java:64)
	at org.gradle.api.internal.tasks.testing.SuiteTestClassProcessor.processTestClass(SuiteTestClassProcessor.java:50)
	at sun.reflect.NativeMethodAccessorImpl.invoke0(Native Method)
	at sun.reflect.NativeMethodAccessorImpl.invoke(NativeMethodAccessorImpl.java:57)
	at sun.reflect.DelegatingMethodAccessorImpl.invoke(DelegatingMethodAccessorImpl.java:43)
	at java.lang.reflect.Method.invoke(Method.java:606)
	at org.gradle.messaging.dispatch.ReflectionDispatch.dispatch(ReflectionDispatch.java:35)
	at org.gradle.messaging.dispatch.ReflectionDispatch.dispatch(ReflectionDispatch.java:24)
	at org.gradle.messaging.dispatch.ContextClassLoaderDispatch.dispatch(ContextClassLoaderDispatch.java:32)
	at org.gradle.messaging.dispatch.ProxyDispatchAdapter$DispatchingInvocationHandler.invoke(ProxyDispatchAdapter.java:93)
	at com.sun.proxy.$Proxy2.processTestClass(Unknown Source)
	at org.gradle.api.internal.tasks.testing.worker.TestWorker.processTestClass(TestWorker.java:106)
	at sun.reflect.NativeMethodAccessorImpl.invoke0(Native Method)
	at sun.reflect.NativeMethodAccessorImpl.invoke(NativeMethodAccessorImpl.java:57)
	at sun.reflect.DelegatingMethodAccessorImpl.invoke(DelegatingMethodAccessorImpl.java:43)
	at java.lang.reflect.Method.invoke(Method.java:606)
	at org.gradle.messaging.dispatch.ReflectionDispatch.dispatch(ReflectionDispatch.java:35)
	at org.gradle.messaging.dispatch.ReflectionDispatch.dispatch(ReflectionDispatch.java:24)
	at org.gradle.messaging.remote.internal.hub.MessageHub$Handler.run(MessageHub.java:360)
	at org.gradle.internal.concurrent.DefaultExecutorFactory$StoppableExecutorImpl$1.run(DefaultExecutorFactory.java:64)
	at java.util.concurrent.ThreadPoolExecutor.runWorker(ThreadPoolExecutor.java:1145)
	at java.util.concurrent.ThreadPoolExecutor$Worker.run(ThreadPoolExecutor.java:615)
	at java.lang.Thread.run(Thread.java:745)
Quest.queName size must be between 1 and 256
java.lang.SecurityException: Quest.queName size must be between 1 and 256
	at com.athena.server.pluggable.utils.helper.EntityValidatorHelper.validateEntity(EntityValidatorHelper.java:37)
	at projectthree.app.shared.encodecoboundedcontext.newdomain.Quest.isValid(Quest.java:210)
	at projectthree.app.server.service.encodecoboundedcontext.newdomain.QuestTestCase.validateQuest(QuestTestCase.java:213)
	at projectthree.app.server.service.encodecoboundedcontext.newdomain.QuestTestCase.test5NegativeTesting(QuestTestCase.java:251)
	at sun.reflect.NativeMethodAccessorImpl.invoke0(Native Method)
	at sun.reflect.NativeMethodAccessorImpl.invoke(NativeMethodAccessorImpl.java:57)
	at sun.reflect.DelegatingMethodAccessorImpl.invoke(DelegatingMethodAccessorImpl.java:43)
	at java.lang.reflect.Method.invoke(Method.java:606)
	at org.junit.runners.model.FrameworkMethod$1.runReflectiveCall(FrameworkMethod.java:47)
	at org.junit.internal.runners.model.ReflectiveCallable.run(ReflectiveCallable.java:12)
	at org.junit.runners.model.FrameworkMethod.invokeExplosively(FrameworkMethod.java:44)
	at org.junit.internal.runners.statements.InvokeMethod.evaluate(InvokeMethod.java:17)
	at org.junit.internal.runners.statements.RunBefores.evaluate(RunBefores.java:26)
	at org.springframework.test.context.junit4.statements.RunBeforeTestMethodCallbacks.evaluate(RunBeforeTestMethodCallbacks.java:74)
	at org.junit.internal.runners.statements.RunAfters.evaluate(RunAfters.java:27)
	at org.springframework.test.context.junit4.statements.RunAfterTestMethodCallbacks.evaluate(RunAfterTestMethodCallbacks.java:83)
	at org.springframework.test.context.junit4.statements.SpringRepeat.evaluate(SpringRepeat.java:72)
	at org.springframework.test.context.junit4.SpringJUnit4ClassRunner.runChild(SpringJUnit4ClassRunner.java:233)
	at org.springframework.test.context.junit4.SpringJUnit4ClassRunner.runChild(SpringJUnit4ClassRunner.java:87)
	at org.junit.runners.ParentRunner$3.run(ParentRunner.java:238)
	at org.junit.runners.ParentRunner$1.schedule(ParentRunner.java:63)
	at org.junit.runners.ParentRunner.runChildren(ParentRunner.java:236)
	at org.junit.runners.ParentRunner.access$000(ParentRunner.java:53)
	at org.junit.runners.ParentRunner$2.evaluate(ParentRunner.java:229)
	at org.junit.internal.runners.statements.RunBefores.evaluate(RunBefores.java:26)
	at org.springframework.test.context.junit4.statements.RunBeforeTestClassCallbacks.evaluate(RunBeforeTestClassCallbacks.java:61)
	at org.springframework.test.context.junit4.statements.RunAfterTestClassCallbacks.evaluate(RunAfterTestClassCallbacks.java:71)
	at org.junit.runners.ParentRunner.run(ParentRunner.java:309)
	at org.springframework.test.context.junit4.SpringJUnit4ClassRunner.run(SpringJUnit4ClassRunner.java:176)
	at org.gradle.api.internal.tasks.testing.junit.JUnitTestClassExecuter.runTestClass(JUnitTestClassExecuter.java:86)
	at org.gradle.api.internal.tasks.testing.junit.JUnitTestClassExecuter.execute(JUnitTestClassExecuter.java:49)
	at org.gradle.api.internal.tasks.testing.junit.JUnitTestClassProcessor.processTestClass(JUnitTestClassProcessor.java:64)
	at org.gradle.api.internal.tasks.testing.SuiteTestClassProcessor.processTestClass(SuiteTestClassProcessor.java:50)
	at sun.reflect.NativeMethodAccessorImpl.invoke0(Native Method)
	at sun.reflect.NativeMethodAccessorImpl.invoke(NativeMethodAccessorImpl.java:57)
	at sun.reflect.DelegatingMethodAccessorImpl.invoke(DelegatingMethodAccessorImpl.java:43)
	at java.lang.reflect.Method.invoke(Method.java:606)
	at org.gradle.messaging.dispatch.ReflectionDispatch.dispatch(ReflectionDispatch.java:35)
	at org.gradle.messaging.dispatch.ReflectionDispatch.dispatch(ReflectionDispatch.java:24)
	at org.gradle.messaging.dispatch.ContextClassLoaderDispatch.dispatch(ContextClassLoaderDispatch.java:32)
	at org.gradle.messaging.dispatch.ProxyDispatchAdapter$DispatchingInvocationHandler.invoke(ProxyDispatchAdapter.java:93)
	at com.sun.proxy.$Proxy2.processTestClass(Unknown Source)
	at org.gradle.api.internal.tasks.testing.worker.TestWorker.processTestClass(TestWorker.java:106)
	at sun.reflect.NativeMethodAccessorImpl.invoke0(Native Method)
	at sun.reflect.NativeMethodAccessorImpl.invoke(NativeMethodAccessorImpl.java:57)
	at sun.reflect.DelegatingMethodAccessorImpl.invoke(DelegatingMethodAccessorImpl.java:43)
	at java.lang.reflect.Method.invoke(Method.java:606)
	at org.gradle.messaging.dispatch.ReflectionDispatch.dispatch(ReflectionDispatch.java:35)
	at org.gradle.messaging.dispatch.ReflectionDispatch.dispatch(ReflectionDispatch.java:24)
	at org.gradle.messaging.remote.internal.hub.MessageHub$Handler.run(MessageHub.java:360)
	at org.gradle.internal.concurrent.DefaultExecutorFactory$StoppableExecutorImpl$1.run(DefaultExecutorFactory.java:64)
	at java.util.concurrent.ThreadPoolExecutor.runWorker(ThreadPoolExecutor.java:1145)
	at java.util.concurrent.ThreadPoolExecutor$Worker.run(ThreadPoolExecutor.java:615)
	at java.lang.Thread.run(Thread.java:745)
]]></system-err>
</testsuite>
