<?xml version="1.0" encoding="UTF-8"?>
<testsuite name="projectthree.app.server.service.encodecoboundedcontext.newdomain.IndianTestCase" tests="5" skipped="0" failures="0" errors="0" timestamp="2016-08-26T10:17:47" hostname="d6252af96598" time="2.226">
  <properties/>
  <testcase name="test1Save" classname="projectthree.app.server.service.encodecoboundedcontext.newdomain.IndianTestCase" time="1.738"/>
  <testcase name="test2Update" classname="projectthree.app.server.service.encodecoboundedcontext.newdomain.IndianTestCase" time="0.036"/>
  <testcase name="test3findByfromState" classname="projectthree.app.server.service.encodecoboundedcontext.newdomain.IndianTestCase" time="0.028"/>
  <testcase name="test5NegativeTesting" classname="projectthree.app.server.service.encodecoboundedcontext.newdomain.IndianTestCase" time="0.006"/>
  <testcase name="test6Delete" classname="projectthree.app.server.service.encodecoboundedcontext.newdomain.IndianTestCase" time="0.418"/>
  <system-out><![CDATA[Fri Aug 26 10:17:47 UTC 2016|Log Manager Factory|Initialization Process started.....
Fri Aug 26 10:17:47 UTC 2016|Log Manager|Initialized with Path = [/home/applifire/workspace/project3/src/main/webapp/WEB-INF/conf]
Fri Aug 26 10:17:47 UTC 2016|Alarm Manager|Initialized with Path = [/home/applifire/workspace/project3/src/main/webapp/WEB-INF/conf]
Fri Aug 26 10:17:47 UTC 2016|Alarm Manager|Loading Alarms ......
Fri Aug 26 10:17:47 UTC 2016|Alarm XML Parser|FWA|XML Parsing Complete........ 
Fri Aug 26 10:17:47 UTC 2016|Alarm File Manager|FWA|Alarm File Status.. [ApplicationFrameworkAlarms.xml]|Version=15|Status=Done 
Fri Aug 26 10:17:47 UTC 2016|Alarm File Manager|FWA|Alarm Stats = ( BC/AL=5/786 SYS=5/11 [786/0]  TPL=0/0 [0/0]  APP= A.Map=[875]  E.Map EC/RC=[391/79] )
Fri Aug 26 10:17:47 UTC 2016|Alarm XML Parser|APP|XML Parsing Complete........ 
Fri Aug 26 10:17:47 UTC 2016|Alarm File Manager|APP|Alarm File Status.. [ApplicationAlarms.xml]|Version=1|Status=Done 
Fri Aug 26 10:17:47 UTC 2016|Alarm File Manager|APP|Alarm Stats = ( BC/AL=6/873 SYS=5/11 [786/0]  TPL=0/0 [0/0]  APP=1/1 [87/0]  A.Map=[962]  E.Map EC/RC=[445/91] )
Fri Aug 26 10:17:47 UTC 2016|ApplicationAlarmContext| <><><><><> Create App Alarms ....  <><><><><> 
Fri Aug 26 10:17:47 UTC 2016|ApplicationAlarmContext|Alarms are generated ONLY in Development Mode.. 
Fri Aug 26 10:17:47 UTC 2016|Alarm Manager|APP|Alarm Stats = ( BC/AL=6/873 SYS=5/11 [786/0]  TPL=0/0 [0/0]  APP=1/1 [87/0]  A.Map=[962]  E.Map EC/RC=[445/91] )
Fri Aug 26 10:17:47 UTC 2016|Alarm Manager|Initialized Exception Lookup...
Fri Aug 26 10:17:47 UTC 2016|Log Manager|Initialize Log Config File ......
Fri Aug 26 10:17:47 UTC 2016|Pluggable Connectors|Adding Connectors : StandardOutputConnector isEnabled=true isDefault=false isFallBack=true
Fri Aug 26 10:17:47 UTC 2016|Pluggable Connectors|Adding Connectors : StandardFileConnector isEnabled=true isDefault=false isFallBack=false
Fri Aug 26 10:17:47 UTC 2016|Pluggable Connectors|Adding Connectors : Sprinkler isEnabled=true isDefault=true isFallBack=false
Fri Aug 26 10:17:47 UTC 2016|Pluggable Connectors|Default Connector Name : com.spartan.logger.core.LogMessenger
Fri Aug 26 10:17:47 UTC 2016|Log Config Parser|Connector Least Log Level =[4]  FallBack Log Level =[3]
Fri Aug 26 10:17:47 UTC 2016|Log Manager|Loading Default Connector for Logging ......
Fri Aug 26 10:17:47 UTC 2016|Log Manager|Loading class .. com.spartan.logger.core.LogMessenger
Fri Aug 26 10:17:47 UTC 2016|Plugggable Connector|Connector class com.spartan.logger.core.LogMessenger Initialized... @ Log Level = 3
Fri Aug 26 10:17:47 UTC 2016|Log Manager|Starting the Default Connector [com.spartan.logger.core.LogMessenger@7f373b57] ....
Fri Aug 26 10:17:47 UTC 2016|Scheduler|Starting the Scheduler ......
Fri Aug 26 10:17:47 UTC 2016|Scheduler|Adding [LMID=[50e67a13-e4f5-424e-9d74-d0fb892e261f]] Delay=5 Time Unit=MINUTES
Fri Aug 26 10:17:47 UTC 2016|Scheduler|Adding [App Alarm Manager File=[ApplicationAlarms.xml]] Delay=30 Time Unit=MINUTES
Fri Aug 26 10:17:47 UTC 2016|Scheduler|Adding [FW Alarm Manager File=[ApplicationFrameworkAlarms.xml]] Delay=3 Time Unit=MINUTES
Fri Aug 26 10:17:47 UTC 2016|Scheduler|Startup Completed..
Fri Aug 26 10:17:47 UTC 2016|Log Manager|Initialization Process Complete ......
Fri Aug 26 10:17:47 UTC 2016|Log Manager Factory|Log Manager READY! ID = 50e67a13-e4f5-424e-9d74-d0fb892e261f
[EL Finer]: connection: 2016-08-26 10:17:47.339--ServerSession(1851516305)--Thread(Thread[Test worker,5,main])--client acquired: 1229333251
[EL Finer]: transaction: 2016-08-26 10:17:47.339--ClientSession(1229333251)--Thread(Thread[Test worker,5,main])--acquire unit of work: 463781770
[EL Finest]: connection: 2016-08-26 10:17:47.34--ServerSession(1851516305)--Connection(1562053427)--Thread(Thread[Test worker,5,main])--Connection acquired from connection pool [default].
[EL Finer]: transaction: 2016-08-26 10:17:47.34--ClientSession(1229333251)--Connection(1562053427)--Thread(Thread[Test worker,5,main])--begin transaction
[EL Finest]: connection: 2016-08-26 10:17:47.34--ClientSession(1229333251)--Thread(Thread[Test worker,5,main])--reconnecting to external connection pool
Fri Aug 26 10:17:47 UTC 2016|Unknown Alarm = ORGLM312100100 Alarm Split = ORG-LM-3-1-2-100-100
[EL Finest]: transaction: 2016-08-26 10:17:47.344--UnitOfWork(463781770)--Thread(Thread[Test worker,5,main])--persist() operation called on: izYrj8q6vDnIS6k0YzOzhu4PRwn5fz6SAH0RWH4O1ALY2tnewo.
[EL Finest]: sequencing: 2016-08-26 10:17:47.344--UnitOfWork(463781770)--Thread(Thread[Test worker,5,main])--assign sequence to the object (F28BC478-4350-4913-9F6A-72C9CDF973D2 -> izYrj8q6vDnIS6k0YzOzhu4PRwn5fz6SAH0RWH4O1ALY2tnewo)
[EL Finer]: transaction: 2016-08-26 10:17:47.344--UnitOfWork(463781770)--Thread(Thread[Test worker,5,main])--begin unit of work commit
[EL Finest]: query: 2016-08-26 10:17:47.344--UnitOfWork(463781770)--Thread(Thread[Test worker,5,main])--Execute query InsertObjectQuery(izYrj8q6vDnIS6k0YzOzhu4PRwn5fz6SAH0RWH4O1ALY2tnewo)
[EL Fine]: sql: 2016-08-26 10:17:47.345--ClientSession(1229333251)--Connection(285293643)--Thread(Thread[Test worker,5,main])--INSERT INTO ast_Country_M (countryId, capital, capitalLatitude, capitalLongitude, countryCode1, countryCode2, countryFlag, countryName, currencyCode, currencyName, currencySymbol, isoNumeric, versionId, createdBy, createdDate, updatedBy, updatedDate, activeStatus, txnAccessCode) VALUES (?, ?, ?, ?, ?, ?, ?, ?, ?, ?, ?, ?, ?, ?, ?, ?, ?, ?, ?)
	bind => [F28BC478-4350-4913-9F6A-72C9CDF973D2, PZxtDyF73kU2dKTmzpPf0OFVHgv93g63, 7, 3, sQe, YG5, Xe5nr40jQLjQQJtRGjWhquKJpIaA5eNjuglxIF3liovfH1P5UG, izYrj8q6vDnIS6k0YzOzhu4PRwn5fz6SAH0RWH4O1ALY2tnewo, ao7, VfCicE5RU1UL3t5oo8j1HJtwVN7fUS5P7Tmg46EYpCeJ3egHRx, u0l9eHPX7gqcQiQj0NdoxszwNrKBo4o0, 992, 1, AAAAA, 2016-08-26 10:17:47.325, AAAAA, 2016-08-26 10:17:47.325, 1, 51000]
[EL Finer]: transaction: 2016-08-26 10:17:47.346--ClientSession(1229333251)--Connection(285293643)--Thread(Thread[Test worker,5,main])--commit transaction
[EL Finest]: connection: 2016-08-26 10:17:47.42--ServerSession(1851516305)--Connection(1562053427)--Thread(Thread[Test worker,5,main])--Connection released to connection pool [default].
[EL Finer]: transaction: 2016-08-26 10:17:47.42--UnitOfWork(463781770)--Thread(Thread[Test worker,5,main])--end unit of work commit
[EL Finer]: transaction: 2016-08-26 10:17:47.42--UnitOfWork(463781770)--Thread(Thread[Test worker,5,main])--resume unit of work
[EL Finer]: transaction: 2016-08-26 10:17:47.421--UnitOfWork(463781770)--Thread(Thread[Test worker,5,main])--release unit of work
[EL Finer]: connection: 2016-08-26 10:17:47.421--ClientSession(1229333251)--Thread(Thread[Test worker,5,main])--client released
[EL Finer]: connection: 2016-08-26 10:17:47.438--ServerSession(1851516305)--Thread(Thread[Test worker,5,main])--client acquired: 47925484
[EL Finer]: transaction: 2016-08-26 10:17:47.438--ClientSession(47925484)--Thread(Thread[Test worker,5,main])--acquire unit of work: 177241963
[EL Finest]: connection: 2016-08-26 10:17:47.438--ServerSession(1851516305)--Connection(345853752)--Thread(Thread[Test worker,5,main])--Connection acquired from connection pool [default].
[EL Finer]: transaction: 2016-08-26 10:17:47.438--ClientSession(47925484)--Connection(345853752)--Thread(Thread[Test worker,5,main])--begin transaction
[EL Finest]: connection: 2016-08-26 10:17:47.438--ClientSession(47925484)--Thread(Thread[Test worker,5,main])--reconnecting to external connection pool
Fri Aug 26 10:17:47 UTC 2016|Unknown Alarm = ORGLM312100100 Alarm Split = ORG-LM-3-1-2-100-100
[EL Finest]: transaction: 2016-08-26 10:17:47.443--UnitOfWork(177241963)--Thread(Thread[Test worker,5,main])--persist() operation called on: A8aG5pmuirRWo9TAYwF0otpmDH5YBVICOG7452g5dC0SZMzNbt.
[EL Finest]: sequencing: 2016-08-26 10:17:47.443--UnitOfWork(177241963)--Thread(Thread[Test worker,5,main])--assign sequence to the object (64E123E8-5E6D-4D5E-82AC-F24D30C90515 -> A8aG5pmuirRWo9TAYwF0otpmDH5YBVICOG7452g5dC0SZMzNbt)
[EL Finer]: transaction: 2016-08-26 10:17:47.444--UnitOfWork(177241963)--Thread(Thread[Test worker,5,main])--begin unit of work commit
[EL Finest]: query: 2016-08-26 10:17:47.444--UnitOfWork(177241963)--Thread(Thread[Test worker,5,main])--Execute query InsertObjectQuery(A8aG5pmuirRWo9TAYwF0otpmDH5YBVICOG7452g5dC0SZMzNbt)
[EL Fine]: sql: 2016-08-26 10:17:47.444--ClientSession(47925484)--Connection(1446563626)--Thread(Thread[Test worker,5,main])--INSERT INTO ast_State_M (stateId, countryId, stateCapital, stateCapitalLatitude, stateCapitalLongitude, stateCode, stateCodeChar2, stateCodeChar3, stateDescription, stateFlag, stateName, versionId, createdBy, createdDate, updatedBy, updatedDate, activeStatus, txnAccessCode) VALUES (?, ?, ?, ?, ?, ?, ?, ?, ?, ?, ?, ?, ?, ?, ?, ?, ?, ?)
	bind => [64E123E8-5E6D-4D5E-82AC-F24D30C90515, F28BC478-4350-4913-9F6A-72C9CDF973D2, hHnBHqdEio3koxUYIwUs81PMoYdBiGSd17VAEZ2L4lQ4AcdFQM, 4, 8, 1, 4bbewJh1EYObnliVCsYgge5UIuIzSKlp, i9LDOq0X2iuUowLuvrp253CKbKQcDmzA, ZoqwbCJbrDLcDAAl4WvmrYxbNg8sOsjeERVvyOOgqr8uxXIcxw, mVUecrx54il7mNo6LPvuSmhJpCqBGkvEpWQgwL5ty3vlilVB0w, A8aG5pmuirRWo9TAYwF0otpmDH5YBVICOG7452g5dC0SZMzNbt, 1, AAAAA, 2016-08-26 10:17:47.325, AAAAA, 2016-08-26 10:17:47.325, 1, 51000]
[EL Finer]: transaction: 2016-08-26 10:17:47.446--ClientSession(47925484)--Connection(1446563626)--Thread(Thread[Test worker,5,main])--commit transaction
[EL Finest]: connection: 2016-08-26 10:17:48.825--ServerSession(1851516305)--Connection(345853752)--Thread(Thread[Test worker,5,main])--Connection released to connection pool [default].
[EL Finer]: transaction: 2016-08-26 10:17:48.825--UnitOfWork(177241963)--Thread(Thread[Test worker,5,main])--end unit of work commit
[EL Finer]: transaction: 2016-08-26 10:17:48.825--UnitOfWork(177241963)--Thread(Thread[Test worker,5,main])--resume unit of work
[EL Finer]: transaction: 2016-08-26 10:17:48.826--UnitOfWork(177241963)--Thread(Thread[Test worker,5,main])--release unit of work
[EL Finer]: connection: 2016-08-26 10:17:48.826--ClientSession(47925484)--Thread(Thread[Test worker,5,main])--client released
[EL Finer]: connection: 2016-08-26 10:17:48.921--ServerSession(1851516305)--Thread(Thread[Test worker,5,main])--client acquired: 1526544674
[EL Finer]: transaction: 2016-08-26 10:17:48.921--ClientSession(1526544674)--Thread(Thread[Test worker,5,main])--acquire unit of work: 649205209
[EL Finest]: connection: 2016-08-26 10:17:48.921--ServerSession(1851516305)--Connection(1975020903)--Thread(Thread[Test worker,5,main])--Connection acquired from connection pool [default].
[EL Finer]: transaction: 2016-08-26 10:17:48.921--ClientSession(1526544674)--Connection(1975020903)--Thread(Thread[Test worker,5,main])--begin transaction
[EL Finest]: connection: 2016-08-26 10:17:48.921--ClientSession(1526544674)--Thread(Thread[Test worker,5,main])--reconnecting to external connection pool
[EL Finest]: transaction: 2016-08-26 10:17:48.926--UnitOfWork(649205209)--Thread(Thread[Test worker,5,main])--persist() operation called on: .
[EL Finer]: transaction: 2016-08-26 10:17:48.927--UnitOfWork(649205209)--Thread(Thread[Test worker,5,main])--begin unit of work commit
[EL Finest]: query: 2016-08-26 10:17:48.927--UnitOfWork(649205209)--Thread(Thread[Test worker,5,main])--Execute query InsertObjectQuery()
[EL Fine]: sql: 2016-08-26 10:17:48.927--ClientSession(1526544674)--Connection(1847008269)--Thread(Thread[Test worker,5,main])--INSERT INTO ast_Indian_M (foodId, cuisineName, foodName, foodType, fromState, versionId, createdBy, createdDate, updatedBy, updatedDate, activeStatus, txnAccessCode) VALUES (?, ?, ?, ?, ?, ?, ?, ?, ?, ?, ?, ?)
	bind => [sZuoMA6HujrLLXqL0wb4cJbvKtDPXiQbfPXuIKMV1jyB9SPXJU, nAhlQwCb6aCkkCh0dav95vvh0vyazH1Z51CJT78O1KjAeosdAi, N2KGcxOEdG0JMDG1jnzmfXuSSDnv9BORaXYBj8VJo41VhxCLDe, pBJmFjGXFVQhpPjDh52mm6BUsnrGjHpnBVdUZJo5m8ykB6KFci, 64E123E8-5E6D-4D5E-82AC-F24D30C90515, 1, xyz, 2016-08-26 10:17:48.827, AAAAA, 2016-08-26 10:17:48.827, 1, 51000]
[EL Finer]: transaction: 2016-08-26 10:17:48.93--ClientSession(1526544674)--Connection(1847008269)--Thread(Thread[Test worker,5,main])--commit transaction
[EL Finest]: connection: 2016-08-26 10:17:49.041--ServerSession(1851516305)--Connection(1975020903)--Thread(Thread[Test worker,5,main])--Connection released to connection pool [default].
[EL Finer]: transaction: 2016-08-26 10:17:49.041--UnitOfWork(649205209)--Thread(Thread[Test worker,5,main])--end unit of work commit
[EL Finer]: transaction: 2016-08-26 10:17:49.041--UnitOfWork(649205209)--Thread(Thread[Test worker,5,main])--resume unit of work
[EL Finer]: transaction: 2016-08-26 10:17:49.041--UnitOfWork(649205209)--Thread(Thread[Test worker,5,main])--release unit of work
[EL Finer]: connection: 2016-08-26 10:17:49.041--ClientSession(1526544674)--Thread(Thread[Test worker,5,main])--client released
[EL Finer]: connection: 2016-08-26 10:17:49.065--ServerSession(1851516305)--Thread(Thread[Test worker,5,main])--client acquired: 1465018821
[EL Finer]: transaction: 2016-08-26 10:17:49.065--ClientSession(1465018821)--Thread(Thread[Test worker,5,main])--acquire unit of work: 1671311692
[EL Finest]: connection: 2016-08-26 10:17:49.065--ServerSession(1851516305)--Connection(649504684)--Thread(Thread[Test worker,5,main])--Connection acquired from connection pool [default].
[EL Finer]: transaction: 2016-08-26 10:17:49.065--ClientSession(1465018821)--Connection(649504684)--Thread(Thread[Test worker,5,main])--begin transaction
[EL Finest]: connection: 2016-08-26 10:17:49.065--ClientSession(1465018821)--Thread(Thread[Test worker,5,main])--reconnecting to external connection pool
[EL Finer]: transaction: 2016-08-26 10:17:49.067--UnitOfWork(1671311692)--Thread(Thread[Test worker,5,main])--begin unit of work flush
[EL Finer]: transaction: 2016-08-26 10:17:49.067--UnitOfWork(1671311692)--Thread(Thread[Test worker,5,main])--end unit of work flush
[EL Finest]: query: 2016-08-26 10:17:49.067--UnitOfWork(1671311692)--Thread(Thread[Test worker,5,main])--Execute query ReadAllQuery(name="Indian.findById" referenceClass=Indian sql="SELECT foodId, cuisineName, foodName, foodType, fromState, versionId, createdBy, createdDate, updatedBy, updatedDate, activeStatus, txnAccessCode FROM ast_Indian_M WHERE ((activeStatus = ?) AND (foodId = ?))")
[EL Fine]: sql: 2016-08-26 10:17:49.068--ClientSession(1465018821)--Connection(1297989058)--Thread(Thread[Test worker,5,main])--SELECT foodId, cuisineName, foodName, foodType, fromState, versionId, createdBy, createdDate, updatedBy, updatedDate, activeStatus, txnAccessCode FROM ast_Indian_M WHERE ((activeStatus = ?) AND (foodId = ?))
	bind => [1, sZuoMA6HujrLLXqL0wb4cJbvKtDPXiQbfPXuIKMV1jyB9SPXJU]
[EL Finer]: transaction: 2016-08-26 10:17:49.069--UnitOfWork(1671311692)--Thread(Thread[Test worker,5,main])--begin unit of work commit
[EL Finer]: transaction: 2016-08-26 10:17:49.07--ClientSession(1465018821)--Connection(1297989058)--Thread(Thread[Test worker,5,main])--commit transaction
[EL Finest]: connection: 2016-08-26 10:17:49.07--ServerSession(1851516305)--Connection(649504684)--Thread(Thread[Test worker,5,main])--Connection released to connection pool [default].
[EL Finer]: transaction: 2016-08-26 10:17:49.07--UnitOfWork(1671311692)--Thread(Thread[Test worker,5,main])--end unit of work commit
[EL Finer]: transaction: 2016-08-26 10:17:49.07--UnitOfWork(1671311692)--Thread(Thread[Test worker,5,main])--resume unit of work
[EL Finer]: transaction: 2016-08-26 10:17:49.07--UnitOfWork(1671311692)--Thread(Thread[Test worker,5,main])--release unit of work
[EL Finer]: connection: 2016-08-26 10:17:49.07--ClientSession(1465018821)--Thread(Thread[Test worker,5,main])--client released
[EL Finer]: connection: 2016-08-26 10:17:49.071--ServerSession(1851516305)--Thread(Thread[Test worker,5,main])--client acquired: 1119970425
[EL Finer]: transaction: 2016-08-26 10:17:49.071--ClientSession(1119970425)--Thread(Thread[Test worker,5,main])--acquire unit of work: 648767020
[EL Finest]: connection: 2016-08-26 10:17:49.071--ServerSession(1851516305)--Connection(1052829321)--Thread(Thread[Test worker,5,main])--Connection acquired from connection pool [default].
[EL Finer]: transaction: 2016-08-26 10:17:49.071--ClientSession(1119970425)--Connection(1052829321)--Thread(Thread[Test worker,5,main])--begin transaction
[EL Finest]: connection: 2016-08-26 10:17:49.071--ClientSession(1119970425)--Thread(Thread[Test worker,5,main])--reconnecting to external connection pool
[EL Finest]: transaction: 2016-08-26 10:17:49.074--UnitOfWork(648767020)--Thread(Thread[Test worker,5,main])--Merge clone with references 
[EL Finest]: query: 2016-08-26 10:17:49.074--UnitOfWork(648767020)--Thread(Thread[Test worker,5,main])--Execute query ReadObjectQuery(referenceClass=Indian )
[EL Fine]: sql: 2016-08-26 10:17:49.075--ClientSession(1119970425)--Connection(1400511925)--Thread(Thread[Test worker,5,main])--SELECT foodId, cuisineName, foodName, foodType, fromState, versionId, createdBy, createdDate, updatedBy, updatedDate, activeStatus, txnAccessCode FROM ast_Indian_M WHERE (foodId = ?)
	bind => [sZuoMA6HujrLLXqL0wb4cJbvKtDPXiQbfPXuIKMV1jyB9SPXJU]
[EL Finer]: transaction: 2016-08-26 10:17:49.076--UnitOfWork(648767020)--Thread(Thread[Test worker,5,main])--begin unit of work commit
[EL Finer]: transaction: 2016-08-26 10:17:49.077--ClientSession(1119970425)--Connection(1400511925)--Thread(Thread[Test worker,5,main])--commit transaction
[EL Finest]: connection: 2016-08-26 10:17:49.077--ServerSession(1851516305)--Connection(1052829321)--Thread(Thread[Test worker,5,main])--Connection released to connection pool [default].
[EL Finer]: transaction: 2016-08-26 10:17:49.077--UnitOfWork(648767020)--Thread(Thread[Test worker,5,main])--end unit of work commit
[EL Finer]: transaction: 2016-08-26 10:17:49.077--UnitOfWork(648767020)--Thread(Thread[Test worker,5,main])--resume unit of work
[EL Finer]: transaction: 2016-08-26 10:17:49.077--UnitOfWork(648767020)--Thread(Thread[Test worker,5,main])--release unit of work
[EL Finer]: connection: 2016-08-26 10:17:49.077--ClientSession(1119970425)--Thread(Thread[Test worker,5,main])--client released
[EL Finer]: connection: 2016-08-26 10:17:49.1--ServerSession(1851516305)--Thread(Thread[Test worker,5,main])--client acquired: 142008359
[EL Finer]: transaction: 2016-08-26 10:17:49.101--ClientSession(142008359)--Thread(Thread[Test worker,5,main])--acquire unit of work: 880157896
[EL Finest]: connection: 2016-08-26 10:17:49.101--ServerSession(1851516305)--Connection(946397536)--Thread(Thread[Test worker,5,main])--Connection acquired from connection pool [default].
[EL Finer]: transaction: 2016-08-26 10:17:49.101--ClientSession(142008359)--Connection(946397536)--Thread(Thread[Test worker,5,main])--begin transaction
[EL Finest]: connection: 2016-08-26 10:17:49.101--ClientSession(142008359)--Thread(Thread[Test worker,5,main])--reconnecting to external connection pool
[EL Finer]: transaction: 2016-08-26 10:17:49.102--UnitOfWork(880157896)--Thread(Thread[Test worker,5,main])--begin unit of work flush
[EL Finer]: transaction: 2016-08-26 10:17:49.103--UnitOfWork(880157896)--Thread(Thread[Test worker,5,main])--end unit of work flush
[EL Finest]: query: 2016-08-26 10:17:49.103--UnitOfWork(880157896)--Thread(Thread[Test worker,5,main])--Execute query ReadAllQuery(name="Indian.findByFromState" referenceClass=Indian sql="SELECT foodId, cuisineName, foodName, foodType, fromState, versionId, createdBy, createdDate, updatedBy, updatedDate, activeStatus, txnAccessCode FROM ast_Indian_M WHERE ((activeStatus = ?) AND (fromState = ?))")
[EL Fine]: sql: 2016-08-26 10:17:49.103--ClientSession(142008359)--Connection(1467099462)--Thread(Thread[Test worker,5,main])--SELECT foodId, cuisineName, foodName, foodType, fromState, versionId, createdBy, createdDate, updatedBy, updatedDate, activeStatus, txnAccessCode FROM ast_Indian_M WHERE ((activeStatus = ?) AND (fromState = ?))
	bind => [1, 64E123E8-5E6D-4D5E-82AC-F24D30C90515]
[EL Finer]: transaction: 2016-08-26 10:17:49.104--UnitOfWork(880157896)--Thread(Thread[Test worker,5,main])--begin unit of work commit
[EL Finer]: transaction: 2016-08-26 10:17:49.105--ClientSession(142008359)--Connection(1467099462)--Thread(Thread[Test worker,5,main])--commit transaction
[EL Finest]: connection: 2016-08-26 10:17:49.105--ServerSession(1851516305)--Connection(946397536)--Thread(Thread[Test worker,5,main])--Connection released to connection pool [default].
[EL Finer]: transaction: 2016-08-26 10:17:49.105--UnitOfWork(880157896)--Thread(Thread[Test worker,5,main])--end unit of work commit
[EL Finer]: transaction: 2016-08-26 10:17:49.105--UnitOfWork(880157896)--Thread(Thread[Test worker,5,main])--resume unit of work
[EL Finer]: transaction: 2016-08-26 10:17:49.106--UnitOfWork(880157896)--Thread(Thread[Test worker,5,main])--release unit of work
[EL Finer]: connection: 2016-08-26 10:17:49.106--ClientSession(142008359)--Thread(Thread[Test worker,5,main])--client released
[EL Finer]: connection: 2016-08-26 10:17:49.135--ServerSession(1851516305)--Thread(Thread[Test worker,5,main])--client acquired: 647151774
[EL Finer]: transaction: 2016-08-26 10:17:49.136--ClientSession(647151774)--Thread(Thread[Test worker,5,main])--acquire unit of work: 1822677210
[EL Finest]: connection: 2016-08-26 10:17:49.136--ServerSession(1851516305)--Connection(2029127662)--Thread(Thread[Test worker,5,main])--Connection acquired from connection pool [default].
[EL Finer]: transaction: 2016-08-26 10:17:49.136--ClientSession(647151774)--Connection(2029127662)--Thread(Thread[Test worker,5,main])--begin transaction
[EL Finest]: connection: 2016-08-26 10:17:49.136--ClientSession(647151774)--Thread(Thread[Test worker,5,main])--reconnecting to external connection pool
[EL Finest]: query: 2016-08-26 10:17:49.137--UnitOfWork(1822677210)--Thread(Thread[Test worker,5,main])--Execute query ReadObjectQuery(name="readIndian" referenceClass=Indian sql="SELECT foodId, cuisineName, foodName, foodType, fromState, versionId, createdBy, createdDate, updatedBy, updatedDate, activeStatus, txnAccessCode FROM ast_Indian_M WHERE (foodId = ?)")
[EL Fine]: sql: 2016-08-26 10:17:49.137--ClientSession(647151774)--Connection(1115820130)--Thread(Thread[Test worker,5,main])--SELECT foodId, cuisineName, foodName, foodType, fromState, versionId, createdBy, createdDate, updatedBy, updatedDate, activeStatus, txnAccessCode FROM ast_Indian_M WHERE (foodId = ?)
	bind => [sZuoMA6HujrLLXqL0wb4cJbvKtDPXiQbfPXuIKMV1jyB9SPXJU]
[EL Finest]: transaction: 2016-08-26 10:17:49.138--UnitOfWork(1822677210)--Thread(Thread[Test worker,5,main])--remove() operation called on: 
[EL Finer]: transaction: 2016-08-26 10:17:49.138--UnitOfWork(1822677210)--Thread(Thread[Test worker,5,main])--begin unit of work commit
[EL Finest]: query: 2016-08-26 10:17:49.139--UnitOfWork(1822677210)--Thread(Thread[Test worker,5,main])--Execute query DoesExistQuery(referenceClass=Indian )
[EL Finest]: query: 2016-08-26 10:17:49.139--UnitOfWork(1822677210)--Thread(Thread[Test worker,5,main])--Execute query DeleteObjectQuery()
[EL Fine]: sql: 2016-08-26 10:17:49.139--ClientSession(647151774)--Connection(1115820130)--Thread(Thread[Test worker,5,main])--DELETE FROM ast_Indian_M WHERE ((foodId = ?) AND (versionId = ?))
	bind => [sZuoMA6HujrLLXqL0wb4cJbvKtDPXiQbfPXuIKMV1jyB9SPXJU, 1]
[EL Finer]: transaction: 2016-08-26 10:17:49.14--ClientSession(647151774)--Connection(1115820130)--Thread(Thread[Test worker,5,main])--commit transaction
[EL Finest]: connection: 2016-08-26 10:17:49.194--ServerSession(1851516305)--Connection(2029127662)--Thread(Thread[Test worker,5,main])--Connection released to connection pool [default].
[EL Finer]: transaction: 2016-08-26 10:17:49.194--UnitOfWork(1822677210)--Thread(Thread[Test worker,5,main])--end unit of work commit
[EL Finer]: transaction: 2016-08-26 10:17:49.194--UnitOfWork(1822677210)--Thread(Thread[Test worker,5,main])--resume unit of work
[EL Finer]: transaction: 2016-08-26 10:17:49.194--UnitOfWork(1822677210)--Thread(Thread[Test worker,5,main])--release unit of work
[EL Finer]: connection: 2016-08-26 10:17:49.195--ClientSession(647151774)--Thread(Thread[Test worker,5,main])--client released
[EL Finer]: connection: 2016-08-26 10:17:49.208--ServerSession(1851516305)--Thread(Thread[Test worker,5,main])--client acquired: 298256993
[EL Finer]: transaction: 2016-08-26 10:17:49.209--ClientSession(298256993)--Thread(Thread[Test worker,5,main])--acquire unit of work: 578449253
[EL Finest]: connection: 2016-08-26 10:17:49.209--ServerSession(1851516305)--Connection(338125202)--Thread(Thread[Test worker,5,main])--Connection acquired from connection pool [default].
[EL Finer]: transaction: 2016-08-26 10:17:49.209--ClientSession(298256993)--Connection(338125202)--Thread(Thread[Test worker,5,main])--begin transaction
[EL Finest]: connection: 2016-08-26 10:17:49.209--ClientSession(298256993)--Thread(Thread[Test worker,5,main])--reconnecting to external connection pool
[EL Finest]: query: 2016-08-26 10:17:49.21--UnitOfWork(578449253)--Thread(Thread[Test worker,5,main])--Execute query ReadObjectQuery(name="readState" referenceClass=State sql="SELECT stateId, countryId, stateCapital, stateCapitalLatitude, stateCapitalLongitude, stateCode, stateCodeChar2, stateCodeChar3, stateDescription, stateFlag, stateName, versionId, createdBy, createdDate, updatedBy, updatedDate, activeStatus, txnAccessCode FROM ast_State_M WHERE (stateId = ?)")
[EL Fine]: sql: 2016-08-26 10:17:49.21--ClientSession(298256993)--Connection(400594371)--Thread(Thread[Test worker,5,main])--SELECT stateId, countryId, stateCapital, stateCapitalLatitude, stateCapitalLongitude, stateCode, stateCodeChar2, stateCodeChar3, stateDescription, stateFlag, stateName, versionId, createdBy, createdDate, updatedBy, updatedDate, activeStatus, txnAccessCode FROM ast_State_M WHERE (stateId = ?)
	bind => [64E123E8-5E6D-4D5E-82AC-F24D30C90515]
[EL Finest]: transaction: 2016-08-26 10:17:49.211--UnitOfWork(578449253)--Thread(Thread[Test worker,5,main])--remove() operation called on: A8aG5pmuirRWo9TAYwF0otpmDH5YBVICOG7452g5dC0SZMzNbt
[EL Finer]: transaction: 2016-08-26 10:17:49.211--UnitOfWork(578449253)--Thread(Thread[Test worker,5,main])--begin unit of work commit
[EL Finest]: query: 2016-08-26 10:17:49.212--UnitOfWork(578449253)--Thread(Thread[Test worker,5,main])--Execute query DoesExistQuery(referenceClass=State )
[EL Finest]: query: 2016-08-26 10:17:49.212--UnitOfWork(578449253)--Thread(Thread[Test worker,5,main])--Execute query DeleteObjectQuery(A8aG5pmuirRWo9TAYwF0otpmDH5YBVICOG7452g5dC0SZMzNbt)
[EL Fine]: sql: 2016-08-26 10:17:49.212--ClientSession(298256993)--Connection(400594371)--Thread(Thread[Test worker,5,main])--DELETE FROM ast_State_M WHERE ((stateId = ?) AND (versionId = ?))
	bind => [64E123E8-5E6D-4D5E-82AC-F24D30C90515, 1]
[EL Finer]: transaction: 2016-08-26 10:17:49.22--ClientSession(298256993)--Connection(400594371)--Thread(Thread[Test worker,5,main])--commit transaction
[EL Finest]: connection: 2016-08-26 10:17:49.339--ServerSession(1851516305)--Connection(338125202)--Thread(Thread[Test worker,5,main])--Connection released to connection pool [default].
[EL Finer]: transaction: 2016-08-26 10:17:49.339--UnitOfWork(578449253)--Thread(Thread[Test worker,5,main])--end unit of work commit
[EL Finer]: transaction: 2016-08-26 10:17:49.34--UnitOfWork(578449253)--Thread(Thread[Test worker,5,main])--resume unit of work
[EL Finer]: transaction: 2016-08-26 10:17:49.34--UnitOfWork(578449253)--Thread(Thread[Test worker,5,main])--release unit of work
[EL Finer]: connection: 2016-08-26 10:17:49.34--ClientSession(298256993)--Thread(Thread[Test worker,5,main])--client released
[EL Finer]: connection: 2016-08-26 10:17:49.362--ServerSession(1851516305)--Thread(Thread[Test worker,5,main])--client acquired: 135920967
[EL Finer]: transaction: 2016-08-26 10:17:49.362--ClientSession(135920967)--Thread(Thread[Test worker,5,main])--acquire unit of work: 1648575608
[EL Finest]: connection: 2016-08-26 10:17:49.363--ServerSession(1851516305)--Connection(776230062)--Thread(Thread[Test worker,5,main])--Connection acquired from connection pool [default].
[EL Finer]: transaction: 2016-08-26 10:17:49.363--ClientSession(135920967)--Connection(776230062)--Thread(Thread[Test worker,5,main])--begin transaction
[EL Finest]: connection: 2016-08-26 10:17:49.363--ClientSession(135920967)--Thread(Thread[Test worker,5,main])--reconnecting to external connection pool
[EL Finest]: query: 2016-08-26 10:17:49.364--UnitOfWork(1648575608)--Thread(Thread[Test worker,5,main])--Execute query ReadObjectQuery(name="readCountry" referenceClass=Country sql="SELECT countryId, capital, capitalLatitude, capitalLongitude, countryCode1, countryCode2, countryFlag, countryName, currencyCode, currencyName, currencySymbol, isoNumeric, versionId, createdBy, createdDate, updatedBy, updatedDate, activeStatus, txnAccessCode FROM ast_Country_M WHERE (countryId = ?)")
[EL Fine]: sql: 2016-08-26 10:17:49.364--ClientSession(135920967)--Connection(957160943)--Thread(Thread[Test worker,5,main])--SELECT countryId, capital, capitalLatitude, capitalLongitude, countryCode1, countryCode2, countryFlag, countryName, currencyCode, currencyName, currencySymbol, isoNumeric, versionId, createdBy, createdDate, updatedBy, updatedDate, activeStatus, txnAccessCode FROM ast_Country_M WHERE (countryId = ?)
	bind => [F28BC478-4350-4913-9F6A-72C9CDF973D2]
[EL Finest]: transaction: 2016-08-26 10:17:49.366--UnitOfWork(1648575608)--Thread(Thread[Test worker,5,main])--remove() operation called on: izYrj8q6vDnIS6k0YzOzhu4PRwn5fz6SAH0RWH4O1ALY2tnewo
[EL Finer]: transaction: 2016-08-26 10:17:49.367--UnitOfWork(1648575608)--Thread(Thread[Test worker,5,main])--begin unit of work commit
[EL Finest]: query: 2016-08-26 10:17:49.367--UnitOfWork(1648575608)--Thread(Thread[Test worker,5,main])--Execute query DoesExistQuery(referenceClass=Country )
[EL Finest]: query: 2016-08-26 10:17:49.367--UnitOfWork(1648575608)--Thread(Thread[Test worker,5,main])--Execute query DeleteObjectQuery(izYrj8q6vDnIS6k0YzOzhu4PRwn5fz6SAH0RWH4O1ALY2tnewo)
[EL Fine]: sql: 2016-08-26 10:17:49.367--ClientSession(135920967)--Connection(957160943)--Thread(Thread[Test worker,5,main])--DELETE FROM ast_Country_M WHERE ((countryId = ?) AND (versionId = ?))
	bind => [F28BC478-4350-4913-9F6A-72C9CDF973D2, 1]
[EL Finer]: transaction: 2016-08-26 10:17:49.472--ClientSession(135920967)--Connection(957160943)--Thread(Thread[Test worker,5,main])--commit transaction
[EL Finest]: connection: 2016-08-26 10:17:49.529--ServerSession(1851516305)--Connection(776230062)--Thread(Thread[Test worker,5,main])--Connection released to connection pool [default].
[EL Finer]: transaction: 2016-08-26 10:17:49.529--UnitOfWork(1648575608)--Thread(Thread[Test worker,5,main])--end unit of work commit
[EL Finer]: transaction: 2016-08-26 10:17:49.529--UnitOfWork(1648575608)--Thread(Thread[Test worker,5,main])--resume unit of work
[EL Finer]: transaction: 2016-08-26 10:17:49.53--UnitOfWork(1648575608)--Thread(Thread[Test worker,5,main])--release unit of work
[EL Finer]: connection: 2016-08-26 10:17:49.53--ClientSession(135920967)--Thread(Thread[Test worker,5,main])--client released
]]></system-out>
  <system-err><![CDATA[]]></system-err>
</testsuite>
