<?xml version="1.0" encoding="UTF-8"?>
<testsuite name="projectthree.app.server.service.appbasicsetup.usermanagement.QuestionTestCase" tests="5" skipped="0" failures="0" errors="0" timestamp="2016-08-26T10:17:43" hostname="d6252af96598" time="0.281">
  <properties/>
  <testcase name="test1Save" classname="projectthree.app.server.service.appbasicsetup.usermanagement.QuestionTestCase" time="0.088"/>
  <testcase name="test2Update" classname="projectthree.app.server.service.appbasicsetup.usermanagement.QuestionTestCase" time="0.063"/>
  <testcase name="test3FindById" classname="projectthree.app.server.service.appbasicsetup.usermanagement.QuestionTestCase" time="0.024"/>
  <testcase name="test5NegativeTesting" classname="projectthree.app.server.service.appbasicsetup.usermanagement.QuestionTestCase" time="0.021"/>
  <testcase name="test6Delete" classname="projectthree.app.server.service.appbasicsetup.usermanagement.QuestionTestCase" time="0.083"/>
  <system-out><![CDATA[Fri Aug 26 10:17:43 UTC 2016|Log Manager Factory|Initialization Process started.....
Fri Aug 26 10:17:43 UTC 2016|Log Manager|Initialized with Path = [/home/applifire/workspace/project3/src/main/webapp/WEB-INF/conf]
Fri Aug 26 10:17:43 UTC 2016|Alarm Manager|Initialized with Path = [/home/applifire/workspace/project3/src/main/webapp/WEB-INF/conf]
Fri Aug 26 10:17:43 UTC 2016|Alarm Manager|Loading Alarms ......
Fri Aug 26 10:17:43 UTC 2016|Alarm XML Parser|FWA|XML Parsing Complete........ 
Fri Aug 26 10:17:43 UTC 2016|Alarm File Manager|FWA|Alarm File Status.. [ApplicationFrameworkAlarms.xml]|Version=15|Status=Done 
Fri Aug 26 10:17:43 UTC 2016|Alarm File Manager|FWA|Alarm Stats = ( BC/AL=5/786 SYS=5/11 [786/0]  TPL=0/0 [0/0]  APP= A.Map=[875]  E.Map EC/RC=[391/79] )
Fri Aug 26 10:17:43 UTC 2016|Alarm XML Parser|APP|XML Parsing Complete........ 
Fri Aug 26 10:17:43 UTC 2016|Alarm File Manager|APP|Alarm File Status.. [ApplicationAlarms.xml]|Version=1|Status=Done 
Fri Aug 26 10:17:43 UTC 2016|Alarm File Manager|APP|Alarm Stats = ( BC/AL=6/873 SYS=5/11 [786/0]  TPL=0/0 [0/0]  APP=1/1 [87/0]  A.Map=[962]  E.Map EC/RC=[445/91] )
Fri Aug 26 10:17:43 UTC 2016|ApplicationAlarmContext| <><><><><> Create App Alarms ....  <><><><><> 
Fri Aug 26 10:17:43 UTC 2016|ApplicationAlarmContext|Alarms are generated ONLY in Development Mode.. 
Fri Aug 26 10:17:43 UTC 2016|Alarm Manager|APP|Alarm Stats = ( BC/AL=6/873 SYS=5/11 [786/0]  TPL=0/0 [0/0]  APP=1/1 [87/0]  A.Map=[962]  E.Map EC/RC=[445/91] )
Fri Aug 26 10:17:43 UTC 2016|Alarm Manager|Initialized Exception Lookup...
Fri Aug 26 10:17:43 UTC 2016|Log Manager|Initialize Log Config File ......
Fri Aug 26 10:17:43 UTC 2016|Pluggable Connectors|Adding Connectors : StandardOutputConnector isEnabled=true isDefault=false isFallBack=true
Fri Aug 26 10:17:43 UTC 2016|Pluggable Connectors|Adding Connectors : StandardFileConnector isEnabled=true isDefault=false isFallBack=false
Fri Aug 26 10:17:43 UTC 2016|Pluggable Connectors|Adding Connectors : Sprinkler isEnabled=true isDefault=true isFallBack=false
Fri Aug 26 10:17:43 UTC 2016|Pluggable Connectors|Default Connector Name : com.spartan.logger.core.LogMessenger
Fri Aug 26 10:17:43 UTC 2016|Log Config Parser|Connector Least Log Level =[4]  FallBack Log Level =[3]
Fri Aug 26 10:17:43 UTC 2016|Log Manager|Loading Default Connector for Logging ......
Fri Aug 26 10:17:43 UTC 2016|Log Manager|Loading class .. com.spartan.logger.core.LogMessenger
Fri Aug 26 10:17:43 UTC 2016|Plugggable Connector|Connector class com.spartan.logger.core.LogMessenger Initialized... @ Log Level = 3
Fri Aug 26 10:17:43 UTC 2016|Log Manager|Starting the Default Connector [com.spartan.logger.core.LogMessenger@16b65a70] ....
Fri Aug 26 10:17:43 UTC 2016|Scheduler|Starting the Scheduler ......
Fri Aug 26 10:17:43 UTC 2016|Scheduler|Adding [LMID=[50e67a13-e4f5-424e-9d74-d0fb892e261f]] Delay=5 Time Unit=MINUTES
Fri Aug 26 10:17:43 UTC 2016|Scheduler|Adding [App Alarm Manager File=[ApplicationAlarms.xml]] Delay=30 Time Unit=MINUTES
Fri Aug 26 10:17:43 UTC 2016|Scheduler|Adding [FW Alarm Manager File=[ApplicationFrameworkAlarms.xml]] Delay=3 Time Unit=MINUTES
Fri Aug 26 10:17:43 UTC 2016|Scheduler|Startup Completed..
Fri Aug 26 10:17:43 UTC 2016|Log Manager|Initialization Process Complete ......
Fri Aug 26 10:17:43 UTC 2016|Log Manager Factory|Log Manager READY! ID = 50e67a13-e4f5-424e-9d74-d0fb892e261f
[EL Finer]: connection: 2016-08-26 10:17:43.916--ServerSession(1851516305)--Thread(Thread[Test worker,5,main])--client acquired: 1340923880
[EL Finer]: transaction: 2016-08-26 10:17:43.916--ClientSession(1340923880)--Thread(Thread[Test worker,5,main])--acquire unit of work: 1214259542
[EL Finest]: connection: 2016-08-26 10:17:43.916--ServerSession(1851516305)--Connection(523024953)--Thread(Thread[Test worker,5,main])--Connection acquired from connection pool [default].
[EL Finer]: transaction: 2016-08-26 10:17:43.916--ClientSession(1340923880)--Connection(523024953)--Thread(Thread[Test worker,5,main])--begin transaction
[EL Finest]: connection: 2016-08-26 10:17:43.916--ClientSession(1340923880)--Thread(Thread[Test worker,5,main])--reconnecting to external connection pool
[EL Finest]: transaction: 2016-08-26 10:17:43.917--UnitOfWork(1214259542)--Thread(Thread[Test worker,5,main])--persist() operation called on: 6,fIX4IXpjSlCdPI7bJyDlnozsyPeXcvXpthBT8ISlkIvu6rwzho.
[EL Finest]: sequencing: 2016-08-26 10:17:43.917--UnitOfWork(1214259542)--Thread(Thread[Test worker,5,main])--assign sequence to the object (FB08E4E7-90FA-4040-988F-05D2CCE72D11 -> 6,fIX4IXpjSlCdPI7bJyDlnozsyPeXcvXpthBT8ISlkIvu6rwzho)
[EL Finer]: transaction: 2016-08-26 10:17:43.917--UnitOfWork(1214259542)--Thread(Thread[Test worker,5,main])--begin unit of work commit
[EL Finest]: query: 2016-08-26 10:17:43.918--UnitOfWork(1214259542)--Thread(Thread[Test worker,5,main])--Execute query InsertObjectQuery(6,fIX4IXpjSlCdPI7bJyDlnozsyPeXcvXpthBT8ISlkIvu6rwzho)
[EL Fine]: sql: 2016-08-26 10:17:43.918--ClientSession(1340923880)--Connection(296712870)--Thread(Thread[Test worker,5,main])--INSERT INTO ast_Question_M (questionId, levelid, question, questionDetails, questionIcon, versionId, createdBy, createdDate, updatedBy, updatedDate, activeStatus, txnAccessCode) VALUES (?, ?, ?, ?, ?, ?, ?, ?, ?, ?, ?, ?)
	bind => [FB08E4E7-90FA-4040-988F-05D2CCE72D11, 6, fIX4IXpjSlCdPI7bJyDlnozsyPeXcvXpthBT8ISlkIvu6rwzho, 7exWP2XcAG, UmuukCd3PpbSlLqdZvg0HaEKMeUN3HRhcDg03Xr59wNHWAYBsT, 1, AAAAA, 2016-08-26 10:17:43.9, AAAAA, 2016-08-26 10:17:43.9, 1, 51000]
[EL Finer]: transaction: 2016-08-26 10:17:43.92--ClientSession(1340923880)--Connection(296712870)--Thread(Thread[Test worker,5,main])--commit transaction
[EL Finest]: connection: 2016-08-26 10:17:43.966--ServerSession(1851516305)--Connection(523024953)--Thread(Thread[Test worker,5,main])--Connection released to connection pool [default].
[EL Finer]: transaction: 2016-08-26 10:17:43.966--UnitOfWork(1214259542)--Thread(Thread[Test worker,5,main])--end unit of work commit
[EL Finer]: transaction: 2016-08-26 10:17:43.966--UnitOfWork(1214259542)--Thread(Thread[Test worker,5,main])--resume unit of work
[EL Finer]: transaction: 2016-08-26 10:17:43.966--UnitOfWork(1214259542)--Thread(Thread[Test worker,5,main])--release unit of work
[EL Finer]: connection: 2016-08-26 10:17:43.966--ClientSession(1340923880)--Thread(Thread[Test worker,5,main])--client released
[EL Finer]: connection: 2016-08-26 10:17:43.987--ServerSession(1851516305)--Thread(Thread[Test worker,5,main])--client acquired: 1249351118
[EL Finer]: transaction: 2016-08-26 10:17:43.987--ClientSession(1249351118)--Thread(Thread[Test worker,5,main])--acquire unit of work: 1896623507
[EL Finest]: connection: 2016-08-26 10:17:43.987--ServerSession(1851516305)--Connection(1451509728)--Thread(Thread[Test worker,5,main])--Connection acquired from connection pool [default].
[EL Finer]: transaction: 2016-08-26 10:17:43.987--ClientSession(1249351118)--Connection(1451509728)--Thread(Thread[Test worker,5,main])--begin transaction
[EL Finest]: connection: 2016-08-26 10:17:43.987--ClientSession(1249351118)--Thread(Thread[Test worker,5,main])--reconnecting to external connection pool
[EL Finer]: transaction: 2016-08-26 10:17:43.989--UnitOfWork(1896623507)--Thread(Thread[Test worker,5,main])--begin unit of work flush
[EL Finer]: transaction: 2016-08-26 10:17:43.989--UnitOfWork(1896623507)--Thread(Thread[Test worker,5,main])--end unit of work flush
[EL Finest]: query: 2016-08-26 10:17:43.989--UnitOfWork(1896623507)--Thread(Thread[Test worker,5,main])--Execute query ReadAllQuery(name="Question.findById" referenceClass=Question sql="SELECT questionId, levelid, question, questionDetails, questionIcon, versionId, createdBy, createdDate, updatedBy, updatedDate, activeStatus, txnAccessCode FROM ast_Question_M WHERE ((activeStatus = ?) AND (questionId = ?))")
[EL Fine]: sql: 2016-08-26 10:17:43.989--ClientSession(1249351118)--Connection(2016709468)--Thread(Thread[Test worker,5,main])--SELECT questionId, levelid, question, questionDetails, questionIcon, versionId, createdBy, createdDate, updatedBy, updatedDate, activeStatus, txnAccessCode FROM ast_Question_M WHERE ((activeStatus = ?) AND (questionId = ?))
	bind => [1, FB08E4E7-90FA-4040-988F-05D2CCE72D11]
[EL Finer]: transaction: 2016-08-26 10:17:43.991--UnitOfWork(1896623507)--Thread(Thread[Test worker,5,main])--begin unit of work commit
[EL Finer]: transaction: 2016-08-26 10:17:43.991--ClientSession(1249351118)--Connection(2016709468)--Thread(Thread[Test worker,5,main])--commit transaction
[EL Finest]: connection: 2016-08-26 10:17:43.992--ServerSession(1851516305)--Connection(1451509728)--Thread(Thread[Test worker,5,main])--Connection released to connection pool [default].
[EL Finer]: transaction: 2016-08-26 10:17:43.992--UnitOfWork(1896623507)--Thread(Thread[Test worker,5,main])--end unit of work commit
[EL Finer]: transaction: 2016-08-26 10:17:43.992--UnitOfWork(1896623507)--Thread(Thread[Test worker,5,main])--resume unit of work
[EL Finer]: transaction: 2016-08-26 10:17:43.992--UnitOfWork(1896623507)--Thread(Thread[Test worker,5,main])--release unit of work
[EL Finer]: connection: 2016-08-26 10:17:43.992--ClientSession(1249351118)--Thread(Thread[Test worker,5,main])--client released
[EL Finer]: connection: 2016-08-26 10:17:43.993--ServerSession(1851516305)--Thread(Thread[Test worker,5,main])--client acquired: 823892215
[EL Finer]: transaction: 2016-08-26 10:17:43.993--ClientSession(823892215)--Thread(Thread[Test worker,5,main])--acquire unit of work: 181901649
[EL Finest]: connection: 2016-08-26 10:17:43.993--ServerSession(1851516305)--Connection(1351785062)--Thread(Thread[Test worker,5,main])--Connection acquired from connection pool [default].
[EL Finer]: transaction: 2016-08-26 10:17:43.993--ClientSession(823892215)--Connection(1351785062)--Thread(Thread[Test worker,5,main])--begin transaction
[EL Finest]: connection: 2016-08-26 10:17:43.993--ClientSession(823892215)--Thread(Thread[Test worker,5,main])--reconnecting to external connection pool
[EL Finest]: transaction: 2016-08-26 10:17:43.996--UnitOfWork(181901649)--Thread(Thread[Test worker,5,main])--Merge clone with references 9,xW5hcsrv8wJyGRlL73Y3sxbtCqREyAOjr6omegIrp8xZbqZWe7
[EL Finest]: query: 2016-08-26 10:17:43.996--UnitOfWork(181901649)--Thread(Thread[Test worker,5,main])--Execute query ReadObjectQuery(referenceClass=Question )
[EL Fine]: sql: 2016-08-26 10:17:43.996--ClientSession(823892215)--Connection(623481540)--Thread(Thread[Test worker,5,main])--SELECT questionId, levelid, question, questionDetails, questionIcon, versionId, createdBy, createdDate, updatedBy, updatedDate, activeStatus, txnAccessCode FROM ast_Question_M WHERE (questionId = ?)
	bind => [FB08E4E7-90FA-4040-988F-05D2CCE72D11]
[EL Finer]: transaction: 2016-08-26 10:17:43.998--UnitOfWork(181901649)--Thread(Thread[Test worker,5,main])--begin unit of work commit
[EL Finest]: query: 2016-08-26 10:17:43.998--UnitOfWork(181901649)--Thread(Thread[Test worker,5,main])--Execute query UpdateObjectQuery(9,xW5hcsrv8wJyGRlL73Y3sxbtCqREyAOjr6omegIrp8xZbqZWe7)
[EL Fine]: sql: 2016-08-26 10:17:43.999--ClientSession(823892215)--Connection(623481540)--Thread(Thread[Test worker,5,main])--UPDATE ast_Question_M SET levelid = ?, question = ?, questionDetails = ?, questionIcon = ?, versionId = ? WHERE ((questionId = ?) AND (versionId = ?))
	bind => [9, xW5hcsrv8wJyGRlL73Y3sxbtCqREyAOjr6omegIrp8xZbqZWe7, 8AXFu3rWk4, IitQQTTdZuc4LeAvNnP14E8ILmoITOLXnWRLjHJVvLCHeQkLbk, 2, FB08E4E7-90FA-4040-988F-05D2CCE72D11, 1]
[EL Finer]: transaction: 2016-08-26 10:17:44.0--ClientSession(823892215)--Connection(623481540)--Thread(Thread[Test worker,5,main])--commit transaction
[EL Finest]: connection: 2016-08-26 10:17:44.03--ServerSession(1851516305)--Connection(1351785062)--Thread(Thread[Test worker,5,main])--Connection released to connection pool [default].
[EL Finer]: transaction: 2016-08-26 10:17:44.03--UnitOfWork(181901649)--Thread(Thread[Test worker,5,main])--end unit of work commit
[EL Finer]: transaction: 2016-08-26 10:17:44.03--UnitOfWork(181901649)--Thread(Thread[Test worker,5,main])--resume unit of work
[EL Finer]: transaction: 2016-08-26 10:17:44.03--UnitOfWork(181901649)--Thread(Thread[Test worker,5,main])--release unit of work
[EL Finer]: connection: 2016-08-26 10:17:44.03--ClientSession(823892215)--Thread(Thread[Test worker,5,main])--client released
[EL Finer]: connection: 2016-08-26 10:17:44.051--ServerSession(1851516305)--Thread(Thread[Test worker,5,main])--client acquired: 2134884288
[EL Finer]: transaction: 2016-08-26 10:17:44.051--ClientSession(2134884288)--Thread(Thread[Test worker,5,main])--acquire unit of work: 843454340
[EL Finest]: connection: 2016-08-26 10:17:44.051--ServerSession(1851516305)--Connection(397538533)--Thread(Thread[Test worker,5,main])--Connection acquired from connection pool [default].
[EL Finer]: transaction: 2016-08-26 10:17:44.051--ClientSession(2134884288)--Connection(397538533)--Thread(Thread[Test worker,5,main])--begin transaction
[EL Finest]: connection: 2016-08-26 10:17:44.052--ClientSession(2134884288)--Thread(Thread[Test worker,5,main])--reconnecting to external connection pool
[EL Finer]: transaction: 2016-08-26 10:17:44.052--UnitOfWork(843454340)--Thread(Thread[Test worker,5,main])--begin unit of work flush
[EL Finer]: transaction: 2016-08-26 10:17:44.053--UnitOfWork(843454340)--Thread(Thread[Test worker,5,main])--end unit of work flush
[EL Finest]: query: 2016-08-26 10:17:44.053--UnitOfWork(843454340)--Thread(Thread[Test worker,5,main])--Execute query ReadAllQuery(name="Question.findById" referenceClass=Question sql="SELECT questionId, levelid, question, questionDetails, questionIcon, versionId, createdBy, createdDate, updatedBy, updatedDate, activeStatus, txnAccessCode FROM ast_Question_M WHERE ((activeStatus = ?) AND (questionId = ?))")
[EL Fine]: sql: 2016-08-26 10:17:44.053--ClientSession(2134884288)--Connection(714036384)--Thread(Thread[Test worker,5,main])--SELECT questionId, levelid, question, questionDetails, questionIcon, versionId, createdBy, createdDate, updatedBy, updatedDate, activeStatus, txnAccessCode FROM ast_Question_M WHERE ((activeStatus = ?) AND (questionId = ?))
	bind => [1, FB08E4E7-90FA-4040-988F-05D2CCE72D11]
[EL Finer]: transaction: 2016-08-26 10:17:44.054--UnitOfWork(843454340)--Thread(Thread[Test worker,5,main])--begin unit of work commit
[EL Finer]: transaction: 2016-08-26 10:17:44.054--ClientSession(2134884288)--Connection(714036384)--Thread(Thread[Test worker,5,main])--commit transaction
[EL Finest]: connection: 2016-08-26 10:17:44.055--ServerSession(1851516305)--Connection(397538533)--Thread(Thread[Test worker,5,main])--Connection released to connection pool [default].
[EL Finer]: transaction: 2016-08-26 10:17:44.055--UnitOfWork(843454340)--Thread(Thread[Test worker,5,main])--end unit of work commit
[EL Finer]: transaction: 2016-08-26 10:17:44.055--UnitOfWork(843454340)--Thread(Thread[Test worker,5,main])--resume unit of work
[EL Finer]: transaction: 2016-08-26 10:17:44.055--UnitOfWork(843454340)--Thread(Thread[Test worker,5,main])--release unit of work
[EL Finer]: connection: 2016-08-26 10:17:44.055--ClientSession(2134884288)--Thread(Thread[Test worker,5,main])--client released
[EL Finer]: connection: 2016-08-26 10:17:44.096--ServerSession(1851516305)--Thread(Thread[Test worker,5,main])--client acquired: 1390891011
[EL Finer]: transaction: 2016-08-26 10:17:44.096--ClientSession(1390891011)--Thread(Thread[Test worker,5,main])--acquire unit of work: 1345724282
[EL Finest]: connection: 2016-08-26 10:17:44.096--ServerSession(1851516305)--Connection(290237370)--Thread(Thread[Test worker,5,main])--Connection acquired from connection pool [default].
[EL Finer]: transaction: 2016-08-26 10:17:44.096--ClientSession(1390891011)--Connection(290237370)--Thread(Thread[Test worker,5,main])--begin transaction
[EL Finest]: connection: 2016-08-26 10:17:44.097--ClientSession(1390891011)--Thread(Thread[Test worker,5,main])--reconnecting to external connection pool
[EL Finest]: query: 2016-08-26 10:17:44.097--UnitOfWork(1345724282)--Thread(Thread[Test worker,5,main])--Execute query ReadObjectQuery(name="readQuestion" referenceClass=Question sql="SELECT questionId, levelid, question, questionDetails, questionIcon, versionId, createdBy, createdDate, updatedBy, updatedDate, activeStatus, txnAccessCode FROM ast_Question_M WHERE (questionId = ?)")
[EL Fine]: sql: 2016-08-26 10:17:44.098--ClientSession(1390891011)--Connection(1473796023)--Thread(Thread[Test worker,5,main])--SELECT questionId, levelid, question, questionDetails, questionIcon, versionId, createdBy, createdDate, updatedBy, updatedDate, activeStatus, txnAccessCode FROM ast_Question_M WHERE (questionId = ?)
	bind => [FB08E4E7-90FA-4040-988F-05D2CCE72D11]
[EL Finest]: transaction: 2016-08-26 10:17:44.099--UnitOfWork(1345724282)--Thread(Thread[Test worker,5,main])--remove() operation called on: 9,xW5hcsrv8wJyGRlL73Y3sxbtCqREyAOjr6omegIrp8xZbqZWe7
[EL Finer]: transaction: 2016-08-26 10:17:44.099--UnitOfWork(1345724282)--Thread(Thread[Test worker,5,main])--begin unit of work commit
[EL Finest]: query: 2016-08-26 10:17:44.099--UnitOfWork(1345724282)--Thread(Thread[Test worker,5,main])--Execute query DoesExistQuery(referenceClass=Question )
[EL Finest]: query: 2016-08-26 10:17:44.099--UnitOfWork(1345724282)--Thread(Thread[Test worker,5,main])--Execute query DeleteObjectQuery(9,xW5hcsrv8wJyGRlL73Y3sxbtCqREyAOjr6omegIrp8xZbqZWe7)
[EL Fine]: sql: 2016-08-26 10:17:44.1--ClientSession(1390891011)--Connection(1473796023)--Thread(Thread[Test worker,5,main])--DELETE FROM ast_Question_M WHERE ((questionId = ?) AND (versionId = ?))
	bind => [FB08E4E7-90FA-4040-988F-05D2CCE72D11, 2]
[EL Finer]: transaction: 2016-08-26 10:17:44.101--ClientSession(1390891011)--Connection(1473796023)--Thread(Thread[Test worker,5,main])--commit transaction
[EL Finest]: connection: 2016-08-26 10:17:44.159--ServerSession(1851516305)--Connection(290237370)--Thread(Thread[Test worker,5,main])--Connection released to connection pool [default].
[EL Finer]: transaction: 2016-08-26 10:17:44.159--UnitOfWork(1345724282)--Thread(Thread[Test worker,5,main])--end unit of work commit
[EL Finer]: transaction: 2016-08-26 10:17:44.159--UnitOfWork(1345724282)--Thread(Thread[Test worker,5,main])--resume unit of work
[EL Finer]: transaction: 2016-08-26 10:17:44.16--UnitOfWork(1345724282)--Thread(Thread[Test worker,5,main])--release unit of work
[EL Finer]: connection: 2016-08-26 10:17:44.16--ClientSession(1390891011)--Thread(Thread[Test worker,5,main])--client released
]]></system-out>
  <system-err><![CDATA[Question.levelid may not be null
java.lang.SecurityException: Question.levelid may not be null
	at com.athena.server.pluggable.utils.helper.EntityValidatorHelper.validateEntity(EntityValidatorHelper.java:37)
	at projectthree.app.shared.appbasicsetup.usermanagement.Question.isValid(Question.java:193)
	at projectthree.app.server.service.appbasicsetup.usermanagement.QuestionTestCase.validateQuestion(QuestionTestCase.java:210)
	at projectthree.app.server.service.appbasicsetup.usermanagement.QuestionTestCase.test5NegativeTesting(QuestionTestCase.java:245)
	at sun.reflect.NativeMethodAccessorImpl.invoke0(Native Method)
	at sun.reflect.NativeMethodAccessorImpl.invoke(NativeMethodAccessorImpl.java:57)
	at sun.reflect.DelegatingMethodAccessorImpl.invoke(DelegatingMethodAccessorImpl.java:43)
	at java.lang.reflect.Method.invoke(Method.java:606)
	at org.junit.runners.model.FrameworkMethod$1.runReflectiveCall(FrameworkMethod.java:47)
	at org.junit.internal.runners.model.ReflectiveCallable.run(ReflectiveCallable.java:12)
	at org.junit.runners.model.FrameworkMethod.invokeExplosively(FrameworkMethod.java:44)
	at org.junit.internal.runners.statements.InvokeMethod.evaluate(InvokeMethod.java:17)
	at org.junit.internal.runners.statements.RunBefores.evaluate(RunBefores.java:26)
	at org.springframework.test.context.junit4.statements.RunBeforeTestMethodCallbacks.evaluate(RunBeforeTestMethodCallbacks.java:74)
	at org.junit.internal.runners.statements.RunAfters.evaluate(RunAfters.java:27)
	at org.springframework.test.context.junit4.statements.RunAfterTestMethodCallbacks.evaluate(RunAfterTestMethodCallbacks.java:83)
	at org.springframework.test.context.junit4.statements.SpringRepeat.evaluate(SpringRepeat.java:72)
	at org.springframework.test.context.junit4.SpringJUnit4ClassRunner.runChild(SpringJUnit4ClassRunner.java:233)
	at org.springframework.test.context.junit4.SpringJUnit4ClassRunner.runChild(SpringJUnit4ClassRunner.java:87)
	at org.junit.runners.ParentRunner$3.run(ParentRunner.java:238)
	at org.junit.runners.ParentRunner$1.schedule(ParentRunner.java:63)
	at org.junit.runners.ParentRunner.runChildren(ParentRunner.java:236)
	at org.junit.runners.ParentRunner.access$000(ParentRunner.java:53)
	at org.junit.runners.ParentRunner$2.evaluate(ParentRunner.java:229)
	at org.junit.internal.runners.statements.RunBefores.evaluate(RunBefores.java:26)
	at org.springframework.test.context.junit4.statements.RunBeforeTestClassCallbacks.evaluate(RunBeforeTestClassCallbacks.java:61)
	at org.springframework.test.context.junit4.statements.RunAfterTestClassCallbacks.evaluate(RunAfterTestClassCallbacks.java:71)
	at org.junit.runners.ParentRunner.run(ParentRunner.java:309)
	at org.springframework.test.context.junit4.SpringJUnit4ClassRunner.run(SpringJUnit4ClassRunner.java:176)
	at org.gradle.api.internal.tasks.testing.junit.JUnitTestClassExecuter.runTestClass(JUnitTestClassExecuter.java:86)
	at org.gradle.api.internal.tasks.testing.junit.JUnitTestClassExecuter.execute(JUnitTestClassExecuter.java:49)
	at org.gradle.api.internal.tasks.testing.junit.JUnitTestClassProcessor.processTestClass(JUnitTestClassProcessor.java:64)
	at org.gradle.api.internal.tasks.testing.SuiteTestClassProcessor.processTestClass(SuiteTestClassProcessor.java:50)
	at sun.reflect.NativeMethodAccessorImpl.invoke0(Native Method)
	at sun.reflect.NativeMethodAccessorImpl.invoke(NativeMethodAccessorImpl.java:57)
	at sun.reflect.DelegatingMethodAccessorImpl.invoke(DelegatingMethodAccessorImpl.java:43)
	at java.lang.reflect.Method.invoke(Method.java:606)
	at org.gradle.messaging.dispatch.ReflectionDispatch.dispatch(ReflectionDispatch.java:35)
	at org.gradle.messaging.dispatch.ReflectionDispatch.dispatch(ReflectionDispatch.java:24)
	at org.gradle.messaging.dispatch.ContextClassLoaderDispatch.dispatch(ContextClassLoaderDispatch.java:32)
	at org.gradle.messaging.dispatch.ProxyDispatchAdapter$DispatchingInvocationHandler.invoke(ProxyDispatchAdapter.java:93)
	at com.sun.proxy.$Proxy2.processTestClass(Unknown Source)
	at org.gradle.api.internal.tasks.testing.worker.TestWorker.processTestClass(TestWorker.java:106)
	at sun.reflect.NativeMethodAccessorImpl.invoke0(Native Method)
	at sun.reflect.NativeMethodAccessorImpl.invoke(NativeMethodAccessorImpl.java:57)
	at sun.reflect.DelegatingMethodAccessorImpl.invoke(DelegatingMethodAccessorImpl.java:43)
	at java.lang.reflect.Method.invoke(Method.java:606)
	at org.gradle.messaging.dispatch.ReflectionDispatch.dispatch(ReflectionDispatch.java:35)
	at org.gradle.messaging.dispatch.ReflectionDispatch.dispatch(ReflectionDispatch.java:24)
	at org.gradle.messaging.remote.internal.hub.MessageHub$Handler.run(MessageHub.java:360)
	at org.gradle.internal.concurrent.DefaultExecutorFactory$StoppableExecutorImpl$1.run(DefaultExecutorFactory.java:64)
	at java.util.concurrent.ThreadPoolExecutor.runWorker(ThreadPoolExecutor.java:1145)
	at java.util.concurrent.ThreadPoolExecutor$Worker.run(ThreadPoolExecutor.java:615)
	at java.lang.Thread.run(Thread.java:745)
Question.levelid must be less than or equal to 11
java.lang.SecurityException: Question.levelid must be less than or equal to 11
	at com.athena.server.pluggable.utils.helper.EntityValidatorHelper.validateEntity(EntityValidatorHelper.java:37)
	at projectthree.app.shared.appbasicsetup.usermanagement.Question.isValid(Question.java:193)
	at projectthree.app.server.service.appbasicsetup.usermanagement.QuestionTestCase.validateQuestion(QuestionTestCase.java:208)
	at projectthree.app.server.service.appbasicsetup.usermanagement.QuestionTestCase.test5NegativeTesting(QuestionTestCase.java:250)
	at sun.reflect.NativeMethodAccessorImpl.invoke0(Native Method)
	at sun.reflect.NativeMethodAccessorImpl.invoke(NativeMethodAccessorImpl.java:57)
	at sun.reflect.DelegatingMethodAccessorImpl.invoke(DelegatingMethodAccessorImpl.java:43)
	at java.lang.reflect.Method.invoke(Method.java:606)
	at org.junit.runners.model.FrameworkMethod$1.runReflectiveCall(FrameworkMethod.java:47)
	at org.junit.internal.runners.model.ReflectiveCallable.run(ReflectiveCallable.java:12)
	at org.junit.runners.model.FrameworkMethod.invokeExplosively(FrameworkMethod.java:44)
	at org.junit.internal.runners.statements.InvokeMethod.evaluate(InvokeMethod.java:17)
	at org.junit.internal.runners.statements.RunBefores.evaluate(RunBefores.java:26)
	at org.springframework.test.context.junit4.statements.RunBeforeTestMethodCallbacks.evaluate(RunBeforeTestMethodCallbacks.java:74)
	at org.junit.internal.runners.statements.RunAfters.evaluate(RunAfters.java:27)
	at org.springframework.test.context.junit4.statements.RunAfterTestMethodCallbacks.evaluate(RunAfterTestMethodCallbacks.java:83)
	at org.springframework.test.context.junit4.statements.SpringRepeat.evaluate(SpringRepeat.java:72)
	at org.springframework.test.context.junit4.SpringJUnit4ClassRunner.runChild(SpringJUnit4ClassRunner.java:233)
	at org.springframework.test.context.junit4.SpringJUnit4ClassRunner.runChild(SpringJUnit4ClassRunner.java:87)
	at org.junit.runners.ParentRunner$3.run(ParentRunner.java:238)
	at org.junit.runners.ParentRunner$1.schedule(ParentRunner.java:63)
	at org.junit.runners.ParentRunner.runChildren(ParentRunner.java:236)
	at org.junit.runners.ParentRunner.access$000(ParentRunner.java:53)
	at org.junit.runners.ParentRunner$2.evaluate(ParentRunner.java:229)
	at org.junit.internal.runners.statements.RunBefores.evaluate(RunBefores.java:26)
	at org.springframework.test.context.junit4.statements.RunBeforeTestClassCallbacks.evaluate(RunBeforeTestClassCallbacks.java:61)
	at org.springframework.test.context.junit4.statements.RunAfterTestClassCallbacks.evaluate(RunAfterTestClassCallbacks.java:71)
	at org.junit.runners.ParentRunner.run(ParentRunner.java:309)
	at org.springframework.test.context.junit4.SpringJUnit4ClassRunner.run(SpringJUnit4ClassRunner.java:176)
	at org.gradle.api.internal.tasks.testing.junit.JUnitTestClassExecuter.runTestClass(JUnitTestClassExecuter.java:86)
	at org.gradle.api.internal.tasks.testing.junit.JUnitTestClassExecuter.execute(JUnitTestClassExecuter.java:49)
	at org.gradle.api.internal.tasks.testing.junit.JUnitTestClassProcessor.processTestClass(JUnitTestClassProcessor.java:64)
	at org.gradle.api.internal.tasks.testing.SuiteTestClassProcessor.processTestClass(SuiteTestClassProcessor.java:50)
	at sun.reflect.NativeMethodAccessorImpl.invoke0(Native Method)
	at sun.reflect.NativeMethodAccessorImpl.invoke(NativeMethodAccessorImpl.java:57)
	at sun.reflect.DelegatingMethodAccessorImpl.invoke(DelegatingMethodAccessorImpl.java:43)
	at java.lang.reflect.Method.invoke(Method.java:606)
	at org.gradle.messaging.dispatch.ReflectionDispatch.dispatch(ReflectionDispatch.java:35)
	at org.gradle.messaging.dispatch.ReflectionDispatch.dispatch(ReflectionDispatch.java:24)
	at org.gradle.messaging.dispatch.ContextClassLoaderDispatch.dispatch(ContextClassLoaderDispatch.java:32)
	at org.gradle.messaging.dispatch.ProxyDispatchAdapter$DispatchingInvocationHandler.invoke(ProxyDispatchAdapter.java:93)
	at com.sun.proxy.$Proxy2.processTestClass(Unknown Source)
	at org.gradle.api.internal.tasks.testing.worker.TestWorker.processTestClass(TestWorker.java:106)
	at sun.reflect.NativeMethodAccessorImpl.invoke0(Native Method)
	at sun.reflect.NativeMethodAccessorImpl.invoke(NativeMethodAccessorImpl.java:57)
	at sun.reflect.DelegatingMethodAccessorImpl.invoke(DelegatingMethodAccessorImpl.java:43)
	at java.lang.reflect.Method.invoke(Method.java:606)
	at org.gradle.messaging.dispatch.ReflectionDispatch.dispatch(ReflectionDispatch.java:35)
	at org.gradle.messaging.dispatch.ReflectionDispatch.dispatch(ReflectionDispatch.java:24)
	at org.gradle.messaging.remote.internal.hub.MessageHub$Handler.run(MessageHub.java:360)
	at org.gradle.internal.concurrent.DefaultExecutorFactory$StoppableExecutorImpl$1.run(DefaultExecutorFactory.java:64)
	at java.util.concurrent.ThreadPoolExecutor.runWorker(ThreadPoolExecutor.java:1145)
	at java.util.concurrent.ThreadPoolExecutor$Worker.run(ThreadPoolExecutor.java:615)
	at java.lang.Thread.run(Thread.java:745)
Question.question may not be null
java.lang.SecurityException: Question.question may not be null
	at com.athena.server.pluggable.utils.helper.EntityValidatorHelper.validateEntity(EntityValidatorHelper.java:37)
	at projectthree.app.shared.appbasicsetup.usermanagement.Question.isValid(Question.java:193)
	at projectthree.app.server.service.appbasicsetup.usermanagement.QuestionTestCase.validateQuestion(QuestionTestCase.java:210)
	at projectthree.app.server.service.appbasicsetup.usermanagement.QuestionTestCase.test5NegativeTesting(QuestionTestCase.java:256)
	at sun.reflect.NativeMethodAccessorImpl.invoke0(Native Method)
	at sun.reflect.NativeMethodAccessorImpl.invoke(NativeMethodAccessorImpl.java:57)
	at sun.reflect.DelegatingMethodAccessorImpl.invoke(DelegatingMethodAccessorImpl.java:43)
	at java.lang.reflect.Method.invoke(Method.java:606)
	at org.junit.runners.model.FrameworkMethod$1.runReflectiveCall(FrameworkMethod.java:47)
	at org.junit.internal.runners.model.ReflectiveCallable.run(ReflectiveCallable.java:12)
	at org.junit.runners.model.FrameworkMethod.invokeExplosively(FrameworkMethod.java:44)
	at org.junit.internal.runners.statements.InvokeMethod.evaluate(InvokeMethod.java:17)
	at org.junit.internal.runners.statements.RunBefores.evaluate(RunBefores.java:26)
	at org.springframework.test.context.junit4.statements.RunBeforeTestMethodCallbacks.evaluate(RunBeforeTestMethodCallbacks.java:74)
	at org.junit.internal.runners.statements.RunAfters.evaluate(RunAfters.java:27)
	at org.springframework.test.context.junit4.statements.RunAfterTestMethodCallbacks.evaluate(RunAfterTestMethodCallbacks.java:83)
	at org.springframework.test.context.junit4.statements.SpringRepeat.evaluate(SpringRepeat.java:72)
	at org.springframework.test.context.junit4.SpringJUnit4ClassRunner.runChild(SpringJUnit4ClassRunner.java:233)
	at org.springframework.test.context.junit4.SpringJUnit4ClassRunner.runChild(SpringJUnit4ClassRunner.java:87)
	at org.junit.runners.ParentRunner$3.run(ParentRunner.java:238)
	at org.junit.runners.ParentRunner$1.schedule(ParentRunner.java:63)
	at org.junit.runners.ParentRunner.runChildren(ParentRunner.java:236)
	at org.junit.runners.ParentRunner.access$000(ParentRunner.java:53)
	at org.junit.runners.ParentRunner$2.evaluate(ParentRunner.java:229)
	at org.junit.internal.runners.statements.RunBefores.evaluate(RunBefores.java:26)
	at org.springframework.test.context.junit4.statements.RunBeforeTestClassCallbacks.evaluate(RunBeforeTestClassCallbacks.java:61)
	at org.springframework.test.context.junit4.statements.RunAfterTestClassCallbacks.evaluate(RunAfterTestClassCallbacks.java:71)
	at org.junit.runners.ParentRunner.run(ParentRunner.java:309)
	at org.springframework.test.context.junit4.SpringJUnit4ClassRunner.run(SpringJUnit4ClassRunner.java:176)
	at org.gradle.api.internal.tasks.testing.junit.JUnitTestClassExecuter.runTestClass(JUnitTestClassExecuter.java:86)
	at org.gradle.api.internal.tasks.testing.junit.JUnitTestClassExecuter.execute(JUnitTestClassExecuter.java:49)
	at org.gradle.api.internal.tasks.testing.junit.JUnitTestClassProcessor.processTestClass(JUnitTestClassProcessor.java:64)
	at org.gradle.api.internal.tasks.testing.SuiteTestClassProcessor.processTestClass(SuiteTestClassProcessor.java:50)
	at sun.reflect.NativeMethodAccessorImpl.invoke0(Native Method)
	at sun.reflect.NativeMethodAccessorImpl.invoke(NativeMethodAccessorImpl.java:57)
	at sun.reflect.DelegatingMethodAccessorImpl.invoke(DelegatingMethodAccessorImpl.java:43)
	at java.lang.reflect.Method.invoke(Method.java:606)
	at org.gradle.messaging.dispatch.ReflectionDispatch.dispatch(ReflectionDispatch.java:35)
	at org.gradle.messaging.dispatch.ReflectionDispatch.dispatch(ReflectionDispatch.java:24)
	at org.gradle.messaging.dispatch.ContextClassLoaderDispatch.dispatch(ContextClassLoaderDispatch.java:32)
	at org.gradle.messaging.dispatch.ProxyDispatchAdapter$DispatchingInvocationHandler.invoke(ProxyDispatchAdapter.java:93)
	at com.sun.proxy.$Proxy2.processTestClass(Unknown Source)
	at org.gradle.api.internal.tasks.testing.worker.TestWorker.processTestClass(TestWorker.java:106)
	at sun.reflect.NativeMethodAccessorImpl.invoke0(Native Method)
	at sun.reflect.NativeMethodAccessorImpl.invoke(NativeMethodAccessorImpl.java:57)
	at sun.reflect.DelegatingMethodAccessorImpl.invoke(DelegatingMethodAccessorImpl.java:43)
	at java.lang.reflect.Method.invoke(Method.java:606)
	at org.gradle.messaging.dispatch.ReflectionDispatch.dispatch(ReflectionDispatch.java:35)
	at org.gradle.messaging.dispatch.ReflectionDispatch.dispatch(ReflectionDispatch.java:24)
	at org.gradle.messaging.remote.internal.hub.MessageHub$Handler.run(MessageHub.java:360)
	at org.gradle.internal.concurrent.DefaultExecutorFactory$StoppableExecutorImpl$1.run(DefaultExecutorFactory.java:64)
	at java.util.concurrent.ThreadPoolExecutor.runWorker(ThreadPoolExecutor.java:1145)
	at java.util.concurrent.ThreadPoolExecutor$Worker.run(ThreadPoolExecutor.java:615)
	at java.lang.Thread.run(Thread.java:745)
Question.question size must be between 0 and 256
java.lang.SecurityException: Question.question size must be between 0 and 256
	at com.athena.server.pluggable.utils.helper.EntityValidatorHelper.validateEntity(EntityValidatorHelper.java:37)
	at projectthree.app.shared.appbasicsetup.usermanagement.Question.isValid(Question.java:193)
	at projectthree.app.server.service.appbasicsetup.usermanagement.QuestionTestCase.validateQuestion(QuestionTestCase.java:208)
	at projectthree.app.server.service.appbasicsetup.usermanagement.QuestionTestCase.test5NegativeTesting(QuestionTestCase.java:261)
	at sun.reflect.NativeMethodAccessorImpl.invoke0(Native Method)
	at sun.reflect.NativeMethodAccessorImpl.invoke(NativeMethodAccessorImpl.java:57)
	at sun.reflect.DelegatingMethodAccessorImpl.invoke(DelegatingMethodAccessorImpl.java:43)
	at java.lang.reflect.Method.invoke(Method.java:606)
	at org.junit.runners.model.FrameworkMethod$1.runReflectiveCall(FrameworkMethod.java:47)
	at org.junit.internal.runners.model.ReflectiveCallable.run(ReflectiveCallable.java:12)
	at org.junit.runners.model.FrameworkMethod.invokeExplosively(FrameworkMethod.java:44)
	at org.junit.internal.runners.statements.InvokeMethod.evaluate(InvokeMethod.java:17)
	at org.junit.internal.runners.statements.RunBefores.evaluate(RunBefores.java:26)
	at org.springframework.test.context.junit4.statements.RunBeforeTestMethodCallbacks.evaluate(RunBeforeTestMethodCallbacks.java:74)
	at org.junit.internal.runners.statements.RunAfters.evaluate(RunAfters.java:27)
	at org.springframework.test.context.junit4.statements.RunAfterTestMethodCallbacks.evaluate(RunAfterTestMethodCallbacks.java:83)
	at org.springframework.test.context.junit4.statements.SpringRepeat.evaluate(SpringRepeat.java:72)
	at org.springframework.test.context.junit4.SpringJUnit4ClassRunner.runChild(SpringJUnit4ClassRunner.java:233)
	at org.springframework.test.context.junit4.SpringJUnit4ClassRunner.runChild(SpringJUnit4ClassRunner.java:87)
	at org.junit.runners.ParentRunner$3.run(ParentRunner.java:238)
	at org.junit.runners.ParentRunner$1.schedule(ParentRunner.java:63)
	at org.junit.runners.ParentRunner.runChildren(ParentRunner.java:236)
	at org.junit.runners.ParentRunner.access$000(ParentRunner.java:53)
	at org.junit.runners.ParentRunner$2.evaluate(ParentRunner.java:229)
	at org.junit.internal.runners.statements.RunBefores.evaluate(RunBefores.java:26)
	at org.springframework.test.context.junit4.statements.RunBeforeTestClassCallbacks.evaluate(RunBeforeTestClassCallbacks.java:61)
	at org.springframework.test.context.junit4.statements.RunAfterTestClassCallbacks.evaluate(RunAfterTestClassCallbacks.java:71)
	at org.junit.runners.ParentRunner.run(ParentRunner.java:309)
	at org.springframework.test.context.junit4.SpringJUnit4ClassRunner.run(SpringJUnit4ClassRunner.java:176)
	at org.gradle.api.internal.tasks.testing.junit.JUnitTestClassExecuter.runTestClass(JUnitTestClassExecuter.java:86)
	at org.gradle.api.internal.tasks.testing.junit.JUnitTestClassExecuter.execute(JUnitTestClassExecuter.java:49)
	at org.gradle.api.internal.tasks.testing.junit.JUnitTestClassProcessor.processTestClass(JUnitTestClassProcessor.java:64)
	at org.gradle.api.internal.tasks.testing.SuiteTestClassProcessor.processTestClass(SuiteTestClassProcessor.java:50)
	at sun.reflect.NativeMethodAccessorImpl.invoke0(Native Method)
	at sun.reflect.NativeMethodAccessorImpl.invoke(NativeMethodAccessorImpl.java:57)
	at sun.reflect.DelegatingMethodAccessorImpl.invoke(DelegatingMethodAccessorImpl.java:43)
	at java.lang.reflect.Method.invoke(Method.java:606)
	at org.gradle.messaging.dispatch.ReflectionDispatch.dispatch(ReflectionDispatch.java:35)
	at org.gradle.messaging.dispatch.ReflectionDispatch.dispatch(ReflectionDispatch.java:24)
	at org.gradle.messaging.dispatch.ContextClassLoaderDispatch.dispatch(ContextClassLoaderDispatch.java:32)
	at org.gradle.messaging.dispatch.ProxyDispatchAdapter$DispatchingInvocationHandler.invoke(ProxyDispatchAdapter.java:93)
	at com.sun.proxy.$Proxy2.processTestClass(Unknown Source)
	at org.gradle.api.internal.tasks.testing.worker.TestWorker.processTestClass(TestWorker.java:106)
	at sun.reflect.NativeMethodAccessorImpl.invoke0(Native Method)
	at sun.reflect.NativeMethodAccessorImpl.invoke(NativeMethodAccessorImpl.java:57)
	at sun.reflect.DelegatingMethodAccessorImpl.invoke(DelegatingMethodAccessorImpl.java:43)
	at java.lang.reflect.Method.invoke(Method.java:606)
	at org.gradle.messaging.dispatch.ReflectionDispatch.dispatch(ReflectionDispatch.java:35)
	at org.gradle.messaging.dispatch.ReflectionDispatch.dispatch(ReflectionDispatch.java:24)
	at org.gradle.messaging.remote.internal.hub.MessageHub$Handler.run(MessageHub.java:360)
	at org.gradle.internal.concurrent.DefaultExecutorFactory$StoppableExecutorImpl$1.run(DefaultExecutorFactory.java:64)
	at java.util.concurrent.ThreadPoolExecutor.runWorker(ThreadPoolExecutor.java:1145)
	at java.util.concurrent.ThreadPoolExecutor$Worker.run(ThreadPoolExecutor.java:615)
	at java.lang.Thread.run(Thread.java:745)
Question.questionDetails size must be between 10 and 2147483647
java.lang.SecurityException: Question.questionDetails size must be between 10 and 2147483647
	at com.athena.server.pluggable.utils.helper.EntityValidatorHelper.validateEntity(EntityValidatorHelper.java:37)
	at projectthree.app.shared.appbasicsetup.usermanagement.Question.isValid(Question.java:193)
	at projectthree.app.server.service.appbasicsetup.usermanagement.QuestionTestCase.validateQuestion(QuestionTestCase.java:208)
	at projectthree.app.server.service.appbasicsetup.usermanagement.QuestionTestCase.test5NegativeTesting(QuestionTestCase.java:266)
	at sun.reflect.NativeMethodAccessorImpl.invoke0(Native Method)
	at sun.reflect.NativeMethodAccessorImpl.invoke(NativeMethodAccessorImpl.java:57)
	at sun.reflect.DelegatingMethodAccessorImpl.invoke(DelegatingMethodAccessorImpl.java:43)
	at java.lang.reflect.Method.invoke(Method.java:606)
	at org.junit.runners.model.FrameworkMethod$1.runReflectiveCall(FrameworkMethod.java:47)
	at org.junit.internal.runners.model.ReflectiveCallable.run(ReflectiveCallable.java:12)
	at org.junit.runners.model.FrameworkMethod.invokeExplosively(FrameworkMethod.java:44)
	at org.junit.internal.runners.statements.InvokeMethod.evaluate(InvokeMethod.java:17)
	at org.junit.internal.runners.statements.RunBefores.evaluate(RunBefores.java:26)
	at org.springframework.test.context.junit4.statements.RunBeforeTestMethodCallbacks.evaluate(RunBeforeTestMethodCallbacks.java:74)
	at org.junit.internal.runners.statements.RunAfters.evaluate(RunAfters.java:27)
	at org.springframework.test.context.junit4.statements.RunAfterTestMethodCallbacks.evaluate(RunAfterTestMethodCallbacks.java:83)
	at org.springframework.test.context.junit4.statements.SpringRepeat.evaluate(SpringRepeat.java:72)
	at org.springframework.test.context.junit4.SpringJUnit4ClassRunner.runChild(SpringJUnit4ClassRunner.java:233)
	at org.springframework.test.context.junit4.SpringJUnit4ClassRunner.runChild(SpringJUnit4ClassRunner.java:87)
	at org.junit.runners.ParentRunner$3.run(ParentRunner.java:238)
	at org.junit.runners.ParentRunner$1.schedule(ParentRunner.java:63)
	at org.junit.runners.ParentRunner.runChildren(ParentRunner.java:236)
	at org.junit.runners.ParentRunner.access$000(ParentRunner.java:53)
	at org.junit.runners.ParentRunner$2.evaluate(ParentRunner.java:229)
	at org.junit.internal.runners.statements.RunBefores.evaluate(RunBefores.java:26)
	at org.springframework.test.context.junit4.statements.RunBeforeTestClassCallbacks.evaluate(RunBeforeTestClassCallbacks.java:61)
	at org.springframework.test.context.junit4.statements.RunAfterTestClassCallbacks.evaluate(RunAfterTestClassCallbacks.java:71)
	at org.junit.runners.ParentRunner.run(ParentRunner.java:309)
	at org.springframework.test.context.junit4.SpringJUnit4ClassRunner.run(SpringJUnit4ClassRunner.java:176)
	at org.gradle.api.internal.tasks.testing.junit.JUnitTestClassExecuter.runTestClass(JUnitTestClassExecuter.java:86)
	at org.gradle.api.internal.tasks.testing.junit.JUnitTestClassExecuter.execute(JUnitTestClassExecuter.java:49)
	at org.gradle.api.internal.tasks.testing.junit.JUnitTestClassProcessor.processTestClass(JUnitTestClassProcessor.java:64)
	at org.gradle.api.internal.tasks.testing.SuiteTestClassProcessor.processTestClass(SuiteTestClassProcessor.java:50)
	at sun.reflect.NativeMethodAccessorImpl.invoke0(Native Method)
	at sun.reflect.NativeMethodAccessorImpl.invoke(NativeMethodAccessorImpl.java:57)
	at sun.reflect.DelegatingMethodAccessorImpl.invoke(DelegatingMethodAccessorImpl.java:43)
	at java.lang.reflect.Method.invoke(Method.java:606)
	at org.gradle.messaging.dispatch.ReflectionDispatch.dispatch(ReflectionDispatch.java:35)
	at org.gradle.messaging.dispatch.ReflectionDispatch.dispatch(ReflectionDispatch.java:24)
	at org.gradle.messaging.dispatch.ContextClassLoaderDispatch.dispatch(ContextClassLoaderDispatch.java:32)
	at org.gradle.messaging.dispatch.ProxyDispatchAdapter$DispatchingInvocationHandler.invoke(ProxyDispatchAdapter.java:93)
	at com.sun.proxy.$Proxy2.processTestClass(Unknown Source)
	at org.gradle.api.internal.tasks.testing.worker.TestWorker.processTestClass(TestWorker.java:106)
	at sun.reflect.NativeMethodAccessorImpl.invoke0(Native Method)
	at sun.reflect.NativeMethodAccessorImpl.invoke(NativeMethodAccessorImpl.java:57)
	at sun.reflect.DelegatingMethodAccessorImpl.invoke(DelegatingMethodAccessorImpl.java:43)
	at java.lang.reflect.Method.invoke(Method.java:606)
	at org.gradle.messaging.dispatch.ReflectionDispatch.dispatch(ReflectionDispatch.java:35)
	at org.gradle.messaging.dispatch.ReflectionDispatch.dispatch(ReflectionDispatch.java:24)
	at org.gradle.messaging.remote.internal.hub.MessageHub$Handler.run(MessageHub.java:360)
	at org.gradle.internal.concurrent.DefaultExecutorFactory$StoppableExecutorImpl$1.run(DefaultExecutorFactory.java:64)
	at java.util.concurrent.ThreadPoolExecutor.runWorker(ThreadPoolExecutor.java:1145)
	at java.util.concurrent.ThreadPoolExecutor$Worker.run(ThreadPoolExecutor.java:615)
	at java.lang.Thread.run(Thread.java:745)
Question.questionIcon size must be between 0 and 64
java.lang.SecurityException: Question.questionIcon size must be between 0 and 64
	at com.athena.server.pluggable.utils.helper.EntityValidatorHelper.validateEntity(EntityValidatorHelper.java:37)
	at projectthree.app.shared.appbasicsetup.usermanagement.Question.isValid(Question.java:193)
	at projectthree.app.server.service.appbasicsetup.usermanagement.QuestionTestCase.validateQuestion(QuestionTestCase.java:208)
	at projectthree.app.server.service.appbasicsetup.usermanagement.QuestionTestCase.test5NegativeTesting(QuestionTestCase.java:271)
	at sun.reflect.NativeMethodAccessorImpl.invoke0(Native Method)
	at sun.reflect.NativeMethodAccessorImpl.invoke(NativeMethodAccessorImpl.java:57)
	at sun.reflect.DelegatingMethodAccessorImpl.invoke(DelegatingMethodAccessorImpl.java:43)
	at java.lang.reflect.Method.invoke(Method.java:606)
	at org.junit.runners.model.FrameworkMethod$1.runReflectiveCall(FrameworkMethod.java:47)
	at org.junit.internal.runners.model.ReflectiveCallable.run(ReflectiveCallable.java:12)
	at org.junit.runners.model.FrameworkMethod.invokeExplosively(FrameworkMethod.java:44)
	at org.junit.internal.runners.statements.InvokeMethod.evaluate(InvokeMethod.java:17)
	at org.junit.internal.runners.statements.RunBefores.evaluate(RunBefores.java:26)
	at org.springframework.test.context.junit4.statements.RunBeforeTestMethodCallbacks.evaluate(RunBeforeTestMethodCallbacks.java:74)
	at org.junit.internal.runners.statements.RunAfters.evaluate(RunAfters.java:27)
	at org.springframework.test.context.junit4.statements.RunAfterTestMethodCallbacks.evaluate(RunAfterTestMethodCallbacks.java:83)
	at org.springframework.test.context.junit4.statements.SpringRepeat.evaluate(SpringRepeat.java:72)
	at org.springframework.test.context.junit4.SpringJUnit4ClassRunner.runChild(SpringJUnit4ClassRunner.java:233)
	at org.springframework.test.context.junit4.SpringJUnit4ClassRunner.runChild(SpringJUnit4ClassRunner.java:87)
	at org.junit.runners.ParentRunner$3.run(ParentRunner.java:238)
	at org.junit.runners.ParentRunner$1.schedule(ParentRunner.java:63)
	at org.junit.runners.ParentRunner.runChildren(ParentRunner.java:236)
	at org.junit.runners.ParentRunner.access$000(ParentRunner.java:53)
	at org.junit.runners.ParentRunner$2.evaluate(ParentRunner.java:229)
	at org.junit.internal.runners.statements.RunBefores.evaluate(RunBefores.java:26)
	at org.springframework.test.context.junit4.statements.RunBeforeTestClassCallbacks.evaluate(RunBeforeTestClassCallbacks.java:61)
	at org.springframework.test.context.junit4.statements.RunAfterTestClassCallbacks.evaluate(RunAfterTestClassCallbacks.java:71)
	at org.junit.runners.ParentRunner.run(ParentRunner.java:309)
	at org.springframework.test.context.junit4.SpringJUnit4ClassRunner.run(SpringJUnit4ClassRunner.java:176)
	at org.gradle.api.internal.tasks.testing.junit.JUnitTestClassExecuter.runTestClass(JUnitTestClassExecuter.java:86)
	at org.gradle.api.internal.tasks.testing.junit.JUnitTestClassExecuter.execute(JUnitTestClassExecuter.java:49)
	at org.gradle.api.internal.tasks.testing.junit.JUnitTestClassProcessor.processTestClass(JUnitTestClassProcessor.java:64)
	at org.gradle.api.internal.tasks.testing.SuiteTestClassProcessor.processTestClass(SuiteTestClassProcessor.java:50)
	at sun.reflect.NativeMethodAccessorImpl.invoke0(Native Method)
	at sun.reflect.NativeMethodAccessorImpl.invoke(NativeMethodAccessorImpl.java:57)
	at sun.reflect.DelegatingMethodAccessorImpl.invoke(DelegatingMethodAccessorImpl.java:43)
	at java.lang.reflect.Method.invoke(Method.java:606)
	at org.gradle.messaging.dispatch.ReflectionDispatch.dispatch(ReflectionDispatch.java:35)
	at org.gradle.messaging.dispatch.ReflectionDispatch.dispatch(ReflectionDispatch.java:24)
	at org.gradle.messaging.dispatch.ContextClassLoaderDispatch.dispatch(ContextClassLoaderDispatch.java:32)
	at org.gradle.messaging.dispatch.ProxyDispatchAdapter$DispatchingInvocationHandler.invoke(ProxyDispatchAdapter.java:93)
	at com.sun.proxy.$Proxy2.processTestClass(Unknown Source)
	at org.gradle.api.internal.tasks.testing.worker.TestWorker.processTestClass(TestWorker.java:106)
	at sun.reflect.NativeMethodAccessorImpl.invoke0(Native Method)
	at sun.reflect.NativeMethodAccessorImpl.invoke(NativeMethodAccessorImpl.java:57)
	at sun.reflect.DelegatingMethodAccessorImpl.invoke(DelegatingMethodAccessorImpl.java:43)
	at java.lang.reflect.Method.invoke(Method.java:606)
	at org.gradle.messaging.dispatch.ReflectionDispatch.dispatch(ReflectionDispatch.java:35)
	at org.gradle.messaging.dispatch.ReflectionDispatch.dispatch(ReflectionDispatch.java:24)
	at org.gradle.messaging.remote.internal.hub.MessageHub$Handler.run(MessageHub.java:360)
	at org.gradle.internal.concurrent.DefaultExecutorFactory$StoppableExecutorImpl$1.run(DefaultExecutorFactory.java:64)
	at java.util.concurrent.ThreadPoolExecutor.runWorker(ThreadPoolExecutor.java:1145)
	at java.util.concurrent.ThreadPoolExecutor$Worker.run(ThreadPoolExecutor.java:615)
	at java.lang.Thread.run(Thread.java:745)
]]></system-err>
</testsuite>
