<?xml version="1.0" encoding="UTF-8"?>
<testsuite name="projectthree.app.server.service.organization.contactmanagement.CoreContactsTestCase" tests="8" skipped="0" failures="0" errors="0" timestamp="2016-08-26T10:17:50" hostname="d6252af96598" time="2.82">
  <properties/>
  <testcase name="test1Save" classname="projectthree.app.server.service.organization.contactmanagement.CoreContactsTestCase" time="0.947"/>
  <testcase name="test2Update" classname="projectthree.app.server.service.organization.contactmanagement.CoreContactsTestCase" time="0.075"/>
  <testcase name="test3FindById" classname="projectthree.app.server.service.organization.contactmanagement.CoreContactsTestCase" time="0.029"/>
  <testcase name="test3findBygenderId" classname="projectthree.app.server.service.organization.contactmanagement.CoreContactsTestCase" time="0.026"/>
  <testcase name="test3findBynativeLanguageCode" classname="projectthree.app.server.service.organization.contactmanagement.CoreContactsTestCase" time="0.024"/>
  <testcase name="test3findBytitleId" classname="projectthree.app.server.service.organization.contactmanagement.CoreContactsTestCase" time="0.024"/>
  <testcase name="test5NegativeTesting" classname="projectthree.app.server.service.organization.contactmanagement.CoreContactsTestCase" time="0.062"/>
  <testcase name="test6Delete" classname="projectthree.app.server.service.organization.contactmanagement.CoreContactsTestCase" time="1.631"/>
  <system-out><![CDATA[Fri Aug 26 10:17:50 UTC 2016|Log Manager Factory|Initialization Process started.....
Fri Aug 26 10:17:50 UTC 2016|Log Manager|Initialized with Path = [/home/applifire/workspace/project3/src/main/webapp/WEB-INF/conf]
Fri Aug 26 10:17:50 UTC 2016|Alarm Manager|Initialized with Path = [/home/applifire/workspace/project3/src/main/webapp/WEB-INF/conf]
Fri Aug 26 10:17:50 UTC 2016|Alarm Manager|Loading Alarms ......
Fri Aug 26 10:17:50 UTC 2016|Alarm XML Parser|FWA|XML Parsing Complete........ 
Fri Aug 26 10:17:50 UTC 2016|Alarm File Manager|FWA|Alarm File Status.. [ApplicationFrameworkAlarms.xml]|Version=15|Status=Done 
Fri Aug 26 10:17:50 UTC 2016|Alarm File Manager|FWA|Alarm Stats = ( BC/AL=5/786 SYS=5/11 [786/0]  TPL=0/0 [0/0]  APP= A.Map=[875]  E.Map EC/RC=[391/79] )
Fri Aug 26 10:17:50 UTC 2016|Alarm XML Parser|APP|XML Parsing Complete........ 
Fri Aug 26 10:17:50 UTC 2016|Alarm File Manager|APP|Alarm File Status.. [ApplicationAlarms.xml]|Version=1|Status=Done 
Fri Aug 26 10:17:50 UTC 2016|Alarm File Manager|APP|Alarm Stats = ( BC/AL=6/873 SYS=5/11 [786/0]  TPL=0/0 [0/0]  APP=1/1 [87/0]  A.Map=[962]  E.Map EC/RC=[445/91] )
Fri Aug 26 10:17:50 UTC 2016|ApplicationAlarmContext| <><><><><> Create App Alarms ....  <><><><><> 
Fri Aug 26 10:17:50 UTC 2016|ApplicationAlarmContext|Alarms are generated ONLY in Development Mode.. 
Fri Aug 26 10:17:50 UTC 2016|Alarm Manager|APP|Alarm Stats = ( BC/AL=6/873 SYS=5/11 [786/0]  TPL=0/0 [0/0]  APP=1/1 [87/0]  A.Map=[962]  E.Map EC/RC=[445/91] )
Fri Aug 26 10:17:50 UTC 2016|Alarm Manager|Initialized Exception Lookup...
Fri Aug 26 10:17:50 UTC 2016|Log Manager|Initialize Log Config File ......
Fri Aug 26 10:17:50 UTC 2016|Pluggable Connectors|Adding Connectors : StandardOutputConnector isEnabled=true isDefault=false isFallBack=true
Fri Aug 26 10:17:50 UTC 2016|Pluggable Connectors|Adding Connectors : StandardFileConnector isEnabled=true isDefault=false isFallBack=false
Fri Aug 26 10:17:50 UTC 2016|Pluggable Connectors|Adding Connectors : Sprinkler isEnabled=true isDefault=true isFallBack=false
Fri Aug 26 10:17:50 UTC 2016|Pluggable Connectors|Default Connector Name : com.spartan.logger.core.LogMessenger
Fri Aug 26 10:17:50 UTC 2016|Log Config Parser|Connector Least Log Level =[4]  FallBack Log Level =[3]
Fri Aug 26 10:17:50 UTC 2016|Log Manager|Loading Default Connector for Logging ......
Fri Aug 26 10:17:50 UTC 2016|Log Manager|Loading class .. com.spartan.logger.core.LogMessenger
Fri Aug 26 10:17:50 UTC 2016|Plugggable Connector|Connector class com.spartan.logger.core.LogMessenger Initialized... @ Log Level = 3
Fri Aug 26 10:17:50 UTC 2016|Log Manager|Starting the Default Connector [com.spartan.logger.core.LogMessenger@6f213028] ....
Fri Aug 26 10:17:50 UTC 2016|Scheduler|Starting the Scheduler ......
Fri Aug 26 10:17:50 UTC 2016|Scheduler|Adding [LMID=[50e67a13-e4f5-424e-9d74-d0fb892e261f]] Delay=5 Time Unit=MINUTES
Fri Aug 26 10:17:50 UTC 2016|Scheduler|Adding [App Alarm Manager File=[ApplicationAlarms.xml]] Delay=30 Time Unit=MINUTES
Fri Aug 26 10:17:50 UTC 2016|Scheduler|Adding [FW Alarm Manager File=[ApplicationFrameworkAlarms.xml]] Delay=3 Time Unit=MINUTES
Fri Aug 26 10:17:50 UTC 2016|Scheduler|Startup Completed..
Fri Aug 26 10:17:50 UTC 2016|Log Manager|Initialization Process Complete ......
Fri Aug 26 10:17:50 UTC 2016|Log Manager Factory|Log Manager READY! ID = 50e67a13-e4f5-424e-9d74-d0fb892e261f
[EL Finer]: connection: 2016-08-26 10:17:50.368--ServerSession(1851516305)--Thread(Thread[Test worker,5,main])--client acquired: 750086022
[EL Finer]: transaction: 2016-08-26 10:17:50.369--ClientSession(750086022)--Thread(Thread[Test worker,5,main])--acquire unit of work: 966763864
[EL Finest]: connection: 2016-08-26 10:17:50.369--ServerSession(1851516305)--Connection(538989046)--Thread(Thread[Test worker,5,main])--Connection acquired from connection pool [default].
[EL Finer]: transaction: 2016-08-26 10:17:50.369--ClientSession(750086022)--Connection(538989046)--Thread(Thread[Test worker,5,main])--begin transaction
[EL Finest]: connection: 2016-08-26 10:17:50.369--ClientSession(750086022)--Thread(Thread[Test worker,5,main])--reconnecting to external connection pool
[EL Finest]: transaction: 2016-08-26 10:17:50.371--UnitOfWork(966763864)--Thread(Thread[Test worker,5,main])--persist() operation called on: fEs0cQcdjhFNrhgBgMxmzpkWN34U7Bf0AL0tf6q51JEJNITXIW.
[EL Finest]: sequencing: 2016-08-26 10:17:50.371--UnitOfWork(966763864)--Thread(Thread[Test worker,5,main])--assign sequence to the object (7AA84201-7A6E-42C8-A440-B967E8E01978 -> fEs0cQcdjhFNrhgBgMxmzpkWN34U7Bf0AL0tf6q51JEJNITXIW)
[EL Finer]: transaction: 2016-08-26 10:17:50.372--UnitOfWork(966763864)--Thread(Thread[Test worker,5,main])--begin unit of work commit
[EL Finest]: query: 2016-08-26 10:17:50.372--UnitOfWork(966763864)--Thread(Thread[Test worker,5,main])--Execute query InsertObjectQuery(fEs0cQcdjhFNrhgBgMxmzpkWN34U7Bf0AL0tf6q51JEJNITXIW)
[EL Fine]: sql: 2016-08-26 10:17:50.372--ClientSession(750086022)--Connection(614446510)--Thread(Thread[Test worker,5,main])--INSERT INTO ast_Gender_M (genderId, gender, versionId, createdBy, createdDate, updatedBy, updatedDate, activeStatus, txnAccessCode) VALUES (?, ?, ?, ?, ?, ?, ?, ?, ?)
	bind => [7AA84201-7A6E-42C8-A440-B967E8E01978, fEs0cQcdjhFNrhgBgMxmzpkWN34U7Bf0AL0tf6q51JEJNITXIW, 1, AAAAA, 2016-08-26 10:17:50.352, AAAAA, 2016-08-26 10:17:50.352, 1, 51000]
[EL Finer]: transaction: 2016-08-26 10:17:50.374--ClientSession(750086022)--Connection(614446510)--Thread(Thread[Test worker,5,main])--commit transaction
[EL Finest]: connection: 2016-08-26 10:17:50.4--ServerSession(1851516305)--Connection(538989046)--Thread(Thread[Test worker,5,main])--Connection released to connection pool [default].
[EL Finer]: transaction: 2016-08-26 10:17:50.401--UnitOfWork(966763864)--Thread(Thread[Test worker,5,main])--end unit of work commit
[EL Finer]: transaction: 2016-08-26 10:17:50.401--UnitOfWork(966763864)--Thread(Thread[Test worker,5,main])--resume unit of work
[EL Finer]: transaction: 2016-08-26 10:17:50.401--UnitOfWork(966763864)--Thread(Thread[Test worker,5,main])--release unit of work
[EL Finer]: connection: 2016-08-26 10:17:50.401--ClientSession(750086022)--Thread(Thread[Test worker,5,main])--client released
[EL Finer]: connection: 2016-08-26 10:17:50.426--ServerSession(1851516305)--Thread(Thread[Test worker,5,main])--client acquired: 1210903707
[EL Finer]: transaction: 2016-08-26 10:17:50.426--ClientSession(1210903707)--Thread(Thread[Test worker,5,main])--acquire unit of work: 2103564577
[EL Finest]: connection: 2016-08-26 10:17:50.426--ServerSession(1851516305)--Connection(586565078)--Thread(Thread[Test worker,5,main])--Connection acquired from connection pool [default].
[EL Finer]: transaction: 2016-08-26 10:17:50.426--ClientSession(1210903707)--Connection(586565078)--Thread(Thread[Test worker,5,main])--begin transaction
[EL Finest]: connection: 2016-08-26 10:17:50.426--ClientSession(1210903707)--Thread(Thread[Test worker,5,main])--reconnecting to external connection pool
[EL Finest]: transaction: 2016-08-26 10:17:50.429--UnitOfWork(2103564577)--Thread(Thread[Test worker,5,main])--persist() operation called on: cdgG63iKKAGhCLpKD5qXFBPYH3PthzrMdP7g6pafT5DlXggnzd.
[EL Finest]: sequencing: 2016-08-26 10:17:50.429--UnitOfWork(2103564577)--Thread(Thread[Test worker,5,main])--assign sequence to the object (D5F860E5-2E15-4233-83E2-9CBD0EBBEB46 -> cdgG63iKKAGhCLpKD5qXFBPYH3PthzrMdP7g6pafT5DlXggnzd)
[EL Finer]: transaction: 2016-08-26 10:17:50.43--UnitOfWork(2103564577)--Thread(Thread[Test worker,5,main])--begin unit of work commit
[EL Finest]: query: 2016-08-26 10:17:50.43--UnitOfWork(2103564577)--Thread(Thread[Test worker,5,main])--Execute query InsertObjectQuery(cdgG63iKKAGhCLpKD5qXFBPYH3PthzrMdP7g6pafT5DlXggnzd)
[EL Fine]: sql: 2016-08-26 10:17:50.43--ClientSession(1210903707)--Connection(589853791)--Thread(Thread[Test worker,5,main])--INSERT INTO ast_Title_M (titleId, titles, versionId, createdBy, createdDate, updatedBy, updatedDate, activeStatus, txnAccessCode) VALUES (?, ?, ?, ?, ?, ?, ?, ?, ?)
	bind => [D5F860E5-2E15-4233-83E2-9CBD0EBBEB46, cdgG63iKKAGhCLpKD5qXFBPYH3PthzrMdP7g6pafT5DlXggnzd, 1, AAAAA, 2016-08-26 10:17:50.401, AAAAA, 2016-08-26 10:17:50.401, 1, 51000]
[EL Finer]: transaction: 2016-08-26 10:17:50.432--ClientSession(1210903707)--Connection(589853791)--Thread(Thread[Test worker,5,main])--commit transaction
[EL Finest]: connection: 2016-08-26 10:17:50.476--ServerSession(1851516305)--Connection(586565078)--Thread(Thread[Test worker,5,main])--Connection released to connection pool [default].
[EL Finer]: transaction: 2016-08-26 10:17:50.476--UnitOfWork(2103564577)--Thread(Thread[Test worker,5,main])--end unit of work commit
[EL Finer]: transaction: 2016-08-26 10:17:50.476--UnitOfWork(2103564577)--Thread(Thread[Test worker,5,main])--resume unit of work
[EL Finer]: transaction: 2016-08-26 10:17:50.476--UnitOfWork(2103564577)--Thread(Thread[Test worker,5,main])--release unit of work
[EL Finer]: connection: 2016-08-26 10:17:50.477--ClientSession(1210903707)--Thread(Thread[Test worker,5,main])--client released
[EL Finer]: connection: 2016-08-26 10:17:50.503--ServerSession(1851516305)--Thread(Thread[Test worker,5,main])--client acquired: 278956970
[EL Finer]: transaction: 2016-08-26 10:17:50.503--ClientSession(278956970)--Thread(Thread[Test worker,5,main])--acquire unit of work: 472993389
[EL Finest]: connection: 2016-08-26 10:17:50.503--ServerSession(1851516305)--Connection(1762911376)--Thread(Thread[Test worker,5,main])--Connection acquired from connection pool [default].
[EL Finer]: transaction: 2016-08-26 10:17:50.504--ClientSession(278956970)--Connection(1762911376)--Thread(Thread[Test worker,5,main])--begin transaction
[EL Finest]: connection: 2016-08-26 10:17:50.504--ClientSession(278956970)--Thread(Thread[Test worker,5,main])--reconnecting to external connection pool
Fri Aug 26 10:17:50 UTC 2016|Unknown Alarm = ORGLM312100100 Alarm Split = ORG-LM-3-1-2-100-100
[EL Finest]: transaction: 2016-08-26 10:17:50.509--UnitOfWork(472993389)--Thread(Thread[Test worker,5,main])--persist() operation called on: ByhPvd045ihy0E6erSeDC31oglqdJwwox7YNySZBlKVEgwDzwv.
[EL Finest]: sequencing: 2016-08-26 10:17:50.509--UnitOfWork(472993389)--Thread(Thread[Test worker,5,main])--assign sequence to the object (9BC73687-2DA3-4DEA-9A27-FF72E5B13966 -> ByhPvd045ihy0E6erSeDC31oglqdJwwox7YNySZBlKVEgwDzwv)
[EL Finer]: transaction: 2016-08-26 10:17:50.509--UnitOfWork(472993389)--Thread(Thread[Test worker,5,main])--begin unit of work commit
[EL Finest]: query: 2016-08-26 10:17:50.51--UnitOfWork(472993389)--Thread(Thread[Test worker,5,main])--Execute query InsertObjectQuery(ByhPvd045ihy0E6erSeDC31oglqdJwwox7YNySZBlKVEgwDzwv)
[EL Fine]: sql: 2016-08-26 10:17:50.51--ClientSession(278956970)--Connection(397636004)--Thread(Thread[Test worker,5,main])--INSERT INTO ast_Language_M (languageId, alpha2, alpha3, alpha4, alpha4parentid, language, languageDescription, languageIcon, languageType, versionId, createdBy, createdDate, updatedBy, updatedDate, activeStatus, txnAccessCode) VALUES (?, ?, ?, ?, ?, ?, ?, ?, ?, ?, ?, ?, ?, ?, ?, ?)
	bind => [9BC73687-2DA3-4DEA-9A27-FF72E5B13966, RS, t2m, 8Wpc, 7, ByhPvd045ihy0E6erSeDC31oglqdJwwox7YNySZBlKVEgwDzwv, rOum6UrLdzFPM4ed0d12BHx24EB3tZ7B1AyTCKfXLznvm53qXe, b3GDvlalDehWUDCZQIghoUdv5DndPBrGAk9o0Y2wgCmbNUIeol, CK8tjfb6JmL2rb8XkApFCW6YiLLTHwxk, 1, AAAAA, 2016-08-26 10:17:50.477, AAAAA, 2016-08-26 10:17:50.477, 1, 51000]
[EL Finer]: transaction: 2016-08-26 10:17:50.512--ClientSession(278956970)--Connection(397636004)--Thread(Thread[Test worker,5,main])--commit transaction
[EL Finest]: connection: 2016-08-26 10:17:50.56--ServerSession(1851516305)--Connection(1762911376)--Thread(Thread[Test worker,5,main])--Connection released to connection pool [default].
[EL Finer]: transaction: 2016-08-26 10:17:50.56--UnitOfWork(472993389)--Thread(Thread[Test worker,5,main])--end unit of work commit
[EL Finer]: transaction: 2016-08-26 10:17:50.56--UnitOfWork(472993389)--Thread(Thread[Test worker,5,main])--resume unit of work
[EL Finer]: transaction: 2016-08-26 10:17:50.56--UnitOfWork(472993389)--Thread(Thread[Test worker,5,main])--release unit of work
[EL Finer]: connection: 2016-08-26 10:17:50.56--ClientSession(278956970)--Thread(Thread[Test worker,5,main])--client released
[EL Finer]: connection: 2016-08-26 10:17:50.585--ServerSession(1851516305)--Thread(Thread[Test worker,5,main])--client acquired: 1912534503
[EL Finer]: transaction: 2016-08-26 10:17:50.585--ClientSession(1912534503)--Thread(Thread[Test worker,5,main])--acquire unit of work: 432163625
[EL Finest]: connection: 2016-08-26 10:17:50.585--ServerSession(1851516305)--Connection(584351221)--Thread(Thread[Test worker,5,main])--Connection acquired from connection pool [default].
[EL Finer]: transaction: 2016-08-26 10:17:50.585--ClientSession(1912534503)--Connection(584351221)--Thread(Thread[Test worker,5,main])--begin transaction
[EL Finest]: connection: 2016-08-26 10:17:50.585--ClientSession(1912534503)--Thread(Thread[Test worker,5,main])--reconnecting to external connection pool
Fri Aug 26 10:17:50 UTC 2016|Unknown Alarm = ORGLM312100100 Alarm Split = ORG-LM-3-1-2-100-100
[EL Finest]: transaction: 2016-08-26 10:17:50.589--UnitOfWork(432163625)--Thread(Thread[Test worker,5,main])--persist() operation called on: 6,G8IcK4ql84jJOQR8ro0vhkK1Ei8ZmpLsBqBKj3fPki1Tdlpjzt.
[EL Finest]: sequencing: 2016-08-26 10:17:50.589--UnitOfWork(432163625)--Thread(Thread[Test worker,5,main])--assign sequence to the object (A85FDF93-90CC-4ECC-951B-5C34F243B071 -> 6,G8IcK4ql84jJOQR8ro0vhkK1Ei8ZmpLsBqBKj3fPki1Tdlpjzt)
[EL Finer]: transaction: 2016-08-26 10:17:50.59--UnitOfWork(432163625)--Thread(Thread[Test worker,5,main])--begin unit of work commit
[EL Finest]: query: 2016-08-26 10:17:50.59--UnitOfWork(432163625)--Thread(Thread[Test worker,5,main])--Execute query InsertObjectQuery(6,G8IcK4ql84jJOQR8ro0vhkK1Ei8ZmpLsBqBKj3fPki1Tdlpjzt)
[EL Fine]: sql: 2016-08-26 10:17:50.59--ClientSession(1912534503)--Connection(2145913944)--Thread(Thread[Test worker,5,main])--INSERT INTO ast_Timezone_M (timeZoneId, cities, country, gmtLabel, timeZoneLabel, utcdifference, versionId, createdBy, createdDate, updatedBy, updatedDate, activeStatus, txnAccessCode) VALUES (?, ?, ?, ?, ?, ?, ?, ?, ?, ?, ?, ?, ?)
	bind => [A85FDF93-90CC-4ECC-951B-5C34F243B071, 5rUgFCtuCTbdt3IgDP2JhKA8Yd5tLUQh0RNE2SnaJJ9Ae3JX1o, 30zjHz8YoBSCRpXhBEZdDwUNBiXHy6tEshC3rgG2Nyd7GmhoKA, xFFErQmKyRi1snRh5NsCfTZ1qZJi7e1qRMoXFYxLVU5UNcVLgH, G8IcK4ql84jJOQR8ro0vhkK1Ei8ZmpLsBqBKj3fPki1Tdlpjzt, 6, 1, AAAAA, 2016-08-26 10:17:50.401, AAAAA, 2016-08-26 10:17:50.401, 1, 51000]
[EL Finer]: transaction: 2016-08-26 10:17:50.592--ClientSession(1912534503)--Connection(2145913944)--Thread(Thread[Test worker,5,main])--commit transaction
[EL Finest]: connection: 2016-08-26 10:17:50.635--ServerSession(1851516305)--Connection(584351221)--Thread(Thread[Test worker,5,main])--Connection released to connection pool [default].
[EL Finer]: transaction: 2016-08-26 10:17:50.635--UnitOfWork(432163625)--Thread(Thread[Test worker,5,main])--end unit of work commit
[EL Finer]: transaction: 2016-08-26 10:17:50.635--UnitOfWork(432163625)--Thread(Thread[Test worker,5,main])--resume unit of work
[EL Finer]: transaction: 2016-08-26 10:17:50.636--UnitOfWork(432163625)--Thread(Thread[Test worker,5,main])--release unit of work
[EL Finer]: connection: 2016-08-26 10:17:50.636--ClientSession(1912534503)--Thread(Thread[Test worker,5,main])--client released
[EL Finer]: connection: 2016-08-26 10:17:50.659--ServerSession(1851516305)--Thread(Thread[Test worker,5,main])--client acquired: 232665331
[EL Finer]: transaction: 2016-08-26 10:17:50.659--ClientSession(232665331)--Thread(Thread[Test worker,5,main])--acquire unit of work: 1985980577
[EL Finest]: connection: 2016-08-26 10:17:50.659--ServerSession(1851516305)--Connection(37232318)--Thread(Thread[Test worker,5,main])--Connection acquired from connection pool [default].
[EL Finer]: transaction: 2016-08-26 10:17:50.659--ClientSession(232665331)--Connection(37232318)--Thread(Thread[Test worker,5,main])--begin transaction
[EL Finest]: connection: 2016-08-26 10:17:50.659--ClientSession(232665331)--Thread(Thread[Test worker,5,main])--reconnecting to external connection pool
Fri Aug 26 10:17:50 UTC 2016|Unknown Alarm = ORGLM312100100 Alarm Split = ORG-LM-3-1-2-100-100
[EL Finest]: transaction: 2016-08-26 10:17:50.665--UnitOfWork(1985980577)--Thread(Thread[Test worker,5,main])--persist() operation called on: VGzSUy9WhMTZUO7f8GO53GE3TAuEjNrASXXyrst6utn0x5InQj.
[EL Finest]: sequencing: 2016-08-26 10:17:50.665--UnitOfWork(1985980577)--Thread(Thread[Test worker,5,main])--assign sequence to the object (44707316-D918-42ED-86DA-9A8B077D5F1F -> VGzSUy9WhMTZUO7f8GO53GE3TAuEjNrASXXyrst6utn0x5InQj)
[EL Finer]: transaction: 2016-08-26 10:17:50.665--UnitOfWork(1985980577)--Thread(Thread[Test worker,5,main])--begin unit of work commit
[EL Finest]: query: 2016-08-26 10:17:50.666--UnitOfWork(1985980577)--Thread(Thread[Test worker,5,main])--Execute query InsertObjectQuery(VGzSUy9WhMTZUO7f8GO53GE3TAuEjNrASXXyrst6utn0x5InQj)
[EL Fine]: sql: 2016-08-26 10:17:50.666--ClientSession(232665331)--Connection(1420384107)--Thread(Thread[Test worker,5,main])--INSERT INTO ast_Country_M (countryId, capital, capitalLatitude, capitalLongitude, countryCode1, countryCode2, countryFlag, countryName, currencyCode, currencyName, currencySymbol, isoNumeric, versionId, createdBy, createdDate, updatedBy, updatedDate, activeStatus, txnAccessCode) VALUES (?, ?, ?, ?, ?, ?, ?, ?, ?, ?, ?, ?, ?, ?, ?, ?, ?, ?, ?)
	bind => [44707316-D918-42ED-86DA-9A8B077D5F1F, lfwxtyKfBJ5VwFg80eydxx9krujq4WYn, 10, 2, R0i, UDS, GUuBfphorKxn5gnV8JfUKwOIxWk65RPByJKfqsUJbAfcCWTX7O, VGzSUy9WhMTZUO7f8GO53GE3TAuEjNrASXXyrst6utn0x5InQj, pBH, gPR17RRJh1jM8ezN5YRKJX9FYrIqOB2N1FihsP4RbiIOmHIUhP, uev0wN2cU0XDc7F4JhhkVyByFXjIvLc0, 346, 1, AAAAA, 2016-08-26 10:17:50.636, AAAAA, 2016-08-26 10:17:50.636, 1, 51000]
[EL Finer]: transaction: 2016-08-26 10:17:50.668--ClientSession(232665331)--Connection(1420384107)--Thread(Thread[Test worker,5,main])--commit transaction
[EL Finest]: connection: 2016-08-26 10:17:50.71--ServerSession(1851516305)--Connection(37232318)--Thread(Thread[Test worker,5,main])--Connection released to connection pool [default].
[EL Finer]: transaction: 2016-08-26 10:17:50.711--UnitOfWork(1985980577)--Thread(Thread[Test worker,5,main])--end unit of work commit
[EL Finer]: transaction: 2016-08-26 10:17:50.711--UnitOfWork(1985980577)--Thread(Thread[Test worker,5,main])--resume unit of work
[EL Finer]: transaction: 2016-08-26 10:17:50.711--UnitOfWork(1985980577)--Thread(Thread[Test worker,5,main])--release unit of work
[EL Finer]: connection: 2016-08-26 10:17:50.711--ClientSession(232665331)--Thread(Thread[Test worker,5,main])--client released
[EL Finer]: connection: 2016-08-26 10:17:50.731--ServerSession(1851516305)--Thread(Thread[Test worker,5,main])--client acquired: 734592348
[EL Finer]: transaction: 2016-08-26 10:17:50.731--ClientSession(734592348)--Thread(Thread[Test worker,5,main])--acquire unit of work: 410106233
[EL Finest]: connection: 2016-08-26 10:17:50.731--ServerSession(1851516305)--Connection(1380434808)--Thread(Thread[Test worker,5,main])--Connection acquired from connection pool [default].
[EL Finer]: transaction: 2016-08-26 10:17:50.731--ClientSession(734592348)--Connection(1380434808)--Thread(Thread[Test worker,5,main])--begin transaction
[EL Finest]: connection: 2016-08-26 10:17:50.731--ClientSession(734592348)--Thread(Thread[Test worker,5,main])--reconnecting to external connection pool
Fri Aug 26 10:17:50 UTC 2016|Unknown Alarm = ORGLM312100100 Alarm Split = ORG-LM-3-1-2-100-100
[EL Finest]: transaction: 2016-08-26 10:17:50.736--UnitOfWork(410106233)--Thread(Thread[Test worker,5,main])--persist() operation called on: B9VmzU8zV7iWyBMEngDDBWAqKDfYWPNgmTueZF5JttqCSDYxP6.
[EL Finest]: sequencing: 2016-08-26 10:17:50.736--UnitOfWork(410106233)--Thread(Thread[Test worker,5,main])--assign sequence to the object (7C6DC404-27A7-44A2-B166-C9AB6DC76FAE -> B9VmzU8zV7iWyBMEngDDBWAqKDfYWPNgmTueZF5JttqCSDYxP6)
[EL Finer]: transaction: 2016-08-26 10:17:50.737--UnitOfWork(410106233)--Thread(Thread[Test worker,5,main])--begin unit of work commit
[EL Finest]: query: 2016-08-26 10:17:50.737--UnitOfWork(410106233)--Thread(Thread[Test worker,5,main])--Execute query InsertObjectQuery(B9VmzU8zV7iWyBMEngDDBWAqKDfYWPNgmTueZF5JttqCSDYxP6)
[EL Fine]: sql: 2016-08-26 10:17:50.737--ClientSession(734592348)--Connection(2133214834)--Thread(Thread[Test worker,5,main])--INSERT INTO ast_State_M (stateId, countryId, stateCapital, stateCapitalLatitude, stateCapitalLongitude, stateCode, stateCodeChar2, stateCodeChar3, stateDescription, stateFlag, stateName, versionId, createdBy, createdDate, updatedBy, updatedDate, activeStatus, txnAccessCode) VALUES (?, ?, ?, ?, ?, ?, ?, ?, ?, ?, ?, ?, ?, ?, ?, ?, ?, ?)
	bind => [7C6DC404-27A7-44A2-B166-C9AB6DC76FAE, 44707316-D918-42ED-86DA-9A8B077D5F1F, yMxDiHvawh9YeTFIR8cpvMKxOUFqukqJ2jW7CqBOf7EM9ofHcy, 2, 9, 2, IOQAJfdhdmOBQtOCrsfP1C7HnxK1oqAX, dN3uLHWeETSLWQi8zY9zKVOqGoldNL3U, pASvtNXYiVPyWQF1TEMnuhkL2LUBC1QkUH3rjpP6SATWEiubdf, gmPgzUDOvv2rZDeGBEMmcA3MvbRcqM2nYZtctncSYXMPxkgLYE, B9VmzU8zV7iWyBMEngDDBWAqKDfYWPNgmTueZF5JttqCSDYxP6, 1, AAAAA, 2016-08-26 10:17:50.636, AAAAA, 2016-08-26 10:17:50.636, 1, 51000]
[EL Finer]: transaction: 2016-08-26 10:17:50.739--ClientSession(734592348)--Connection(2133214834)--Thread(Thread[Test worker,5,main])--commit transaction
[EL Finest]: connection: 2016-08-26 10:17:50.794--ServerSession(1851516305)--Connection(1380434808)--Thread(Thread[Test worker,5,main])--Connection released to connection pool [default].
[EL Finer]: transaction: 2016-08-26 10:17:50.794--UnitOfWork(410106233)--Thread(Thread[Test worker,5,main])--end unit of work commit
[EL Finer]: transaction: 2016-08-26 10:17:50.794--UnitOfWork(410106233)--Thread(Thread[Test worker,5,main])--resume unit of work
[EL Finer]: transaction: 2016-08-26 10:17:50.795--UnitOfWork(410106233)--Thread(Thread[Test worker,5,main])--release unit of work
[EL Finer]: connection: 2016-08-26 10:17:50.795--ClientSession(734592348)--Thread(Thread[Test worker,5,main])--client released
[EL Finer]: connection: 2016-08-26 10:17:50.821--ServerSession(1851516305)--Thread(Thread[Test worker,5,main])--client acquired: 677858200
[EL Finer]: transaction: 2016-08-26 10:17:50.821--ClientSession(677858200)--Thread(Thread[Test worker,5,main])--acquire unit of work: 362020065
[EL Finest]: connection: 2016-08-26 10:17:50.821--ServerSession(1851516305)--Connection(650060504)--Thread(Thread[Test worker,5,main])--Connection acquired from connection pool [default].
[EL Finer]: transaction: 2016-08-26 10:17:50.822--ClientSession(677858200)--Connection(650060504)--Thread(Thread[Test worker,5,main])--begin transaction
[EL Finest]: connection: 2016-08-26 10:17:50.822--ClientSession(677858200)--Thread(Thread[Test worker,5,main])--reconnecting to external connection pool
Fri Aug 26 10:17:50 UTC 2016|Unknown Alarm = ORGLM312100100 Alarm Split = ORG-LM-3-1-2-100-100
[EL Finest]: transaction: 2016-08-26 10:17:50.826--UnitOfWork(362020065)--Thread(Thread[Test worker,5,main])--persist() operation called on: 3r6rOpapM9wbeRjaWXn6U3WPnIjmipYWtX1UN1dnCuKem4iXHE,rqdSE8BzUTwBc3cqX80Xcrxrd6KRacEW,2.
[EL Finest]: sequencing: 2016-08-26 10:17:50.826--UnitOfWork(362020065)--Thread(Thread[Test worker,5,main])--assign sequence to the object (D01263BE-AB9A-4D91-BA89-8AB84FBB7FC6 -> 3r6rOpapM9wbeRjaWXn6U3WPnIjmipYWtX1UN1dnCuKem4iXHE,rqdSE8BzUTwBc3cqX80Xcrxrd6KRacEW,2)
[EL Finer]: transaction: 2016-08-26 10:17:50.827--UnitOfWork(362020065)--Thread(Thread[Test worker,5,main])--begin unit of work commit
[EL Finest]: query: 2016-08-26 10:17:50.827--UnitOfWork(362020065)--Thread(Thread[Test worker,5,main])--Execute query InsertObjectQuery(3r6rOpapM9wbeRjaWXn6U3WPnIjmipYWtX1UN1dnCuKem4iXHE,rqdSE8BzUTwBc3cqX80Xcrxrd6KRacEW,2)
[EL Fine]: sql: 2016-08-26 10:17:50.827--ClientSession(677858200)--Connection(1309543242)--Thread(Thread[Test worker,5,main])--INSERT INTO ast_City_M (cityId, cityCode, cityCodeChar2, cityDescription, cityFlag, cityLatitude, cityLongitude, cityName, countryId, stateId, versionId, createdBy, createdDate, updatedBy, updatedDate, activeStatus, txnAccessCode) VALUES (?, ?, ?, ?, ?, ?, ?, ?, ?, ?, ?, ?, ?, ?, ?, ?, ?)
	bind => [D01263BE-AB9A-4D91-BA89-8AB84FBB7FC6, 2, rqdSE8BzUTwBc3cqX80Xcrxrd6KRacEW, G5i71JuuC0iwYvcx7aWvwFCxWmH4Mb9q862SHPkeUbRzepeM2F, HzTqSCBSrDO0OKMp4uG2uQTehSqKRYkBaOQaWInpuXi8XNTjcM, 4, 9, 3r6rOpapM9wbeRjaWXn6U3WPnIjmipYWtX1UN1dnCuKem4iXHE, 44707316-D918-42ED-86DA-9A8B077D5F1F, 7C6DC404-27A7-44A2-B166-C9AB6DC76FAE, 1, AAAAA, 2016-08-26 10:17:50.636, AAAAA, 2016-08-26 10:17:50.636, 1, 51000]
[EL Finer]: transaction: 2016-08-26 10:17:50.829--ClientSession(677858200)--Connection(1309543242)--Thread(Thread[Test worker,5,main])--commit transaction
[EL Finest]: connection: 2016-08-26 10:17:50.886--ServerSession(1851516305)--Connection(650060504)--Thread(Thread[Test worker,5,main])--Connection released to connection pool [default].
[EL Finer]: transaction: 2016-08-26 10:17:50.886--UnitOfWork(362020065)--Thread(Thread[Test worker,5,main])--end unit of work commit
[EL Finer]: transaction: 2016-08-26 10:17:50.887--UnitOfWork(362020065)--Thread(Thread[Test worker,5,main])--resume unit of work
[EL Finer]: transaction: 2016-08-26 10:17:50.887--UnitOfWork(362020065)--Thread(Thread[Test worker,5,main])--release unit of work
[EL Finer]: connection: 2016-08-26 10:17:50.887--ClientSession(677858200)--Thread(Thread[Test worker,5,main])--client released
[EL Finer]: connection: 2016-08-26 10:17:50.911--ServerSession(1851516305)--Thread(Thread[Test worker,5,main])--client acquired: 1567168090
[EL Finer]: transaction: 2016-08-26 10:17:50.912--ClientSession(1567168090)--Thread(Thread[Test worker,5,main])--acquire unit of work: 507158175
[EL Finest]: connection: 2016-08-26 10:17:50.912--ServerSession(1851516305)--Connection(444852282)--Thread(Thread[Test worker,5,main])--Connection acquired from connection pool [default].
[EL Finer]: transaction: 2016-08-26 10:17:50.912--ClientSession(1567168090)--Connection(444852282)--Thread(Thread[Test worker,5,main])--begin transaction
[EL Finest]: connection: 2016-08-26 10:17:50.912--ClientSession(1567168090)--Thread(Thread[Test worker,5,main])--reconnecting to external connection pool
Fri Aug 26 10:17:50 UTC 2016|Unknown Alarm = ORGLM312100100 Alarm Split = ORG-LM-3-1-2-100-100
[EL Finest]: transaction: 2016-08-26 10:17:50.916--UnitOfWork(507158175)--Thread(Thread[Test worker,5,main])--persist() operation called on: Ch3ocnc2KIzxV9RFzuPmIDrIkop0vPAcDTZf0sq6Cbu2ojYeum.
[EL Finest]: sequencing: 2016-08-26 10:17:50.916--UnitOfWork(507158175)--Thread(Thread[Test worker,5,main])--assign sequence to the object (45CA90E9-00BA-4192-8535-8A05AF9B36B9 -> Ch3ocnc2KIzxV9RFzuPmIDrIkop0vPAcDTZf0sq6Cbu2ojYeum)
[EL Finer]: transaction: 2016-08-26 10:17:50.916--UnitOfWork(507158175)--Thread(Thread[Test worker,5,main])--begin unit of work commit
[EL Finest]: query: 2016-08-26 10:17:50.917--UnitOfWork(507158175)--Thread(Thread[Test worker,5,main])--Execute query InsertObjectQuery(Ch3ocnc2KIzxV9RFzuPmIDrIkop0vPAcDTZf0sq6Cbu2ojYeum)
[EL Fine]: sql: 2016-08-26 10:17:50.917--ClientSession(1567168090)--Connection(693862302)--Thread(Thread[Test worker,5,main])--INSERT INTO ast_AddressType_M (addressTypeId, addressType, addressTypeDesc, addressTypeIcon, versionId, createdBy, createdDate, updatedBy, updatedDate, activeStatus, txnAccessCode) VALUES (?, ?, ?, ?, ?, ?, ?, ?, ?, ?, ?)
	bind => [45CA90E9-00BA-4192-8535-8A05AF9B36B9, Ch3ocnc2KIzxV9RFzuPmIDrIkop0vPAcDTZf0sq6Cbu2ojYeum, oajiQYcOMvGAT667LSkVlUMghrjXOwm7B276x2ohKl7aTWN77e, mzUxVL6w2PuHb8zSiIhmdwcXW47YKRpvLF4fIqf6s7AE6haHjt, 1, AAAAA, 2016-08-26 10:17:50.887, AAAAA, 2016-08-26 10:17:50.887, 1, 51000]
[EL Finer]: transaction: 2016-08-26 10:17:50.919--ClientSession(1567168090)--Connection(693862302)--Thread(Thread[Test worker,5,main])--commit transaction
[EL Finest]: connection: 2016-08-26 10:17:50.96--ServerSession(1851516305)--Connection(444852282)--Thread(Thread[Test worker,5,main])--Connection released to connection pool [default].
[EL Finer]: transaction: 2016-08-26 10:17:50.96--UnitOfWork(507158175)--Thread(Thread[Test worker,5,main])--end unit of work commit
[EL Finer]: transaction: 2016-08-26 10:17:50.96--UnitOfWork(507158175)--Thread(Thread[Test worker,5,main])--resume unit of work
[EL Finer]: transaction: 2016-08-26 10:17:50.961--UnitOfWork(507158175)--Thread(Thread[Test worker,5,main])--release unit of work
[EL Finer]: connection: 2016-08-26 10:17:50.961--ClientSession(1567168090)--Thread(Thread[Test worker,5,main])--client released
[EL Finer]: connection: 2016-08-26 10:17:50.982--ServerSession(1851516305)--Thread(Thread[Test worker,5,main])--client acquired: 149584469
[EL Finer]: transaction: 2016-08-26 10:17:50.982--ClientSession(149584469)--Thread(Thread[Test worker,5,main])--acquire unit of work: 1510303493
[EL Finest]: connection: 2016-08-26 10:17:50.982--ServerSession(1851516305)--Connection(414099311)--Thread(Thread[Test worker,5,main])--Connection acquired from connection pool [default].
[EL Finer]: transaction: 2016-08-26 10:17:50.982--ClientSession(149584469)--Connection(414099311)--Thread(Thread[Test worker,5,main])--begin transaction
[EL Finest]: connection: 2016-08-26 10:17:50.982--ClientSession(149584469)--Thread(Thread[Test worker,5,main])--reconnecting to external connection pool
[EL Finest]: transaction: 2016-08-26 10:17:50.986--UnitOfWork(1510303493)--Thread(Thread[Test worker,5,main])--persist() operation called on: RNMvENTPXYpz9YdefHzKS6QyXefbO79wJ1omPMegRpXj8OpWL3.
[EL Finest]: sequencing: 2016-08-26 10:17:50.986--UnitOfWork(1510303493)--Thread(Thread[Test worker,5,main])--assign sequence to the object (B73DFB98-2F1E-4943-A1B6-F2AA1CC10D49 -> RNMvENTPXYpz9YdefHzKS6QyXefbO79wJ1omPMegRpXj8OpWL3)
[EL Finer]: transaction: 2016-08-26 10:17:50.987--UnitOfWork(1510303493)--Thread(Thread[Test worker,5,main])--begin unit of work commit
[EL Finest]: query: 2016-08-26 10:17:50.987--UnitOfWork(1510303493)--Thread(Thread[Test worker,5,main])--Execute query InsertObjectQuery(RNMvENTPXYpz9YdefHzKS6QyXefbO79wJ1omPMegRpXj8OpWL3)
[EL Fine]: sql: 2016-08-26 10:17:50.987--ClientSession(149584469)--Connection(441718951)--Thread(Thread[Test worker,5,main])--INSERT INTO ast_CommunicationGroup_M (commGroupId, commGroupDescription, commGroupName, versionId, createdBy, createdDate, updatedBy, updatedDate, activeStatus, txnAccessCode) VALUES (?, ?, ?, ?, ?, ?, ?, ?, ?, ?)
	bind => [B73DFB98-2F1E-4943-A1B6-F2AA1CC10D49, DCfOK0tI7dVsVGjI4ou18Lmpk07LA95jZ61pv7PD0JPzrrMGso, RNMvENTPXYpz9YdefHzKS6QyXefbO79wJ1omPMegRpXj8OpWL3, 1, AAAAA, 2016-08-26 10:17:50.961, AAAAA, 2016-08-26 10:17:50.961, 1, 51000]
[EL Finer]: transaction: 2016-08-26 10:17:50.989--ClientSession(149584469)--Connection(441718951)--Thread(Thread[Test worker,5,main])--commit transaction
[EL Finest]: connection: 2016-08-26 10:17:51.044--ServerSession(1851516305)--Connection(414099311)--Thread(Thread[Test worker,5,main])--Connection released to connection pool [default].
[EL Finer]: transaction: 2016-08-26 10:17:51.044--UnitOfWork(1510303493)--Thread(Thread[Test worker,5,main])--end unit of work commit
[EL Finer]: transaction: 2016-08-26 10:17:51.044--UnitOfWork(1510303493)--Thread(Thread[Test worker,5,main])--resume unit of work
[EL Finer]: transaction: 2016-08-26 10:17:51.044--UnitOfWork(1510303493)--Thread(Thread[Test worker,5,main])--release unit of work
[EL Finer]: connection: 2016-08-26 10:17:51.045--ClientSession(149584469)--Thread(Thread[Test worker,5,main])--client released
[EL Finer]: connection: 2016-08-26 10:17:51.07--ServerSession(1851516305)--Thread(Thread[Test worker,5,main])--client acquired: 207570638
[EL Finer]: transaction: 2016-08-26 10:17:51.07--ClientSession(207570638)--Thread(Thread[Test worker,5,main])--acquire unit of work: 1126270138
[EL Finest]: connection: 2016-08-26 10:17:51.07--ServerSession(1851516305)--Connection(1301344708)--Thread(Thread[Test worker,5,main])--Connection acquired from connection pool [default].
[EL Finer]: transaction: 2016-08-26 10:17:51.07--ClientSession(207570638)--Connection(1301344708)--Thread(Thread[Test worker,5,main])--begin transaction
[EL Finest]: connection: 2016-08-26 10:17:51.07--ClientSession(207570638)--Thread(Thread[Test worker,5,main])--reconnecting to external connection pool
[EL Finest]: transaction: 2016-08-26 10:17:51.073--UnitOfWork(1126270138)--Thread(Thread[Test worker,5,main])--persist() operation called on: e7Xa2BZ4LltzWx2MSwryNUM6uhvugqyFNNS9dEJHGqk9S92qD1,B73DFB98-2F1E-4943-A1B6-F2AA1CC10D49.
[EL Finest]: sequencing: 2016-08-26 10:17:51.074--UnitOfWork(1126270138)--Thread(Thread[Test worker,5,main])--assign sequence to the object (10EDB613-FFE0-4B2D-9193-AF23925AEF85 -> e7Xa2BZ4LltzWx2MSwryNUM6uhvugqyFNNS9dEJHGqk9S92qD1,B73DFB98-2F1E-4943-A1B6-F2AA1CC10D49)
[EL Finer]: transaction: 2016-08-26 10:17:51.074--UnitOfWork(1126270138)--Thread(Thread[Test worker,5,main])--begin unit of work commit
[EL Finest]: query: 2016-08-26 10:17:51.074--UnitOfWork(1126270138)--Thread(Thread[Test worker,5,main])--Execute query InsertObjectQuery(e7Xa2BZ4LltzWx2MSwryNUM6uhvugqyFNNS9dEJHGqk9S92qD1,B73DFB98-2F1E-4943-A1B6-F2AA1CC10D49)
[EL Fine]: sql: 2016-08-26 10:17:51.075--ClientSession(207570638)--Connection(1584393481)--Thread(Thread[Test worker,5,main])--INSERT INTO ast_CommunicationType_M (commType, commGroupId, commTypeDescription, commTypeName, versionId, createdBy, createdDate, updatedBy, updatedDate, activeStatus, txnAccessCode) VALUES (?, ?, ?, ?, ?, ?, ?, ?, ?, ?, ?)
	bind => [10EDB613-FFE0-4B2D-9193-AF23925AEF85, B73DFB98-2F1E-4943-A1B6-F2AA1CC10D49, Z2O29u9perRCpoYBMd686yHPqhGI1kfRYzDzGjOAxSTFN0YAyt, e7Xa2BZ4LltzWx2MSwryNUM6uhvugqyFNNS9dEJHGqk9S92qD1, 1, AAAAA, 2016-08-26 10:17:50.961, AAAAA, 2016-08-26 10:17:50.961, 1, 51000]
[EL Finer]: transaction: 2016-08-26 10:17:51.076--ClientSession(207570638)--Connection(1584393481)--Thread(Thread[Test worker,5,main])--commit transaction
[EL Finest]: connection: 2016-08-26 10:17:51.103--ServerSession(1851516305)--Connection(1301344708)--Thread(Thread[Test worker,5,main])--Connection released to connection pool [default].
[EL Finer]: transaction: 2016-08-26 10:17:51.103--UnitOfWork(1126270138)--Thread(Thread[Test worker,5,main])--end unit of work commit
[EL Finer]: transaction: 2016-08-26 10:17:51.103--UnitOfWork(1126270138)--Thread(Thread[Test worker,5,main])--resume unit of work
[EL Finer]: transaction: 2016-08-26 10:17:51.103--UnitOfWork(1126270138)--Thread(Thread[Test worker,5,main])--release unit of work
[EL Finer]: connection: 2016-08-26 10:17:51.103--ClientSession(207570638)--Thread(Thread[Test worker,5,main])--client released
[EL Finer]: connection: 2016-08-26 10:17:51.209--ServerSession(1851516305)--Thread(Thread[Test worker,5,main])--client acquired: 81084054
[EL Finer]: transaction: 2016-08-26 10:17:51.209--ClientSession(81084054)--Thread(Thread[Test worker,5,main])--acquire unit of work: 1275063380
[EL Finest]: connection: 2016-08-26 10:17:51.209--ServerSession(1851516305)--Connection(250914247)--Thread(Thread[Test worker,5,main])--Connection acquired from connection pool [default].
[EL Finer]: transaction: 2016-08-26 10:17:51.209--ClientSession(81084054)--Connection(250914247)--Thread(Thread[Test worker,5,main])--begin transaction
[EL Finest]: connection: 2016-08-26 10:17:51.209--ClientSession(81084054)--Thread(Thread[Test worker,5,main])--reconnecting to external connection pool
[EL Finest]: transaction: 2016-08-26 10:17:51.215--UnitOfWork(1275063380)--Thread(Thread[Test worker,5,main])--persist() operation called on: xhj692EJ4YFFSNrgcHyW5LM3NcX532PGUWCTopsPzmrqrjlLVK,5XntCxdxGcqYCK7z5KiwLnfqGcs3hS41D3t9V3XefKzVSdQAXr,AfPXkvTKsK5svBsRyBKTXuZdx6GV8EUjJ7L0rHj5XjstOV6HxQ,qQbkAwWQs3HAOdE2JrJdmyflOVXnEoKZDtbbkbgx6wnMIc95KR,QKqfE8mjYHqEVc6kN9e2.
[EL Finest]: sequencing: 2016-08-26 10:17:51.215--UnitOfWork(1275063380)--Thread(Thread[Test worker,5,main])--assign sequence to the object (1C70A8B6-1EA8-4DAC-8C16-4D5911A307D2 -> xhj692EJ4YFFSNrgcHyW5LM3NcX532PGUWCTopsPzmrqrjlLVK,5XntCxdxGcqYCK7z5KiwLnfqGcs3hS41D3t9V3XefKzVSdQAXr,AfPXkvTKsK5svBsRyBKTXuZdx6GV8EUjJ7L0rHj5XjstOV6HxQ,qQbkAwWQs3HAOdE2JrJdmyflOVXnEoKZDtbbkbgx6wnMIc95KR,QKqfE8mjYHqEVc6kN9e2)
[EL Finest]: transaction: 2016-08-26 10:17:51.215--UnitOfWork(1275063380)--Thread(Thread[Test worker,5,main])--persist() operation called on: 9CmEXl.
[EL Finest]: sequencing: 2016-08-26 10:17:51.215--UnitOfWork(1275063380)--Thread(Thread[Test worker,5,main])--assign sequence to the object (46EB3E08-66DC-43F8-A3B7-E5C34BCA3B2E -> 9CmEXl)
[EL Finest]: transaction: 2016-08-26 10:17:51.215--UnitOfWork(1275063380)--Thread(Thread[Test worker,5,main])--persist() operation called on: l5DjWvxhGT.
[EL Finest]: sequencing: 2016-08-26 10:17:51.215--UnitOfWork(1275063380)--Thread(Thread[Test worker,5,main])--assign sequence to the object (DD8EE932-07DB-4342-8086-4C8B40B93D0F -> l5DjWvxhGT)
[EL Finer]: transaction: 2016-08-26 10:17:51.216--UnitOfWork(1275063380)--Thread(Thread[Test worker,5,main])--begin unit of work commit
[EL Finest]: query: 2016-08-26 10:17:51.216--UnitOfWork(1275063380)--Thread(Thread[Test worker,5,main])--Execute query DoesExistQuery(referenceClass=Timezone )
[EL Fine]: sql: 2016-08-26 10:17:51.216--ClientSession(81084054)--Connection(638187977)--Thread(Thread[Test worker,5,main])--SELECT timeZoneId FROM ast_Timezone_M WHERE (timeZoneId = ?)
	bind => [A85FDF93-90CC-4ECC-951B-5C34F243B071]
[EL Finest]: query: 2016-08-26 10:17:51.217--UnitOfWork(1275063380)--Thread(Thread[Test worker,5,main])--Execute query InsertObjectQuery(xhj692EJ4YFFSNrgcHyW5LM3NcX532PGUWCTopsPzmrqrjlLVK,5XntCxdxGcqYCK7z5KiwLnfqGcs3hS41D3t9V3XefKzVSdQAXr,AfPXkvTKsK5svBsRyBKTXuZdx6GV8EUjJ7L0rHj5XjstOV6HxQ,qQbkAwWQs3HAOdE2JrJdmyflOVXnEoKZDtbbkbgx6wnMIc95KR,QKqfE8mjYHqEVc6kN9e2)
[EL Finest]: query: 2016-08-26 10:17:51.218--UnitOfWork(1275063380)--Thread(Thread[Test worker,5,main])--Execute query InsertObjectQuery(l5DjWvxhGT)
[EL Fine]: sql: 2016-08-26 10:17:51.218--ClientSession(81084054)--Connection(638187977)--Thread(Thread[Test worker,5,main])--INSERT INTO ast_CoreContacts_T (contactId, age, approximateDOB, dateofbirth, emailId, firstName, genderId, lastName, middleName, nativeFirstName, nativeLanguageCode, nativeLastName, nativeMiddleName, nativeTitle, phoneNumber, titleId, versionId, createdBy, createdDate, updatedBy, updatedDate, activeStatus, txnAccessCode, timeZoneId) VALUES (?, ?, ?, ?, ?, ?, ?, ?, ?, ?, ?, ?, ?, ?, ?, ?, ?, ?, ?, ?, ?, ?, ?, ?)
	bind => [1C70A8B6-1EA8-4DAC-8C16-4D5911A307D2, 77, 2016-08-26 07:17:25.551, 2016-08-26 07:17:25.671, qQbkAwWQs3HAOdE2JrJdmyflOVXnEoKZDtbbkbgx6wnMIc95KR, xhj692EJ4YFFSNrgcHyW5LM3NcX532PGUWCTopsPzmrqrjlLVK, 7AA84201-7A6E-42C8-A440-B967E8E01978, AfPXkvTKsK5svBsRyBKTXuZdx6GV8EUjJ7L0rHj5XjstOV6HxQ, 5XntCxdxGcqYCK7z5KiwLnfqGcs3hS41D3t9V3XefKzVSdQAXr, MI2GbBHYbkDJdxlnjsIEa8T8FcHQQlgqTf2WG10eH48vzk7UsD, 9BC73687-2DA3-4DEA-9A27-FF72E5B13966, 8P6MbJ2F40DGGNp4d6FxfWtQPHRYINcheCDXcE4STm6N7PS1fF, qzAjK0HJluDJenlziDSncSaOeIxZeG507XrzuY5P4LD0TLIRW2, jqVdgywYFVnnRMLi0o2J4N99qagMyG26jmKWPRQbVdKnbcu4BR, QKqfE8mjYHqEVc6kN9e2, D5F860E5-2E15-4233-83E2-9CBD0EBBEB46, 1, AAAAA, 2016-08-26 10:17:50.56, AAAAA, 2016-08-26 10:17:50.56, 1, 51000, A85FDF93-90CC-4ECC-951B-5C34F243B071]
[EL Finest]: query: 2016-08-26 10:17:51.22--UnitOfWork(1275063380)--Thread(Thread[Test worker,5,main])--Execute query InsertObjectQuery(9CmEXl)
[EL Fine]: sql: 2016-08-26 10:17:51.22--ClientSession(81084054)--Connection(638187977)--Thread(Thread[Test worker,5,main])--INSERT INTO ast_CommunicationData_TP (commDataId, commData, commGroupId, commType, versionId, createdBy, createdDate, updatedBy, updatedDate, activeStatus, txnAccessCode) VALUES (?, ?, ?, ?, ?, ?, ?, ?, ?, ?, ?)
	bind => [DD8EE932-07DB-4342-8086-4C8B40B93D0F, l5DjWvxhGT, B73DFB98-2F1E-4943-A1B6-F2AA1CC10D49, 10EDB613-FFE0-4B2D-9193-AF23925AEF85, 1, AAAAA, 2016-08-26 10:17:50.961, AAAAA, 2016-08-26 10:17:50.961, 1, 51000]
[EL Finest]: query: 2016-08-26 10:17:51.221--ClientSession(81084054)--Thread(Thread[Test worker,5,main])--Execute query DataModifyQuery(name="address" sql="INSERT INTO ast_AddressMap_B (addressId, contactId) VALUES (?, ?)")
[EL Fine]: sql: 2016-08-26 10:17:51.221--ClientSession(81084054)--Connection(638187977)--Thread(Thread[Test worker,5,main])--INSERT INTO ast_Address_T (addressId, address1, address2, address3, addressLabel, addressTypeId, cityId, countryId, latitude, longitude, stateId, versionId, zipcode, createdBy, createdDate, updatedBy, updatedDate, activeStatus, txnAccessCode) VALUES (?, ?, ?, ?, ?, ?, ?, ?, ?, ?, ?, ?, ?, ?, ?, ?, ?, ?, ?)
	bind => [46EB3E08-66DC-43F8-A3B7-E5C34BCA3B2E, 34epL42wvlfOoQGJbsXMK1w0OoJfFM4WcdzUM1jb4BD20eio3N, GRcj0P0WHFzEizwPmK62WOIU9AWkAtxKNUn4CzFESWfjifX2FB, c3uY9ecF89L1oXac6zVBDWIBJHyWZbstjD2JdRSieWbkQVdv16, bi9b2IUXsGp, 45CA90E9-00BA-4192-8535-8A05AF9B36B9, D01263BE-AB9A-4D91-BA89-8AB84FBB7FC6, 44707316-D918-42ED-86DA-9A8B077D5F1F, sgmdWYsuqpv37Pycg4ZfdSh9Vw1yhSMpTHnMxr7t6naaiVbbcq, 8GEfsbZDwgZjHLexaKWyGdsZjEgUkfFcEZPBDIrItHL0AL54Bt, 7C6DC404-27A7-44A2-B166-C9AB6DC76FAE, 1, 9CmEXl, AAAAA, 2016-08-26 10:17:50.636, AAAAA, 2016-08-26 10:17:50.636, 1, 51000]
[EL Finest]: query: 2016-08-26 10:17:51.223--ClientSession(81084054)--Thread(Thread[Test worker,5,main])--Execute query DataModifyQuery(name="communicationData" sql="INSERT INTO ast_CommunicationMap_B (commDataId, contactId) VALUES (?, ?)")
[EL Fine]: sql: 2016-08-26 10:17:51.223--ClientSession(81084054)--Connection(638187977)--Thread(Thread[Test worker,5,main])--INSERT INTO ast_AddressMap_B (addressId, contactId) VALUES (?, ?)
	bind => [46EB3E08-66DC-43F8-A3B7-E5C34BCA3B2E, 1C70A8B6-1EA8-4DAC-8C16-4D5911A307D2]
[EL Fine]: sql: 2016-08-26 10:17:51.224--ClientSession(81084054)--Connection(638187977)--Thread(Thread[Test worker,5,main])--INSERT INTO ast_CommunicationMap_B (commDataId, contactId) VALUES (?, ?)
	bind => [DD8EE932-07DB-4342-8086-4C8B40B93D0F, 1C70A8B6-1EA8-4DAC-8C16-4D5911A307D2]
[EL Finer]: transaction: 2016-08-26 10:17:51.225--ClientSession(81084054)--Connection(638187977)--Thread(Thread[Test worker,5,main])--commit transaction
[EL Finest]: connection: 2016-08-26 10:17:51.269--ServerSession(1851516305)--Connection(250914247)--Thread(Thread[Test worker,5,main])--Connection released to connection pool [default].
[EL Finer]: transaction: 2016-08-26 10:17:51.27--UnitOfWork(1275063380)--Thread(Thread[Test worker,5,main])--end unit of work commit
[EL Finer]: transaction: 2016-08-26 10:17:51.27--UnitOfWork(1275063380)--Thread(Thread[Test worker,5,main])--resume unit of work
[EL Finer]: transaction: 2016-08-26 10:17:51.27--UnitOfWork(1275063380)--Thread(Thread[Test worker,5,main])--release unit of work
[EL Finer]: connection: 2016-08-26 10:17:51.27--ClientSession(81084054)--Thread(Thread[Test worker,5,main])--client released
[EL Finer]: connection: 2016-08-26 10:17:51.291--ServerSession(1851516305)--Thread(Thread[Test worker,5,main])--client acquired: 440344329
[EL Finer]: transaction: 2016-08-26 10:17:51.291--ClientSession(440344329)--Thread(Thread[Test worker,5,main])--acquire unit of work: 638489941
[EL Finest]: connection: 2016-08-26 10:17:51.291--ServerSession(1851516305)--Connection(124654328)--Thread(Thread[Test worker,5,main])--Connection acquired from connection pool [default].
[EL Finer]: transaction: 2016-08-26 10:17:51.291--ClientSession(440344329)--Connection(124654328)--Thread(Thread[Test worker,5,main])--begin transaction
[EL Finest]: connection: 2016-08-26 10:17:51.291--ClientSession(440344329)--Thread(Thread[Test worker,5,main])--reconnecting to external connection pool
[EL Finer]: transaction: 2016-08-26 10:17:51.293--UnitOfWork(638489941)--Thread(Thread[Test worker,5,main])--begin unit of work flush
[EL Finer]: transaction: 2016-08-26 10:17:51.293--UnitOfWork(638489941)--Thread(Thread[Test worker,5,main])--end unit of work flush
[EL Finest]: query: 2016-08-26 10:17:51.293--UnitOfWork(638489941)--Thread(Thread[Test worker,5,main])--Execute query ReadAllQuery(name="CoreContacts.findById" referenceClass=CoreContacts sql="SELECT contactId, age, approximateDOB, dateofbirth, emailId, firstName, genderId, lastName, middleName, nativeFirstName, nativeLanguageCode, nativeLastName, nativeMiddleName, nativeTitle, phoneNumber, titleId, versionId, createdBy, createdDate, updatedBy, updatedDate, activeStatus, txnAccessCode, timeZoneId FROM ast_CoreContacts_T WHERE ((activeStatus = ?) AND (contactId = ?))")
[EL Fine]: sql: 2016-08-26 10:17:51.293--ClientSession(440344329)--Connection(1744462914)--Thread(Thread[Test worker,5,main])--SELECT contactId, age, approximateDOB, dateofbirth, emailId, firstName, genderId, lastName, middleName, nativeFirstName, nativeLanguageCode, nativeLastName, nativeMiddleName, nativeTitle, phoneNumber, titleId, versionId, createdBy, createdDate, updatedBy, updatedDate, activeStatus, txnAccessCode, timeZoneId FROM ast_CoreContacts_T WHERE ((activeStatus = ?) AND (contactId = ?))
	bind => [1, 1C70A8B6-1EA8-4DAC-8C16-4D5911A307D2]
[EL Finest]: query: 2016-08-26 10:17:51.294--UnitOfWork(638489941)--Thread(Thread[Test worker,5,main])--Execute query ReadObjectQuery(name="timezone" referenceClass=Timezone )
[EL Fine]: sql: 2016-08-26 10:17:51.294--ClientSession(440344329)--Connection(1744462914)--Thread(Thread[Test worker,5,main])--SELECT timeZoneId, cities, country, gmtLabel, timeZoneLabel, utcdifference, versionId, createdBy, createdDate, updatedBy, updatedDate, activeStatus, txnAccessCode FROM ast_Timezone_M WHERE (timeZoneId = ?)
	bind => [A85FDF93-90CC-4ECC-951B-5C34F243B071]
[EL Finer]: transaction: 2016-08-26 10:17:51.296--UnitOfWork(638489941)--Thread(Thread[Test worker,5,main])--begin unit of work commit
[EL Finer]: transaction: 2016-08-26 10:17:51.296--ClientSession(440344329)--Connection(1744462914)--Thread(Thread[Test worker,5,main])--commit transaction
[EL Finest]: connection: 2016-08-26 10:17:51.296--ServerSession(1851516305)--Connection(124654328)--Thread(Thread[Test worker,5,main])--Connection released to connection pool [default].
[EL Finer]: transaction: 2016-08-26 10:17:51.296--UnitOfWork(638489941)--Thread(Thread[Test worker,5,main])--end unit of work commit
[EL Finer]: transaction: 2016-08-26 10:17:51.296--UnitOfWork(638489941)--Thread(Thread[Test worker,5,main])--resume unit of work
[EL Finer]: transaction: 2016-08-26 10:17:51.296--UnitOfWork(638489941)--Thread(Thread[Test worker,5,main])--release unit of work
[EL Finer]: connection: 2016-08-26 10:17:51.297--ClientSession(440344329)--Thread(Thread[Test worker,5,main])--client released
[EL Finest]: query: 2016-08-26 10:17:51.297--UnitOfWork(638489941)--Thread(Thread[Test worker,5,main])--Execute query ReadAllQuery(name="address" referenceClass=Address sql="SELECT t1.addressId, t1.address1, t1.address2, t1.address3, t1.addressLabel, t1.addressTypeId, t1.cityId, t1.countryId, t1.latitude, t1.longitude, t1.stateId, t1.versionId, t1.zipcode, t1.createdBy, t1.createdDate, t1.updatedBy, t1.updatedDate, t1.activeStatus, t1.txnAccessCode FROM ast_AddressMap_B t0, ast_Address_T t1 WHERE ((t0.contactId = ?) AND (t1.addressId = t0.addressId))")
[EL Finest]: connection: 2016-08-26 10:17:51.297--ServerSession(1851516305)--Connection(594190008)--Thread(Thread[Test worker,5,main])--Connection acquired from connection pool [read].
[EL Finest]: connection: 2016-08-26 10:17:51.297--ServerSession(1851516305)--Thread(Thread[Test worker,5,main])--reconnecting to external connection pool
[EL Fine]: sql: 2016-08-26 10:17:51.297--ServerSession(1851516305)--Connection(752505906)--Thread(Thread[Test worker,5,main])--SELECT t1.addressId, t1.address1, t1.address2, t1.address3, t1.addressLabel, t1.addressTypeId, t1.cityId, t1.countryId, t1.latitude, t1.longitude, t1.stateId, t1.versionId, t1.zipcode, t1.createdBy, t1.createdDate, t1.updatedBy, t1.updatedDate, t1.activeStatus, t1.txnAccessCode FROM ast_AddressMap_B t0, ast_Address_T t1 WHERE ((t0.contactId = ?) AND (t1.addressId = t0.addressId))
	bind => [1C70A8B6-1EA8-4DAC-8C16-4D5911A307D2]
[EL Finest]: connection: 2016-08-26 10:17:51.298--ServerSession(1851516305)--Connection(594190008)--Thread(Thread[Test worker,5,main])--Connection released to connection pool [read].
[EL Finest]: transaction: 2016-08-26 10:17:51.298--UnitOfWork(638489941)--Thread(Thread[Test worker,5,main])--Register the existing object 9CmEXl
[EL Finest]: query: 2016-08-26 10:17:51.298--UnitOfWork(638489941)--Thread(Thread[Test worker,5,main])--Execute query ReadAllQuery(name="communicationData" referenceClass=CommunicationData sql="SELECT t1.commDataId, t1.commData, t1.commGroupId, t1.commType, t1.versionId, t1.createdBy, t1.createdDate, t1.updatedBy, t1.updatedDate, t1.activeStatus, t1.txnAccessCode FROM ast_CommunicationMap_B t0, ast_CommunicationData_TP t1 WHERE ((t0.contactId = ?) AND (t1.commDataId = t0.commDataId))")
[EL Finest]: connection: 2016-08-26 10:17:51.298--ServerSession(1851516305)--Connection(129009497)--Thread(Thread[Test worker,5,main])--Connection acquired from connection pool [read].
[EL Finest]: connection: 2016-08-26 10:17:51.299--ServerSession(1851516305)--Thread(Thread[Test worker,5,main])--reconnecting to external connection pool
[EL Fine]: sql: 2016-08-26 10:17:51.299--ServerSession(1851516305)--Connection(1451616256)--Thread(Thread[Test worker,5,main])--SELECT t1.commDataId, t1.commData, t1.commGroupId, t1.commType, t1.versionId, t1.createdBy, t1.createdDate, t1.updatedBy, t1.updatedDate, t1.activeStatus, t1.txnAccessCode FROM ast_CommunicationMap_B t0, ast_CommunicationData_TP t1 WHERE ((t0.contactId = ?) AND (t1.commDataId = t0.commDataId))
	bind => [1C70A8B6-1EA8-4DAC-8C16-4D5911A307D2]
[EL Finest]: connection: 2016-08-26 10:17:51.299--ServerSession(1851516305)--Connection(129009497)--Thread(Thread[Test worker,5,main])--Connection released to connection pool [read].
[EL Finest]: transaction: 2016-08-26 10:17:51.3--UnitOfWork(638489941)--Thread(Thread[Test worker,5,main])--Register the existing object l5DjWvxhGT
[EL Finer]: connection: 2016-08-26 10:17:51.3--ServerSession(1851516305)--Thread(Thread[Test worker,5,main])--client acquired: 1055952526
[EL Finer]: transaction: 2016-08-26 10:17:51.3--ClientSession(1055952526)--Thread(Thread[Test worker,5,main])--acquire unit of work: 589245674
[EL Finest]: connection: 2016-08-26 10:17:51.3--ServerSession(1851516305)--Connection(1404946601)--Thread(Thread[Test worker,5,main])--Connection acquired from connection pool [default].
[EL Finer]: transaction: 2016-08-26 10:17:51.3--ClientSession(1055952526)--Connection(1404946601)--Thread(Thread[Test worker,5,main])--begin transaction
[EL Finest]: connection: 2016-08-26 10:17:51.3--ClientSession(1055952526)--Thread(Thread[Test worker,5,main])--reconnecting to external connection pool
[EL Finest]: transaction: 2016-08-26 10:17:51.305--UnitOfWork(589245674)--Thread(Thread[Test worker,5,main])--Merge clone with references ai9DFtwLIhRuqqm53elXYVVFqlRXFgrIzCCjNpLW6jsQ67VBED,Ji5qIooXdZWfyS3FGJLY8oLF9k9OZVcqZsw3ZDu4t45QMAQKMy,xtg0lMDfbQJ3ghNt4ljSF6MLnFVe1I7SEypuKTHMtKq9i97fm9,vrhyVJkhdVo8GNeVFCjBoyEIBVSiXuehKlujeKER5OUvPTQ5ak,xFkCuHgrxaxFZn7LWl3D
[EL Finest]: query: 2016-08-26 10:17:51.305--UnitOfWork(589245674)--Thread(Thread[Test worker,5,main])--Execute query ReadObjectQuery(referenceClass=CoreContacts )
[EL Fine]: sql: 2016-08-26 10:17:51.305--ClientSession(1055952526)--Connection(1183728749)--Thread(Thread[Test worker,5,main])--SELECT contactId, age, approximateDOB, dateofbirth, emailId, firstName, genderId, lastName, middleName, nativeFirstName, nativeLanguageCode, nativeLastName, nativeMiddleName, nativeTitle, phoneNumber, titleId, versionId, createdBy, createdDate, updatedBy, updatedDate, activeStatus, txnAccessCode, timeZoneId FROM ast_CoreContacts_T WHERE (contactId = ?)
	bind => [1C70A8B6-1EA8-4DAC-8C16-4D5911A307D2]
[EL Finest]: query: 2016-08-26 10:17:51.307--UnitOfWork(589245674)--Thread(Thread[Test worker,5,main])--Execute query ReadObjectQuery(name="timezone" referenceClass=Timezone )
[EL Fine]: sql: 2016-08-26 10:17:51.307--ClientSession(1055952526)--Connection(1183728749)--Thread(Thread[Test worker,5,main])--SELECT timeZoneId, cities, country, gmtLabel, timeZoneLabel, utcdifference, versionId, createdBy, createdDate, updatedBy, updatedDate, activeStatus, txnAccessCode FROM ast_Timezone_M WHERE (timeZoneId = ?)
	bind => [A85FDF93-90CC-4ECC-951B-5C34F243B071]
[EL Finest]: query: 2016-08-26 10:17:51.309--UnitOfWork(589245674)--Thread(Thread[Test worker,5,main])--Execute query ReadAllQuery(name="address" referenceClass=Address sql="SELECT t1.addressId, t1.address1, t1.address2, t1.address3, t1.addressLabel, t1.addressTypeId, t1.cityId, t1.countryId, t1.latitude, t1.longitude, t1.stateId, t1.versionId, t1.zipcode, t1.createdBy, t1.createdDate, t1.updatedBy, t1.updatedDate, t1.activeStatus, t1.txnAccessCode FROM ast_AddressMap_B t0, ast_Address_T t1 WHERE ((t0.contactId = ?) AND (t1.addressId = t0.addressId))")
[EL Fine]: sql: 2016-08-26 10:17:51.309--ClientSession(1055952526)--Connection(1183728749)--Thread(Thread[Test worker,5,main])--SELECT t1.addressId, t1.address1, t1.address2, t1.address3, t1.addressLabel, t1.addressTypeId, t1.cityId, t1.countryId, t1.latitude, t1.longitude, t1.stateId, t1.versionId, t1.zipcode, t1.createdBy, t1.createdDate, t1.updatedBy, t1.updatedDate, t1.activeStatus, t1.txnAccessCode FROM ast_AddressMap_B t0, ast_Address_T t1 WHERE ((t0.contactId = ?) AND (t1.addressId = t0.addressId))
	bind => [1C70A8B6-1EA8-4DAC-8C16-4D5911A307D2]
[EL Finest]: query: 2016-08-26 10:17:51.311--UnitOfWork(589245674)--Thread(Thread[Test worker,5,main])--Execute query ReadAllQuery(name="communicationData" referenceClass=CommunicationData sql="SELECT t1.commDataId, t1.commData, t1.commGroupId, t1.commType, t1.versionId, t1.createdBy, t1.createdDate, t1.updatedBy, t1.updatedDate, t1.activeStatus, t1.txnAccessCode FROM ast_CommunicationMap_B t0, ast_CommunicationData_TP t1 WHERE ((t0.contactId = ?) AND (t1.commDataId = t0.commDataId))")
[EL Fine]: sql: 2016-08-26 10:17:51.311--ClientSession(1055952526)--Connection(1183728749)--Thread(Thread[Test worker,5,main])--SELECT t1.commDataId, t1.commData, t1.commGroupId, t1.commType, t1.versionId, t1.createdBy, t1.createdDate, t1.updatedBy, t1.updatedDate, t1.activeStatus, t1.txnAccessCode FROM ast_CommunicationMap_B t0, ast_CommunicationData_TP t1 WHERE ((t0.contactId = ?) AND (t1.commDataId = t0.commDataId))
	bind => [1C70A8B6-1EA8-4DAC-8C16-4D5911A307D2]
[EL Finer]: transaction: 2016-08-26 10:17:51.312--UnitOfWork(589245674)--Thread(Thread[Test worker,5,main])--begin unit of work commit
[EL Finest]: query: 2016-08-26 10:17:51.313--UnitOfWork(589245674)--Thread(Thread[Test worker,5,main])--Execute query UpdateObjectQuery(ai9DFtwLIhRuqqm53elXYVVFqlRXFgrIzCCjNpLW6jsQ67VBED,Ji5qIooXdZWfyS3FGJLY8oLF9k9OZVcqZsw3ZDu4t45QMAQKMy,xtg0lMDfbQJ3ghNt4ljSF6MLnFVe1I7SEypuKTHMtKq9i97fm9,vrhyVJkhdVo8GNeVFCjBoyEIBVSiXuehKlujeKER5OUvPTQ5ak,xFkCuHgrxaxFZn7LWl3D)
[EL Fine]: sql: 2016-08-26 10:17:51.313--ClientSession(1055952526)--Connection(1183728749)--Thread(Thread[Test worker,5,main])--UPDATE ast_CoreContacts_T SET age = ?, approximateDOB = ?, dateofbirth = ?, emailId = ?, firstName = ?, lastName = ?, middleName = ?, nativeFirstName = ?, nativeLastName = ?, nativeMiddleName = ?, nativeTitle = ?, phoneNumber = ?, versionId = ? WHERE ((contactId = ?) AND (versionId = ?))
	bind => [41, 2016-08-26 07:17:25.978, 2016-08-26 07:17:26.13, vrhyVJkhdVo8GNeVFCjBoyEIBVSiXuehKlujeKER5OUvPTQ5ak, ai9DFtwLIhRuqqm53elXYVVFqlRXFgrIzCCjNpLW6jsQ67VBED, xtg0lMDfbQJ3ghNt4ljSF6MLnFVe1I7SEypuKTHMtKq9i97fm9, Ji5qIooXdZWfyS3FGJLY8oLF9k9OZVcqZsw3ZDu4t45QMAQKMy, pgbhbe8khuC865CVS7yEycBQcTFLVgRkkyIvOkUfWenfoG9hDB, ehWzkwUO3UqQYA8XgzmLHlcU0PXMbdkmvPjFXzQIFj2b0Qz9zQ, Hz39SjdxQDXdyvaYj7Gp3v3jh6N8lEWjM1JXJFkNiUzWYS7vTz, Hvu8Fxzs9CK9hNKiX6ibjyFrFaA8l3M0E6YnsJ3u5PRGKzKy18, xFkCuHgrxaxFZn7LWl3D, 2, 1C70A8B6-1EA8-4DAC-8C16-4D5911A307D2, 1]
[EL Finer]: transaction: 2016-08-26 10:17:51.315--ClientSession(1055952526)--Connection(1183728749)--Thread(Thread[Test worker,5,main])--commit transaction
[EL Finest]: connection: 2016-08-26 10:17:51.345--ServerSession(1851516305)--Connection(1404946601)--Thread(Thread[Test worker,5,main])--Connection released to connection pool [default].
[EL Finer]: transaction: 2016-08-26 10:17:51.345--UnitOfWork(589245674)--Thread(Thread[Test worker,5,main])--end unit of work commit
[EL Finer]: transaction: 2016-08-26 10:17:51.345--UnitOfWork(589245674)--Thread(Thread[Test worker,5,main])--resume unit of work
[EL Finer]: transaction: 2016-08-26 10:17:51.345--UnitOfWork(589245674)--Thread(Thread[Test worker,5,main])--release unit of work
[EL Finer]: connection: 2016-08-26 10:17:51.345--ClientSession(1055952526)--Thread(Thread[Test worker,5,main])--client released
[EL Finer]: connection: 2016-08-26 10:17:51.369--ServerSession(1851516305)--Thread(Thread[Test worker,5,main])--client acquired: 278821741
[EL Finer]: transaction: 2016-08-26 10:17:51.37--ClientSession(278821741)--Thread(Thread[Test worker,5,main])--acquire unit of work: 347683233
[EL Finest]: connection: 2016-08-26 10:17:51.37--ServerSession(1851516305)--Connection(209093544)--Thread(Thread[Test worker,5,main])--Connection acquired from connection pool [default].
[EL Finer]: transaction: 2016-08-26 10:17:51.37--ClientSession(278821741)--Connection(209093544)--Thread(Thread[Test worker,5,main])--begin transaction
[EL Finest]: connection: 2016-08-26 10:17:51.37--ClientSession(278821741)--Thread(Thread[Test worker,5,main])--reconnecting to external connection pool
[EL Finer]: transaction: 2016-08-26 10:17:51.371--UnitOfWork(347683233)--Thread(Thread[Test worker,5,main])--begin unit of work flush
[EL Finer]: transaction: 2016-08-26 10:17:51.371--UnitOfWork(347683233)--Thread(Thread[Test worker,5,main])--end unit of work flush
[EL Finest]: query: 2016-08-26 10:17:51.371--UnitOfWork(347683233)--Thread(Thread[Test worker,5,main])--Execute query ReadAllQuery(name="CoreContacts.findById" referenceClass=CoreContacts sql="SELECT contactId, age, approximateDOB, dateofbirth, emailId, firstName, genderId, lastName, middleName, nativeFirstName, nativeLanguageCode, nativeLastName, nativeMiddleName, nativeTitle, phoneNumber, titleId, versionId, createdBy, createdDate, updatedBy, updatedDate, activeStatus, txnAccessCode, timeZoneId FROM ast_CoreContacts_T WHERE ((activeStatus = ?) AND (contactId = ?))")
[EL Fine]: sql: 2016-08-26 10:17:51.371--ClientSession(278821741)--Connection(628731262)--Thread(Thread[Test worker,5,main])--SELECT contactId, age, approximateDOB, dateofbirth, emailId, firstName, genderId, lastName, middleName, nativeFirstName, nativeLanguageCode, nativeLastName, nativeMiddleName, nativeTitle, phoneNumber, titleId, versionId, createdBy, createdDate, updatedBy, updatedDate, activeStatus, txnAccessCode, timeZoneId FROM ast_CoreContacts_T WHERE ((activeStatus = ?) AND (contactId = ?))
	bind => [1, 1C70A8B6-1EA8-4DAC-8C16-4D5911A307D2]
[EL Finest]: query: 2016-08-26 10:17:51.373--UnitOfWork(347683233)--Thread(Thread[Test worker,5,main])--Execute query ReadObjectQuery(name="timezone" referenceClass=Timezone )
[EL Fine]: sql: 2016-08-26 10:17:51.373--ClientSession(278821741)--Connection(628731262)--Thread(Thread[Test worker,5,main])--SELECT timeZoneId, cities, country, gmtLabel, timeZoneLabel, utcdifference, versionId, createdBy, createdDate, updatedBy, updatedDate, activeStatus, txnAccessCode FROM ast_Timezone_M WHERE (timeZoneId = ?)
	bind => [A85FDF93-90CC-4ECC-951B-5C34F243B071]
[EL Finer]: transaction: 2016-08-26 10:17:51.374--UnitOfWork(347683233)--Thread(Thread[Test worker,5,main])--begin unit of work commit
[EL Finer]: transaction: 2016-08-26 10:17:51.374--ClientSession(278821741)--Connection(628731262)--Thread(Thread[Test worker,5,main])--commit transaction
[EL Finest]: connection: 2016-08-26 10:17:51.375--ServerSession(1851516305)--Connection(209093544)--Thread(Thread[Test worker,5,main])--Connection released to connection pool [default].
[EL Finer]: transaction: 2016-08-26 10:17:51.375--UnitOfWork(347683233)--Thread(Thread[Test worker,5,main])--end unit of work commit
[EL Finer]: transaction: 2016-08-26 10:17:51.375--UnitOfWork(347683233)--Thread(Thread[Test worker,5,main])--resume unit of work
[EL Finer]: transaction: 2016-08-26 10:17:51.375--UnitOfWork(347683233)--Thread(Thread[Test worker,5,main])--release unit of work
[EL Finer]: connection: 2016-08-26 10:17:51.375--ClientSession(278821741)--Thread(Thread[Test worker,5,main])--client released
[EL Finer]: connection: 2016-08-26 10:17:51.396--ServerSession(1851516305)--Thread(Thread[Test worker,5,main])--client acquired: 321215600
[EL Finer]: transaction: 2016-08-26 10:17:51.396--ClientSession(321215600)--Thread(Thread[Test worker,5,main])--acquire unit of work: 2044184289
[EL Finest]: connection: 2016-08-26 10:17:51.396--ServerSession(1851516305)--Connection(1161960517)--Thread(Thread[Test worker,5,main])--Connection acquired from connection pool [default].
[EL Finer]: transaction: 2016-08-26 10:17:51.396--ClientSession(321215600)--Connection(1161960517)--Thread(Thread[Test worker,5,main])--begin transaction
[EL Finest]: connection: 2016-08-26 10:17:51.396--ClientSession(321215600)--Thread(Thread[Test worker,5,main])--reconnecting to external connection pool
[EL Finer]: transaction: 2016-08-26 10:17:51.397--UnitOfWork(2044184289)--Thread(Thread[Test worker,5,main])--begin unit of work flush
[EL Finer]: transaction: 2016-08-26 10:17:51.397--UnitOfWork(2044184289)--Thread(Thread[Test worker,5,main])--end unit of work flush
[EL Finest]: query: 2016-08-26 10:17:51.398--UnitOfWork(2044184289)--Thread(Thread[Test worker,5,main])--Execute query ReadAllQuery(name="CoreContacts.findByGenderId" referenceClass=CoreContacts sql="SELECT contactId, age, approximateDOB, dateofbirth, emailId, firstName, genderId, lastName, middleName, nativeFirstName, nativeLanguageCode, nativeLastName, nativeMiddleName, nativeTitle, phoneNumber, titleId, versionId, createdBy, createdDate, updatedBy, updatedDate, activeStatus, txnAccessCode, timeZoneId FROM ast_CoreContacts_T WHERE ((activeStatus = ?) AND (genderId = ?))")
[EL Fine]: sql: 2016-08-26 10:17:51.398--ClientSession(321215600)--Connection(486071853)--Thread(Thread[Test worker,5,main])--SELECT contactId, age, approximateDOB, dateofbirth, emailId, firstName, genderId, lastName, middleName, nativeFirstName, nativeLanguageCode, nativeLastName, nativeMiddleName, nativeTitle, phoneNumber, titleId, versionId, createdBy, createdDate, updatedBy, updatedDate, activeStatus, txnAccessCode, timeZoneId FROM ast_CoreContacts_T WHERE ((activeStatus = ?) AND (genderId = ?))
	bind => [1, 7AA84201-7A6E-42C8-A440-B967E8E01978]
[EL Finest]: query: 2016-08-26 10:17:51.399--UnitOfWork(2044184289)--Thread(Thread[Test worker,5,main])--Execute query ReadObjectQuery(name="timezone" referenceClass=Timezone )
[EL Fine]: sql: 2016-08-26 10:17:51.399--ClientSession(321215600)--Connection(486071853)--Thread(Thread[Test worker,5,main])--SELECT timeZoneId, cities, country, gmtLabel, timeZoneLabel, utcdifference, versionId, createdBy, createdDate, updatedBy, updatedDate, activeStatus, txnAccessCode FROM ast_Timezone_M WHERE (timeZoneId = ?)
	bind => [A85FDF93-90CC-4ECC-951B-5C34F243B071]
[EL Finer]: transaction: 2016-08-26 10:17:51.4--UnitOfWork(2044184289)--Thread(Thread[Test worker,5,main])--begin unit of work commit
[EL Finer]: transaction: 2016-08-26 10:17:51.401--ClientSession(321215600)--Connection(486071853)--Thread(Thread[Test worker,5,main])--commit transaction
[EL Finest]: connection: 2016-08-26 10:17:51.401--ServerSession(1851516305)--Connection(1161960517)--Thread(Thread[Test worker,5,main])--Connection released to connection pool [default].
[EL Finer]: transaction: 2016-08-26 10:17:51.401--UnitOfWork(2044184289)--Thread(Thread[Test worker,5,main])--end unit of work commit
[EL Finer]: transaction: 2016-08-26 10:17:51.401--UnitOfWork(2044184289)--Thread(Thread[Test worker,5,main])--resume unit of work
[EL Finer]: transaction: 2016-08-26 10:17:51.401--UnitOfWork(2044184289)--Thread(Thread[Test worker,5,main])--release unit of work
[EL Finer]: connection: 2016-08-26 10:17:51.401--ClientSession(321215600)--Thread(Thread[Test worker,5,main])--client released
[EL Finer]: connection: 2016-08-26 10:17:51.421--ServerSession(1851516305)--Thread(Thread[Test worker,5,main])--client acquired: 1904608209
[EL Finer]: transaction: 2016-08-26 10:17:51.421--ClientSession(1904608209)--Thread(Thread[Test worker,5,main])--acquire unit of work: 358926481
[EL Finest]: connection: 2016-08-26 10:17:51.421--ServerSession(1851516305)--Connection(195801744)--Thread(Thread[Test worker,5,main])--Connection acquired from connection pool [default].
[EL Finer]: transaction: 2016-08-26 10:17:51.421--ClientSession(1904608209)--Connection(195801744)--Thread(Thread[Test worker,5,main])--begin transaction
[EL Finest]: connection: 2016-08-26 10:17:51.421--ClientSession(1904608209)--Thread(Thread[Test worker,5,main])--reconnecting to external connection pool
[EL Finer]: transaction: 2016-08-26 10:17:51.422--UnitOfWork(358926481)--Thread(Thread[Test worker,5,main])--begin unit of work flush
[EL Finer]: transaction: 2016-08-26 10:17:51.422--UnitOfWork(358926481)--Thread(Thread[Test worker,5,main])--end unit of work flush
[EL Finest]: query: 2016-08-26 10:17:51.422--UnitOfWork(358926481)--Thread(Thread[Test worker,5,main])--Execute query ReadAllQuery(name="CoreContacts.findByNativeLanguageCode" referenceClass=CoreContacts sql="SELECT contactId, age, approximateDOB, dateofbirth, emailId, firstName, genderId, lastName, middleName, nativeFirstName, nativeLanguageCode, nativeLastName, nativeMiddleName, nativeTitle, phoneNumber, titleId, versionId, createdBy, createdDate, updatedBy, updatedDate, activeStatus, txnAccessCode, timeZoneId FROM ast_CoreContacts_T WHERE ((activeStatus = ?) AND (nativeLanguageCode = ?))")
[EL Fine]: sql: 2016-08-26 10:17:51.423--ClientSession(1904608209)--Connection(1101784503)--Thread(Thread[Test worker,5,main])--SELECT contactId, age, approximateDOB, dateofbirth, emailId, firstName, genderId, lastName, middleName, nativeFirstName, nativeLanguageCode, nativeLastName, nativeMiddleName, nativeTitle, phoneNumber, titleId, versionId, createdBy, createdDate, updatedBy, updatedDate, activeStatus, txnAccessCode, timeZoneId FROM ast_CoreContacts_T WHERE ((activeStatus = ?) AND (nativeLanguageCode = ?))
	bind => [1, 9BC73687-2DA3-4DEA-9A27-FF72E5B13966]
[EL Finest]: query: 2016-08-26 10:17:51.424--UnitOfWork(358926481)--Thread(Thread[Test worker,5,main])--Execute query ReadObjectQuery(name="timezone" referenceClass=Timezone )
[EL Fine]: sql: 2016-08-26 10:17:51.424--ClientSession(1904608209)--Connection(1101784503)--Thread(Thread[Test worker,5,main])--SELECT timeZoneId, cities, country, gmtLabel, timeZoneLabel, utcdifference, versionId, createdBy, createdDate, updatedBy, updatedDate, activeStatus, txnAccessCode FROM ast_Timezone_M WHERE (timeZoneId = ?)
	bind => [A85FDF93-90CC-4ECC-951B-5C34F243B071]
[EL Finer]: transaction: 2016-08-26 10:17:51.425--UnitOfWork(358926481)--Thread(Thread[Test worker,5,main])--begin unit of work commit
[EL Finer]: transaction: 2016-08-26 10:17:51.425--ClientSession(1904608209)--Connection(1101784503)--Thread(Thread[Test worker,5,main])--commit transaction
[EL Finest]: connection: 2016-08-26 10:17:51.426--ServerSession(1851516305)--Connection(195801744)--Thread(Thread[Test worker,5,main])--Connection released to connection pool [default].
[EL Finer]: transaction: 2016-08-26 10:17:51.426--UnitOfWork(358926481)--Thread(Thread[Test worker,5,main])--end unit of work commit
[EL Finer]: transaction: 2016-08-26 10:17:51.426--UnitOfWork(358926481)--Thread(Thread[Test worker,5,main])--resume unit of work
[EL Finer]: transaction: 2016-08-26 10:17:51.426--UnitOfWork(358926481)--Thread(Thread[Test worker,5,main])--release unit of work
[EL Finer]: connection: 2016-08-26 10:17:51.426--ClientSession(1904608209)--Thread(Thread[Test worker,5,main])--client released
[EL Finer]: connection: 2016-08-26 10:17:51.444--ServerSession(1851516305)--Thread(Thread[Test worker,5,main])--client acquired: 1207038450
[EL Finer]: transaction: 2016-08-26 10:17:51.444--ClientSession(1207038450)--Thread(Thread[Test worker,5,main])--acquire unit of work: 1564699588
[EL Finest]: connection: 2016-08-26 10:17:51.444--ServerSession(1851516305)--Connection(1968718001)--Thread(Thread[Test worker,5,main])--Connection acquired from connection pool [default].
[EL Finer]: transaction: 2016-08-26 10:17:51.444--ClientSession(1207038450)--Connection(1968718001)--Thread(Thread[Test worker,5,main])--begin transaction
[EL Finest]: connection: 2016-08-26 10:17:51.444--ClientSession(1207038450)--Thread(Thread[Test worker,5,main])--reconnecting to external connection pool
[EL Finer]: transaction: 2016-08-26 10:17:51.446--UnitOfWork(1564699588)--Thread(Thread[Test worker,5,main])--begin unit of work flush
[EL Finer]: transaction: 2016-08-26 10:17:51.446--UnitOfWork(1564699588)--Thread(Thread[Test worker,5,main])--end unit of work flush
[EL Finest]: query: 2016-08-26 10:17:51.446--UnitOfWork(1564699588)--Thread(Thread[Test worker,5,main])--Execute query ReadAllQuery(name="CoreContacts.findByTitleId" referenceClass=CoreContacts sql="SELECT contactId, age, approximateDOB, dateofbirth, emailId, firstName, genderId, lastName, middleName, nativeFirstName, nativeLanguageCode, nativeLastName, nativeMiddleName, nativeTitle, phoneNumber, titleId, versionId, createdBy, createdDate, updatedBy, updatedDate, activeStatus, txnAccessCode, timeZoneId FROM ast_CoreContacts_T WHERE ((activeStatus = ?) AND (titleId = ?))")
[EL Fine]: sql: 2016-08-26 10:17:51.446--ClientSession(1207038450)--Connection(1512463598)--Thread(Thread[Test worker,5,main])--SELECT contactId, age, approximateDOB, dateofbirth, emailId, firstName, genderId, lastName, middleName, nativeFirstName, nativeLanguageCode, nativeLastName, nativeMiddleName, nativeTitle, phoneNumber, titleId, versionId, createdBy, createdDate, updatedBy, updatedDate, activeStatus, txnAccessCode, timeZoneId FROM ast_CoreContacts_T WHERE ((activeStatus = ?) AND (titleId = ?))
	bind => [1, D5F860E5-2E15-4233-83E2-9CBD0EBBEB46]
[EL Finest]: query: 2016-08-26 10:17:51.447--UnitOfWork(1564699588)--Thread(Thread[Test worker,5,main])--Execute query ReadObjectQuery(name="timezone" referenceClass=Timezone )
[EL Fine]: sql: 2016-08-26 10:17:51.448--ClientSession(1207038450)--Connection(1512463598)--Thread(Thread[Test worker,5,main])--SELECT timeZoneId, cities, country, gmtLabel, timeZoneLabel, utcdifference, versionId, createdBy, createdDate, updatedBy, updatedDate, activeStatus, txnAccessCode FROM ast_Timezone_M WHERE (timeZoneId = ?)
	bind => [A85FDF93-90CC-4ECC-951B-5C34F243B071]
[EL Finer]: transaction: 2016-08-26 10:17:51.449--UnitOfWork(1564699588)--Thread(Thread[Test worker,5,main])--begin unit of work commit
[EL Finer]: transaction: 2016-08-26 10:17:51.449--ClientSession(1207038450)--Connection(1512463598)--Thread(Thread[Test worker,5,main])--commit transaction
[EL Finest]: connection: 2016-08-26 10:17:51.45--ServerSession(1851516305)--Connection(1968718001)--Thread(Thread[Test worker,5,main])--Connection released to connection pool [default].
[EL Finer]: transaction: 2016-08-26 10:17:51.45--UnitOfWork(1564699588)--Thread(Thread[Test worker,5,main])--end unit of work commit
[EL Finer]: transaction: 2016-08-26 10:17:51.45--UnitOfWork(1564699588)--Thread(Thread[Test worker,5,main])--resume unit of work
[EL Finer]: transaction: 2016-08-26 10:17:51.45--UnitOfWork(1564699588)--Thread(Thread[Test worker,5,main])--release unit of work
[EL Finer]: connection: 2016-08-26 10:17:51.45--ClientSession(1207038450)--Thread(Thread[Test worker,5,main])--client released
[EL Finer]: connection: 2016-08-26 10:17:51.532--ServerSession(1851516305)--Thread(Thread[Test worker,5,main])--client acquired: 220325869
[EL Finer]: transaction: 2016-08-26 10:17:51.533--ClientSession(220325869)--Thread(Thread[Test worker,5,main])--acquire unit of work: 755072855
[EL Finest]: connection: 2016-08-26 10:17:51.533--ServerSession(1851516305)--Connection(1028603862)--Thread(Thread[Test worker,5,main])--Connection acquired from connection pool [default].
[EL Finer]: transaction: 2016-08-26 10:17:51.533--ClientSession(220325869)--Connection(1028603862)--Thread(Thread[Test worker,5,main])--begin transaction
[EL Finest]: connection: 2016-08-26 10:17:51.533--ClientSession(220325869)--Thread(Thread[Test worker,5,main])--reconnecting to external connection pool
[EL Finest]: query: 2016-08-26 10:17:51.534--UnitOfWork(755072855)--Thread(Thread[Test worker,5,main])--Execute query ReadObjectQuery(name="readCoreContacts" referenceClass=CoreContacts sql="SELECT contactId, age, approximateDOB, dateofbirth, emailId, firstName, genderId, lastName, middleName, nativeFirstName, nativeLanguageCode, nativeLastName, nativeMiddleName, nativeTitle, phoneNumber, titleId, versionId, createdBy, createdDate, updatedBy, updatedDate, activeStatus, txnAccessCode, timeZoneId FROM ast_CoreContacts_T WHERE (contactId = ?)")
[EL Fine]: sql: 2016-08-26 10:17:51.534--ClientSession(220325869)--Connection(1896225066)--Thread(Thread[Test worker,5,main])--SELECT contactId, age, approximateDOB, dateofbirth, emailId, firstName, genderId, lastName, middleName, nativeFirstName, nativeLanguageCode, nativeLastName, nativeMiddleName, nativeTitle, phoneNumber, titleId, versionId, createdBy, createdDate, updatedBy, updatedDate, activeStatus, txnAccessCode, timeZoneId FROM ast_CoreContacts_T WHERE (contactId = ?)
	bind => [1C70A8B6-1EA8-4DAC-8C16-4D5911A307D2]
[EL Finest]: query: 2016-08-26 10:17:51.543--UnitOfWork(755072855)--Thread(Thread[Test worker,5,main])--Execute query ReadObjectQuery(name="timezone" referenceClass=Timezone )
[EL Fine]: sql: 2016-08-26 10:17:51.543--ClientSession(220325869)--Connection(1896225066)--Thread(Thread[Test worker,5,main])--SELECT timeZoneId, cities, country, gmtLabel, timeZoneLabel, utcdifference, versionId, createdBy, createdDate, updatedBy, updatedDate, activeStatus, txnAccessCode FROM ast_Timezone_M WHERE (timeZoneId = ?)
	bind => [A85FDF93-90CC-4ECC-951B-5C34F243B071]
[EL Finest]: transaction: 2016-08-26 10:17:51.545--UnitOfWork(755072855)--Thread(Thread[Test worker,5,main])--remove() operation called on: ai9DFtwLIhRuqqm53elXYVVFqlRXFgrIzCCjNpLW6jsQ67VBED,Ji5qIooXdZWfyS3FGJLY8oLF9k9OZVcqZsw3ZDu4t45QMAQKMy,xtg0lMDfbQJ3ghNt4ljSF6MLnFVe1I7SEypuKTHMtKq9i97fm9,vrhyVJkhdVo8GNeVFCjBoyEIBVSiXuehKlujeKER5OUvPTQ5ak,xFkCuHgrxaxFZn7LWl3D
[EL Finest]: query: 2016-08-26 10:17:51.546--UnitOfWork(755072855)--Thread(Thread[Test worker,5,main])--Execute query ReadAllQuery(name="address" referenceClass=Address sql="SELECT t1.addressId, t1.address1, t1.address2, t1.address3, t1.addressLabel, t1.addressTypeId, t1.cityId, t1.countryId, t1.latitude, t1.longitude, t1.stateId, t1.versionId, t1.zipcode, t1.createdBy, t1.createdDate, t1.updatedBy, t1.updatedDate, t1.activeStatus, t1.txnAccessCode FROM ast_AddressMap_B t0, ast_Address_T t1 WHERE ((t0.contactId = ?) AND (t1.addressId = t0.addressId))")
[EL Fine]: sql: 2016-08-26 10:17:51.546--ClientSession(220325869)--Connection(1896225066)--Thread(Thread[Test worker,5,main])--SELECT t1.addressId, t1.address1, t1.address2, t1.address3, t1.addressLabel, t1.addressTypeId, t1.cityId, t1.countryId, t1.latitude, t1.longitude, t1.stateId, t1.versionId, t1.zipcode, t1.createdBy, t1.createdDate, t1.updatedBy, t1.updatedDate, t1.activeStatus, t1.txnAccessCode FROM ast_AddressMap_B t0, ast_Address_T t1 WHERE ((t0.contactId = ?) AND (t1.addressId = t0.addressId))
	bind => [1C70A8B6-1EA8-4DAC-8C16-4D5911A307D2]
[EL Finest]: transaction: 2016-08-26 10:17:51.548--UnitOfWork(755072855)--Thread(Thread[Test worker,5,main])--remove() operation called on: 9CmEXl
[EL Finest]: query: 2016-08-26 10:17:51.548--UnitOfWork(755072855)--Thread(Thread[Test worker,5,main])--Execute query ReadAllQuery(name="communicationData" referenceClass=CommunicationData sql="SELECT t1.commDataId, t1.commData, t1.commGroupId, t1.commType, t1.versionId, t1.createdBy, t1.createdDate, t1.updatedBy, t1.updatedDate, t1.activeStatus, t1.txnAccessCode FROM ast_CommunicationMap_B t0, ast_CommunicationData_TP t1 WHERE ((t0.contactId = ?) AND (t1.commDataId = t0.commDataId))")
[EL Fine]: sql: 2016-08-26 10:17:51.548--ClientSession(220325869)--Connection(1896225066)--Thread(Thread[Test worker,5,main])--SELECT t1.commDataId, t1.commData, t1.commGroupId, t1.commType, t1.versionId, t1.createdBy, t1.createdDate, t1.updatedBy, t1.updatedDate, t1.activeStatus, t1.txnAccessCode FROM ast_CommunicationMap_B t0, ast_CommunicationData_TP t1 WHERE ((t0.contactId = ?) AND (t1.commDataId = t0.commDataId))
	bind => [1C70A8B6-1EA8-4DAC-8C16-4D5911A307D2]
[EL Finest]: transaction: 2016-08-26 10:17:51.55--UnitOfWork(755072855)--Thread(Thread[Test worker,5,main])--remove() operation called on: l5DjWvxhGT
[EL Finer]: transaction: 2016-08-26 10:17:51.551--UnitOfWork(755072855)--Thread(Thread[Test worker,5,main])--begin unit of work commit
[EL Finest]: query: 2016-08-26 10:17:51.551--UnitOfWork(755072855)--Thread(Thread[Test worker,5,main])--Execute query DoesExistQuery(referenceClass=CoreContacts )
[EL Finest]: query: 2016-08-26 10:17:51.551--UnitOfWork(755072855)--Thread(Thread[Test worker,5,main])--Execute query DoesExistQuery(referenceClass=Address )
[EL Finest]: query: 2016-08-26 10:17:51.551--UnitOfWork(755072855)--Thread(Thread[Test worker,5,main])--Execute query DoesExistQuery(referenceClass=CommunicationData )
[EL Finest]: query: 2016-08-26 10:17:51.552--UnitOfWork(755072855)--Thread(Thread[Test worker,5,main])--Execute query DataModifyQuery(name="address" sql="DELETE FROM ast_AddressMap_B WHERE (contactId = ?)")
[EL Finest]: query: 2016-08-26 10:17:51.552--UnitOfWork(755072855)--Thread(Thread[Test worker,5,main])--Execute query DataModifyQuery(name="communicationData" sql="DELETE FROM ast_CommunicationMap_B WHERE (contactId = ?)")
[EL Fine]: sql: 2016-08-26 10:17:51.552--ClientSession(220325869)--Connection(1896225066)--Thread(Thread[Test worker,5,main])--DELETE FROM ast_AddressMap_B WHERE (contactId = ?)
	bind => [1C70A8B6-1EA8-4DAC-8C16-4D5911A307D2]
[EL Finest]: query: 2016-08-26 10:17:51.553--UnitOfWork(755072855)--Thread(Thread[Test worker,5,main])--Execute query DeleteObjectQuery(9CmEXl)
[EL Fine]: sql: 2016-08-26 10:17:51.553--ClientSession(220325869)--Connection(1896225066)--Thread(Thread[Test worker,5,main])--DELETE FROM ast_CommunicationMap_B WHERE (contactId = ?)
	bind => [1C70A8B6-1EA8-4DAC-8C16-4D5911A307D2]
[EL Finest]: query: 2016-08-26 10:17:51.554--UnitOfWork(755072855)--Thread(Thread[Test worker,5,main])--Execute query DeleteObjectQuery(l5DjWvxhGT)
[EL Fine]: sql: 2016-08-26 10:17:51.554--ClientSession(220325869)--Connection(1896225066)--Thread(Thread[Test worker,5,main])--DELETE FROM ast_Address_T WHERE ((addressId = ?) AND (versionId = ?))
	bind => [46EB3E08-66DC-43F8-A3B7-E5C34BCA3B2E, 1]
[EL Finest]: query: 2016-08-26 10:17:51.647--UnitOfWork(755072855)--Thread(Thread[Test worker,5,main])--Execute query DeleteObjectQuery(ai9DFtwLIhRuqqm53elXYVVFqlRXFgrIzCCjNpLW6jsQ67VBED,Ji5qIooXdZWfyS3FGJLY8oLF9k9OZVcqZsw3ZDu4t45QMAQKMy,xtg0lMDfbQJ3ghNt4ljSF6MLnFVe1I7SEypuKTHMtKq9i97fm9,vrhyVJkhdVo8GNeVFCjBoyEIBVSiXuehKlujeKER5OUvPTQ5ak,xFkCuHgrxaxFZn7LWl3D)
[EL Fine]: sql: 2016-08-26 10:17:51.648--ClientSession(220325869)--Connection(1896225066)--Thread(Thread[Test worker,5,main])--DELETE FROM ast_CommunicationData_TP WHERE ((commDataId = ?) AND (versionId = ?))
	bind => [DD8EE932-07DB-4342-8086-4C8B40B93D0F, 1]
[EL Fine]: sql: 2016-08-26 10:17:51.772--ClientSession(220325869)--Connection(1896225066)--Thread(Thread[Test worker,5,main])--DELETE FROM ast_CoreContacts_T WHERE ((contactId = ?) AND (versionId = ?))
	bind => [1C70A8B6-1EA8-4DAC-8C16-4D5911A307D2, 2]
[EL Finer]: transaction: 2016-08-26 10:17:52.064--ClientSession(220325869)--Connection(1896225066)--Thread(Thread[Test worker,5,main])--commit transaction
[EL Finest]: connection: 2016-08-26 10:17:52.115--ServerSession(1851516305)--Connection(1028603862)--Thread(Thread[Test worker,5,main])--Connection released to connection pool [default].
[EL Finer]: transaction: 2016-08-26 10:17:52.115--UnitOfWork(755072855)--Thread(Thread[Test worker,5,main])--end unit of work commit
[EL Finer]: transaction: 2016-08-26 10:17:52.115--UnitOfWork(755072855)--Thread(Thread[Test worker,5,main])--resume unit of work
[EL Finer]: transaction: 2016-08-26 10:17:52.115--UnitOfWork(755072855)--Thread(Thread[Test worker,5,main])--release unit of work
[EL Finer]: connection: 2016-08-26 10:17:52.115--ClientSession(220325869)--Thread(Thread[Test worker,5,main])--client released
[EL Finer]: connection: 2016-08-26 10:17:52.135--ServerSession(1851516305)--Thread(Thread[Test worker,5,main])--client acquired: 855070377
[EL Finer]: transaction: 2016-08-26 10:17:52.135--ClientSession(855070377)--Thread(Thread[Test worker,5,main])--acquire unit of work: 207260515
[EL Finest]: connection: 2016-08-26 10:17:52.136--ServerSession(1851516305)--Connection(209000171)--Thread(Thread[Test worker,5,main])--Connection acquired from connection pool [default].
[EL Finer]: transaction: 2016-08-26 10:17:52.136--ClientSession(855070377)--Connection(209000171)--Thread(Thread[Test worker,5,main])--begin transaction
[EL Finest]: connection: 2016-08-26 10:17:52.136--ClientSession(855070377)--Thread(Thread[Test worker,5,main])--reconnecting to external connection pool
[EL Finest]: query: 2016-08-26 10:17:52.137--UnitOfWork(207260515)--Thread(Thread[Test worker,5,main])--Execute query ReadObjectQuery(name="readCommunicationType" referenceClass=CommunicationType sql="SELECT commType, commGroupId, commTypeDescription, commTypeName, versionId, createdBy, createdDate, updatedBy, updatedDate, activeStatus, txnAccessCode FROM ast_CommunicationType_M WHERE (commType = ?)")
[EL Fine]: sql: 2016-08-26 10:17:52.137--ClientSession(855070377)--Connection(461458839)--Thread(Thread[Test worker,5,main])--SELECT commType, commGroupId, commTypeDescription, commTypeName, versionId, createdBy, createdDate, updatedBy, updatedDate, activeStatus, txnAccessCode FROM ast_CommunicationType_M WHERE (commType = ?)
	bind => [10EDB613-FFE0-4B2D-9193-AF23925AEF85]
[EL Finest]: transaction: 2016-08-26 10:17:52.138--UnitOfWork(207260515)--Thread(Thread[Test worker,5,main])--remove() operation called on: e7Xa2BZ4LltzWx2MSwryNUM6uhvugqyFNNS9dEJHGqk9S92qD1,B73DFB98-2F1E-4943-A1B6-F2AA1CC10D49
[EL Finer]: transaction: 2016-08-26 10:17:52.139--UnitOfWork(207260515)--Thread(Thread[Test worker,5,main])--begin unit of work commit
[EL Finest]: query: 2016-08-26 10:17:52.139--UnitOfWork(207260515)--Thread(Thread[Test worker,5,main])--Execute query DoesExistQuery(referenceClass=CommunicationType )
[EL Finest]: query: 2016-08-26 10:17:52.139--UnitOfWork(207260515)--Thread(Thread[Test worker,5,main])--Execute query DeleteObjectQuery(e7Xa2BZ4LltzWx2MSwryNUM6uhvugqyFNNS9dEJHGqk9S92qD1,B73DFB98-2F1E-4943-A1B6-F2AA1CC10D49)
[EL Fine]: sql: 2016-08-26 10:17:52.139--ClientSession(855070377)--Connection(461458839)--Thread(Thread[Test worker,5,main])--DELETE FROM ast_CommunicationType_M WHERE ((commType = ?) AND (versionId = ?))
	bind => [10EDB613-FFE0-4B2D-9193-AF23925AEF85, 1]
[EL Finer]: transaction: 2016-08-26 10:17:52.141--ClientSession(855070377)--Connection(461458839)--Thread(Thread[Test worker,5,main])--commit transaction
[EL Finest]: connection: 2016-08-26 10:17:52.191--ServerSession(1851516305)--Connection(209000171)--Thread(Thread[Test worker,5,main])--Connection released to connection pool [default].
[EL Finer]: transaction: 2016-08-26 10:17:52.191--UnitOfWork(207260515)--Thread(Thread[Test worker,5,main])--end unit of work commit
[EL Finer]: transaction: 2016-08-26 10:17:52.191--UnitOfWork(207260515)--Thread(Thread[Test worker,5,main])--resume unit of work
[EL Finer]: transaction: 2016-08-26 10:17:52.191--UnitOfWork(207260515)--Thread(Thread[Test worker,5,main])--release unit of work
[EL Finer]: connection: 2016-08-26 10:17:52.192--ClientSession(855070377)--Thread(Thread[Test worker,5,main])--client released
[EL Finer]: connection: 2016-08-26 10:17:52.207--ServerSession(1851516305)--Thread(Thread[Test worker,5,main])--client acquired: 503627125
[EL Finer]: transaction: 2016-08-26 10:17:52.207--ClientSession(503627125)--Thread(Thread[Test worker,5,main])--acquire unit of work: 1228037048
[EL Finest]: connection: 2016-08-26 10:17:52.207--ServerSession(1851516305)--Connection(153334419)--Thread(Thread[Test worker,5,main])--Connection acquired from connection pool [default].
[EL Finer]: transaction: 2016-08-26 10:17:52.207--ClientSession(503627125)--Connection(153334419)--Thread(Thread[Test worker,5,main])--begin transaction
[EL Finest]: connection: 2016-08-26 10:17:52.207--ClientSession(503627125)--Thread(Thread[Test worker,5,main])--reconnecting to external connection pool
[EL Finest]: query: 2016-08-26 10:17:52.208--UnitOfWork(1228037048)--Thread(Thread[Test worker,5,main])--Execute query ReadObjectQuery(name="readCommunicationGroup" referenceClass=CommunicationGroup sql="SELECT commGroupId, commGroupDescription, commGroupName, versionId, createdBy, createdDate, updatedBy, updatedDate, activeStatus, txnAccessCode FROM ast_CommunicationGroup_M WHERE (commGroupId = ?)")
[EL Fine]: sql: 2016-08-26 10:17:52.208--ClientSession(503627125)--Connection(690367641)--Thread(Thread[Test worker,5,main])--SELECT commGroupId, commGroupDescription, commGroupName, versionId, createdBy, createdDate, updatedBy, updatedDate, activeStatus, txnAccessCode FROM ast_CommunicationGroup_M WHERE (commGroupId = ?)
	bind => [B73DFB98-2F1E-4943-A1B6-F2AA1CC10D49]
[EL Finest]: transaction: 2016-08-26 10:17:52.209--UnitOfWork(1228037048)--Thread(Thread[Test worker,5,main])--remove() operation called on: RNMvENTPXYpz9YdefHzKS6QyXefbO79wJ1omPMegRpXj8OpWL3
[EL Finer]: transaction: 2016-08-26 10:17:52.209--UnitOfWork(1228037048)--Thread(Thread[Test worker,5,main])--begin unit of work commit
[EL Finest]: query: 2016-08-26 10:17:52.209--UnitOfWork(1228037048)--Thread(Thread[Test worker,5,main])--Execute query DoesExistQuery(referenceClass=CommunicationGroup )
[EL Finest]: query: 2016-08-26 10:17:52.21--UnitOfWork(1228037048)--Thread(Thread[Test worker,5,main])--Execute query DeleteObjectQuery(RNMvENTPXYpz9YdefHzKS6QyXefbO79wJ1omPMegRpXj8OpWL3)
[EL Fine]: sql: 2016-08-26 10:17:52.21--ClientSession(503627125)--Connection(690367641)--Thread(Thread[Test worker,5,main])--DELETE FROM ast_CommunicationGroup_M WHERE ((commGroupId = ?) AND (versionId = ?))
	bind => [B73DFB98-2F1E-4943-A1B6-F2AA1CC10D49, 1]
[EL Finer]: transaction: 2016-08-26 10:17:52.292--ClientSession(503627125)--Connection(690367641)--Thread(Thread[Test worker,5,main])--commit transaction
[EL Finest]: connection: 2016-08-26 10:17:52.316--ServerSession(1851516305)--Connection(153334419)--Thread(Thread[Test worker,5,main])--Connection released to connection pool [default].
[EL Finer]: transaction: 2016-08-26 10:17:52.316--UnitOfWork(1228037048)--Thread(Thread[Test worker,5,main])--end unit of work commit
[EL Finer]: transaction: 2016-08-26 10:17:52.316--UnitOfWork(1228037048)--Thread(Thread[Test worker,5,main])--resume unit of work
[EL Finer]: transaction: 2016-08-26 10:17:52.316--UnitOfWork(1228037048)--Thread(Thread[Test worker,5,main])--release unit of work
[EL Finer]: connection: 2016-08-26 10:17:52.316--ClientSession(503627125)--Thread(Thread[Test worker,5,main])--client released
[EL Finer]: connection: 2016-08-26 10:17:52.338--ServerSession(1851516305)--Thread(Thread[Test worker,5,main])--client acquired: 835875420
[EL Finer]: transaction: 2016-08-26 10:17:52.338--ClientSession(835875420)--Thread(Thread[Test worker,5,main])--acquire unit of work: 1867648913
[EL Finest]: connection: 2016-08-26 10:17:52.338--ServerSession(1851516305)--Connection(1954296239)--Thread(Thread[Test worker,5,main])--Connection acquired from connection pool [default].
[EL Finer]: transaction: 2016-08-26 10:17:52.338--ClientSession(835875420)--Connection(1954296239)--Thread(Thread[Test worker,5,main])--begin transaction
[EL Finest]: connection: 2016-08-26 10:17:52.338--ClientSession(835875420)--Thread(Thread[Test worker,5,main])--reconnecting to external connection pool
[EL Finest]: query: 2016-08-26 10:17:52.34--UnitOfWork(1867648913)--Thread(Thread[Test worker,5,main])--Execute query ReadObjectQuery(name="readAddressType" referenceClass=AddressType sql="SELECT addressTypeId, addressType, addressTypeDesc, addressTypeIcon, versionId, createdBy, createdDate, updatedBy, updatedDate, activeStatus, txnAccessCode FROM ast_AddressType_M WHERE (addressTypeId = ?)")
[EL Fine]: sql: 2016-08-26 10:17:52.34--ClientSession(835875420)--Connection(1405675323)--Thread(Thread[Test worker,5,main])--SELECT addressTypeId, addressType, addressTypeDesc, addressTypeIcon, versionId, createdBy, createdDate, updatedBy, updatedDate, activeStatus, txnAccessCode FROM ast_AddressType_M WHERE (addressTypeId = ?)
	bind => [45CA90E9-00BA-4192-8535-8A05AF9B36B9]
[EL Finest]: transaction: 2016-08-26 10:17:52.341--UnitOfWork(1867648913)--Thread(Thread[Test worker,5,main])--remove() operation called on: Ch3ocnc2KIzxV9RFzuPmIDrIkop0vPAcDTZf0sq6Cbu2ojYeum
[EL Finer]: transaction: 2016-08-26 10:17:52.342--UnitOfWork(1867648913)--Thread(Thread[Test worker,5,main])--begin unit of work commit
[EL Finest]: query: 2016-08-26 10:17:52.342--UnitOfWork(1867648913)--Thread(Thread[Test worker,5,main])--Execute query DoesExistQuery(referenceClass=AddressType )
[EL Finest]: query: 2016-08-26 10:17:52.342--UnitOfWork(1867648913)--Thread(Thread[Test worker,5,main])--Execute query DeleteObjectQuery(Ch3ocnc2KIzxV9RFzuPmIDrIkop0vPAcDTZf0sq6Cbu2ojYeum)
[EL Fine]: sql: 2016-08-26 10:17:52.342--ClientSession(835875420)--Connection(1405675323)--Thread(Thread[Test worker,5,main])--DELETE FROM ast_AddressType_M WHERE ((addressTypeId = ?) AND (versionId = ?))
	bind => [45CA90E9-00BA-4192-8535-8A05AF9B36B9, 1]
[EL Finer]: transaction: 2016-08-26 10:17:52.344--ClientSession(835875420)--Connection(1405675323)--Thread(Thread[Test worker,5,main])--commit transaction
[EL Finest]: connection: 2016-08-26 10:17:52.517--ServerSession(1851516305)--Connection(1954296239)--Thread(Thread[Test worker,5,main])--Connection released to connection pool [default].
[EL Finer]: transaction: 2016-08-26 10:17:52.517--UnitOfWork(1867648913)--Thread(Thread[Test worker,5,main])--end unit of work commit
[EL Finer]: transaction: 2016-08-26 10:17:52.517--UnitOfWork(1867648913)--Thread(Thread[Test worker,5,main])--resume unit of work
[EL Finer]: transaction: 2016-08-26 10:17:52.517--UnitOfWork(1867648913)--Thread(Thread[Test worker,5,main])--release unit of work
[EL Finer]: connection: 2016-08-26 10:17:52.517--ClientSession(835875420)--Thread(Thread[Test worker,5,main])--client released
[EL Finer]: connection: 2016-08-26 10:17:52.545--ServerSession(1851516305)--Thread(Thread[Test worker,5,main])--client acquired: 234765254
[EL Finer]: transaction: 2016-08-26 10:17:52.545--ClientSession(234765254)--Thread(Thread[Test worker,5,main])--acquire unit of work: 772164439
[EL Finest]: connection: 2016-08-26 10:17:52.545--ServerSession(1851516305)--Connection(524047452)--Thread(Thread[Test worker,5,main])--Connection acquired from connection pool [default].
[EL Finer]: transaction: 2016-08-26 10:17:52.545--ClientSession(234765254)--Connection(524047452)--Thread(Thread[Test worker,5,main])--begin transaction
[EL Finest]: connection: 2016-08-26 10:17:52.545--ClientSession(234765254)--Thread(Thread[Test worker,5,main])--reconnecting to external connection pool
[EL Finest]: query: 2016-08-26 10:17:52.547--UnitOfWork(772164439)--Thread(Thread[Test worker,5,main])--Execute query ReadObjectQuery(name="readCity" referenceClass=City sql="SELECT cityId, cityCode, cityCodeChar2, cityDescription, cityFlag, cityLatitude, cityLongitude, cityName, countryId, stateId, versionId, createdBy, createdDate, updatedBy, updatedDate, activeStatus, txnAccessCode FROM ast_City_M WHERE (cityId = ?)")
[EL Fine]: sql: 2016-08-26 10:17:52.547--ClientSession(234765254)--Connection(1542198374)--Thread(Thread[Test worker,5,main])--SELECT cityId, cityCode, cityCodeChar2, cityDescription, cityFlag, cityLatitude, cityLongitude, cityName, countryId, stateId, versionId, createdBy, createdDate, updatedBy, updatedDate, activeStatus, txnAccessCode FROM ast_City_M WHERE (cityId = ?)
	bind => [D01263BE-AB9A-4D91-BA89-8AB84FBB7FC6]
[EL Finest]: transaction: 2016-08-26 10:17:52.549--UnitOfWork(772164439)--Thread(Thread[Test worker,5,main])--remove() operation called on: 3r6rOpapM9wbeRjaWXn6U3WPnIjmipYWtX1UN1dnCuKem4iXHE,rqdSE8BzUTwBc3cqX80Xcrxrd6KRacEW,2
[EL Finer]: transaction: 2016-08-26 10:17:52.549--UnitOfWork(772164439)--Thread(Thread[Test worker,5,main])--begin unit of work commit
[EL Finest]: query: 2016-08-26 10:17:52.549--UnitOfWork(772164439)--Thread(Thread[Test worker,5,main])--Execute query DoesExistQuery(referenceClass=City )
[EL Finest]: query: 2016-08-26 10:17:52.55--UnitOfWork(772164439)--Thread(Thread[Test worker,5,main])--Execute query DeleteObjectQuery(3r6rOpapM9wbeRjaWXn6U3WPnIjmipYWtX1UN1dnCuKem4iXHE,rqdSE8BzUTwBc3cqX80Xcrxrd6KRacEW,2)
[EL Fine]: sql: 2016-08-26 10:17:52.55--ClientSession(234765254)--Connection(1542198374)--Thread(Thread[Test worker,5,main])--DELETE FROM ast_City_M WHERE ((cityId = ?) AND (versionId = ?))
	bind => [D01263BE-AB9A-4D91-BA89-8AB84FBB7FC6, 1]
[EL Finer]: transaction: 2016-08-26 10:17:52.551--ClientSession(234765254)--Connection(1542198374)--Thread(Thread[Test worker,5,main])--commit transaction
[EL Finest]: connection: 2016-08-26 10:17:52.576--ServerSession(1851516305)--Connection(524047452)--Thread(Thread[Test worker,5,main])--Connection released to connection pool [default].
[EL Finer]: transaction: 2016-08-26 10:17:52.576--UnitOfWork(772164439)--Thread(Thread[Test worker,5,main])--end unit of work commit
[EL Finer]: transaction: 2016-08-26 10:17:52.576--UnitOfWork(772164439)--Thread(Thread[Test worker,5,main])--resume unit of work
[EL Finer]: transaction: 2016-08-26 10:17:52.576--UnitOfWork(772164439)--Thread(Thread[Test worker,5,main])--release unit of work
[EL Finer]: connection: 2016-08-26 10:17:52.576--ClientSession(234765254)--Thread(Thread[Test worker,5,main])--client released
[EL Finer]: connection: 2016-08-26 10:17:52.6--ServerSession(1851516305)--Thread(Thread[Test worker,5,main])--client acquired: 1376965064
[EL Finer]: transaction: 2016-08-26 10:17:52.6--ClientSession(1376965064)--Thread(Thread[Test worker,5,main])--acquire unit of work: 1368050576
[EL Finest]: connection: 2016-08-26 10:17:52.6--ServerSession(1851516305)--Connection(1866106050)--Thread(Thread[Test worker,5,main])--Connection acquired from connection pool [default].
[EL Finer]: transaction: 2016-08-26 10:17:52.6--ClientSession(1376965064)--Connection(1866106050)--Thread(Thread[Test worker,5,main])--begin transaction
[EL Finest]: connection: 2016-08-26 10:17:52.601--ClientSession(1376965064)--Thread(Thread[Test worker,5,main])--reconnecting to external connection pool
[EL Finest]: query: 2016-08-26 10:17:52.602--UnitOfWork(1368050576)--Thread(Thread[Test worker,5,main])--Execute query ReadObjectQuery(name="readState" referenceClass=State sql="SELECT stateId, countryId, stateCapital, stateCapitalLatitude, stateCapitalLongitude, stateCode, stateCodeChar2, stateCodeChar3, stateDescription, stateFlag, stateName, versionId, createdBy, createdDate, updatedBy, updatedDate, activeStatus, txnAccessCode FROM ast_State_M WHERE (stateId = ?)")
[EL Fine]: sql: 2016-08-26 10:17:52.602--ClientSession(1376965064)--Connection(553150536)--Thread(Thread[Test worker,5,main])--SELECT stateId, countryId, stateCapital, stateCapitalLatitude, stateCapitalLongitude, stateCode, stateCodeChar2, stateCodeChar3, stateDescription, stateFlag, stateName, versionId, createdBy, createdDate, updatedBy, updatedDate, activeStatus, txnAccessCode FROM ast_State_M WHERE (stateId = ?)
	bind => [7C6DC404-27A7-44A2-B166-C9AB6DC76FAE]
[EL Finest]: transaction: 2016-08-26 10:17:52.604--UnitOfWork(1368050576)--Thread(Thread[Test worker,5,main])--remove() operation called on: B9VmzU8zV7iWyBMEngDDBWAqKDfYWPNgmTueZF5JttqCSDYxP6
[EL Finer]: transaction: 2016-08-26 10:17:52.605--UnitOfWork(1368050576)--Thread(Thread[Test worker,5,main])--begin unit of work commit
[EL Finest]: query: 2016-08-26 10:17:52.605--UnitOfWork(1368050576)--Thread(Thread[Test worker,5,main])--Execute query DoesExistQuery(referenceClass=State )
[EL Finest]: query: 2016-08-26 10:17:52.605--UnitOfWork(1368050576)--Thread(Thread[Test worker,5,main])--Execute query DeleteObjectQuery(B9VmzU8zV7iWyBMEngDDBWAqKDfYWPNgmTueZF5JttqCSDYxP6)
[EL Fine]: sql: 2016-08-26 10:17:52.605--ClientSession(1376965064)--Connection(553150536)--Thread(Thread[Test worker,5,main])--DELETE FROM ast_State_M WHERE ((stateId = ?) AND (versionId = ?))
	bind => [7C6DC404-27A7-44A2-B166-C9AB6DC76FAE, 1]
[EL Finer]: transaction: 2016-08-26 10:17:52.607--ClientSession(1376965064)--Connection(553150536)--Thread(Thread[Test worker,5,main])--commit transaction
[EL Finest]: connection: 2016-08-26 10:17:52.651--ServerSession(1851516305)--Connection(1866106050)--Thread(Thread[Test worker,5,main])--Connection released to connection pool [default].
[EL Finer]: transaction: 2016-08-26 10:17:52.651--UnitOfWork(1368050576)--Thread(Thread[Test worker,5,main])--end unit of work commit
[EL Finer]: transaction: 2016-08-26 10:17:52.651--UnitOfWork(1368050576)--Thread(Thread[Test worker,5,main])--resume unit of work
[EL Finer]: transaction: 2016-08-26 10:17:52.651--UnitOfWork(1368050576)--Thread(Thread[Test worker,5,main])--release unit of work
[EL Finer]: connection: 2016-08-26 10:17:52.652--ClientSession(1376965064)--Thread(Thread[Test worker,5,main])--client released
[EL Finer]: connection: 2016-08-26 10:17:52.675--ServerSession(1851516305)--Thread(Thread[Test worker,5,main])--client acquired: 1006990605
[EL Finer]: transaction: 2016-08-26 10:17:52.675--ClientSession(1006990605)--Thread(Thread[Test worker,5,main])--acquire unit of work: 172476228
[EL Finest]: connection: 2016-08-26 10:17:52.675--ServerSession(1851516305)--Connection(1852524193)--Thread(Thread[Test worker,5,main])--Connection acquired from connection pool [default].
[EL Finer]: transaction: 2016-08-26 10:17:52.675--ClientSession(1006990605)--Connection(1852524193)--Thread(Thread[Test worker,5,main])--begin transaction
[EL Finest]: connection: 2016-08-26 10:17:52.675--ClientSession(1006990605)--Thread(Thread[Test worker,5,main])--reconnecting to external connection pool
[EL Finest]: query: 2016-08-26 10:17:52.677--UnitOfWork(172476228)--Thread(Thread[Test worker,5,main])--Execute query ReadObjectQuery(name="readCountry" referenceClass=Country sql="SELECT countryId, capital, capitalLatitude, capitalLongitude, countryCode1, countryCode2, countryFlag, countryName, currencyCode, currencyName, currencySymbol, isoNumeric, versionId, createdBy, createdDate, updatedBy, updatedDate, activeStatus, txnAccessCode FROM ast_Country_M WHERE (countryId = ?)")
[EL Fine]: sql: 2016-08-26 10:17:52.677--ClientSession(1006990605)--Connection(1780100759)--Thread(Thread[Test worker,5,main])--SELECT countryId, capital, capitalLatitude, capitalLongitude, countryCode1, countryCode2, countryFlag, countryName, currencyCode, currencyName, currencySymbol, isoNumeric, versionId, createdBy, createdDate, updatedBy, updatedDate, activeStatus, txnAccessCode FROM ast_Country_M WHERE (countryId = ?)
	bind => [44707316-D918-42ED-86DA-9A8B077D5F1F]
[EL Finest]: transaction: 2016-08-26 10:17:52.679--UnitOfWork(172476228)--Thread(Thread[Test worker,5,main])--remove() operation called on: VGzSUy9WhMTZUO7f8GO53GE3TAuEjNrASXXyrst6utn0x5InQj
[EL Finer]: transaction: 2016-08-26 10:17:52.679--UnitOfWork(172476228)--Thread(Thread[Test worker,5,main])--begin unit of work commit
[EL Finest]: query: 2016-08-26 10:17:52.679--UnitOfWork(172476228)--Thread(Thread[Test worker,5,main])--Execute query DoesExistQuery(referenceClass=Country )
[EL Finest]: query: 2016-08-26 10:17:52.679--UnitOfWork(172476228)--Thread(Thread[Test worker,5,main])--Execute query DeleteObjectQuery(VGzSUy9WhMTZUO7f8GO53GE3TAuEjNrASXXyrst6utn0x5InQj)
[EL Fine]: sql: 2016-08-26 10:17:52.68--ClientSession(1006990605)--Connection(1780100759)--Thread(Thread[Test worker,5,main])--DELETE FROM ast_Country_M WHERE ((countryId = ?) AND (versionId = ?))
	bind => [44707316-D918-42ED-86DA-9A8B077D5F1F, 1]
[EL Finer]: transaction: 2016-08-26 10:17:52.681--ClientSession(1006990605)--Connection(1780100759)--Thread(Thread[Test worker,5,main])--commit transaction
[EL Finest]: connection: 2016-08-26 10:17:52.726--ServerSession(1851516305)--Connection(1852524193)--Thread(Thread[Test worker,5,main])--Connection released to connection pool [default].
[EL Finer]: transaction: 2016-08-26 10:17:52.727--UnitOfWork(172476228)--Thread(Thread[Test worker,5,main])--end unit of work commit
[EL Finer]: transaction: 2016-08-26 10:17:52.727--UnitOfWork(172476228)--Thread(Thread[Test worker,5,main])--resume unit of work
[EL Finer]: transaction: 2016-08-26 10:17:52.727--UnitOfWork(172476228)--Thread(Thread[Test worker,5,main])--release unit of work
[EL Finer]: connection: 2016-08-26 10:17:52.727--ClientSession(1006990605)--Thread(Thread[Test worker,5,main])--client released
[EL Finer]: connection: 2016-08-26 10:17:52.75--ServerSession(1851516305)--Thread(Thread[Test worker,5,main])--client acquired: 408378398
[EL Finer]: transaction: 2016-08-26 10:17:52.75--ClientSession(408378398)--Thread(Thread[Test worker,5,main])--acquire unit of work: 257999374
[EL Finest]: connection: 2016-08-26 10:17:52.75--ServerSession(1851516305)--Connection(425995525)--Thread(Thread[Test worker,5,main])--Connection acquired from connection pool [default].
[EL Finer]: transaction: 2016-08-26 10:17:52.75--ClientSession(408378398)--Connection(425995525)--Thread(Thread[Test worker,5,main])--begin transaction
[EL Finest]: connection: 2016-08-26 10:17:52.75--ClientSession(408378398)--Thread(Thread[Test worker,5,main])--reconnecting to external connection pool
[EL Finest]: query: 2016-08-26 10:17:52.752--UnitOfWork(257999374)--Thread(Thread[Test worker,5,main])--Execute query ReadObjectQuery(name="readLanguage" referenceClass=Language sql="SELECT languageId, alpha2, alpha3, alpha4, alpha4parentid, language, languageDescription, languageIcon, languageType, versionId, createdBy, createdDate, updatedBy, updatedDate, activeStatus, txnAccessCode FROM ast_Language_M WHERE (languageId = ?)")
[EL Fine]: sql: 2016-08-26 10:17:52.752--ClientSession(408378398)--Connection(252086402)--Thread(Thread[Test worker,5,main])--SELECT languageId, alpha2, alpha3, alpha4, alpha4parentid, language, languageDescription, languageIcon, languageType, versionId, createdBy, createdDate, updatedBy, updatedDate, activeStatus, txnAccessCode FROM ast_Language_M WHERE (languageId = ?)
	bind => [9BC73687-2DA3-4DEA-9A27-FF72E5B13966]
[EL Finest]: transaction: 2016-08-26 10:17:52.754--UnitOfWork(257999374)--Thread(Thread[Test worker,5,main])--remove() operation called on: ByhPvd045ihy0E6erSeDC31oglqdJwwox7YNySZBlKVEgwDzwv
[EL Finer]: transaction: 2016-08-26 10:17:52.754--UnitOfWork(257999374)--Thread(Thread[Test worker,5,main])--begin unit of work commit
[EL Finest]: query: 2016-08-26 10:17:52.755--UnitOfWork(257999374)--Thread(Thread[Test worker,5,main])--Execute query DoesExistQuery(referenceClass=Language )
[EL Finest]: query: 2016-08-26 10:17:52.755--UnitOfWork(257999374)--Thread(Thread[Test worker,5,main])--Execute query DeleteObjectQuery(ByhPvd045ihy0E6erSeDC31oglqdJwwox7YNySZBlKVEgwDzwv)
[EL Fine]: sql: 2016-08-26 10:17:52.755--ClientSession(408378398)--Connection(252086402)--Thread(Thread[Test worker,5,main])--DELETE FROM ast_Language_M WHERE ((languageId = ?) AND (versionId = ?))
	bind => [9BC73687-2DA3-4DEA-9A27-FF72E5B13966, 1]
[EL Finer]: transaction: 2016-08-26 10:17:52.757--ClientSession(408378398)--Connection(252086402)--Thread(Thread[Test worker,5,main])--commit transaction
[EL Finest]: connection: 2016-08-26 10:17:52.793--ServerSession(1851516305)--Connection(425995525)--Thread(Thread[Test worker,5,main])--Connection released to connection pool [default].
[EL Finer]: transaction: 2016-08-26 10:17:52.794--UnitOfWork(257999374)--Thread(Thread[Test worker,5,main])--end unit of work commit
[EL Finer]: transaction: 2016-08-26 10:17:52.794--UnitOfWork(257999374)--Thread(Thread[Test worker,5,main])--resume unit of work
[EL Finer]: transaction: 2016-08-26 10:17:52.794--UnitOfWork(257999374)--Thread(Thread[Test worker,5,main])--release unit of work
[EL Finer]: connection: 2016-08-26 10:17:52.794--ClientSession(408378398)--Thread(Thread[Test worker,5,main])--client released
[EL Finer]: connection: 2016-08-26 10:17:52.808--ServerSession(1851516305)--Thread(Thread[Test worker,5,main])--client acquired: 2045293658
[EL Finer]: transaction: 2016-08-26 10:17:52.808--ClientSession(2045293658)--Thread(Thread[Test worker,5,main])--acquire unit of work: 479772477
[EL Finest]: connection: 2016-08-26 10:17:52.808--ServerSession(1851516305)--Connection(1882410101)--Thread(Thread[Test worker,5,main])--Connection acquired from connection pool [default].
[EL Finer]: transaction: 2016-08-26 10:17:52.808--ClientSession(2045293658)--Connection(1882410101)--Thread(Thread[Test worker,5,main])--begin transaction
[EL Finest]: connection: 2016-08-26 10:17:52.808--ClientSession(2045293658)--Thread(Thread[Test worker,5,main])--reconnecting to external connection pool
[EL Finest]: query: 2016-08-26 10:17:52.81--UnitOfWork(479772477)--Thread(Thread[Test worker,5,main])--Execute query ReadObjectQuery(name="readTitle" referenceClass=Title sql="SELECT titleId, titles, versionId, createdBy, createdDate, updatedBy, updatedDate, activeStatus, txnAccessCode FROM ast_Title_M WHERE (titleId = ?)")
[EL Fine]: sql: 2016-08-26 10:17:52.81--ClientSession(2045293658)--Connection(137211682)--Thread(Thread[Test worker,5,main])--SELECT titleId, titles, versionId, createdBy, createdDate, updatedBy, updatedDate, activeStatus, txnAccessCode FROM ast_Title_M WHERE (titleId = ?)
	bind => [D5F860E5-2E15-4233-83E2-9CBD0EBBEB46]
[EL Finest]: transaction: 2016-08-26 10:17:52.811--UnitOfWork(479772477)--Thread(Thread[Test worker,5,main])--remove() operation called on: cdgG63iKKAGhCLpKD5qXFBPYH3PthzrMdP7g6pafT5DlXggnzd
[EL Finer]: transaction: 2016-08-26 10:17:52.811--UnitOfWork(479772477)--Thread(Thread[Test worker,5,main])--begin unit of work commit
[EL Finest]: query: 2016-08-26 10:17:52.812--UnitOfWork(479772477)--Thread(Thread[Test worker,5,main])--Execute query DoesExistQuery(referenceClass=Title )
[EL Finest]: query: 2016-08-26 10:17:52.812--UnitOfWork(479772477)--Thread(Thread[Test worker,5,main])--Execute query DeleteObjectQuery(cdgG63iKKAGhCLpKD5qXFBPYH3PthzrMdP7g6pafT5DlXggnzd)
[EL Fine]: sql: 2016-08-26 10:17:52.812--ClientSession(2045293658)--Connection(137211682)--Thread(Thread[Test worker,5,main])--DELETE FROM ast_Title_M WHERE ((titleId = ?) AND (versionId = ?))
	bind => [D5F860E5-2E15-4233-83E2-9CBD0EBBEB46, 1]
[EL Finer]: transaction: 2016-08-26 10:17:52.813--ClientSession(2045293658)--Connection(137211682)--Thread(Thread[Test worker,5,main])--commit transaction
[EL Finest]: connection: 2016-08-26 10:17:52.979--ServerSession(1851516305)--Connection(1882410101)--Thread(Thread[Test worker,5,main])--Connection released to connection pool [default].
[EL Finer]: transaction: 2016-08-26 10:17:52.979--UnitOfWork(479772477)--Thread(Thread[Test worker,5,main])--end unit of work commit
[EL Finer]: transaction: 2016-08-26 10:17:52.98--UnitOfWork(479772477)--Thread(Thread[Test worker,5,main])--resume unit of work
[EL Finer]: transaction: 2016-08-26 10:17:52.98--UnitOfWork(479772477)--Thread(Thread[Test worker,5,main])--release unit of work
[EL Finer]: connection: 2016-08-26 10:17:52.98--ClientSession(2045293658)--Thread(Thread[Test worker,5,main])--client released
[EL Finer]: connection: 2016-08-26 10:17:52.999--ServerSession(1851516305)--Thread(Thread[Test worker,5,main])--client acquired: 935793685
[EL Finer]: transaction: 2016-08-26 10:17:53.0--ClientSession(935793685)--Thread(Thread[Test worker,5,main])--acquire unit of work: 1861716814
[EL Finest]: connection: 2016-08-26 10:17:53.0--ServerSession(1851516305)--Connection(1037756108)--Thread(Thread[Test worker,5,main])--Connection acquired from connection pool [default].
[EL Finer]: transaction: 2016-08-26 10:17:53.0--ClientSession(935793685)--Connection(1037756108)--Thread(Thread[Test worker,5,main])--begin transaction
[EL Finest]: connection: 2016-08-26 10:17:53.0--ClientSession(935793685)--Thread(Thread[Test worker,5,main])--reconnecting to external connection pool
[EL Finest]: query: 2016-08-26 10:17:53.001--UnitOfWork(1861716814)--Thread(Thread[Test worker,5,main])--Execute query ReadObjectQuery(name="readTimezone" referenceClass=Timezone sql="SELECT timeZoneId, cities, country, gmtLabel, timeZoneLabel, utcdifference, versionId, createdBy, createdDate, updatedBy, updatedDate, activeStatus, txnAccessCode FROM ast_Timezone_M WHERE (timeZoneId = ?)")
[EL Fine]: sql: 2016-08-26 10:17:53.001--ClientSession(935793685)--Connection(168321371)--Thread(Thread[Test worker,5,main])--SELECT timeZoneId, cities, country, gmtLabel, timeZoneLabel, utcdifference, versionId, createdBy, createdDate, updatedBy, updatedDate, activeStatus, txnAccessCode FROM ast_Timezone_M WHERE (timeZoneId = ?)
	bind => [A85FDF93-90CC-4ECC-951B-5C34F243B071]
[EL Finest]: transaction: 2016-08-26 10:17:53.002--UnitOfWork(1861716814)--Thread(Thread[Test worker,5,main])--remove() operation called on: 6,G8IcK4ql84jJOQR8ro0vhkK1Ei8ZmpLsBqBKj3fPki1Tdlpjzt
[EL Finer]: transaction: 2016-08-26 10:17:53.003--UnitOfWork(1861716814)--Thread(Thread[Test worker,5,main])--begin unit of work commit
[EL Finest]: query: 2016-08-26 10:17:53.003--UnitOfWork(1861716814)--Thread(Thread[Test worker,5,main])--Execute query DoesExistQuery(referenceClass=Timezone )
[EL Finest]: query: 2016-08-26 10:17:53.003--UnitOfWork(1861716814)--Thread(Thread[Test worker,5,main])--Execute query DeleteObjectQuery(6,G8IcK4ql84jJOQR8ro0vhkK1Ei8ZmpLsBqBKj3fPki1Tdlpjzt)
[EL Fine]: sql: 2016-08-26 10:17:53.003--ClientSession(935793685)--Connection(168321371)--Thread(Thread[Test worker,5,main])--DELETE FROM ast_Timezone_M WHERE ((timeZoneId = ?) AND (versionId = ?))
	bind => [A85FDF93-90CC-4ECC-951B-5C34F243B071, 1]
[EL Finer]: transaction: 2016-08-26 10:17:53.005--ClientSession(935793685)--Connection(168321371)--Thread(Thread[Test worker,5,main])--commit transaction
[EL Finest]: connection: 2016-08-26 10:17:53.054--ServerSession(1851516305)--Connection(1037756108)--Thread(Thread[Test worker,5,main])--Connection released to connection pool [default].
[EL Finer]: transaction: 2016-08-26 10:17:53.054--UnitOfWork(1861716814)--Thread(Thread[Test worker,5,main])--end unit of work commit
[EL Finer]: transaction: 2016-08-26 10:17:53.055--UnitOfWork(1861716814)--Thread(Thread[Test worker,5,main])--resume unit of work
[EL Finer]: transaction: 2016-08-26 10:17:53.055--UnitOfWork(1861716814)--Thread(Thread[Test worker,5,main])--release unit of work
[EL Finer]: connection: 2016-08-26 10:17:53.055--ClientSession(935793685)--Thread(Thread[Test worker,5,main])--client released
[EL Finer]: connection: 2016-08-26 10:17:53.07--ServerSession(1851516305)--Thread(Thread[Test worker,5,main])--client acquired: 90937007
[EL Finer]: transaction: 2016-08-26 10:17:53.07--ClientSession(90937007)--Thread(Thread[Test worker,5,main])--acquire unit of work: 1517403632
[EL Finest]: connection: 2016-08-26 10:17:53.07--ServerSession(1851516305)--Connection(1634534899)--Thread(Thread[Test worker,5,main])--Connection acquired from connection pool [default].
[EL Finer]: transaction: 2016-08-26 10:17:53.07--ClientSession(90937007)--Connection(1634534899)--Thread(Thread[Test worker,5,main])--begin transaction
[EL Finest]: connection: 2016-08-26 10:17:53.07--ClientSession(90937007)--Thread(Thread[Test worker,5,main])--reconnecting to external connection pool
[EL Finest]: query: 2016-08-26 10:17:53.071--UnitOfWork(1517403632)--Thread(Thread[Test worker,5,main])--Execute query ReadObjectQuery(name="readGender" referenceClass=Gender sql="SELECT genderId, gender, versionId, createdBy, createdDate, updatedBy, updatedDate, activeStatus, txnAccessCode FROM ast_Gender_M WHERE (genderId = ?)")
[EL Fine]: sql: 2016-08-26 10:17:53.071--ClientSession(90937007)--Connection(552490916)--Thread(Thread[Test worker,5,main])--SELECT genderId, gender, versionId, createdBy, createdDate, updatedBy, updatedDate, activeStatus, txnAccessCode FROM ast_Gender_M WHERE (genderId = ?)
	bind => [7AA84201-7A6E-42C8-A440-B967E8E01978]
[EL Finest]: transaction: 2016-08-26 10:17:53.072--UnitOfWork(1517403632)--Thread(Thread[Test worker,5,main])--remove() operation called on: fEs0cQcdjhFNrhgBgMxmzpkWN34U7Bf0AL0tf6q51JEJNITXIW
[EL Finer]: transaction: 2016-08-26 10:17:53.073--UnitOfWork(1517403632)--Thread(Thread[Test worker,5,main])--begin unit of work commit
[EL Finest]: query: 2016-08-26 10:17:53.073--UnitOfWork(1517403632)--Thread(Thread[Test worker,5,main])--Execute query DoesExistQuery(referenceClass=Gender )
[EL Finest]: query: 2016-08-26 10:17:53.073--UnitOfWork(1517403632)--Thread(Thread[Test worker,5,main])--Execute query DeleteObjectQuery(fEs0cQcdjhFNrhgBgMxmzpkWN34U7Bf0AL0tf6q51JEJNITXIW)
[EL Fine]: sql: 2016-08-26 10:17:53.073--ClientSession(90937007)--Connection(552490916)--Thread(Thread[Test worker,5,main])--DELETE FROM ast_Gender_M WHERE ((genderId = ?) AND (versionId = ?))
	bind => [7AA84201-7A6E-42C8-A440-B967E8E01978, 1]
[EL Finer]: transaction: 2016-08-26 10:17:53.08--ClientSession(90937007)--Connection(552490916)--Thread(Thread[Test worker,5,main])--commit transaction
[EL Finest]: connection: 2016-08-26 10:17:53.143--ServerSession(1851516305)--Connection(1634534899)--Thread(Thread[Test worker,5,main])--Connection released to connection pool [default].
[EL Finer]: transaction: 2016-08-26 10:17:53.143--UnitOfWork(1517403632)--Thread(Thread[Test worker,5,main])--end unit of work commit
[EL Finer]: transaction: 2016-08-26 10:17:53.143--UnitOfWork(1517403632)--Thread(Thread[Test worker,5,main])--resume unit of work
[EL Finer]: transaction: 2016-08-26 10:17:53.143--UnitOfWork(1517403632)--Thread(Thread[Test worker,5,main])--release unit of work
[EL Finer]: connection: 2016-08-26 10:17:53.143--ClientSession(90937007)--Thread(Thread[Test worker,5,main])--client released
]]></system-out>
  <system-err><![CDATA[CoreContacts.firstName may not be null
java.lang.SecurityException: CoreContacts.firstName may not be null
	at com.athena.server.pluggable.utils.helper.EntityValidatorHelper.validateEntity(EntityValidatorHelper.java:37)
	at projectthree.app.shared.organization.contactmanagement.CoreContacts.isValid(CoreContacts.java:486)
	at projectthree.app.server.service.organization.contactmanagement.CoreContactsTestCase.validateCoreContacts(CoreContactsTestCase.java:472)
	at projectthree.app.server.service.organization.contactmanagement.CoreContactsTestCase.test5NegativeTesting(CoreContactsTestCase.java:515)
	at sun.reflect.NativeMethodAccessorImpl.invoke0(Native Method)
	at sun.reflect.NativeMethodAccessorImpl.invoke(NativeMethodAccessorImpl.java:57)
	at sun.reflect.DelegatingMethodAccessorImpl.invoke(DelegatingMethodAccessorImpl.java:43)
	at java.lang.reflect.Method.invoke(Method.java:606)
	at org.junit.runners.model.FrameworkMethod$1.runReflectiveCall(FrameworkMethod.java:47)
	at org.junit.internal.runners.model.ReflectiveCallable.run(ReflectiveCallable.java:12)
	at org.junit.runners.model.FrameworkMethod.invokeExplosively(FrameworkMethod.java:44)
	at org.junit.internal.runners.statements.InvokeMethod.evaluate(InvokeMethod.java:17)
	at org.junit.internal.runners.statements.RunBefores.evaluate(RunBefores.java:26)
	at org.springframework.test.context.junit4.statements.RunBeforeTestMethodCallbacks.evaluate(RunBeforeTestMethodCallbacks.java:74)
	at org.junit.internal.runners.statements.RunAfters.evaluate(RunAfters.java:27)
	at org.springframework.test.context.junit4.statements.RunAfterTestMethodCallbacks.evaluate(RunAfterTestMethodCallbacks.java:83)
	at org.springframework.test.context.junit4.statements.SpringRepeat.evaluate(SpringRepeat.java:72)
	at org.springframework.test.context.junit4.SpringJUnit4ClassRunner.runChild(SpringJUnit4ClassRunner.java:233)
	at org.springframework.test.context.junit4.SpringJUnit4ClassRunner.runChild(SpringJUnit4ClassRunner.java:87)
	at org.junit.runners.ParentRunner$3.run(ParentRunner.java:238)
	at org.junit.runners.ParentRunner$1.schedule(ParentRunner.java:63)
	at org.junit.runners.ParentRunner.runChildren(ParentRunner.java:236)
	at org.junit.runners.ParentRunner.access$000(ParentRunner.java:53)
	at org.junit.runners.ParentRunner$2.evaluate(ParentRunner.java:229)
	at org.junit.internal.runners.statements.RunBefores.evaluate(RunBefores.java:26)
	at org.springframework.test.context.junit4.statements.RunBeforeTestClassCallbacks.evaluate(RunBeforeTestClassCallbacks.java:61)
	at org.springframework.test.context.junit4.statements.RunAfterTestClassCallbacks.evaluate(RunAfterTestClassCallbacks.java:71)
	at org.junit.runners.ParentRunner.run(ParentRunner.java:309)
	at org.springframework.test.context.junit4.SpringJUnit4ClassRunner.run(SpringJUnit4ClassRunner.java:176)
	at org.gradle.api.internal.tasks.testing.junit.JUnitTestClassExecuter.runTestClass(JUnitTestClassExecuter.java:86)
	at org.gradle.api.internal.tasks.testing.junit.JUnitTestClassExecuter.execute(JUnitTestClassExecuter.java:49)
	at org.gradle.api.internal.tasks.testing.junit.JUnitTestClassProcessor.processTestClass(JUnitTestClassProcessor.java:64)
	at org.gradle.api.internal.tasks.testing.SuiteTestClassProcessor.processTestClass(SuiteTestClassProcessor.java:50)
	at sun.reflect.GeneratedMethodAccessor109.invoke(Unknown Source)
	at sun.reflect.DelegatingMethodAccessorImpl.invoke(DelegatingMethodAccessorImpl.java:43)
	at java.lang.reflect.Method.invoke(Method.java:606)
	at org.gradle.messaging.dispatch.ReflectionDispatch.dispatch(ReflectionDispatch.java:35)
	at org.gradle.messaging.dispatch.ReflectionDispatch.dispatch(ReflectionDispatch.java:24)
	at org.gradle.messaging.dispatch.ContextClassLoaderDispatch.dispatch(ContextClassLoaderDispatch.java:32)
	at org.gradle.messaging.dispatch.ProxyDispatchAdapter$DispatchingInvocationHandler.invoke(ProxyDispatchAdapter.java:93)
	at com.sun.proxy.$Proxy2.processTestClass(Unknown Source)
	at org.gradle.api.internal.tasks.testing.worker.TestWorker.processTestClass(TestWorker.java:106)
	at sun.reflect.GeneratedMethodAccessor108.invoke(Unknown Source)
	at sun.reflect.DelegatingMethodAccessorImpl.invoke(DelegatingMethodAccessorImpl.java:43)
	at java.lang.reflect.Method.invoke(Method.java:606)
	at org.gradle.messaging.dispatch.ReflectionDispatch.dispatch(ReflectionDispatch.java:35)
	at org.gradle.messaging.dispatch.ReflectionDispatch.dispatch(ReflectionDispatch.java:24)
	at org.gradle.messaging.remote.internal.hub.MessageHub$Handler.run(MessageHub.java:360)
	at org.gradle.internal.concurrent.DefaultExecutorFactory$StoppableExecutorImpl$1.run(DefaultExecutorFactory.java:64)
	at java.util.concurrent.ThreadPoolExecutor.runWorker(ThreadPoolExecutor.java:1145)
	at java.util.concurrent.ThreadPoolExecutor$Worker.run(ThreadPoolExecutor.java:615)
	at java.lang.Thread.run(Thread.java:745)
CoreContacts.firstName size must be between 0 and 256
java.lang.SecurityException: CoreContacts.firstName size must be between 0 and 256
	at com.athena.server.pluggable.utils.helper.EntityValidatorHelper.validateEntity(EntityValidatorHelper.java:37)
	at projectthree.app.shared.organization.contactmanagement.CoreContacts.isValid(CoreContacts.java:486)
	at projectthree.app.server.service.organization.contactmanagement.CoreContactsTestCase.validateCoreContacts(CoreContactsTestCase.java:470)
	at projectthree.app.server.service.organization.contactmanagement.CoreContactsTestCase.test5NegativeTesting(CoreContactsTestCase.java:520)
	at sun.reflect.NativeMethodAccessorImpl.invoke0(Native Method)
	at sun.reflect.NativeMethodAccessorImpl.invoke(NativeMethodAccessorImpl.java:57)
	at sun.reflect.DelegatingMethodAccessorImpl.invoke(DelegatingMethodAccessorImpl.java:43)
	at java.lang.reflect.Method.invoke(Method.java:606)
	at org.junit.runners.model.FrameworkMethod$1.runReflectiveCall(FrameworkMethod.java:47)
	at org.junit.internal.runners.model.ReflectiveCallable.run(ReflectiveCallable.java:12)
	at org.junit.runners.model.FrameworkMethod.invokeExplosively(FrameworkMethod.java:44)
	at org.junit.internal.runners.statements.InvokeMethod.evaluate(InvokeMethod.java:17)
	at org.junit.internal.runners.statements.RunBefores.evaluate(RunBefores.java:26)
	at org.springframework.test.context.junit4.statements.RunBeforeTestMethodCallbacks.evaluate(RunBeforeTestMethodCallbacks.java:74)
	at org.junit.internal.runners.statements.RunAfters.evaluate(RunAfters.java:27)
	at org.springframework.test.context.junit4.statements.RunAfterTestMethodCallbacks.evaluate(RunAfterTestMethodCallbacks.java:83)
	at org.springframework.test.context.junit4.statements.SpringRepeat.evaluate(SpringRepeat.java:72)
	at org.springframework.test.context.junit4.SpringJUnit4ClassRunner.runChild(SpringJUnit4ClassRunner.java:233)
	at org.springframework.test.context.junit4.SpringJUnit4ClassRunner.runChild(SpringJUnit4ClassRunner.java:87)
	at org.junit.runners.ParentRunner$3.run(ParentRunner.java:238)
	at org.junit.runners.ParentRunner$1.schedule(ParentRunner.java:63)
	at org.junit.runners.ParentRunner.runChildren(ParentRunner.java:236)
	at org.junit.runners.ParentRunner.access$000(ParentRunner.java:53)
	at org.junit.runners.ParentRunner$2.evaluate(ParentRunner.java:229)
	at org.junit.internal.runners.statements.RunBefores.evaluate(RunBefores.java:26)
	at org.springframework.test.context.junit4.statements.RunBeforeTestClassCallbacks.evaluate(RunBeforeTestClassCallbacks.java:61)
	at org.springframework.test.context.junit4.statements.RunAfterTestClassCallbacks.evaluate(RunAfterTestClassCallbacks.java:71)
	at org.junit.runners.ParentRunner.run(ParentRunner.java:309)
	at org.springframework.test.context.junit4.SpringJUnit4ClassRunner.run(SpringJUnit4ClassRunner.java:176)
	at org.gradle.api.internal.tasks.testing.junit.JUnitTestClassExecuter.runTestClass(JUnitTestClassExecuter.java:86)
	at org.gradle.api.internal.tasks.testing.junit.JUnitTestClassExecuter.execute(JUnitTestClassExecuter.java:49)
	at org.gradle.api.internal.tasks.testing.junit.JUnitTestClassProcessor.processTestClass(JUnitTestClassProcessor.java:64)
	at org.gradle.api.internal.tasks.testing.SuiteTestClassProcessor.processTestClass(SuiteTestClassProcessor.java:50)
	at sun.reflect.GeneratedMethodAccessor109.invoke(Unknown Source)
	at sun.reflect.DelegatingMethodAccessorImpl.invoke(DelegatingMethodAccessorImpl.java:43)
	at java.lang.reflect.Method.invoke(Method.java:606)
	at org.gradle.messaging.dispatch.ReflectionDispatch.dispatch(ReflectionDispatch.java:35)
	at org.gradle.messaging.dispatch.ReflectionDispatch.dispatch(ReflectionDispatch.java:24)
	at org.gradle.messaging.dispatch.ContextClassLoaderDispatch.dispatch(ContextClassLoaderDispatch.java:32)
	at org.gradle.messaging.dispatch.ProxyDispatchAdapter$DispatchingInvocationHandler.invoke(ProxyDispatchAdapter.java:93)
	at com.sun.proxy.$Proxy2.processTestClass(Unknown Source)
	at org.gradle.api.internal.tasks.testing.worker.TestWorker.processTestClass(TestWorker.java:106)
	at sun.reflect.GeneratedMethodAccessor108.invoke(Unknown Source)
	at sun.reflect.DelegatingMethodAccessorImpl.invoke(DelegatingMethodAccessorImpl.java:43)
	at java.lang.reflect.Method.invoke(Method.java:606)
	at org.gradle.messaging.dispatch.ReflectionDispatch.dispatch(ReflectionDispatch.java:35)
	at org.gradle.messaging.dispatch.ReflectionDispatch.dispatch(ReflectionDispatch.java:24)
	at org.gradle.messaging.remote.internal.hub.MessageHub$Handler.run(MessageHub.java:360)
	at org.gradle.internal.concurrent.DefaultExecutorFactory$StoppableExecutorImpl$1.run(DefaultExecutorFactory.java:64)
	at java.util.concurrent.ThreadPoolExecutor.runWorker(ThreadPoolExecutor.java:1145)
	at java.util.concurrent.ThreadPoolExecutor$Worker.run(ThreadPoolExecutor.java:615)
	at java.lang.Thread.run(Thread.java:745)
CoreContacts.middleName size must be between 0 and 256
java.lang.SecurityException: CoreContacts.middleName size must be between 0 and 256
	at com.athena.server.pluggable.utils.helper.EntityValidatorHelper.validateEntity(EntityValidatorHelper.java:37)
	at projectthree.app.shared.organization.contactmanagement.CoreContacts.isValid(CoreContacts.java:486)
	at projectthree.app.server.service.organization.contactmanagement.CoreContactsTestCase.validateCoreContacts(CoreContactsTestCase.java:470)
	at projectthree.app.server.service.organization.contactmanagement.CoreContactsTestCase.test5NegativeTesting(CoreContactsTestCase.java:525)
	at sun.reflect.NativeMethodAccessorImpl.invoke0(Native Method)
	at sun.reflect.NativeMethodAccessorImpl.invoke(NativeMethodAccessorImpl.java:57)
	at sun.reflect.DelegatingMethodAccessorImpl.invoke(DelegatingMethodAccessorImpl.java:43)
	at java.lang.reflect.Method.invoke(Method.java:606)
	at org.junit.runners.model.FrameworkMethod$1.runReflectiveCall(FrameworkMethod.java:47)
	at org.junit.internal.runners.model.ReflectiveCallable.run(ReflectiveCallable.java:12)
	at org.junit.runners.model.FrameworkMethod.invokeExplosively(FrameworkMethod.java:44)
	at org.junit.internal.runners.statements.InvokeMethod.evaluate(InvokeMethod.java:17)
	at org.junit.internal.runners.statements.RunBefores.evaluate(RunBefores.java:26)
	at org.springframework.test.context.junit4.statements.RunBeforeTestMethodCallbacks.evaluate(RunBeforeTestMethodCallbacks.java:74)
	at org.junit.internal.runners.statements.RunAfters.evaluate(RunAfters.java:27)
	at org.springframework.test.context.junit4.statements.RunAfterTestMethodCallbacks.evaluate(RunAfterTestMethodCallbacks.java:83)
	at org.springframework.test.context.junit4.statements.SpringRepeat.evaluate(SpringRepeat.java:72)
	at org.springframework.test.context.junit4.SpringJUnit4ClassRunner.runChild(SpringJUnit4ClassRunner.java:233)
	at org.springframework.test.context.junit4.SpringJUnit4ClassRunner.runChild(SpringJUnit4ClassRunner.java:87)
	at org.junit.runners.ParentRunner$3.run(ParentRunner.java:238)
	at org.junit.runners.ParentRunner$1.schedule(ParentRunner.java:63)
	at org.junit.runners.ParentRunner.runChildren(ParentRunner.java:236)
	at org.junit.runners.ParentRunner.access$000(ParentRunner.java:53)
	at org.junit.runners.ParentRunner$2.evaluate(ParentRunner.java:229)
	at org.junit.internal.runners.statements.RunBefores.evaluate(RunBefores.java:26)
	at org.springframework.test.context.junit4.statements.RunBeforeTestClassCallbacks.evaluate(RunBeforeTestClassCallbacks.java:61)
	at org.springframework.test.context.junit4.statements.RunAfterTestClassCallbacks.evaluate(RunAfterTestClassCallbacks.java:71)
	at org.junit.runners.ParentRunner.run(ParentRunner.java:309)
	at org.springframework.test.context.junit4.SpringJUnit4ClassRunner.run(SpringJUnit4ClassRunner.java:176)
	at org.gradle.api.internal.tasks.testing.junit.JUnitTestClassExecuter.runTestClass(JUnitTestClassExecuter.java:86)
	at org.gradle.api.internal.tasks.testing.junit.JUnitTestClassExecuter.execute(JUnitTestClassExecuter.java:49)
	at org.gradle.api.internal.tasks.testing.junit.JUnitTestClassProcessor.processTestClass(JUnitTestClassProcessor.java:64)
	at org.gradle.api.internal.tasks.testing.SuiteTestClassProcessor.processTestClass(SuiteTestClassProcessor.java:50)
	at sun.reflect.GeneratedMethodAccessor109.invoke(Unknown Source)
	at sun.reflect.DelegatingMethodAccessorImpl.invoke(DelegatingMethodAccessorImpl.java:43)
	at java.lang.reflect.Method.invoke(Method.java:606)
	at org.gradle.messaging.dispatch.ReflectionDispatch.dispatch(ReflectionDispatch.java:35)
	at org.gradle.messaging.dispatch.ReflectionDispatch.dispatch(ReflectionDispatch.java:24)
	at org.gradle.messaging.dispatch.ContextClassLoaderDispatch.dispatch(ContextClassLoaderDispatch.java:32)
	at org.gradle.messaging.dispatch.ProxyDispatchAdapter$DispatchingInvocationHandler.invoke(ProxyDispatchAdapter.java:93)
	at com.sun.proxy.$Proxy2.processTestClass(Unknown Source)
	at org.gradle.api.internal.tasks.testing.worker.TestWorker.processTestClass(TestWorker.java:106)
	at sun.reflect.GeneratedMethodAccessor108.invoke(Unknown Source)
	at sun.reflect.DelegatingMethodAccessorImpl.invoke(DelegatingMethodAccessorImpl.java:43)
	at java.lang.reflect.Method.invoke(Method.java:606)
	at org.gradle.messaging.dispatch.ReflectionDispatch.dispatch(ReflectionDispatch.java:35)
	at org.gradle.messaging.dispatch.ReflectionDispatch.dispatch(ReflectionDispatch.java:24)
	at org.gradle.messaging.remote.internal.hub.MessageHub$Handler.run(MessageHub.java:360)
	at org.gradle.internal.concurrent.DefaultExecutorFactory$StoppableExecutorImpl$1.run(DefaultExecutorFactory.java:64)
	at java.util.concurrent.ThreadPoolExecutor.runWorker(ThreadPoolExecutor.java:1145)
	at java.util.concurrent.ThreadPoolExecutor$Worker.run(ThreadPoolExecutor.java:615)
	at java.lang.Thread.run(Thread.java:745)
CoreContacts.lastName may not be null
java.lang.SecurityException: CoreContacts.lastName may not be null
	at com.athena.server.pluggable.utils.helper.EntityValidatorHelper.validateEntity(EntityValidatorHelper.java:37)
	at projectthree.app.shared.organization.contactmanagement.CoreContacts.isValid(CoreContacts.java:486)
	at projectthree.app.server.service.organization.contactmanagement.CoreContactsTestCase.validateCoreContacts(CoreContactsTestCase.java:472)
	at projectthree.app.server.service.organization.contactmanagement.CoreContactsTestCase.test5NegativeTesting(CoreContactsTestCase.java:531)
	at sun.reflect.NativeMethodAccessorImpl.invoke0(Native Method)
	at sun.reflect.NativeMethodAccessorImpl.invoke(NativeMethodAccessorImpl.java:57)
	at sun.reflect.DelegatingMethodAccessorImpl.invoke(DelegatingMethodAccessorImpl.java:43)
	at java.lang.reflect.Method.invoke(Method.java:606)
	at org.junit.runners.model.FrameworkMethod$1.runReflectiveCall(FrameworkMethod.java:47)
	at org.junit.internal.runners.model.ReflectiveCallable.run(ReflectiveCallable.java:12)
	at org.junit.runners.model.FrameworkMethod.invokeExplosively(FrameworkMethod.java:44)
	at org.junit.internal.runners.statements.InvokeMethod.evaluate(InvokeMethod.java:17)
	at org.junit.internal.runners.statements.RunBefores.evaluate(RunBefores.java:26)
	at org.springframework.test.context.junit4.statements.RunBeforeTestMethodCallbacks.evaluate(RunBeforeTestMethodCallbacks.java:74)
	at org.junit.internal.runners.statements.RunAfters.evaluate(RunAfters.java:27)
	at org.springframework.test.context.junit4.statements.RunAfterTestMethodCallbacks.evaluate(RunAfterTestMethodCallbacks.java:83)
	at org.springframework.test.context.junit4.statements.SpringRepeat.evaluate(SpringRepeat.java:72)
	at org.springframework.test.context.junit4.SpringJUnit4ClassRunner.runChild(SpringJUnit4ClassRunner.java:233)
	at org.springframework.test.context.junit4.SpringJUnit4ClassRunner.runChild(SpringJUnit4ClassRunner.java:87)
	at org.junit.runners.ParentRunner$3.run(ParentRunner.java:238)
	at org.junit.runners.ParentRunner$1.schedule(ParentRunner.java:63)
	at org.junit.runners.ParentRunner.runChildren(ParentRunner.java:236)
	at org.junit.runners.ParentRunner.access$000(ParentRunner.java:53)
	at org.junit.runners.ParentRunner$2.evaluate(ParentRunner.java:229)
	at org.junit.internal.runners.statements.RunBefores.evaluate(RunBefores.java:26)
	at org.springframework.test.context.junit4.statements.RunBeforeTestClassCallbacks.evaluate(RunBeforeTestClassCallbacks.java:61)
	at org.springframework.test.context.junit4.statements.RunAfterTestClassCallbacks.evaluate(RunAfterTestClassCallbacks.java:71)
	at org.junit.runners.ParentRunner.run(ParentRunner.java:309)
	at org.springframework.test.context.junit4.SpringJUnit4ClassRunner.run(SpringJUnit4ClassRunner.java:176)
	at org.gradle.api.internal.tasks.testing.junit.JUnitTestClassExecuter.runTestClass(JUnitTestClassExecuter.java:86)
	at org.gradle.api.internal.tasks.testing.junit.JUnitTestClassExecuter.execute(JUnitTestClassExecuter.java:49)
	at org.gradle.api.internal.tasks.testing.junit.JUnitTestClassProcessor.processTestClass(JUnitTestClassProcessor.java:64)
	at org.gradle.api.internal.tasks.testing.SuiteTestClassProcessor.processTestClass(SuiteTestClassProcessor.java:50)
	at sun.reflect.GeneratedMethodAccessor109.invoke(Unknown Source)
	at sun.reflect.DelegatingMethodAccessorImpl.invoke(DelegatingMethodAccessorImpl.java:43)
	at java.lang.reflect.Method.invoke(Method.java:606)
	at org.gradle.messaging.dispatch.ReflectionDispatch.dispatch(ReflectionDispatch.java:35)
	at org.gradle.messaging.dispatch.ReflectionDispatch.dispatch(ReflectionDispatch.java:24)
	at org.gradle.messaging.dispatch.ContextClassLoaderDispatch.dispatch(ContextClassLoaderDispatch.java:32)
	at org.gradle.messaging.dispatch.ProxyDispatchAdapter$DispatchingInvocationHandler.invoke(ProxyDispatchAdapter.java:93)
	at com.sun.proxy.$Proxy2.processTestClass(Unknown Source)
	at org.gradle.api.internal.tasks.testing.worker.TestWorker.processTestClass(TestWorker.java:106)
	at sun.reflect.GeneratedMethodAccessor108.invoke(Unknown Source)
	at sun.reflect.DelegatingMethodAccessorImpl.invoke(DelegatingMethodAccessorImpl.java:43)
	at java.lang.reflect.Method.invoke(Method.java:606)
	at org.gradle.messaging.dispatch.ReflectionDispatch.dispatch(ReflectionDispatch.java:35)
	at org.gradle.messaging.dispatch.ReflectionDispatch.dispatch(ReflectionDispatch.java:24)
	at org.gradle.messaging.remote.internal.hub.MessageHub$Handler.run(MessageHub.java:360)
	at org.gradle.internal.concurrent.DefaultExecutorFactory$StoppableExecutorImpl$1.run(DefaultExecutorFactory.java:64)
	at java.util.concurrent.ThreadPoolExecutor.runWorker(ThreadPoolExecutor.java:1145)
	at java.util.concurrent.ThreadPoolExecutor$Worker.run(ThreadPoolExecutor.java:615)
	at java.lang.Thread.run(Thread.java:745)
CoreContacts.lastName size must be between 0 and 256
java.lang.SecurityException: CoreContacts.lastName size must be between 0 and 256
	at com.athena.server.pluggable.utils.helper.EntityValidatorHelper.validateEntity(EntityValidatorHelper.java:37)
	at projectthree.app.shared.organization.contactmanagement.CoreContacts.isValid(CoreContacts.java:486)
	at projectthree.app.server.service.organization.contactmanagement.CoreContactsTestCase.validateCoreContacts(CoreContactsTestCase.java:470)
	at projectthree.app.server.service.organization.contactmanagement.CoreContactsTestCase.test5NegativeTesting(CoreContactsTestCase.java:536)
	at sun.reflect.NativeMethodAccessorImpl.invoke0(Native Method)
	at sun.reflect.NativeMethodAccessorImpl.invoke(NativeMethodAccessorImpl.java:57)
	at sun.reflect.DelegatingMethodAccessorImpl.invoke(DelegatingMethodAccessorImpl.java:43)
	at java.lang.reflect.Method.invoke(Method.java:606)
	at org.junit.runners.model.FrameworkMethod$1.runReflectiveCall(FrameworkMethod.java:47)
	at org.junit.internal.runners.model.ReflectiveCallable.run(ReflectiveCallable.java:12)
	at org.junit.runners.model.FrameworkMethod.invokeExplosively(FrameworkMethod.java:44)
	at org.junit.internal.runners.statements.InvokeMethod.evaluate(InvokeMethod.java:17)
	at org.junit.internal.runners.statements.RunBefores.evaluate(RunBefores.java:26)
	at org.springframework.test.context.junit4.statements.RunBeforeTestMethodCallbacks.evaluate(RunBeforeTestMethodCallbacks.java:74)
	at org.junit.internal.runners.statements.RunAfters.evaluate(RunAfters.java:27)
	at org.springframework.test.context.junit4.statements.RunAfterTestMethodCallbacks.evaluate(RunAfterTestMethodCallbacks.java:83)
	at org.springframework.test.context.junit4.statements.SpringRepeat.evaluate(SpringRepeat.java:72)
	at org.springframework.test.context.junit4.SpringJUnit4ClassRunner.runChild(SpringJUnit4ClassRunner.java:233)
	at org.springframework.test.context.junit4.SpringJUnit4ClassRunner.runChild(SpringJUnit4ClassRunner.java:87)
	at org.junit.runners.ParentRunner$3.run(ParentRunner.java:238)
	at org.junit.runners.ParentRunner$1.schedule(ParentRunner.java:63)
	at org.junit.runners.ParentRunner.runChildren(ParentRunner.java:236)
	at org.junit.runners.ParentRunner.access$000(ParentRunner.java:53)
	at org.junit.runners.ParentRunner$2.evaluate(ParentRunner.java:229)
	at org.junit.internal.runners.statements.RunBefores.evaluate(RunBefores.java:26)
	at org.springframework.test.context.junit4.statements.RunBeforeTestClassCallbacks.evaluate(RunBeforeTestClassCallbacks.java:61)
	at org.springframework.test.context.junit4.statements.RunAfterTestClassCallbacks.evaluate(RunAfterTestClassCallbacks.java:71)
	at org.junit.runners.ParentRunner.run(ParentRunner.java:309)
	at org.springframework.test.context.junit4.SpringJUnit4ClassRunner.run(SpringJUnit4ClassRunner.java:176)
	at org.gradle.api.internal.tasks.testing.junit.JUnitTestClassExecuter.runTestClass(JUnitTestClassExecuter.java:86)
	at org.gradle.api.internal.tasks.testing.junit.JUnitTestClassExecuter.execute(JUnitTestClassExecuter.java:49)
	at org.gradle.api.internal.tasks.testing.junit.JUnitTestClassProcessor.processTestClass(JUnitTestClassProcessor.java:64)
	at org.gradle.api.internal.tasks.testing.SuiteTestClassProcessor.processTestClass(SuiteTestClassProcessor.java:50)
	at sun.reflect.GeneratedMethodAccessor109.invoke(Unknown Source)
	at sun.reflect.DelegatingMethodAccessorImpl.invoke(DelegatingMethodAccessorImpl.java:43)
	at java.lang.reflect.Method.invoke(Method.java:606)
	at org.gradle.messaging.dispatch.ReflectionDispatch.dispatch(ReflectionDispatch.java:35)
	at org.gradle.messaging.dispatch.ReflectionDispatch.dispatch(ReflectionDispatch.java:24)
	at org.gradle.messaging.dispatch.ContextClassLoaderDispatch.dispatch(ContextClassLoaderDispatch.java:32)
	at org.gradle.messaging.dispatch.ProxyDispatchAdapter$DispatchingInvocationHandler.invoke(ProxyDispatchAdapter.java:93)
	at com.sun.proxy.$Proxy2.processTestClass(Unknown Source)
	at org.gradle.api.internal.tasks.testing.worker.TestWorker.processTestClass(TestWorker.java:106)
	at sun.reflect.GeneratedMethodAccessor108.invoke(Unknown Source)
	at sun.reflect.DelegatingMethodAccessorImpl.invoke(DelegatingMethodAccessorImpl.java:43)
	at java.lang.reflect.Method.invoke(Method.java:606)
	at org.gradle.messaging.dispatch.ReflectionDispatch.dispatch(ReflectionDispatch.java:35)
	at org.gradle.messaging.dispatch.ReflectionDispatch.dispatch(ReflectionDispatch.java:24)
	at org.gradle.messaging.remote.internal.hub.MessageHub$Handler.run(MessageHub.java:360)
	at org.gradle.internal.concurrent.DefaultExecutorFactory$StoppableExecutorImpl$1.run(DefaultExecutorFactory.java:64)
	at java.util.concurrent.ThreadPoolExecutor.runWorker(ThreadPoolExecutor.java:1145)
	at java.util.concurrent.ThreadPoolExecutor$Worker.run(ThreadPoolExecutor.java:615)
	at java.lang.Thread.run(Thread.java:745)
CoreContacts.nativeTitle size must be between 0 and 64
java.lang.SecurityException: CoreContacts.nativeTitle size must be between 0 and 64
	at com.athena.server.pluggable.utils.helper.EntityValidatorHelper.validateEntity(EntityValidatorHelper.java:37)
	at projectthree.app.shared.organization.contactmanagement.CoreContacts.isValid(CoreContacts.java:486)
	at projectthree.app.server.service.organization.contactmanagement.CoreContactsTestCase.validateCoreContacts(CoreContactsTestCase.java:470)
	at projectthree.app.server.service.organization.contactmanagement.CoreContactsTestCase.test5NegativeTesting(CoreContactsTestCase.java:541)
	at sun.reflect.NativeMethodAccessorImpl.invoke0(Native Method)
	at sun.reflect.NativeMethodAccessorImpl.invoke(NativeMethodAccessorImpl.java:57)
	at sun.reflect.DelegatingMethodAccessorImpl.invoke(DelegatingMethodAccessorImpl.java:43)
	at java.lang.reflect.Method.invoke(Method.java:606)
	at org.junit.runners.model.FrameworkMethod$1.runReflectiveCall(FrameworkMethod.java:47)
	at org.junit.internal.runners.model.ReflectiveCallable.run(ReflectiveCallable.java:12)
	at org.junit.runners.model.FrameworkMethod.invokeExplosively(FrameworkMethod.java:44)
	at org.junit.internal.runners.statements.InvokeMethod.evaluate(InvokeMethod.java:17)
	at org.junit.internal.runners.statements.RunBefores.evaluate(RunBefores.java:26)
	at org.springframework.test.context.junit4.statements.RunBeforeTestMethodCallbacks.evaluate(RunBeforeTestMethodCallbacks.java:74)
	at org.junit.internal.runners.statements.RunAfters.evaluate(RunAfters.java:27)
	at org.springframework.test.context.junit4.statements.RunAfterTestMethodCallbacks.evaluate(RunAfterTestMethodCallbacks.java:83)
	at org.springframework.test.context.junit4.statements.SpringRepeat.evaluate(SpringRepeat.java:72)
	at org.springframework.test.context.junit4.SpringJUnit4ClassRunner.runChild(SpringJUnit4ClassRunner.java:233)
	at org.springframework.test.context.junit4.SpringJUnit4ClassRunner.runChild(SpringJUnit4ClassRunner.java:87)
	at org.junit.runners.ParentRunner$3.run(ParentRunner.java:238)
	at org.junit.runners.ParentRunner$1.schedule(ParentRunner.java:63)
	at org.junit.runners.ParentRunner.runChildren(ParentRunner.java:236)
	at org.junit.runners.ParentRunner.access$000(ParentRunner.java:53)
	at org.junit.runners.ParentRunner$2.evaluate(ParentRunner.java:229)
	at org.junit.internal.runners.statements.RunBefores.evaluate(RunBefores.java:26)
	at org.springframework.test.context.junit4.statements.RunBeforeTestClassCallbacks.evaluate(RunBeforeTestClassCallbacks.java:61)
	at org.springframework.test.context.junit4.statements.RunAfterTestClassCallbacks.evaluate(RunAfterTestClassCallbacks.java:71)
	at org.junit.runners.ParentRunner.run(ParentRunner.java:309)
	at org.springframework.test.context.junit4.SpringJUnit4ClassRunner.run(SpringJUnit4ClassRunner.java:176)
	at org.gradle.api.internal.tasks.testing.junit.JUnitTestClassExecuter.runTestClass(JUnitTestClassExecuter.java:86)
	at org.gradle.api.internal.tasks.testing.junit.JUnitTestClassExecuter.execute(JUnitTestClassExecuter.java:49)
	at org.gradle.api.internal.tasks.testing.junit.JUnitTestClassProcessor.processTestClass(JUnitTestClassProcessor.java:64)
	at org.gradle.api.internal.tasks.testing.SuiteTestClassProcessor.processTestClass(SuiteTestClassProcessor.java:50)
	at sun.reflect.GeneratedMethodAccessor109.invoke(Unknown Source)
	at sun.reflect.DelegatingMethodAccessorImpl.invoke(DelegatingMethodAccessorImpl.java:43)
	at java.lang.reflect.Method.invoke(Method.java:606)
	at org.gradle.messaging.dispatch.ReflectionDispatch.dispatch(ReflectionDispatch.java:35)
	at org.gradle.messaging.dispatch.ReflectionDispatch.dispatch(ReflectionDispatch.java:24)
	at org.gradle.messaging.dispatch.ContextClassLoaderDispatch.dispatch(ContextClassLoaderDispatch.java:32)
	at org.gradle.messaging.dispatch.ProxyDispatchAdapter$DispatchingInvocationHandler.invoke(ProxyDispatchAdapter.java:93)
	at com.sun.proxy.$Proxy2.processTestClass(Unknown Source)
	at org.gradle.api.internal.tasks.testing.worker.TestWorker.processTestClass(TestWorker.java:106)
	at sun.reflect.GeneratedMethodAccessor108.invoke(Unknown Source)
	at sun.reflect.DelegatingMethodAccessorImpl.invoke(DelegatingMethodAccessorImpl.java:43)
	at java.lang.reflect.Method.invoke(Method.java:606)
	at org.gradle.messaging.dispatch.ReflectionDispatch.dispatch(ReflectionDispatch.java:35)
	at org.gradle.messaging.dispatch.ReflectionDispatch.dispatch(ReflectionDispatch.java:24)
	at org.gradle.messaging.remote.internal.hub.MessageHub$Handler.run(MessageHub.java:360)
	at org.gradle.internal.concurrent.DefaultExecutorFactory$StoppableExecutorImpl$1.run(DefaultExecutorFactory.java:64)
	at java.util.concurrent.ThreadPoolExecutor.runWorker(ThreadPoolExecutor.java:1145)
	at java.util.concurrent.ThreadPoolExecutor$Worker.run(ThreadPoolExecutor.java:615)
	at java.lang.Thread.run(Thread.java:745)
CoreContacts.nativeFirstName size must be between 0 and 256
java.lang.SecurityException: CoreContacts.nativeFirstName size must be between 0 and 256
	at com.athena.server.pluggable.utils.helper.EntityValidatorHelper.validateEntity(EntityValidatorHelper.java:37)
	at projectthree.app.shared.organization.contactmanagement.CoreContacts.isValid(CoreContacts.java:486)
	at projectthree.app.server.service.organization.contactmanagement.CoreContactsTestCase.validateCoreContacts(CoreContactsTestCase.java:470)
	at projectthree.app.server.service.organization.contactmanagement.CoreContactsTestCase.test5NegativeTesting(CoreContactsTestCase.java:546)
	at sun.reflect.NativeMethodAccessorImpl.invoke0(Native Method)
	at sun.reflect.NativeMethodAccessorImpl.invoke(NativeMethodAccessorImpl.java:57)
	at sun.reflect.DelegatingMethodAccessorImpl.invoke(DelegatingMethodAccessorImpl.java:43)
	at java.lang.reflect.Method.invoke(Method.java:606)
	at org.junit.runners.model.FrameworkMethod$1.runReflectiveCall(FrameworkMethod.java:47)
	at org.junit.internal.runners.model.ReflectiveCallable.run(ReflectiveCallable.java:12)
	at org.junit.runners.model.FrameworkMethod.invokeExplosively(FrameworkMethod.java:44)
	at org.junit.internal.runners.statements.InvokeMethod.evaluate(InvokeMethod.java:17)
	at org.junit.internal.runners.statements.RunBefores.evaluate(RunBefores.java:26)
	at org.springframework.test.context.junit4.statements.RunBeforeTestMethodCallbacks.evaluate(RunBeforeTestMethodCallbacks.java:74)
	at org.junit.internal.runners.statements.RunAfters.evaluate(RunAfters.java:27)
	at org.springframework.test.context.junit4.statements.RunAfterTestMethodCallbacks.evaluate(RunAfterTestMethodCallbacks.java:83)
	at org.springframework.test.context.junit4.statements.SpringRepeat.evaluate(SpringRepeat.java:72)
	at org.springframework.test.context.junit4.SpringJUnit4ClassRunner.runChild(SpringJUnit4ClassRunner.java:233)
	at org.springframework.test.context.junit4.SpringJUnit4ClassRunner.runChild(SpringJUnit4ClassRunner.java:87)
	at org.junit.runners.ParentRunner$3.run(ParentRunner.java:238)
	at org.junit.runners.ParentRunner$1.schedule(ParentRunner.java:63)
	at org.junit.runners.ParentRunner.runChildren(ParentRunner.java:236)
	at org.junit.runners.ParentRunner.access$000(ParentRunner.java:53)
	at org.junit.runners.ParentRunner$2.evaluate(ParentRunner.java:229)
	at org.junit.internal.runners.statements.RunBefores.evaluate(RunBefores.java:26)
	at org.springframework.test.context.junit4.statements.RunBeforeTestClassCallbacks.evaluate(RunBeforeTestClassCallbacks.java:61)
	at org.springframework.test.context.junit4.statements.RunAfterTestClassCallbacks.evaluate(RunAfterTestClassCallbacks.java:71)
	at org.junit.runners.ParentRunner.run(ParentRunner.java:309)
	at org.springframework.test.context.junit4.SpringJUnit4ClassRunner.run(SpringJUnit4ClassRunner.java:176)
	at org.gradle.api.internal.tasks.testing.junit.JUnitTestClassExecuter.runTestClass(JUnitTestClassExecuter.java:86)
	at org.gradle.api.internal.tasks.testing.junit.JUnitTestClassExecuter.execute(JUnitTestClassExecuter.java:49)
	at org.gradle.api.internal.tasks.testing.junit.JUnitTestClassProcessor.processTestClass(JUnitTestClassProcessor.java:64)
	at org.gradle.api.internal.tasks.testing.SuiteTestClassProcessor.processTestClass(SuiteTestClassProcessor.java:50)
	at sun.reflect.GeneratedMethodAccessor109.invoke(Unknown Source)
	at sun.reflect.DelegatingMethodAccessorImpl.invoke(DelegatingMethodAccessorImpl.java:43)
	at java.lang.reflect.Method.invoke(Method.java:606)
	at org.gradle.messaging.dispatch.ReflectionDispatch.dispatch(ReflectionDispatch.java:35)
	at org.gradle.messaging.dispatch.ReflectionDispatch.dispatch(ReflectionDispatch.java:24)
	at org.gradle.messaging.dispatch.ContextClassLoaderDispatch.dispatch(ContextClassLoaderDispatch.java:32)
	at org.gradle.messaging.dispatch.ProxyDispatchAdapter$DispatchingInvocationHandler.invoke(ProxyDispatchAdapter.java:93)
	at com.sun.proxy.$Proxy2.processTestClass(Unknown Source)
	at org.gradle.api.internal.tasks.testing.worker.TestWorker.processTestClass(TestWorker.java:106)
	at sun.reflect.GeneratedMethodAccessor108.invoke(Unknown Source)
	at sun.reflect.DelegatingMethodAccessorImpl.invoke(DelegatingMethodAccessorImpl.java:43)
	at java.lang.reflect.Method.invoke(Method.java:606)
	at org.gradle.messaging.dispatch.ReflectionDispatch.dispatch(ReflectionDispatch.java:35)
	at org.gradle.messaging.dispatch.ReflectionDispatch.dispatch(ReflectionDispatch.java:24)
	at org.gradle.messaging.remote.internal.hub.MessageHub$Handler.run(MessageHub.java:360)
	at org.gradle.internal.concurrent.DefaultExecutorFactory$StoppableExecutorImpl$1.run(DefaultExecutorFactory.java:64)
	at java.util.concurrent.ThreadPoolExecutor.runWorker(ThreadPoolExecutor.java:1145)
	at java.util.concurrent.ThreadPoolExecutor$Worker.run(ThreadPoolExecutor.java:615)
	at java.lang.Thread.run(Thread.java:745)
CoreContacts.nativeMiddleName size must be between 0 and 256
java.lang.SecurityException: CoreContacts.nativeMiddleName size must be between 0 and 256
	at com.athena.server.pluggable.utils.helper.EntityValidatorHelper.validateEntity(EntityValidatorHelper.java:37)
	at projectthree.app.shared.organization.contactmanagement.CoreContacts.isValid(CoreContacts.java:486)
	at projectthree.app.server.service.organization.contactmanagement.CoreContactsTestCase.validateCoreContacts(CoreContactsTestCase.java:470)
	at projectthree.app.server.service.organization.contactmanagement.CoreContactsTestCase.test5NegativeTesting(CoreContactsTestCase.java:551)
	at sun.reflect.NativeMethodAccessorImpl.invoke0(Native Method)
	at sun.reflect.NativeMethodAccessorImpl.invoke(NativeMethodAccessorImpl.java:57)
	at sun.reflect.DelegatingMethodAccessorImpl.invoke(DelegatingMethodAccessorImpl.java:43)
	at java.lang.reflect.Method.invoke(Method.java:606)
	at org.junit.runners.model.FrameworkMethod$1.runReflectiveCall(FrameworkMethod.java:47)
	at org.junit.internal.runners.model.ReflectiveCallable.run(ReflectiveCallable.java:12)
	at org.junit.runners.model.FrameworkMethod.invokeExplosively(FrameworkMethod.java:44)
	at org.junit.internal.runners.statements.InvokeMethod.evaluate(InvokeMethod.java:17)
	at org.junit.internal.runners.statements.RunBefores.evaluate(RunBefores.java:26)
	at org.springframework.test.context.junit4.statements.RunBeforeTestMethodCallbacks.evaluate(RunBeforeTestMethodCallbacks.java:74)
	at org.junit.internal.runners.statements.RunAfters.evaluate(RunAfters.java:27)
	at org.springframework.test.context.junit4.statements.RunAfterTestMethodCallbacks.evaluate(RunAfterTestMethodCallbacks.java:83)
	at org.springframework.test.context.junit4.statements.SpringRepeat.evaluate(SpringRepeat.java:72)
	at org.springframework.test.context.junit4.SpringJUnit4ClassRunner.runChild(SpringJUnit4ClassRunner.java:233)
	at org.springframework.test.context.junit4.SpringJUnit4ClassRunner.runChild(SpringJUnit4ClassRunner.java:87)
	at org.junit.runners.ParentRunner$3.run(ParentRunner.java:238)
	at org.junit.runners.ParentRunner$1.schedule(ParentRunner.java:63)
	at org.junit.runners.ParentRunner.runChildren(ParentRunner.java:236)
	at org.junit.runners.ParentRunner.access$000(ParentRunner.java:53)
	at org.junit.runners.ParentRunner$2.evaluate(ParentRunner.java:229)
	at org.junit.internal.runners.statements.RunBefores.evaluate(RunBefores.java:26)
	at org.springframework.test.context.junit4.statements.RunBeforeTestClassCallbacks.evaluate(RunBeforeTestClassCallbacks.java:61)
	at org.springframework.test.context.junit4.statements.RunAfterTestClassCallbacks.evaluate(RunAfterTestClassCallbacks.java:71)
	at org.junit.runners.ParentRunner.run(ParentRunner.java:309)
	at org.springframework.test.context.junit4.SpringJUnit4ClassRunner.run(SpringJUnit4ClassRunner.java:176)
	at org.gradle.api.internal.tasks.testing.junit.JUnitTestClassExecuter.runTestClass(JUnitTestClassExecuter.java:86)
	at org.gradle.api.internal.tasks.testing.junit.JUnitTestClassExecuter.execute(JUnitTestClassExecuter.java:49)
	at org.gradle.api.internal.tasks.testing.junit.JUnitTestClassProcessor.processTestClass(JUnitTestClassProcessor.java:64)
	at org.gradle.api.internal.tasks.testing.SuiteTestClassProcessor.processTestClass(SuiteTestClassProcessor.java:50)
	at sun.reflect.GeneratedMethodAccessor109.invoke(Unknown Source)
	at sun.reflect.DelegatingMethodAccessorImpl.invoke(DelegatingMethodAccessorImpl.java:43)
	at java.lang.reflect.Method.invoke(Method.java:606)
	at org.gradle.messaging.dispatch.ReflectionDispatch.dispatch(ReflectionDispatch.java:35)
	at org.gradle.messaging.dispatch.ReflectionDispatch.dispatch(ReflectionDispatch.java:24)
	at org.gradle.messaging.dispatch.ContextClassLoaderDispatch.dispatch(ContextClassLoaderDispatch.java:32)
	at org.gradle.messaging.dispatch.ProxyDispatchAdapter$DispatchingInvocationHandler.invoke(ProxyDispatchAdapter.java:93)
	at com.sun.proxy.$Proxy2.processTestClass(Unknown Source)
	at org.gradle.api.internal.tasks.testing.worker.TestWorker.processTestClass(TestWorker.java:106)
	at sun.reflect.GeneratedMethodAccessor108.invoke(Unknown Source)
	at sun.reflect.DelegatingMethodAccessorImpl.invoke(DelegatingMethodAccessorImpl.java:43)
	at java.lang.reflect.Method.invoke(Method.java:606)
	at org.gradle.messaging.dispatch.ReflectionDispatch.dispatch(ReflectionDispatch.java:35)
	at org.gradle.messaging.dispatch.ReflectionDispatch.dispatch(ReflectionDispatch.java:24)
	at org.gradle.messaging.remote.internal.hub.MessageHub$Handler.run(MessageHub.java:360)
	at org.gradle.internal.concurrent.DefaultExecutorFactory$StoppableExecutorImpl$1.run(DefaultExecutorFactory.java:64)
	at java.util.concurrent.ThreadPoolExecutor.runWorker(ThreadPoolExecutor.java:1145)
	at java.util.concurrent.ThreadPoolExecutor$Worker.run(ThreadPoolExecutor.java:615)
	at java.lang.Thread.run(Thread.java:745)
CoreContacts.nativeLastName size must be between 0 and 256
java.lang.SecurityException: CoreContacts.nativeLastName size must be between 0 and 256
	at com.athena.server.pluggable.utils.helper.EntityValidatorHelper.validateEntity(EntityValidatorHelper.java:37)
	at projectthree.app.shared.organization.contactmanagement.CoreContacts.isValid(CoreContacts.java:486)
	at projectthree.app.server.service.organization.contactmanagement.CoreContactsTestCase.validateCoreContacts(CoreContactsTestCase.java:470)
	at projectthree.app.server.service.organization.contactmanagement.CoreContactsTestCase.test5NegativeTesting(CoreContactsTestCase.java:556)
	at sun.reflect.NativeMethodAccessorImpl.invoke0(Native Method)
	at sun.reflect.NativeMethodAccessorImpl.invoke(NativeMethodAccessorImpl.java:57)
	at sun.reflect.DelegatingMethodAccessorImpl.invoke(DelegatingMethodAccessorImpl.java:43)
	at java.lang.reflect.Method.invoke(Method.java:606)
	at org.junit.runners.model.FrameworkMethod$1.runReflectiveCall(FrameworkMethod.java:47)
	at org.junit.internal.runners.model.ReflectiveCallable.run(ReflectiveCallable.java:12)
	at org.junit.runners.model.FrameworkMethod.invokeExplosively(FrameworkMethod.java:44)
	at org.junit.internal.runners.statements.InvokeMethod.evaluate(InvokeMethod.java:17)
	at org.junit.internal.runners.statements.RunBefores.evaluate(RunBefores.java:26)
	at org.springframework.test.context.junit4.statements.RunBeforeTestMethodCallbacks.evaluate(RunBeforeTestMethodCallbacks.java:74)
	at org.junit.internal.runners.statements.RunAfters.evaluate(RunAfters.java:27)
	at org.springframework.test.context.junit4.statements.RunAfterTestMethodCallbacks.evaluate(RunAfterTestMethodCallbacks.java:83)
	at org.springframework.test.context.junit4.statements.SpringRepeat.evaluate(SpringRepeat.java:72)
	at org.springframework.test.context.junit4.SpringJUnit4ClassRunner.runChild(SpringJUnit4ClassRunner.java:233)
	at org.springframework.test.context.junit4.SpringJUnit4ClassRunner.runChild(SpringJUnit4ClassRunner.java:87)
	at org.junit.runners.ParentRunner$3.run(ParentRunner.java:238)
	at org.junit.runners.ParentRunner$1.schedule(ParentRunner.java:63)
	at org.junit.runners.ParentRunner.runChildren(ParentRunner.java:236)
	at org.junit.runners.ParentRunner.access$000(ParentRunner.java:53)
	at org.junit.runners.ParentRunner$2.evaluate(ParentRunner.java:229)
	at org.junit.internal.runners.statements.RunBefores.evaluate(RunBefores.java:26)
	at org.springframework.test.context.junit4.statements.RunBeforeTestClassCallbacks.evaluate(RunBeforeTestClassCallbacks.java:61)
	at org.springframework.test.context.junit4.statements.RunAfterTestClassCallbacks.evaluate(RunAfterTestClassCallbacks.java:71)
	at org.junit.runners.ParentRunner.run(ParentRunner.java:309)
	at org.springframework.test.context.junit4.SpringJUnit4ClassRunner.run(SpringJUnit4ClassRunner.java:176)
	at org.gradle.api.internal.tasks.testing.junit.JUnitTestClassExecuter.runTestClass(JUnitTestClassExecuter.java:86)
	at org.gradle.api.internal.tasks.testing.junit.JUnitTestClassExecuter.execute(JUnitTestClassExecuter.java:49)
	at org.gradle.api.internal.tasks.testing.junit.JUnitTestClassProcessor.processTestClass(JUnitTestClassProcessor.java:64)
	at org.gradle.api.internal.tasks.testing.SuiteTestClassProcessor.processTestClass(SuiteTestClassProcessor.java:50)
	at sun.reflect.GeneratedMethodAccessor109.invoke(Unknown Source)
	at sun.reflect.DelegatingMethodAccessorImpl.invoke(DelegatingMethodAccessorImpl.java:43)
	at java.lang.reflect.Method.invoke(Method.java:606)
	at org.gradle.messaging.dispatch.ReflectionDispatch.dispatch(ReflectionDispatch.java:35)
	at org.gradle.messaging.dispatch.ReflectionDispatch.dispatch(ReflectionDispatch.java:24)
	at org.gradle.messaging.dispatch.ContextClassLoaderDispatch.dispatch(ContextClassLoaderDispatch.java:32)
	at org.gradle.messaging.dispatch.ProxyDispatchAdapter$DispatchingInvocationHandler.invoke(ProxyDispatchAdapter.java:93)
	at com.sun.proxy.$Proxy2.processTestClass(Unknown Source)
	at org.gradle.api.internal.tasks.testing.worker.TestWorker.processTestClass(TestWorker.java:106)
	at sun.reflect.GeneratedMethodAccessor108.invoke(Unknown Source)
	at sun.reflect.DelegatingMethodAccessorImpl.invoke(DelegatingMethodAccessorImpl.java:43)
	at java.lang.reflect.Method.invoke(Method.java:606)
	at org.gradle.messaging.dispatch.ReflectionDispatch.dispatch(ReflectionDispatch.java:35)
	at org.gradle.messaging.dispatch.ReflectionDispatch.dispatch(ReflectionDispatch.java:24)
	at org.gradle.messaging.remote.internal.hub.MessageHub$Handler.run(MessageHub.java:360)
	at org.gradle.internal.concurrent.DefaultExecutorFactory$StoppableExecutorImpl$1.run(DefaultExecutorFactory.java:64)
	at java.util.concurrent.ThreadPoolExecutor.runWorker(ThreadPoolExecutor.java:1145)
	at java.util.concurrent.ThreadPoolExecutor$Worker.run(ThreadPoolExecutor.java:615)
	at java.lang.Thread.run(Thread.java:745)
CoreContacts.age must be less than or equal to 125
java.lang.SecurityException: CoreContacts.age must be less than or equal to 125
	at com.athena.server.pluggable.utils.helper.EntityValidatorHelper.validateEntity(EntityValidatorHelper.java:37)
	at projectthree.app.shared.organization.contactmanagement.CoreContacts.isValid(CoreContacts.java:486)
	at projectthree.app.server.service.organization.contactmanagement.CoreContactsTestCase.validateCoreContacts(CoreContactsTestCase.java:470)
	at projectthree.app.server.service.organization.contactmanagement.CoreContactsTestCase.test5NegativeTesting(CoreContactsTestCase.java:561)
	at sun.reflect.NativeMethodAccessorImpl.invoke0(Native Method)
	at sun.reflect.NativeMethodAccessorImpl.invoke(NativeMethodAccessorImpl.java:57)
	at sun.reflect.DelegatingMethodAccessorImpl.invoke(DelegatingMethodAccessorImpl.java:43)
	at java.lang.reflect.Method.invoke(Method.java:606)
	at org.junit.runners.model.FrameworkMethod$1.runReflectiveCall(FrameworkMethod.java:47)
	at org.junit.internal.runners.model.ReflectiveCallable.run(ReflectiveCallable.java:12)
	at org.junit.runners.model.FrameworkMethod.invokeExplosively(FrameworkMethod.java:44)
	at org.junit.internal.runners.statements.InvokeMethod.evaluate(InvokeMethod.java:17)
	at org.junit.internal.runners.statements.RunBefores.evaluate(RunBefores.java:26)
	at org.springframework.test.context.junit4.statements.RunBeforeTestMethodCallbacks.evaluate(RunBeforeTestMethodCallbacks.java:74)
	at org.junit.internal.runners.statements.RunAfters.evaluate(RunAfters.java:27)
	at org.springframework.test.context.junit4.statements.RunAfterTestMethodCallbacks.evaluate(RunAfterTestMethodCallbacks.java:83)
	at org.springframework.test.context.junit4.statements.SpringRepeat.evaluate(SpringRepeat.java:72)
	at org.springframework.test.context.junit4.SpringJUnit4ClassRunner.runChild(SpringJUnit4ClassRunner.java:233)
	at org.springframework.test.context.junit4.SpringJUnit4ClassRunner.runChild(SpringJUnit4ClassRunner.java:87)
	at org.junit.runners.ParentRunner$3.run(ParentRunner.java:238)
	at org.junit.runners.ParentRunner$1.schedule(ParentRunner.java:63)
	at org.junit.runners.ParentRunner.runChildren(ParentRunner.java:236)
	at org.junit.runners.ParentRunner.access$000(ParentRunner.java:53)
	at org.junit.runners.ParentRunner$2.evaluate(ParentRunner.java:229)
	at org.junit.internal.runners.statements.RunBefores.evaluate(RunBefores.java:26)
	at org.springframework.test.context.junit4.statements.RunBeforeTestClassCallbacks.evaluate(RunBeforeTestClassCallbacks.java:61)
	at org.springframework.test.context.junit4.statements.RunAfterTestClassCallbacks.evaluate(RunAfterTestClassCallbacks.java:71)
	at org.junit.runners.ParentRunner.run(ParentRunner.java:309)
	at org.springframework.test.context.junit4.SpringJUnit4ClassRunner.run(SpringJUnit4ClassRunner.java:176)
	at org.gradle.api.internal.tasks.testing.junit.JUnitTestClassExecuter.runTestClass(JUnitTestClassExecuter.java:86)
	at org.gradle.api.internal.tasks.testing.junit.JUnitTestClassExecuter.execute(JUnitTestClassExecuter.java:49)
	at org.gradle.api.internal.tasks.testing.junit.JUnitTestClassProcessor.processTestClass(JUnitTestClassProcessor.java:64)
	at org.gradle.api.internal.tasks.testing.SuiteTestClassProcessor.processTestClass(SuiteTestClassProcessor.java:50)
	at sun.reflect.GeneratedMethodAccessor109.invoke(Unknown Source)
	at sun.reflect.DelegatingMethodAccessorImpl.invoke(DelegatingMethodAccessorImpl.java:43)
	at java.lang.reflect.Method.invoke(Method.java:606)
	at org.gradle.messaging.dispatch.ReflectionDispatch.dispatch(ReflectionDispatch.java:35)
	at org.gradle.messaging.dispatch.ReflectionDispatch.dispatch(ReflectionDispatch.java:24)
	at org.gradle.messaging.dispatch.ContextClassLoaderDispatch.dispatch(ContextClassLoaderDispatch.java:32)
	at org.gradle.messaging.dispatch.ProxyDispatchAdapter$DispatchingInvocationHandler.invoke(ProxyDispatchAdapter.java:93)
	at com.sun.proxy.$Proxy2.processTestClass(Unknown Source)
	at org.gradle.api.internal.tasks.testing.worker.TestWorker.processTestClass(TestWorker.java:106)
	at sun.reflect.GeneratedMethodAccessor108.invoke(Unknown Source)
	at sun.reflect.DelegatingMethodAccessorImpl.invoke(DelegatingMethodAccessorImpl.java:43)
	at java.lang.reflect.Method.invoke(Method.java:606)
	at org.gradle.messaging.dispatch.ReflectionDispatch.dispatch(ReflectionDispatch.java:35)
	at org.gradle.messaging.dispatch.ReflectionDispatch.dispatch(ReflectionDispatch.java:24)
	at org.gradle.messaging.remote.internal.hub.MessageHub$Handler.run(MessageHub.java:360)
	at org.gradle.internal.concurrent.DefaultExecutorFactory$StoppableExecutorImpl$1.run(DefaultExecutorFactory.java:64)
	at java.util.concurrent.ThreadPoolExecutor.runWorker(ThreadPoolExecutor.java:1145)
	at java.util.concurrent.ThreadPoolExecutor$Worker.run(ThreadPoolExecutor.java:615)
	at java.lang.Thread.run(Thread.java:745)
CoreContacts.emailId may not be null
java.lang.SecurityException: CoreContacts.emailId may not be null
	at com.athena.server.pluggable.utils.helper.EntityValidatorHelper.validateEntity(EntityValidatorHelper.java:37)
	at projectthree.app.shared.organization.contactmanagement.CoreContacts.isValid(CoreContacts.java:486)
	at projectthree.app.server.service.organization.contactmanagement.CoreContactsTestCase.validateCoreContacts(CoreContactsTestCase.java:472)
	at projectthree.app.server.service.organization.contactmanagement.CoreContactsTestCase.test5NegativeTesting(CoreContactsTestCase.java:567)
	at sun.reflect.NativeMethodAccessorImpl.invoke0(Native Method)
	at sun.reflect.NativeMethodAccessorImpl.invoke(NativeMethodAccessorImpl.java:57)
	at sun.reflect.DelegatingMethodAccessorImpl.invoke(DelegatingMethodAccessorImpl.java:43)
	at java.lang.reflect.Method.invoke(Method.java:606)
	at org.junit.runners.model.FrameworkMethod$1.runReflectiveCall(FrameworkMethod.java:47)
	at org.junit.internal.runners.model.ReflectiveCallable.run(ReflectiveCallable.java:12)
	at org.junit.runners.model.FrameworkMethod.invokeExplosively(FrameworkMethod.java:44)
	at org.junit.internal.runners.statements.InvokeMethod.evaluate(InvokeMethod.java:17)
	at org.junit.internal.runners.statements.RunBefores.evaluate(RunBefores.java:26)
	at org.springframework.test.context.junit4.statements.RunBeforeTestMethodCallbacks.evaluate(RunBeforeTestMethodCallbacks.java:74)
	at org.junit.internal.runners.statements.RunAfters.evaluate(RunAfters.java:27)
	at org.springframework.test.context.junit4.statements.RunAfterTestMethodCallbacks.evaluate(RunAfterTestMethodCallbacks.java:83)
	at org.springframework.test.context.junit4.statements.SpringRepeat.evaluate(SpringRepeat.java:72)
	at org.springframework.test.context.junit4.SpringJUnit4ClassRunner.runChild(SpringJUnit4ClassRunner.java:233)
	at org.springframework.test.context.junit4.SpringJUnit4ClassRunner.runChild(SpringJUnit4ClassRunner.java:87)
	at org.junit.runners.ParentRunner$3.run(ParentRunner.java:238)
	at org.junit.runners.ParentRunner$1.schedule(ParentRunner.java:63)
	at org.junit.runners.ParentRunner.runChildren(ParentRunner.java:236)
	at org.junit.runners.ParentRunner.access$000(ParentRunner.java:53)
	at org.junit.runners.ParentRunner$2.evaluate(ParentRunner.java:229)
	at org.junit.internal.runners.statements.RunBefores.evaluate(RunBefores.java:26)
	at org.springframework.test.context.junit4.statements.RunBeforeTestClassCallbacks.evaluate(RunBeforeTestClassCallbacks.java:61)
	at org.springframework.test.context.junit4.statements.RunAfterTestClassCallbacks.evaluate(RunAfterTestClassCallbacks.java:71)
	at org.junit.runners.ParentRunner.run(ParentRunner.java:309)
	at org.springframework.test.context.junit4.SpringJUnit4ClassRunner.run(SpringJUnit4ClassRunner.java:176)
	at org.gradle.api.internal.tasks.testing.junit.JUnitTestClassExecuter.runTestClass(JUnitTestClassExecuter.java:86)
	at org.gradle.api.internal.tasks.testing.junit.JUnitTestClassExecuter.execute(JUnitTestClassExecuter.java:49)
	at org.gradle.api.internal.tasks.testing.junit.JUnitTestClassProcessor.processTestClass(JUnitTestClassProcessor.java:64)
	at org.gradle.api.internal.tasks.testing.SuiteTestClassProcessor.processTestClass(SuiteTestClassProcessor.java:50)
	at sun.reflect.GeneratedMethodAccessor109.invoke(Unknown Source)
	at sun.reflect.DelegatingMethodAccessorImpl.invoke(DelegatingMethodAccessorImpl.java:43)
	at java.lang.reflect.Method.invoke(Method.java:606)
	at org.gradle.messaging.dispatch.ReflectionDispatch.dispatch(ReflectionDispatch.java:35)
	at org.gradle.messaging.dispatch.ReflectionDispatch.dispatch(ReflectionDispatch.java:24)
	at org.gradle.messaging.dispatch.ContextClassLoaderDispatch.dispatch(ContextClassLoaderDispatch.java:32)
	at org.gradle.messaging.dispatch.ProxyDispatchAdapter$DispatchingInvocationHandler.invoke(ProxyDispatchAdapter.java:93)
	at com.sun.proxy.$Proxy2.processTestClass(Unknown Source)
	at org.gradle.api.internal.tasks.testing.worker.TestWorker.processTestClass(TestWorker.java:106)
	at sun.reflect.GeneratedMethodAccessor108.invoke(Unknown Source)
	at sun.reflect.DelegatingMethodAccessorImpl.invoke(DelegatingMethodAccessorImpl.java:43)
	at java.lang.reflect.Method.invoke(Method.java:606)
	at org.gradle.messaging.dispatch.ReflectionDispatch.dispatch(ReflectionDispatch.java:35)
	at org.gradle.messaging.dispatch.ReflectionDispatch.dispatch(ReflectionDispatch.java:24)
	at org.gradle.messaging.remote.internal.hub.MessageHub$Handler.run(MessageHub.java:360)
	at org.gradle.internal.concurrent.DefaultExecutorFactory$StoppableExecutorImpl$1.run(DefaultExecutorFactory.java:64)
	at java.util.concurrent.ThreadPoolExecutor.runWorker(ThreadPoolExecutor.java:1145)
	at java.util.concurrent.ThreadPoolExecutor$Worker.run(ThreadPoolExecutor.java:615)
	at java.lang.Thread.run(Thread.java:745)
CoreContacts.emailId size must be between 0 and 256
java.lang.SecurityException: CoreContacts.emailId size must be between 0 and 256
	at com.athena.server.pluggable.utils.helper.EntityValidatorHelper.validateEntity(EntityValidatorHelper.java:37)
	at projectthree.app.shared.organization.contactmanagement.CoreContacts.isValid(CoreContacts.java:486)
	at projectthree.app.server.service.organization.contactmanagement.CoreContactsTestCase.validateCoreContacts(CoreContactsTestCase.java:470)
	at projectthree.app.server.service.organization.contactmanagement.CoreContactsTestCase.test5NegativeTesting(CoreContactsTestCase.java:572)
	at sun.reflect.NativeMethodAccessorImpl.invoke0(Native Method)
	at sun.reflect.NativeMethodAccessorImpl.invoke(NativeMethodAccessorImpl.java:57)
	at sun.reflect.DelegatingMethodAccessorImpl.invoke(DelegatingMethodAccessorImpl.java:43)
	at java.lang.reflect.Method.invoke(Method.java:606)
	at org.junit.runners.model.FrameworkMethod$1.runReflectiveCall(FrameworkMethod.java:47)
	at org.junit.internal.runners.model.ReflectiveCallable.run(ReflectiveCallable.java:12)
	at org.junit.runners.model.FrameworkMethod.invokeExplosively(FrameworkMethod.java:44)
	at org.junit.internal.runners.statements.InvokeMethod.evaluate(InvokeMethod.java:17)
	at org.junit.internal.runners.statements.RunBefores.evaluate(RunBefores.java:26)
	at org.springframework.test.context.junit4.statements.RunBeforeTestMethodCallbacks.evaluate(RunBeforeTestMethodCallbacks.java:74)
	at org.junit.internal.runners.statements.RunAfters.evaluate(RunAfters.java:27)
	at org.springframework.test.context.junit4.statements.RunAfterTestMethodCallbacks.evaluate(RunAfterTestMethodCallbacks.java:83)
	at org.springframework.test.context.junit4.statements.SpringRepeat.evaluate(SpringRepeat.java:72)
	at org.springframework.test.context.junit4.SpringJUnit4ClassRunner.runChild(SpringJUnit4ClassRunner.java:233)
	at org.springframework.test.context.junit4.SpringJUnit4ClassRunner.runChild(SpringJUnit4ClassRunner.java:87)
	at org.junit.runners.ParentRunner$3.run(ParentRunner.java:238)
	at org.junit.runners.ParentRunner$1.schedule(ParentRunner.java:63)
	at org.junit.runners.ParentRunner.runChildren(ParentRunner.java:236)
	at org.junit.runners.ParentRunner.access$000(ParentRunner.java:53)
	at org.junit.runners.ParentRunner$2.evaluate(ParentRunner.java:229)
	at org.junit.internal.runners.statements.RunBefores.evaluate(RunBefores.java:26)
	at org.springframework.test.context.junit4.statements.RunBeforeTestClassCallbacks.evaluate(RunBeforeTestClassCallbacks.java:61)
	at org.springframework.test.context.junit4.statements.RunAfterTestClassCallbacks.evaluate(RunAfterTestClassCallbacks.java:71)
	at org.junit.runners.ParentRunner.run(ParentRunner.java:309)
	at org.springframework.test.context.junit4.SpringJUnit4ClassRunner.run(SpringJUnit4ClassRunner.java:176)
	at org.gradle.api.internal.tasks.testing.junit.JUnitTestClassExecuter.runTestClass(JUnitTestClassExecuter.java:86)
	at org.gradle.api.internal.tasks.testing.junit.JUnitTestClassExecuter.execute(JUnitTestClassExecuter.java:49)
	at org.gradle.api.internal.tasks.testing.junit.JUnitTestClassProcessor.processTestClass(JUnitTestClassProcessor.java:64)
	at org.gradle.api.internal.tasks.testing.SuiteTestClassProcessor.processTestClass(SuiteTestClassProcessor.java:50)
	at sun.reflect.GeneratedMethodAccessor109.invoke(Unknown Source)
	at sun.reflect.DelegatingMethodAccessorImpl.invoke(DelegatingMethodAccessorImpl.java:43)
	at java.lang.reflect.Method.invoke(Method.java:606)
	at org.gradle.messaging.dispatch.ReflectionDispatch.dispatch(ReflectionDispatch.java:35)
	at org.gradle.messaging.dispatch.ReflectionDispatch.dispatch(ReflectionDispatch.java:24)
	at org.gradle.messaging.dispatch.ContextClassLoaderDispatch.dispatch(ContextClassLoaderDispatch.java:32)
	at org.gradle.messaging.dispatch.ProxyDispatchAdapter$DispatchingInvocationHandler.invoke(ProxyDispatchAdapter.java:93)
	at com.sun.proxy.$Proxy2.processTestClass(Unknown Source)
	at org.gradle.api.internal.tasks.testing.worker.TestWorker.processTestClass(TestWorker.java:106)
	at sun.reflect.GeneratedMethodAccessor108.invoke(Unknown Source)
	at sun.reflect.DelegatingMethodAccessorImpl.invoke(DelegatingMethodAccessorImpl.java:43)
	at java.lang.reflect.Method.invoke(Method.java:606)
	at org.gradle.messaging.dispatch.ReflectionDispatch.dispatch(ReflectionDispatch.java:35)
	at org.gradle.messaging.dispatch.ReflectionDispatch.dispatch(ReflectionDispatch.java:24)
	at org.gradle.messaging.remote.internal.hub.MessageHub$Handler.run(MessageHub.java:360)
	at org.gradle.internal.concurrent.DefaultExecutorFactory$StoppableExecutorImpl$1.run(DefaultExecutorFactory.java:64)
	at java.util.concurrent.ThreadPoolExecutor.runWorker(ThreadPoolExecutor.java:1145)
	at java.util.concurrent.ThreadPoolExecutor$Worker.run(ThreadPoolExecutor.java:615)
	at java.lang.Thread.run(Thread.java:745)
CoreContacts.phoneNumber may not be null
java.lang.SecurityException: CoreContacts.phoneNumber may not be null
	at com.athena.server.pluggable.utils.helper.EntityValidatorHelper.validateEntity(EntityValidatorHelper.java:37)
	at projectthree.app.shared.organization.contactmanagement.CoreContacts.isValid(CoreContacts.java:486)
	at projectthree.app.server.service.organization.contactmanagement.CoreContactsTestCase.validateCoreContacts(CoreContactsTestCase.java:472)
	at projectthree.app.server.service.organization.contactmanagement.CoreContactsTestCase.test5NegativeTesting(CoreContactsTestCase.java:578)
	at sun.reflect.NativeMethodAccessorImpl.invoke0(Native Method)
	at sun.reflect.NativeMethodAccessorImpl.invoke(NativeMethodAccessorImpl.java:57)
	at sun.reflect.DelegatingMethodAccessorImpl.invoke(DelegatingMethodAccessorImpl.java:43)
	at java.lang.reflect.Method.invoke(Method.java:606)
	at org.junit.runners.model.FrameworkMethod$1.runReflectiveCall(FrameworkMethod.java:47)
	at org.junit.internal.runners.model.ReflectiveCallable.run(ReflectiveCallable.java:12)
	at org.junit.runners.model.FrameworkMethod.invokeExplosively(FrameworkMethod.java:44)
	at org.junit.internal.runners.statements.InvokeMethod.evaluate(InvokeMethod.java:17)
	at org.junit.internal.runners.statements.RunBefores.evaluate(RunBefores.java:26)
	at org.springframework.test.context.junit4.statements.RunBeforeTestMethodCallbacks.evaluate(RunBeforeTestMethodCallbacks.java:74)
	at org.junit.internal.runners.statements.RunAfters.evaluate(RunAfters.java:27)
	at org.springframework.test.context.junit4.statements.RunAfterTestMethodCallbacks.evaluate(RunAfterTestMethodCallbacks.java:83)
	at org.springframework.test.context.junit4.statements.SpringRepeat.evaluate(SpringRepeat.java:72)
	at org.springframework.test.context.junit4.SpringJUnit4ClassRunner.runChild(SpringJUnit4ClassRunner.java:233)
	at org.springframework.test.context.junit4.SpringJUnit4ClassRunner.runChild(SpringJUnit4ClassRunner.java:87)
	at org.junit.runners.ParentRunner$3.run(ParentRunner.java:238)
	at org.junit.runners.ParentRunner$1.schedule(ParentRunner.java:63)
	at org.junit.runners.ParentRunner.runChildren(ParentRunner.java:236)
	at org.junit.runners.ParentRunner.access$000(ParentRunner.java:53)
	at org.junit.runners.ParentRunner$2.evaluate(ParentRunner.java:229)
	at org.junit.internal.runners.statements.RunBefores.evaluate(RunBefores.java:26)
	at org.springframework.test.context.junit4.statements.RunBeforeTestClassCallbacks.evaluate(RunBeforeTestClassCallbacks.java:61)
	at org.springframework.test.context.junit4.statements.RunAfterTestClassCallbacks.evaluate(RunAfterTestClassCallbacks.java:71)
	at org.junit.runners.ParentRunner.run(ParentRunner.java:309)
	at org.springframework.test.context.junit4.SpringJUnit4ClassRunner.run(SpringJUnit4ClassRunner.java:176)
	at org.gradle.api.internal.tasks.testing.junit.JUnitTestClassExecuter.runTestClass(JUnitTestClassExecuter.java:86)
	at org.gradle.api.internal.tasks.testing.junit.JUnitTestClassExecuter.execute(JUnitTestClassExecuter.java:49)
	at org.gradle.api.internal.tasks.testing.junit.JUnitTestClassProcessor.processTestClass(JUnitTestClassProcessor.java:64)
	at org.gradle.api.internal.tasks.testing.SuiteTestClassProcessor.processTestClass(SuiteTestClassProcessor.java:50)
	at sun.reflect.GeneratedMethodAccessor109.invoke(Unknown Source)
	at sun.reflect.DelegatingMethodAccessorImpl.invoke(DelegatingMethodAccessorImpl.java:43)
	at java.lang.reflect.Method.invoke(Method.java:606)
	at org.gradle.messaging.dispatch.ReflectionDispatch.dispatch(ReflectionDispatch.java:35)
	at org.gradle.messaging.dispatch.ReflectionDispatch.dispatch(ReflectionDispatch.java:24)
	at org.gradle.messaging.dispatch.ContextClassLoaderDispatch.dispatch(ContextClassLoaderDispatch.java:32)
	at org.gradle.messaging.dispatch.ProxyDispatchAdapter$DispatchingInvocationHandler.invoke(ProxyDispatchAdapter.java:93)
	at com.sun.proxy.$Proxy2.processTestClass(Unknown Source)
	at org.gradle.api.internal.tasks.testing.worker.TestWorker.processTestClass(TestWorker.java:106)
	at sun.reflect.GeneratedMethodAccessor108.invoke(Unknown Source)
	at sun.reflect.DelegatingMethodAccessorImpl.invoke(DelegatingMethodAccessorImpl.java:43)
	at java.lang.reflect.Method.invoke(Method.java:606)
	at org.gradle.messaging.dispatch.ReflectionDispatch.dispatch(ReflectionDispatch.java:35)
	at org.gradle.messaging.dispatch.ReflectionDispatch.dispatch(ReflectionDispatch.java:24)
	at org.gradle.messaging.remote.internal.hub.MessageHub$Handler.run(MessageHub.java:360)
	at org.gradle.internal.concurrent.DefaultExecutorFactory$StoppableExecutorImpl$1.run(DefaultExecutorFactory.java:64)
	at java.util.concurrent.ThreadPoolExecutor.runWorker(ThreadPoolExecutor.java:1145)
	at java.util.concurrent.ThreadPoolExecutor$Worker.run(ThreadPoolExecutor.java:615)
	at java.lang.Thread.run(Thread.java:745)
CoreContacts.phoneNumber size must be between 0 and 20
java.lang.SecurityException: CoreContacts.phoneNumber size must be between 0 and 20
	at com.athena.server.pluggable.utils.helper.EntityValidatorHelper.validateEntity(EntityValidatorHelper.java:37)
	at projectthree.app.shared.organization.contactmanagement.CoreContacts.isValid(CoreContacts.java:486)
	at projectthree.app.server.service.organization.contactmanagement.CoreContactsTestCase.validateCoreContacts(CoreContactsTestCase.java:470)
	at projectthree.app.server.service.organization.contactmanagement.CoreContactsTestCase.test5NegativeTesting(CoreContactsTestCase.java:583)
	at sun.reflect.NativeMethodAccessorImpl.invoke0(Native Method)
	at sun.reflect.NativeMethodAccessorImpl.invoke(NativeMethodAccessorImpl.java:57)
	at sun.reflect.DelegatingMethodAccessorImpl.invoke(DelegatingMethodAccessorImpl.java:43)
	at java.lang.reflect.Method.invoke(Method.java:606)
	at org.junit.runners.model.FrameworkMethod$1.runReflectiveCall(FrameworkMethod.java:47)
	at org.junit.internal.runners.model.ReflectiveCallable.run(ReflectiveCallable.java:12)
	at org.junit.runners.model.FrameworkMethod.invokeExplosively(FrameworkMethod.java:44)
	at org.junit.internal.runners.statements.InvokeMethod.evaluate(InvokeMethod.java:17)
	at org.junit.internal.runners.statements.RunBefores.evaluate(RunBefores.java:26)
	at org.springframework.test.context.junit4.statements.RunBeforeTestMethodCallbacks.evaluate(RunBeforeTestMethodCallbacks.java:74)
	at org.junit.internal.runners.statements.RunAfters.evaluate(RunAfters.java:27)
	at org.springframework.test.context.junit4.statements.RunAfterTestMethodCallbacks.evaluate(RunAfterTestMethodCallbacks.java:83)
	at org.springframework.test.context.junit4.statements.SpringRepeat.evaluate(SpringRepeat.java:72)
	at org.springframework.test.context.junit4.SpringJUnit4ClassRunner.runChild(SpringJUnit4ClassRunner.java:233)
	at org.springframework.test.context.junit4.SpringJUnit4ClassRunner.runChild(SpringJUnit4ClassRunner.java:87)
	at org.junit.runners.ParentRunner$3.run(ParentRunner.java:238)
	at org.junit.runners.ParentRunner$1.schedule(ParentRunner.java:63)
	at org.junit.runners.ParentRunner.runChildren(ParentRunner.java:236)
	at org.junit.runners.ParentRunner.access$000(ParentRunner.java:53)
	at org.junit.runners.ParentRunner$2.evaluate(ParentRunner.java:229)
	at org.junit.internal.runners.statements.RunBefores.evaluate(RunBefores.java:26)
	at org.springframework.test.context.junit4.statements.RunBeforeTestClassCallbacks.evaluate(RunBeforeTestClassCallbacks.java:61)
	at org.springframework.test.context.junit4.statements.RunAfterTestClassCallbacks.evaluate(RunAfterTestClassCallbacks.java:71)
	at org.junit.runners.ParentRunner.run(ParentRunner.java:309)
	at org.springframework.test.context.junit4.SpringJUnit4ClassRunner.run(SpringJUnit4ClassRunner.java:176)
	at org.gradle.api.internal.tasks.testing.junit.JUnitTestClassExecuter.runTestClass(JUnitTestClassExecuter.java:86)
	at org.gradle.api.internal.tasks.testing.junit.JUnitTestClassExecuter.execute(JUnitTestClassExecuter.java:49)
	at org.gradle.api.internal.tasks.testing.junit.JUnitTestClassProcessor.processTestClass(JUnitTestClassProcessor.java:64)
	at org.gradle.api.internal.tasks.testing.SuiteTestClassProcessor.processTestClass(SuiteTestClassProcessor.java:50)
	at sun.reflect.GeneratedMethodAccessor109.invoke(Unknown Source)
	at sun.reflect.DelegatingMethodAccessorImpl.invoke(DelegatingMethodAccessorImpl.java:43)
	at java.lang.reflect.Method.invoke(Method.java:606)
	at org.gradle.messaging.dispatch.ReflectionDispatch.dispatch(ReflectionDispatch.java:35)
	at org.gradle.messaging.dispatch.ReflectionDispatch.dispatch(ReflectionDispatch.java:24)
	at org.gradle.messaging.dispatch.ContextClassLoaderDispatch.dispatch(ContextClassLoaderDispatch.java:32)
	at org.gradle.messaging.dispatch.ProxyDispatchAdapter$DispatchingInvocationHandler.invoke(ProxyDispatchAdapter.java:93)
	at com.sun.proxy.$Proxy2.processTestClass(Unknown Source)
	at org.gradle.api.internal.tasks.testing.worker.TestWorker.processTestClass(TestWorker.java:106)
	at sun.reflect.GeneratedMethodAccessor108.invoke(Unknown Source)
	at sun.reflect.DelegatingMethodAccessorImpl.invoke(DelegatingMethodAccessorImpl.java:43)
	at java.lang.reflect.Method.invoke(Method.java:606)
	at org.gradle.messaging.dispatch.ReflectionDispatch.dispatch(ReflectionDispatch.java:35)
	at org.gradle.messaging.dispatch.ReflectionDispatch.dispatch(ReflectionDispatch.java:24)
	at org.gradle.messaging.remote.internal.hub.MessageHub$Handler.run(MessageHub.java:360)
	at org.gradle.internal.concurrent.DefaultExecutorFactory$StoppableExecutorImpl$1.run(DefaultExecutorFactory.java:64)
	at java.util.concurrent.ThreadPoolExecutor.runWorker(ThreadPoolExecutor.java:1145)
	at java.util.concurrent.ThreadPoolExecutor$Worker.run(ThreadPoolExecutor.java:615)
	at java.lang.Thread.run(Thread.java:745)
]]></system-err>
</testsuite>
